[ 2013-12-18T18:09:12+08:00 ] 127.0.0.1 /thinkphp/index.php/index/do_login.html
NOTIC: 建议使用I方法替代_post
NOTIC: 建议使用I方法替代_post

[ 2013-12-18T18:09:20+08:00 ] 127.0.0.1 /thinkphp/index.php/post/newPost
INFO: [ app_begin ] --START--
INFO: ReadHtmlCache Behavior ::run [ RunTime:0.002000s ]
INFO: [ app_begin ] --END-- [ RunTime:0.002000s ]
INFO: [ view_filter ] --START--
INFO: ContentReplace Behavior ::run [ RunTime:0.001000s ]
INFO: TokenBuild Behavior ::run [ RunTime:0.002000s ]
INFO: WriteHtmlCache Behavior ::run [ RunTime:0.002000s ]
INFO: ShowRuntime Behavior ::run [ RunTime:0.001000s ]
INFO: [ view_filter ] --END-- [ RunTime:0.008000s ]

[ 2013-12-18T18:10:53+08:00 ] 127.0.0.1 /thinkphp/index.php/post/newPost
INFO: [ app_begin ] --START--
INFO: ReadHtmlCache Behavior ::run [ RunTime:0.002000s ]
INFO: [ app_begin ] --END-- [ RunTime:0.002000s ]
INFO: [ view_filter ] --START--
INFO: ContentReplace Behavior ::run [ RunTime:0.001000s ]
INFO: TokenBuild Behavior ::run [ RunTime:0.002001s ]
INFO: WriteHtmlCache Behavior ::run [ RunTime:0.001000s ]
INFO: ShowRuntime Behavior ::run [ RunTime:0.001000s ]
INFO: [ view_filter ] --END-- [ RunTime:0.006001s ]

[ 2013-12-18T18:11:20+08:00 ] 127.0.0.1 /thinkphp/index.php/post/newPost
INFO: [ app_begin ] --START--
INFO: ReadHtmlCache Behavior ::run [ RunTime:0.002000s ]
INFO: [ app_begin ] --END-- [ RunTime:0.003000s ]
INFO: [ view_filter ] --START--
INFO: ContentReplace Behavior ::run [ RunTime:0.002000s ]
INFO: TokenBuild Behavior ::run [ RunTime:0.002000s ]
INFO: WriteHtmlCache Behavior ::run [ RunTime:0.002000s ]
INFO: ShowRuntime Behavior ::run [ RunTime:0.002001s ]
INFO: [ view_filter ] --END-- [ RunTime:0.008001s ]

[ 2013-12-18T18:11:40+08:00 ] 127.0.0.1 /thinkphp/index.php/post/newPost
INFO: [ app_begin ] --START--
INFO: ReadHtmlCache Behavior ::run [ RunTime:0.002000s ]
INFO: [ app_begin ] --END-- [ RunTime:0.002000s ]
INFO: [ view_filter ] --START--
INFO: ContentReplace Behavior ::run [ RunTime:0.001000s ]
INFO: TokenBuild Behavior ::run [ RunTime:0.002000s ]
INFO: WriteHtmlCache Behavior ::run [ RunTime:0.001000s ]
INFO: ShowRuntime Behavior ::run [ RunTime:0.001000s ]
INFO: [ view_filter ] --END-- [ RunTime:0.007000s ]

[ 2013-12-18T18:12:13+08:00 ] 127.0.0.1 /thinkphp/index.php/post/newPost
ERR: Model:addPost您所请求的方法不存在！

[ 2013-12-18T18:12:32+08:00 ] 127.0.0.1 /thinkphp/index.php/post/newPost
ERR: Model:addPost您所请求的方法不存在！

[ 2013-12-18T18:13:33+08:00 ] 127.0.0.1 /thinkphp/index.php/post/newPost
ERR: Model:addPost您所请求的方法不存在！

[ 2013-12-18T18:13:33+08:00 ] 127.0.0.1 /thinkphp/index.php/post/newPost
ERR: Model:addPost您所请求的方法不存在！

[ 2013-12-18T18:13:59+08:00 ] 127.0.0.1 /thinkphp/index.php/post/newPost
ERR: Model:addPost您所请求的方法不存在！

