[ 2013-12-15T21:35:54+08:00 ] 127.0.0.1 /thinkphp/index.php/user/showAllUser.html
INFO: [ app_begin ] --START--
INFO: ReadHtmlCache Behavior ::run [ RunTime:0.002000s ]
INFO: [ app_begin ] --END-- [ RunTime:0.002000s ]
NOTIC: 建议使用I方法替代_post
SQL: SHOW COLUMNS FROM `think_list` [ RunTime:0.005000s ]
SQL: SHOW COLUMNS FROM `think_auth_group_access` [ RunTime:0.005000s ]
SQL: SHOW COLUMNS FROM `think_auth_group` [ RunTime:0.006001s ]
SQL: SHOW COLUMNS FROM `think_auth_rule` [ RunTime:0.005000s ]
SQL: SELECT list.id AS u_id,list.name AS u_name,list.sex AS u_sex,list.local AS u_local,list.age AS u_age,auth_group_access.group_id AS g_id,auth_group.title AS g_title,auth_group.status AS g_status,auth_group.rules AS r_id,auth_rule.name AS r_name,auth_rule.title AS r_function,auth_rule.status AS r_status FROM think_list list  JOIN think_auth_group_access auth_group_access ON list.id = auth_group_access.uid LEFT JOIN think_auth_group auth_group ON auth_group_access.group_id = auth_group.id LEFT JOIN think_auth_rule auth_rule ON auth_rule.id = auth_group.rules ORDER BY list.sex asc  [ RunTime:0.031002s ]
INFO: [ view_filter ] --START--
INFO: ContentReplace Behavior ::run [ RunTime:0.002000s ]
INFO: TokenBuild Behavior ::run [ RunTime:0.002000s ]
INFO: WriteHtmlCache Behavior ::run [ RunTime:0.002000s ]
INFO: ShowRuntime Behavior ::run [ RunTime:0.002000s ]
INFO: [ view_filter ] --END-- [ RunTime:0.008000s ]

[ 2013-12-15T21:35:55+08:00 ] 127.0.0.1 /thinkphp/index.php/user/showAllUser.html
INFO: [ app_begin ] --START--
INFO: ReadHtmlCache Behavior ::run [ RunTime:0.002000s ]
INFO: [ app_begin ] --END-- [ RunTime:0.002000s ]
NOTIC: 建议使用I方法替代_post
SQL: SHOW COLUMNS FROM `think_list` [ RunTime:0.006000s ]
SQL: SHOW COLUMNS FROM `think_auth_group_access` [ RunTime:0.005000s ]
SQL: SHOW COLUMNS FROM `think_auth_group` [ RunTime:0.006000s ]
SQL: SHOW COLUMNS FROM `think_auth_rule` [ RunTime:0.005001s ]
SQL: SELECT list.id AS u_id,list.name AS u_name,list.sex AS u_sex,list.local AS u_local,list.age AS u_age,auth_group_access.group_id AS g_id,auth_group.title AS g_title,auth_group.status AS g_status,auth_group.rules AS r_id,auth_rule.name AS r_name,auth_rule.title AS r_function,auth_rule.status AS r_status FROM think_list list  JOIN think_auth_group_access auth_group_access ON list.id = auth_group_access.uid LEFT JOIN think_auth_group auth_group ON auth_group_access.group_id = auth_group.id LEFT JOIN think_auth_rule auth_rule ON auth_rule.id = auth_group.rules ORDER BY list.local asc  [ RunTime:0.001000s ]
INFO: [ view_filter ] --START--
INFO: ContentReplace Behavior ::run [ RunTime:0.001000s ]
INFO: TokenBuild Behavior ::run [ RunTime:0.001001s ]
INFO: WriteHtmlCache Behavior ::run [ RunTime:0.001000s ]
INFO: ShowRuntime Behavior ::run [ RunTime:0.002000s ]
INFO: [ view_filter ] --END-- [ RunTime:0.008001s ]

[ 2013-12-15T21:35:57+08:00 ] 127.0.0.1 /thinkphp/index.php/user/showAllUser.html
INFO: [ app_begin ] --START--
INFO: ReadHtmlCache Behavior ::run [ RunTime:0.002000s ]
INFO: [ app_begin ] --END-- [ RunTime:0.002000s ]
NOTIC: 建议使用I方法替代_post
SQL: SHOW COLUMNS FROM `think_list` [ RunTime:0.006001s ]
SQL: SHOW COLUMNS FROM `think_auth_group_access` [ RunTime:0.005000s ]
SQL: SHOW COLUMNS FROM `think_auth_group` [ RunTime:0.007001s ]
SQL: SHOW COLUMNS FROM `think_auth_rule` [ RunTime:0.006000s ]
SQL: SELECT list.id AS u_id,list.name AS u_name,list.sex AS u_sex,list.local AS u_local,list.age AS u_age,auth_group_access.group_id AS g_id,auth_group.title AS g_title,auth_group.status AS g_status,auth_group.rules AS r_id,auth_rule.name AS r_name,auth_rule.title AS r_function,auth_rule.status AS r_status FROM think_list list  JOIN think_auth_group_access auth_group_access ON list.id = auth_group_access.uid LEFT JOIN think_auth_group auth_group ON auth_group_access.group_id = auth_group.id LEFT JOIN think_auth_rule auth_rule ON auth_rule.id = auth_group.rules ORDER BY list.id asc  [ RunTime:0.000000s ]
INFO: [ view_filter ] --START--
INFO: ContentReplace Behavior ::run [ RunTime:0.002000s ]
INFO: TokenBuild Behavior ::run [ RunTime:0.002000s ]
INFO: WriteHtmlCache Behavior ::run [ RunTime:0.002000s ]
INFO: ShowRuntime Behavior ::run [ RunTime:0.002000s ]
INFO: [ view_filter ] --END-- [ RunTime:0.008000s ]

[ 2013-12-15T21:36:01+08:00 ] 127.0.0.1 /thinkphp/index.php/user/showAllUser.html
INFO: [ app_begin ] --START--
INFO: ReadHtmlCache Behavior ::run [ RunTime:0.002001s ]
INFO: [ app_begin ] --END-- [ RunTime:0.002001s ]
NOTIC: 建议使用I方法替代_post
SQL: SHOW COLUMNS FROM `think_list` [ RunTime:0.006001s ]
SQL: SHOW COLUMNS FROM `think_auth_group_access` [ RunTime:0.005000s ]
SQL: SHOW COLUMNS FROM `think_auth_group` [ RunTime:0.005001s ]
SQL: SHOW COLUMNS FROM `think_auth_rule` [ RunTime:0.005000s ]
SQL: SELECT list.id AS u_id,list.name AS u_name,list.sex AS u_sex,list.local AS u_local,list.age AS u_age,auth_group_access.group_id AS g_id,auth_group.title AS g_title,auth_group.status AS g_status,auth_group.rules AS r_id,auth_rule.name AS r_name,auth_rule.title AS r_function,auth_rule.status AS r_status FROM think_list list  JOIN think_auth_group_access auth_group_access ON list.id = auth_group_access.uid LEFT JOIN think_auth_group auth_group ON auth_group_access.group_id = auth_group.id LEFT JOIN think_auth_rule auth_rule ON auth_rule.id = auth_group.rules ORDER BY auth_group.status asc  [ RunTime:0.000000s ]
INFO: [ view_filter ] --START--
INFO: ContentReplace Behavior ::run [ RunTime:0.002000s ]
INFO: TokenBuild Behavior ::run [ RunTime:0.002000s ]
INFO: WriteHtmlCache Behavior ::run [ RunTime:0.001000s ]
INFO: ShowRuntime Behavior ::run [ RunTime:0.002000s ]
INFO: [ view_filter ] --END-- [ RunTime:0.007000s ]

[ 2013-12-15T21:36:03+08:00 ] 127.0.0.1 /thinkphp/index.php/user/showAllUser.html
INFO: [ app_begin ] --START--
INFO: ReadHtmlCache Behavior ::run [ RunTime:0.002001s ]
INFO: [ app_begin ] --END-- [ RunTime:0.002001s ]
NOTIC: 建议使用I方法替代_post
SQL: SHOW COLUMNS FROM `think_list` [ RunTime:0.005000s ]
SQL: SHOW COLUMNS FROM `think_auth_group_access` [ RunTime:0.006000s ]
SQL: SHOW COLUMNS FROM `think_auth_group` [ RunTime:0.005001s ]
SQL: SHOW COLUMNS FROM `think_auth_rule` [ RunTime:0.006000s ]
SQL: SELECT list.id AS u_id,list.name AS u_name,list.sex AS u_sex,list.local AS u_local,list.age AS u_age,auth_group_access.group_id AS g_id,auth_group.title AS g_title,auth_group.status AS g_status,auth_group.rules AS r_id,auth_rule.name AS r_name,auth_rule.title AS r_function,auth_rule.status AS r_status FROM think_list list  JOIN think_auth_group_access auth_group_access ON list.id = auth_group_access.uid LEFT JOIN think_auth_group auth_group ON auth_group_access.group_id = auth_group.id LEFT JOIN think_auth_rule auth_rule ON auth_rule.id = auth_group.rules ORDER BY auth_rule.name asc  [ RunTime:0.001000s ]
INFO: [ view_filter ] --START--
INFO: ContentReplace Behavior ::run [ RunTime:0.002000s ]
INFO: TokenBuild Behavior ::run [ RunTime:0.002000s ]
INFO: WriteHtmlCache Behavior ::run [ RunTime:0.002000s ]
INFO: ShowRuntime Behavior ::run [ RunTime:0.002000s ]
INFO: [ view_filter ] --END-- [ RunTime:0.008000s ]

[ 2013-12-15T21:36:07+08:00 ] 127.0.0.1 /thinkphp/index.php/user/showAllUser.html
INFO: [ app_begin ] --START--
INFO: ReadHtmlCache Behavior ::run [ RunTime:0.001000s ]
INFO: [ app_begin ] --END-- [ RunTime:0.003000s ]
NOTIC: 建议使用I方法替代_post
SQL: SHOW COLUMNS FROM `think_list` [ RunTime:0.006001s ]
SQL: SHOW COLUMNS FROM `think_auth_group_access` [ RunTime:0.007000s ]
SQL: SHOW COLUMNS FROM `think_auth_group` [ RunTime:0.005000s ]
SQL: SHOW COLUMNS FROM `think_auth_rule` [ RunTime:0.006001s ]
SQL: SELECT list.id AS u_id,list.name AS u_name,list.sex AS u_sex,list.local AS u_local,list.age AS u_age,auth_group_access.group_id AS g_id,auth_group.title AS g_title,auth_group.status AS g_status,auth_group.rules AS r_id,auth_rule.name AS r_name,auth_rule.title AS r_function,auth_rule.status AS r_status FROM think_list list  JOIN think_auth_group_access auth_group_access ON list.id = auth_group_access.uid LEFT JOIN think_auth_group auth_group ON auth_group_access.group_id = auth_group.id LEFT JOIN think_auth_rule auth_rule ON auth_rule.id = auth_group.rules ORDER BY auth_rule.title asc  [ RunTime:0.001000s ]
INFO: [ view_filter ] --START--
INFO: ContentReplace Behavior ::run [ RunTime:0.002001s ]
INFO: TokenBuild Behavior ::run [ RunTime:0.002000s ]
INFO: WriteHtmlCache Behavior ::run [ RunTime:0.002000s ]
INFO: ShowRuntime Behavior ::run [ RunTime:0.002000s ]
INFO: [ view_filter ] --END-- [ RunTime:0.008001s ]

[ 2013-12-15T21:36:07+08:00 ] 127.0.0.1 /thinkphp/index.php/user/showAllUser.html
INFO: [ app_begin ] --START--
INFO: ReadHtmlCache Behavior ::run [ RunTime:0.002000s ]
INFO: [ app_begin ] --END-- [ RunTime:0.003000s ]
NOTIC: 建议使用I方法替代_post
SQL: SHOW COLUMNS FROM `think_list` [ RunTime:0.005000s ]
SQL: SHOW COLUMNS FROM `think_auth_group_access` [ RunTime:0.005000s ]
SQL: SHOW COLUMNS FROM `think_auth_group` [ RunTime:0.005000s ]
SQL: SHOW COLUMNS FROM `think_auth_rule` [ RunTime:0.005001s ]
SQL: SELECT list.id AS u_id,list.name AS u_name,list.sex AS u_sex,list.local AS u_local,list.age AS u_age,auth_group_access.group_id AS g_id,auth_group.title AS g_title,auth_group.status AS g_status,auth_group.rules AS r_id,auth_rule.name AS r_name,auth_rule.title AS r_function,auth_rule.status AS r_status FROM think_list list  JOIN think_auth_group_access auth_group_access ON list.id = auth_group_access.uid LEFT JOIN think_auth_group auth_group ON auth_group_access.group_id = auth_group.id LEFT JOIN think_auth_rule auth_rule ON auth_rule.id = auth_group.rules ORDER BY auth_rule.status asc  [ RunTime:0.001000s ]
INFO: [ view_filter ] --START--
INFO: ContentReplace Behavior ::run [ RunTime:0.002000s ]
INFO: TokenBuild Behavior ::run [ RunTime:0.002000s ]
INFO: WriteHtmlCache Behavior ::run [ RunTime:0.002001s ]
INFO: ShowRuntime Behavior ::run [ RunTime:0.002000s ]
INFO: [ view_filter ] --END-- [ RunTime:0.008001s ]

[ 2013-12-15T21:36:09+08:00 ] 127.0.0.1 /thinkphp/index.php/user/showAllUser.html
INFO: [ app_begin ] --START--
INFO: ReadHtmlCache Behavior ::run [ RunTime:0.002000s ]
INFO: [ app_begin ] --END-- [ RunTime:0.002000s ]
NOTIC: 建议使用I方法替代_post
SQL: SHOW COLUMNS FROM `think_list` [ RunTime:0.005001s ]
SQL: SHOW COLUMNS FROM `think_auth_group_access` [ RunTime:0.005000s ]
SQL: SHOW COLUMNS FROM `think_auth_group` [ RunTime:0.006000s ]
SQL: SHOW COLUMNS FROM `think_auth_rule` [ RunTime:0.005000s ]
SQL: SELECT list.id AS u_id,list.name AS u_name,list.sex AS u_sex,list.local AS u_local,list.age AS u_age,auth_group_access.group_id AS g_id,auth_group.title AS g_title,auth_group.status AS g_status,auth_group.rules AS r_id,auth_rule.name AS r_name,auth_rule.title AS r_function,auth_rule.status AS r_status FROM think_list list  JOIN think_auth_group_access auth_group_access ON list.id = auth_group_access.uid LEFT JOIN think_auth_group auth_group ON auth_group_access.group_id = auth_group.id LEFT JOIN think_auth_rule auth_rule ON auth_rule.id = auth_group.rules ORDER BY auth_group.rules asc  [ RunTime:0.001000s ]
INFO: [ view_filter ] --START--
INFO: ContentReplace Behavior ::run [ RunTime:0.002000s ]
INFO: TokenBuild Behavior ::run [ RunTime:0.002000s ]
INFO: WriteHtmlCache Behavior ::run [ RunTime:0.003000s ]
INFO: ShowRuntime Behavior ::run [ RunTime:0.002000s ]
INFO: [ view_filter ] --END-- [ RunTime:0.009000s ]

[ 2013-12-15T21:36:09+08:00 ] 127.0.0.1 /thinkphp/index.php/user/showAllUser.html
INFO: [ app_begin ] --START--
INFO: ReadHtmlCache Behavior ::run [ RunTime:0.002000s ]
INFO: [ app_begin ] --END-- [ RunTime:0.002000s ]
NOTIC: 建议使用I方法替代_post
SQL: SHOW COLUMNS FROM `think_list` [ RunTime:0.006000s ]
SQL: SHOW COLUMNS FROM `think_auth_group_access` [ RunTime:0.005000s ]
SQL: SHOW COLUMNS FROM `think_auth_group` [ RunTime:0.005001s ]
SQL: SHOW COLUMNS FROM `think_auth_rule` [ RunTime:0.006000s ]
SQL: SELECT list.id AS u_id,list.name AS u_name,list.sex AS u_sex,list.local AS u_local,list.age AS u_age,auth_group_access.group_id AS g_id,auth_group.title AS g_title,auth_group.status AS g_status,auth_group.rules AS r_id,auth_rule.name AS r_name,auth_rule.title AS r_function,auth_rule.status AS r_status FROM think_list list  JOIN think_auth_group_access auth_group_access ON list.id = auth_group_access.uid LEFT JOIN think_auth_group auth_group ON auth_group_access.group_id = auth_group.id LEFT JOIN think_auth_rule auth_rule ON auth_rule.id = auth_group.rules ORDER BY auth_group.status asc  [ RunTime:0.001000s ]
INFO: [ view_filter ] --START--
INFO: ContentReplace Behavior ::run [ RunTime:0.002000s ]
INFO: TokenBuild Behavior ::run [ RunTime:0.002000s ]
INFO: WriteHtmlCache Behavior ::run [ RunTime:0.002000s ]
INFO: ShowRuntime Behavior ::run [ RunTime:0.002000s ]
INFO: [ view_filter ] --END-- [ RunTime:0.008000s ]

[ 2013-12-15T21:39:13+08:00 ] 127.0.0.1 /thinkphp/index.php/user/showAllUser.html
INFO: [ app_begin ] --START--
INFO: ReadHtmlCache Behavior ::run [ RunTime:0.002000s ]
INFO: [ app_begin ] --END-- [ RunTime:0.002000s ]
NOTIC: 建议使用I方法替代_post
SQL: SHOW COLUMNS FROM `think_list` [ RunTime:0.006000s ]
SQL: SHOW COLUMNS FROM `think_auth_group_access` [ RunTime:0.005000s ]
SQL: SHOW COLUMNS FROM `think_auth_group` [ RunTime:0.006001s ]
SQL: SHOW COLUMNS FROM `think_auth_rule` [ RunTime:0.005000s ]
SQL: SELECT list.id AS u_id,list.name AS u_name,list.sex AS u_sex,list.local AS u_local,list.age AS u_age,auth_group_access.group_id AS g_id,auth_group.title AS g_title,auth_group.status AS g_status,auth_group.rules AS r_id,auth_rule.name AS r_name,auth_rule.title AS r_function,auth_rule.status AS r_status FROM think_list list  JOIN think_auth_group_access auth_group_access ON list.id = auth_group_access.uid LEFT JOIN think_auth_group auth_group ON auth_group_access.group_id = auth_group.id LEFT JOIN think_auth_rule auth_rule ON auth_rule.id = auth_group.rules ORDER BY list.name asc  [ RunTime:0.002000s ]
INFO: [ view_filter ] --START--
INFO: ContentReplace Behavior ::run [ RunTime:0.001000s ]
INFO: TokenBuild Behavior ::run [ RunTime:0.001000s ]
INFO: WriteHtmlCache Behavior ::run [ RunTime:0.001000s ]
INFO: ShowRuntime Behavior ::run [ RunTime:0.003000s ]
INFO: [ view_filter ] --END-- [ RunTime:0.009000s ]

[ 2013-12-15T22:48:09+08:00 ] 127.0.0.1 /thinkphp/index.php/user/showAllUser.html
INFO: [ app_begin ] --START--
INFO: ReadHtmlCache Behavior ::run [ RunTime:0.002000s ]
INFO: [ app_begin ] --END-- [ RunTime:0.003001s ]
NOTIC: 建议使用I方法替代_post
SQL: SHOW COLUMNS FROM `think_list` [ RunTime:0.005000s ]
SQL: SHOW COLUMNS FROM `think_auth_group_access` [ RunTime:0.006001s ]
SQL: SHOW COLUMNS FROM `think_auth_group` [ RunTime:0.006000s ]
SQL: SHOW COLUMNS FROM `think_auth_rule` [ RunTime:0.005001s ]
SQL: SELECT list.id AS u_id,list.name AS u_name,list.sex AS u_sex,list.local AS u_local,list.age AS u_age,auth_group_access.group_id AS g_id,auth_group.title AS g_title,auth_group.status AS g_status,auth_group.rules AS r_id,auth_rule.name AS r_name,auth_rule.title AS r_function,auth_rule.status AS r_status FROM think_list list  JOIN think_auth_group_access auth_group_access ON list.id = auth_group_access.uid LEFT JOIN think_auth_group auth_group ON auth_group_access.group_id = auth_group.id LEFT JOIN think_auth_rule auth_rule ON auth_rule.id = auth_group.rules ORDER BY list.age asc  [ RunTime:0.001000s ]
INFO: [ view_filter ] --START--
INFO: ContentReplace Behavior ::run [ RunTime:0.002000s ]
INFO: TokenBuild Behavior ::run [ RunTime:0.002000s ]
INFO: WriteHtmlCache Behavior ::run [ RunTime:0.002001s ]
INFO: ShowRuntime Behavior ::run [ RunTime:0.002000s ]
INFO: [ view_filter ] --END-- [ RunTime:0.009001s ]

[ 2013-12-15T22:48:10+08:00 ] 127.0.0.1 /thinkphp/index.php/user/showAllUser.html
INFO: [ app_begin ] --START--
INFO: ReadHtmlCache Behavior ::run [ RunTime:0.002000s ]
INFO: [ app_begin ] --END-- [ RunTime:0.002000s ]
NOTIC: 建议使用I方法替代_post
SQL: SHOW COLUMNS FROM `think_list` [ RunTime:0.146008s ]
SQL: SHOW COLUMNS FROM `think_auth_group_access` [ RunTime:0.006000s ]
SQL: SHOW COLUMNS FROM `think_auth_group` [ RunTime:0.006000s ]
SQL: SHOW COLUMNS FROM `think_auth_rule` [ RunTime:0.007000s ]
SQL: SELECT list.id AS u_id,list.name AS u_name,list.sex AS u_sex,list.local AS u_local,list.age AS u_age,auth_group_access.group_id AS g_id,auth_group.title AS g_title,auth_group.status AS g_status,auth_group.rules AS r_id,auth_rule.name AS r_name,auth_rule.title AS r_function,auth_rule.status AS r_status FROM think_list list  JOIN think_auth_group_access auth_group_access ON list.id = auth_group_access.uid LEFT JOIN think_auth_group auth_group ON auth_group_access.group_id = auth_group.id LEFT JOIN think_auth_rule auth_rule ON auth_rule.id = auth_group.rules ORDER BY auth_group_access.group_id asc  [ RunTime:0.000000s ]
INFO: [ view_filter ] --START--
INFO: ContentReplace Behavior ::run [ RunTime:0.002000s ]
INFO: TokenBuild Behavior ::run [ RunTime:0.002000s ]
INFO: WriteHtmlCache Behavior ::run [ RunTime:0.002000s ]
INFO: ShowRuntime Behavior ::run [ RunTime:0.002000s ]
INFO: [ view_filter ] --END-- [ RunTime:0.008000s ]

[ 2013-12-15T22:48:11+08:00 ] 127.0.0.1 /thinkphp/index.php/user/showAllUser.html
INFO: [ app_begin ] --START--
INFO: ReadHtmlCache Behavior ::run [ RunTime:0.003000s ]
INFO: [ app_begin ] --END-- [ RunTime:0.005000s ]
NOTIC: 建议使用I方法替代_post
SQL: SHOW COLUMNS FROM `think_list` [ RunTime:0.005000s ]
SQL: SHOW COLUMNS FROM `think_auth_group_access` [ RunTime:0.005001s ]
SQL: SHOW COLUMNS FROM `think_auth_group` [ RunTime:0.004000s ]
SQL: SHOW COLUMNS FROM `think_auth_rule` [ RunTime:0.006000s ]
SQL: SELECT list.id AS u_id,list.name AS u_name,list.sex AS u_sex,list.local AS u_local,list.age AS u_age,auth_group_access.group_id AS g_id,auth_group.title AS g_title,auth_group.status AS g_status,auth_group.rules AS r_id,auth_rule.name AS r_name,auth_rule.title AS r_function,auth_rule.status AS r_status FROM think_list list  JOIN think_auth_group_access auth_group_access ON list.id = auth_group_access.uid LEFT JOIN think_auth_group auth_group ON auth_group_access.group_id = auth_group.id LEFT JOIN think_auth_rule auth_rule ON auth_rule.id = auth_group.rules ORDER BY auth_group.title asc  [ RunTime:0.002000s ]
INFO: [ view_filter ] --START--
INFO: ContentReplace Behavior ::run [ RunTime:0.001000s ]
INFO: TokenBuild Behavior ::run [ RunTime:0.002000s ]
INFO: WriteHtmlCache Behavior ::run [ RunTime:0.001000s ]
INFO: ShowRuntime Behavior ::run [ RunTime:0.003001s ]
INFO: [ view_filter ] --END-- [ RunTime:0.009001s ]

[ 2013-12-15T22:48:12+08:00 ] 127.0.0.1 /thinkphp/index.php/user/showAllUser.html
INFO: [ app_begin ] --START--
INFO: ReadHtmlCache Behavior ::run [ RunTime:0.002000s ]
INFO: [ app_begin ] --END-- [ RunTime:0.002000s ]
NOTIC: 建议使用I方法替代_post
SQL: SHOW COLUMNS FROM `think_list` [ RunTime:0.006000s ]
SQL: SHOW COLUMNS FROM `think_auth_group_access` [ RunTime:0.006001s ]
SQL: SHOW COLUMNS FROM `think_auth_group` [ RunTime:0.006000s ]
SQL: SHOW COLUMNS FROM `think_auth_rule` [ RunTime:0.005000s ]
SQL: SELECT list.id AS u_id,list.name AS u_name,list.sex AS u_sex,list.local AS u_local,list.age AS u_age,auth_group_access.group_id AS g_id,auth_group.title AS g_title,auth_group.status AS g_status,auth_group.rules AS r_id,auth_rule.name AS r_name,auth_rule.title AS r_function,auth_rule.status AS r_status FROM think_list list  JOIN think_auth_group_access auth_group_access ON list.id = auth_group_access.uid LEFT JOIN think_auth_group auth_group ON auth_group_access.group_id = auth_group.id LEFT JOIN think_auth_rule auth_rule ON auth_rule.id = auth_group.rules ORDER BY auth_group.status asc  [ RunTime:0.001001s ]
INFO: [ view_filter ] --START--
INFO: ContentReplace Behavior ::run [ RunTime:0.002000s ]
INFO: TokenBuild Behavior ::run [ RunTime:0.002000s ]
INFO: WriteHtmlCache Behavior ::run [ RunTime:0.002000s ]
INFO: ShowRuntime Behavior ::run [ RunTime:0.002001s ]
INFO: [ view_filter ] --END-- [ RunTime:0.008001s ]

[ 2013-12-15T22:48:12+08:00 ] 127.0.0.1 /thinkphp/index.php/user/showAllUser.html
INFO: [ app_begin ] --START--
INFO: ReadHtmlCache Behavior ::run [ RunTime:0.002000s ]
INFO: [ app_begin ] --END-- [ RunTime:0.002000s ]
NOTIC: 建议使用I方法替代_post
SQL: SHOW COLUMNS FROM `think_list` [ RunTime:0.005000s ]
SQL: SHOW COLUMNS FROM `think_auth_group_access` [ RunTime:0.005000s ]
SQL: SHOW COLUMNS FROM `think_auth_group` [ RunTime:0.005000s ]
SQL: SHOW COLUMNS FROM `think_auth_rule` [ RunTime:0.006001s ]
SQL: SELECT list.id AS u_id,list.name AS u_name,list.sex AS u_sex,list.local AS u_local,list.age AS u_age,auth_group_access.group_id AS g_id,auth_group.title AS g_title,auth_group.status AS g_status,auth_group.rules AS r_id,auth_rule.name AS r_name,auth_rule.title AS r_function,auth_rule.status AS r_status FROM think_list list  JOIN think_auth_group_access auth_group_access ON list.id = auth_group_access.uid LEFT JOIN think_auth_group auth_group ON auth_group_access.group_id = auth_group.id LEFT JOIN think_auth_rule auth_rule ON auth_rule.id = auth_group.rules ORDER BY auth_group.rules asc  [ RunTime:0.001000s ]
INFO: [ view_filter ] --START--
INFO: ContentReplace Behavior ::run [ RunTime:0.002000s ]
INFO: TokenBuild Behavior ::run [ RunTime:0.002001s ]
INFO: WriteHtmlCache Behavior ::run [ RunTime:0.002000s ]
INFO: ShowRuntime Behavior ::run [ RunTime:0.002000s ]
INFO: [ view_filter ] --END-- [ RunTime:0.008001s ]

[ 2013-12-15T22:48:13+08:00 ] 127.0.0.1 /thinkphp/index.php/user/showAllUser.html
INFO: [ app_begin ] --START--
INFO: ReadHtmlCache Behavior ::run [ RunTime:0.002000s ]
INFO: [ app_begin ] --END-- [ RunTime:0.002000s ]
NOTIC: 建议使用I方法替代_post
SQL: SHOW COLUMNS FROM `think_list` [ RunTime:0.006001s ]
SQL: SHOW COLUMNS FROM `think_auth_group_access` [ RunTime:0.005000s ]
SQL: SHOW COLUMNS FROM `think_auth_group` [ RunTime:0.006001s ]
SQL: SHOW COLUMNS FROM `think_auth_rule` [ RunTime:0.005000s ]
SQL: SELECT list.id AS u_id,list.name AS u_name,list.sex AS u_sex,list.local AS u_local,list.age AS u_age,auth_group_access.group_id AS g_id,auth_group.title AS g_title,auth_group.status AS g_status,auth_group.rules AS r_id,auth_rule.name AS r_name,auth_rule.title AS r_function,auth_rule.status AS r_status FROM think_list list  JOIN think_auth_group_access auth_group_access ON list.id = auth_group_access.uid LEFT JOIN think_auth_group auth_group ON auth_group_access.group_id = auth_group.id LEFT JOIN think_auth_rule auth_rule ON auth_rule.id = auth_group.rules ORDER BY auth_rule.name asc  [ RunTime:0.001000s ]
INFO: [ view_filter ] --START--
INFO: ContentReplace Behavior ::run [ RunTime:0.002000s ]
INFO: TokenBuild Behavior ::run [ RunTime:0.002000s ]
INFO: WriteHtmlCache Behavior ::run [ RunTime:0.002000s ]
INFO: ShowRuntime Behavior ::run [ RunTime:0.002000s ]
INFO: [ view_filter ] --END-- [ RunTime:0.008000s ]

[ 2013-12-15T22:48:19+08:00 ] 127.0.0.1 /thinkphp/index.php/user/showAllUser.html
INFO: [ app_begin ] --START--
INFO: ReadHtmlCache Behavior ::run [ RunTime:0.002000s ]
INFO: [ app_begin ] --END-- [ RunTime:0.002000s ]
NOTIC: 建议使用I方法替代_post
SQL: SHOW COLUMNS FROM `think_list` [ RunTime:0.006000s ]
SQL: SHOW COLUMNS FROM `think_auth_group_access` [ RunTime:0.005000s ]
SQL: SHOW COLUMNS FROM `think_auth_group` [ RunTime:0.005001s ]
SQL: SHOW COLUMNS FROM `think_auth_rule` [ RunTime:0.005000s ]
SQL: SELECT list.id AS u_id,list.name AS u_name,list.sex AS u_sex,list.local AS u_local,list.age AS u_age,auth_group_access.group_id AS g_id,auth_group.title AS g_title,auth_group.status AS g_status,auth_group.rules AS r_id,auth_rule.name AS r_name,auth_rule.title AS r_function,auth_rule.status AS r_status FROM think_list list  JOIN think_auth_group_access auth_group_access ON list.id = auth_group_access.uid LEFT JOIN think_auth_group auth_group ON auth_group_access.group_id = auth_group.id LEFT JOIN think_auth_rule auth_rule ON auth_rule.id = auth_group.rules ORDER BY list.name asc  [ RunTime:0.001000s ]
INFO: [ view_filter ] --START--
INFO: ContentReplace Behavior ::run [ RunTime:0.003000s ]
INFO: TokenBuild Behavior ::run [ RunTime:0.002000s ]
INFO: WriteHtmlCache Behavior ::run [ RunTime:0.002000s ]
INFO: ShowRuntime Behavior ::run [ RunTime:0.002000s ]
INFO: [ view_filter ] --END-- [ RunTime:0.009000s ]

[ 2013-12-15T22:48:21+08:00 ] 127.0.0.1 /thinkphp/index.php/user/showAllUser.html
INFO: [ app_begin ] --START--
INFO: ReadHtmlCache Behavior ::run [ RunTime:0.003000s ]
INFO: [ app_begin ] --END-- [ RunTime:0.003000s ]
NOTIC: 建议使用I方法替代_post
SQL: SHOW COLUMNS FROM `think_list` [ RunTime:0.006001s ]
SQL: SHOW COLUMNS FROM `think_auth_group_access` [ RunTime:0.006000s ]
SQL: SHOW COLUMNS FROM `think_auth_group` [ RunTime:0.005001s ]
SQL: SHOW COLUMNS FROM `think_auth_rule` [ RunTime:0.005000s ]
SQL: SELECT list.id AS u_id,list.name AS u_name,list.sex AS u_sex,list.local AS u_local,list.age AS u_age,auth_group_access.group_id AS g_id,auth_group.title AS g_title,auth_group.status AS g_status,auth_group.rules AS r_id,auth_rule.name AS r_name,auth_rule.title AS r_function,auth_rule.status AS r_status FROM think_list list  JOIN think_auth_group_access auth_group_access ON list.id = auth_group_access.uid LEFT JOIN think_auth_group auth_group ON auth_group_access.group_id = auth_group.id LEFT JOIN think_auth_rule auth_rule ON auth_rule.id = auth_group.rules ORDER BY auth_group.title asc  [ RunTime:0.001000s ]
INFO: [ view_filter ] --START--
INFO: ContentReplace Behavior ::run [ RunTime:0.003000s ]
INFO: TokenBuild Behavior ::run [ RunTime:0.002000s ]
INFO: WriteHtmlCache Behavior ::run [ RunTime:0.002000s ]
INFO: ShowRuntime Behavior ::run [ RunTime:0.002000s ]
INFO: [ view_filter ] --END-- [ RunTime:0.009000s ]

[ 2013-12-15T22:48:27+08:00 ] 127.0.0.1 /thinkphp/index.php/user/showAllUser.html
INFO: [ app_begin ] --START--
INFO: ReadHtmlCache Behavior ::run [ RunTime:0.003001s ]
INFO: [ app_begin ] --END-- [ RunTime:0.003001s ]
NOTIC: 建议使用I方法替代_post
SQL: SHOW COLUMNS FROM `think_list` [ RunTime:0.005001s ]
SQL: SHOW COLUMNS FROM `think_auth_group_access` [ RunTime:0.005000s ]
SQL: SHOW COLUMNS FROM `think_auth_group` [ RunTime:0.006001s ]
SQL: SHOW COLUMNS FROM `think_auth_rule` [ RunTime:0.005000s ]
SQL: SELECT list.id AS u_id,list.name AS u_name,list.sex AS u_sex,list.local AS u_local,list.age AS u_age,auth_group_access.group_id AS g_id,auth_group.title AS g_title,auth_group.status AS g_status,auth_group.rules AS r_id,auth_rule.name AS r_name,auth_rule.title AS r_function,auth_rule.status AS r_status FROM think_list list  JOIN think_auth_group_access auth_group_access ON list.id = auth_group_access.uid LEFT JOIN think_auth_group auth_group ON auth_group_access.group_id = auth_group.id LEFT JOIN think_auth_rule auth_rule ON auth_rule.id = auth_group.rules ORDER BY list.name asc  [ RunTime:0.001000s ]
INFO: [ view_filter ] --START--
INFO: ContentReplace Behavior ::run [ RunTime:0.002000s ]
INFO: TokenBuild Behavior ::run [ RunTime:0.002000s ]
INFO: WriteHtmlCache Behavior ::run [ RunTime:0.002000s ]
INFO: ShowRuntime Behavior ::run [ RunTime:0.002000s ]
INFO: [ view_filter ] --END-- [ RunTime:0.008000s ]

[ 2013-12-15T22:48:29+08:00 ] 127.0.0.1 /thinkphp/index.php/user/showAllUser.html
INFO: [ app_begin ] --START--
INFO: ReadHtmlCache Behavior ::run [ RunTime:0.002000s ]
INFO: [ app_begin ] --END-- [ RunTime:0.002000s ]
NOTIC: 建议使用I方法替代_post
SQL: SHOW COLUMNS FROM `think_list` [ RunTime:0.005001s ]
SQL: SHOW COLUMNS FROM `think_auth_group_access` [ RunTime:0.007000s ]
SQL: SHOW COLUMNS FROM `think_auth_group` [ RunTime:0.006001s ]
SQL: SHOW COLUMNS FROM `think_auth_rule` [ RunTime:0.006000s ]
SQL: SELECT list.id AS u_id,list.name AS u_name,list.sex AS u_sex,list.local AS u_local,list.age AS u_age,auth_group_access.group_id AS g_id,auth_group.title AS g_title,auth_group.status AS g_status,auth_group.rules AS r_id,auth_rule.name AS r_name,auth_rule.title AS r_function,auth_rule.status AS r_status FROM think_list list  JOIN think_auth_group_access auth_group_access ON list.id = auth_group_access.uid LEFT JOIN think_auth_group auth_group ON auth_group_access.group_id = auth_group.id LEFT JOIN think_auth_rule auth_rule ON auth_rule.id = auth_group.rules ORDER BY auth_group.title asc  [ RunTime:0.001000s ]
INFO: [ view_filter ] --START--
INFO: ContentReplace Behavior ::run [ RunTime:0.002000s ]
INFO: TokenBuild Behavior ::run [ RunTime:0.003000s ]
INFO: WriteHtmlCache Behavior ::run [ RunTime:0.002000s ]
INFO: ShowRuntime Behavior ::run [ RunTime:0.003000s ]
INFO: [ view_filter ] --END-- [ RunTime:0.010000s ]

[ 2013-12-15T23:01:49+08:00 ] 127.0.0.1 /thinkphp/index.php/user/testReletion
ERR: Model:checkAllUserId您所请求的方法不存在！

[ 2013-12-15T23:02:11+08:00 ] 127.0.0.1 /thinkphp/index.php/user/testReletion
ERR: Model:checkAllUserId您所请求的方法不存在！

[ 2013-12-15T23:02:40+08:00 ] 127.0.0.1 /thinkphp/index.php/user/testReletion
ERR: Model:checkAllUserId您所请求的方法不存在！

[ 2013-12-15T23:03:03+08:00 ] 127.0.0.1 /thinkphp/index.php/user/testReletion
ERR: Model:checkAllUserId您所请求的方法不存在！

[ 2013-12-15T23:03:26+08:00 ] 127.0.0.1 /thinkphp/index.php/user/testReletion
ERR: Model:checkAllUserId您所请求的方法不存在！

[ 2013-12-15T23:06:15+08:00 ] 127.0.0.1 /thinkphp/index.php/user/testReletion
ERR: Model:checkAllUserId您所请求的方法不存在！

[ 2013-12-15T23:06:31+08:00 ] 127.0.0.1 /thinkphp/index.php/user/testReletion
ERR: Model:checkAllUserId您所请求的方法不存在！

[ 2013-12-15T23:07:09+08:00 ] 127.0.0.1 /thinkphp/index.php/user/testReletion
ERR: Model:checkAllUserId您所请求的方法不存在！

[ 2013-12-15T23:07:09+08:00 ] 127.0.0.1 /thinkphp/index.php/user/testReletion
ERR: Model:checkAllUserId您所请求的方法不存在！

