[ 2013-12-14T13:16:17+08:00 ] 127.0.0.1 /thinkphp/index.php/index/do_login.html
NOTIC: 建议使用I方法替代_post
NOTIC: 建议使用I方法替代_post

[ 2013-12-14T13:16:26+08:00 ] 127.0.0.1 /thinkphp/index.php/index/do_login.html
NOTIC: 建议使用I方法替代_post
NOTIC: 建议使用I方法替代_post

[ 2013-12-14T13:17:28+08:00 ] 127.0.0.1 /thinkphp/index.php/user/showAllUser.html
INFO: [ app_begin ] --START--
INFO: ReadHtmlCache Behavior ::run [ RunTime:0.003000s ]
INFO: [ app_begin ] --END-- [ RunTime:0.003000s ]
NOTIC: 建议使用I方法替代_post
SQL: SHOW COLUMNS FROM `think_list` [ RunTime:0.006000s ]
SQL: SHOW COLUMNS FROM `think_auth_group_access` [ RunTime:0.006001s ]
SQL: SHOW COLUMNS FROM `think_auth_group` [ RunTime:0.005000s ]
SQL: SHOW COLUMNS FROM `think_auth_rule` [ RunTime:0.006000s ]
SQL: SELECT list.id AS u_id,list.name AS u_name,list.sex AS u_sex,list.local AS u_local,list.age AS u_age,auth_group_access.group_id AS g_id,auth_group.title AS g_title,auth_group.status AS g_status,auth_group.rules AS r_id,auth_rule.name AS r_name,auth_rule.title AS r_function,auth_rule.status AS r_status FROM think_list list  JOIN think_auth_group_access auth_group_access ON list.id = auth_group_access.uid LEFT JOIN think_auth_group auth_group ON auth_group_access.group_id = auth_group.id LEFT JOIN think_auth_rule auth_rule ON auth_rule.id = auth_group.rules ORDER BY auth_group.title asc  [ RunTime:0.071004s ]
INFO: [ view_filter ] --START--
INFO: ContentReplace Behavior ::run [ RunTime:0.002000s ]
INFO: TokenBuild Behavior ::run [ RunTime:0.002000s ]
INFO: WriteHtmlCache Behavior ::run [ RunTime:0.002000s ]
INFO: ShowRuntime Behavior ::run [ RunTime:0.002000s ]
INFO: [ view_filter ] --END-- [ RunTime:0.008000s ]

[ 2013-12-14T13:17:30+08:00 ] 127.0.0.1 /thinkphp/index.php/user/showAllUser.html
INFO: [ app_begin ] --START--
INFO: ReadHtmlCache Behavior ::run [ RunTime:0.002000s ]
INFO: [ app_begin ] --END-- [ RunTime:0.002000s ]
NOTIC: 建议使用I方法替代_post
SQL: SHOW COLUMNS FROM `think_list` [ RunTime:0.007000s ]
SQL: SHOW COLUMNS FROM `think_auth_group_access` [ RunTime:0.006000s ]
SQL: SHOW COLUMNS FROM `think_auth_group` [ RunTime:0.005000s ]
SQL: SHOW COLUMNS FROM `think_auth_rule` [ RunTime:0.005000s ]
SQL: SELECT list.id AS u_id,list.name AS u_name,list.sex AS u_sex,list.local AS u_local,list.age AS u_age,auth_group_access.group_id AS g_id,auth_group.title AS g_title,auth_group.status AS g_status,auth_group.rules AS r_id,auth_rule.name AS r_name,auth_rule.title AS r_function,auth_rule.status AS r_status FROM think_list list  JOIN think_auth_group_access auth_group_access ON list.id = auth_group_access.uid LEFT JOIN think_auth_group auth_group ON auth_group_access.group_id = auth_group.id LEFT JOIN think_auth_rule auth_rule ON auth_rule.id = auth_group.rules ORDER BY auth_group_access.group_id asc  [ RunTime:0.001000s ]
INFO: [ view_filter ] --START--
INFO: ContentReplace Behavior ::run [ RunTime:0.002000s ]
INFO: TokenBuild Behavior ::run [ RunTime:0.002000s ]
INFO: WriteHtmlCache Behavior ::run [ RunTime:0.001000s ]
INFO: ShowRuntime Behavior ::run [ RunTime:0.003000s ]
INFO: [ view_filter ] --END-- [ RunTime:0.008000s ]

[ 2013-12-14T13:17:31+08:00 ] 127.0.0.1 /thinkphp/index.php/user/showAllUser.html
INFO: [ app_begin ] --START--
INFO: ReadHtmlCache Behavior ::run [ RunTime:0.002000s ]
INFO: [ app_begin ] --END-- [ RunTime:0.002000s ]
NOTIC: 建议使用I方法替代_post
SQL: SHOW COLUMNS FROM `think_list` [ RunTime:0.005000s ]
SQL: SHOW COLUMNS FROM `think_auth_group_access` [ RunTime:0.005001s ]
SQL: SHOW COLUMNS FROM `think_auth_group` [ RunTime:0.005000s ]
SQL: SHOW COLUMNS FROM `think_auth_rule` [ RunTime:0.005000s ]
SQL: SELECT list.id AS u_id,list.name AS u_name,list.sex AS u_sex,list.local AS u_local,list.age AS u_age,auth_group_access.group_id AS g_id,auth_group.title AS g_title,auth_group.status AS g_status,auth_group.rules AS r_id,auth_rule.name AS r_name,auth_rule.title AS r_function,auth_rule.status AS r_status FROM think_list list  JOIN think_auth_group_access auth_group_access ON list.id = auth_group_access.uid LEFT JOIN think_auth_group auth_group ON auth_group_access.group_id = auth_group.id LEFT JOIN think_auth_rule auth_rule ON auth_rule.id = auth_group.rules ORDER BY list.age asc  [ RunTime:0.001000s ]
INFO: [ view_filter ] --START--
INFO: ContentReplace Behavior ::run [ RunTime:0.002000s ]
INFO: TokenBuild Behavior ::run [ RunTime:0.002000s ]
INFO: WriteHtmlCache Behavior ::run [ RunTime:0.001000s ]
INFO: ShowRuntime Behavior ::run [ RunTime:0.002000s ]
INFO: [ view_filter ] --END-- [ RunTime:0.007000s ]

[ 2013-12-14T13:17:36+08:00 ] 127.0.0.1 /thinkphp/index.php/user/showAllUser.html
INFO: [ app_begin ] --START--
INFO: ReadHtmlCache Behavior ::run [ RunTime:0.002000s ]
INFO: [ app_begin ] --END-- [ RunTime:0.003000s ]
NOTIC: 建议使用I方法替代_post
SQL: SHOW COLUMNS FROM `think_list` [ RunTime:0.005001s ]
SQL: SHOW COLUMNS FROM `think_auth_group_access` [ RunTime:0.005000s ]
SQL: SHOW COLUMNS FROM `think_auth_group` [ RunTime:0.006001s ]
SQL: SHOW COLUMNS FROM `think_auth_rule` [ RunTime:0.005000s ]
SQL: SELECT list.id AS u_id,list.name AS u_name,list.sex AS u_sex,list.local AS u_local,list.age AS u_age,auth_group_access.group_id AS g_id,auth_group.title AS g_title,auth_group.status AS g_status,auth_group.rules AS r_id,auth_rule.name AS r_name,auth_rule.title AS r_function,auth_rule.status AS r_status FROM think_list list  JOIN think_auth_group_access auth_group_access ON list.id = auth_group_access.uid LEFT JOIN think_auth_group auth_group ON auth_group_access.group_id = auth_group.id LEFT JOIN think_auth_rule auth_rule ON auth_rule.id = auth_group.rules ORDER BY list.local asc  [ RunTime:0.001000s ]
INFO: [ view_filter ] --START--
INFO: ContentReplace Behavior ::run [ RunTime:0.002000s ]
INFO: TokenBuild Behavior ::run [ RunTime:0.002000s ]
INFO: WriteHtmlCache Behavior ::run [ RunTime:0.001000s ]
INFO: ShowRuntime Behavior ::run [ RunTime:0.002000s ]
INFO: [ view_filter ] --END-- [ RunTime:0.007000s ]

[ 2013-12-14T13:17:37+08:00 ] 127.0.0.1 /thinkphp/index.php/user/showAllUser.html
INFO: [ app_begin ] --START--
INFO: ReadHtmlCache Behavior ::run [ RunTime:0.002001s ]
INFO: [ app_begin ] --END-- [ RunTime:0.002001s ]
NOTIC: 建议使用I方法替代_post
SQL: SHOW COLUMNS FROM `think_list` [ RunTime:0.006000s ]
SQL: SHOW COLUMNS FROM `think_auth_group_access` [ RunTime:0.005000s ]
SQL: SHOW COLUMNS FROM `think_auth_group` [ RunTime:0.057004s ]
SQL: SHOW COLUMNS FROM `think_auth_rule` [ RunTime:0.005000s ]
SQL: SELECT list.id AS u_id,list.name AS u_name,list.sex AS u_sex,list.local AS u_local,list.age AS u_age,auth_group_access.group_id AS g_id,auth_group.title AS g_title,auth_group.status AS g_status,auth_group.rules AS r_id,auth_rule.name AS r_name,auth_rule.title AS r_function,auth_rule.status AS r_status FROM think_list list  JOIN think_auth_group_access auth_group_access ON list.id = auth_group_access.uid LEFT JOIN think_auth_group auth_group ON auth_group_access.group_id = auth_group.id LEFT JOIN think_auth_rule auth_rule ON auth_rule.id = auth_group.rules ORDER BY list.sex asc  [ RunTime:0.001000s ]
INFO: [ view_filter ] --START--
INFO: ContentReplace Behavior ::run [ RunTime:0.001000s ]
INFO: TokenBuild Behavior ::run [ RunTime:0.001000s ]
INFO: WriteHtmlCache Behavior ::run [ RunTime:0.002000s ]
INFO: ShowRuntime Behavior ::run [ RunTime:0.002000s ]
INFO: [ view_filter ] --END-- [ RunTime:0.007000s ]

[ 2013-12-14T13:17:39+08:00 ] 127.0.0.1 /thinkphp/index.php/user/showAllUser.html
INFO: [ app_begin ] --START--
INFO: ReadHtmlCache Behavior ::run [ RunTime:0.002000s ]
INFO: [ app_begin ] --END-- [ RunTime:0.002000s ]
NOTIC: 建议使用I方法替代_post
SQL: SHOW COLUMNS FROM `think_list` [ RunTime:0.005000s ]
SQL: SHOW COLUMNS FROM `think_auth_group_access` [ RunTime:0.005001s ]
SQL: SHOW COLUMNS FROM `think_auth_group` [ RunTime:0.006000s ]
SQL: SHOW COLUMNS FROM `think_auth_rule` [ RunTime:0.005000s ]
SQL: SELECT list.id AS u_id,list.name AS u_name,list.sex AS u_sex,list.local AS u_local,list.age AS u_age,auth_group_access.group_id AS g_id,auth_group.title AS g_title,auth_group.status AS g_status,auth_group.rules AS r_id,auth_rule.name AS r_name,auth_rule.title AS r_function,auth_rule.status AS r_status FROM think_list list  JOIN think_auth_group_access auth_group_access ON list.id = auth_group_access.uid LEFT JOIN think_auth_group auth_group ON auth_group_access.group_id = auth_group.id LEFT JOIN think_auth_rule auth_rule ON auth_rule.id = auth_group.rules ORDER BY list.name asc  [ RunTime:0.001000s ]
INFO: [ view_filter ] --START--
INFO: ContentReplace Behavior ::run [ RunTime:0.002000s ]
INFO: TokenBuild Behavior ::run [ RunTime:0.002000s ]
INFO: WriteHtmlCache Behavior ::run [ RunTime:0.001000s ]
INFO: ShowRuntime Behavior ::run [ RunTime:0.002000s ]
INFO: [ view_filter ] --END-- [ RunTime:0.007000s ]

[ 2013-12-14T13:17:43+08:00 ] 127.0.0.1 /thinkphp/index.php/user/showAllUser.html
INFO: [ app_begin ] --START--
INFO: ReadHtmlCache Behavior ::run [ RunTime:0.002000s ]
INFO: [ app_begin ] --END-- [ RunTime:0.002000s ]
NOTIC: 建议使用I方法替代_post
SQL: SHOW COLUMNS FROM `think_list` [ RunTime:0.006001s ]
SQL: SHOW COLUMNS FROM `think_auth_group_access` [ RunTime:0.005000s ]
SQL: SHOW COLUMNS FROM `think_auth_group` [ RunTime:0.006001s ]
SQL: SHOW COLUMNS FROM `think_auth_rule` [ RunTime:0.006000s ]
SQL: SELECT list.id AS u_id,list.name AS u_name,list.sex AS u_sex,list.local AS u_local,list.age AS u_age,auth_group_access.group_id AS g_id,auth_group.title AS g_title,auth_group.status AS g_status,auth_group.rules AS r_id,auth_rule.name AS r_name,auth_rule.title AS r_function,auth_rule.status AS r_status FROM think_list list  JOIN think_auth_group_access auth_group_access ON list.id = auth_group_access.uid LEFT JOIN think_auth_group auth_group ON auth_group_access.group_id = auth_group.id LEFT JOIN think_auth_rule auth_rule ON auth_rule.id = auth_group.rules ORDER BY auth_group.rules asc  [ RunTime:0.002000s ]
INFO: [ view_filter ] --START--
INFO: ContentReplace Behavior ::run [ RunTime:0.001000s ]
INFO: TokenBuild Behavior ::run [ RunTime:0.001000s ]
INFO: WriteHtmlCache Behavior ::run [ RunTime:0.002000s ]
INFO: ShowRuntime Behavior ::run [ RunTime:0.002000s ]
INFO: [ view_filter ] --END-- [ RunTime:0.007000s ]

[ 2013-12-14T13:17:44+08:00 ] 127.0.0.1 /thinkphp/index.php/user/showAllUser.html
INFO: [ app_begin ] --START--
INFO: ReadHtmlCache Behavior ::run [ RunTime:0.001000s ]
INFO: [ app_begin ] --END-- [ RunTime:0.003000s ]
NOTIC: 建议使用I方法替代_post
SQL: SHOW COLUMNS FROM `think_list` [ RunTime:0.005001s ]
SQL: SHOW COLUMNS FROM `think_auth_group_access` [ RunTime:0.005000s ]
SQL: SHOW COLUMNS FROM `think_auth_group` [ RunTime:0.006001s ]
SQL: SHOW COLUMNS FROM `think_auth_rule` [ RunTime:0.006000s ]
SQL: SELECT list.id AS u_id,list.name AS u_name,list.sex AS u_sex,list.local AS u_local,list.age AS u_age,auth_group_access.group_id AS g_id,auth_group.title AS g_title,auth_group.status AS g_status,auth_group.rules AS r_id,auth_rule.name AS r_name,auth_rule.title AS r_function,auth_rule.status AS r_status FROM think_list list  JOIN think_auth_group_access auth_group_access ON list.id = auth_group_access.uid LEFT JOIN think_auth_group auth_group ON auth_group_access.group_id = auth_group.id LEFT JOIN think_auth_rule auth_rule ON auth_rule.id = auth_group.rules ORDER BY auth_rule.name asc  [ RunTime:0.001000s ]
INFO: [ view_filter ] --START--
INFO: ContentReplace Behavior ::run [ RunTime:0.003000s ]
INFO: TokenBuild Behavior ::run [ RunTime:0.002000s ]
INFO: WriteHtmlCache Behavior ::run [ RunTime:0.001000s ]
INFO: ShowRuntime Behavior ::run [ RunTime:0.003000s ]
INFO: [ view_filter ] --END-- [ RunTime:0.009000s ]

[ 2013-12-14T13:17:45+08:00 ] 127.0.0.1 /thinkphp/index.php/user/showAllUser.html
INFO: [ app_begin ] --START--
INFO: ReadHtmlCache Behavior ::run [ RunTime:0.002000s ]
INFO: [ app_begin ] --END-- [ RunTime:0.002000s ]
NOTIC: 建议使用I方法替代_post
SQL: SHOW COLUMNS FROM `think_list` [ RunTime:0.007000s ]
SQL: SHOW COLUMNS FROM `think_auth_group_access` [ RunTime:0.006000s ]
SQL: SHOW COLUMNS FROM `think_auth_group` [ RunTime:0.005000s ]
SQL: SHOW COLUMNS FROM `think_auth_rule` [ RunTime:0.006001s ]
SQL: SELECT list.id AS u_id,list.name AS u_name,list.sex AS u_sex,list.local AS u_local,list.age AS u_age,auth_group_access.group_id AS g_id,auth_group.title AS g_title,auth_group.status AS g_status,auth_group.rules AS r_id,auth_rule.name AS r_name,auth_rule.title AS r_function,auth_rule.status AS r_status FROM think_list list  JOIN think_auth_group_access auth_group_access ON list.id = auth_group_access.uid LEFT JOIN think_auth_group auth_group ON auth_group_access.group_id = auth_group.id LEFT JOIN think_auth_rule auth_rule ON auth_rule.id = auth_group.rules ORDER BY auth_rule.title asc  [ RunTime:0.001000s ]
INFO: [ view_filter ] --START--
INFO: ContentReplace Behavior ::run [ RunTime:0.002000s ]
INFO: TokenBuild Behavior ::run [ RunTime:0.002001s ]
INFO: WriteHtmlCache Behavior ::run [ RunTime:0.001000s ]
INFO: ShowRuntime Behavior ::run [ RunTime:0.002000s ]
INFO: [ view_filter ] --END-- [ RunTime:0.007001s ]

[ 2013-12-14T13:17:45+08:00 ] 127.0.0.1 /thinkphp/index.php/user/showAllUser.html
INFO: [ app_begin ] --START--
INFO: ReadHtmlCache Behavior ::run [ RunTime:0.002000s ]
INFO: [ app_begin ] --END-- [ RunTime:0.002000s ]
NOTIC: 建议使用I方法替代_post
SQL: SHOW COLUMNS FROM `think_list` [ RunTime:0.006000s ]
SQL: SHOW COLUMNS FROM `think_auth_group_access` [ RunTime:0.009000s ]
SQL: SHOW COLUMNS FROM `think_auth_group` [ RunTime:0.007000s ]
SQL: SHOW COLUMNS FROM `think_auth_rule` [ RunTime:0.006000s ]
SQL: SELECT list.id AS u_id,list.name AS u_name,list.sex AS u_sex,list.local AS u_local,list.age AS u_age,auth_group_access.group_id AS g_id,auth_group.title AS g_title,auth_group.status AS g_status,auth_group.rules AS r_id,auth_rule.name AS r_name,auth_rule.title AS r_function,auth_rule.status AS r_status FROM think_list list  JOIN think_auth_group_access auth_group_access ON list.id = auth_group_access.uid LEFT JOIN think_auth_group auth_group ON auth_group_access.group_id = auth_group.id LEFT JOIN think_auth_rule auth_rule ON auth_rule.id = auth_group.rules ORDER BY auth_rule.status asc  [ RunTime:0.001000s ]
INFO: [ view_filter ] --START--
INFO: ContentReplace Behavior ::run [ RunTime:0.002000s ]
INFO: TokenBuild Behavior ::run [ RunTime:0.001000s ]
INFO: WriteHtmlCache Behavior ::run [ RunTime:0.001000s ]
INFO: ShowRuntime Behavior ::run [ RunTime:0.002000s ]
INFO: [ view_filter ] --END-- [ RunTime:0.007000s ]

[ 2013-12-14T13:17:47+08:00 ] 127.0.0.1 /thinkphp/index.php/user/showAllUser.html
INFO: [ app_begin ] --START--
INFO: ReadHtmlCache Behavior ::run [ RunTime:0.002000s ]
INFO: [ app_begin ] --END-- [ RunTime:0.002000s ]
NOTIC: 建议使用I方法替代_post
SQL: SHOW COLUMNS FROM `think_list` [ RunTime:0.005000s ]
SQL: SHOW COLUMNS FROM `think_auth_group_access` [ RunTime:0.005000s ]
SQL: SHOW COLUMNS FROM `think_auth_group` [ RunTime:0.005001s ]
SQL: SHOW COLUMNS FROM `think_auth_rule` [ RunTime:0.006000s ]
SQL: SELECT list.id AS u_id,list.name AS u_name,list.sex AS u_sex,list.local AS u_local,list.age AS u_age,auth_group_access.group_id AS g_id,auth_group.title AS g_title,auth_group.status AS g_status,auth_group.rules AS r_id,auth_rule.name AS r_name,auth_rule.title AS r_function,auth_rule.status AS r_status FROM think_list list  JOIN think_auth_group_access auth_group_access ON list.id = auth_group_access.uid LEFT JOIN think_auth_group auth_group ON auth_group_access.group_id = auth_group.id LEFT JOIN think_auth_rule auth_rule ON auth_rule.id = auth_group.rules ORDER BY list.id asc  [ RunTime:0.001000s ]
INFO: [ view_filter ] --START--
INFO: ContentReplace Behavior ::run [ RunTime:0.002000s ]
INFO: TokenBuild Behavior ::run [ RunTime:0.001000s ]
INFO: WriteHtmlCache Behavior ::run [ RunTime:0.001000s ]
INFO: ShowRuntime Behavior ::run [ RunTime:0.002000s ]
INFO: [ view_filter ] --END-- [ RunTime:0.007000s ]

[ 2013-12-14T13:25:01+08:00 ] 127.0.0.1 /thinkphp/index.php/user/showAllUser.html
INFO: [ app_begin ] --START--
INFO: ReadHtmlCache Behavior ::run [ RunTime:0.002000s ]
INFO: [ app_begin ] --END-- [ RunTime:0.003000s ]
NOTIC: 建议使用I方法替代_post
SQL: SHOW COLUMNS FROM `think_list` [ RunTime:0.005000s ]
SQL: SHOW COLUMNS FROM `think_auth_group_access` [ RunTime:0.005001s ]
SQL: SHOW COLUMNS FROM `think_auth_group` [ RunTime:0.006000s ]
SQL: SHOW COLUMNS FROM `think_auth_rule` [ RunTime:0.007000s ]
SQL: SELECT list.id AS u_id,list.name AS u_name,list.sex AS u_sex,list.local AS u_local,list.age AS u_age,auth_group_access.group_id AS g_id,auth_group.title AS g_title,auth_group.status AS g_status,auth_group.rules AS r_id,auth_rule.name AS r_name,auth_rule.title AS r_function,auth_rule.status AS r_status FROM think_list list  JOIN think_auth_group_access auth_group_access ON list.id = auth_group_access.uid LEFT JOIN think_auth_group auth_group ON auth_group_access.group_id = auth_group.id LEFT JOIN think_auth_rule auth_rule ON auth_rule.id = auth_group.rules ORDER BY list.id asc  [ RunTime:0.001000s ]
INFO: [ view_filter ] --START--
INFO: ContentReplace Behavior ::run [ RunTime:0.002000s ]
INFO: TokenBuild Behavior ::run [ RunTime:0.002000s ]
INFO: WriteHtmlCache Behavior ::run [ RunTime:0.002000s ]
INFO: ShowRuntime Behavior ::run [ RunTime:0.002001s ]
INFO: [ view_filter ] --END-- [ RunTime:0.008001s ]

[ 2013-12-14T13:25:17+08:00 ] 127.0.0.1 /thinkphp/index.php/user/showAllUser.html
INFO: [ app_begin ] --START--
INFO: ReadHtmlCache Behavior ::run [ RunTime:0.002000s ]
INFO: [ app_begin ] --END-- [ RunTime:0.002000s ]
NOTIC: 建议使用I方法替代_post
SQL: SHOW COLUMNS FROM `think_list` [ RunTime:0.006000s ]
SQL: SHOW COLUMNS FROM `think_auth_group_access` [ RunTime:0.004000s ]
SQL: SHOW COLUMNS FROM `think_auth_group` [ RunTime:0.005000s ]
SQL: SHOW COLUMNS FROM `think_auth_rule` [ RunTime:0.005000s ]
SQL: SELECT list.id AS u_id,list.name AS u_name,list.sex AS u_sex,list.local AS u_local,list.age AS u_age,auth_group_access.group_id AS g_id,auth_group.title AS g_title,auth_group.status AS g_status,auth_group.rules AS r_id,auth_rule.name AS r_name,auth_rule.title AS r_function,auth_rule.status AS r_status FROM think_list list  JOIN think_auth_group_access auth_group_access ON list.id = auth_group_access.uid LEFT JOIN think_auth_group auth_group ON auth_group_access.group_id = auth_group.id LEFT JOIN think_auth_rule auth_rule ON auth_rule.id = auth_group.rules ORDER BY list.name asc  [ RunTime:0.002000s ]
INFO: [ view_filter ] --START--
INFO: ContentReplace Behavior ::run [ RunTime:0.002000s ]
INFO: TokenBuild Behavior ::run [ RunTime:0.002000s ]
INFO: WriteHtmlCache Behavior ::run [ RunTime:0.001000s ]
INFO: ShowRuntime Behavior ::run [ RunTime:0.002000s ]
INFO: [ view_filter ] --END-- [ RunTime:0.008000s ]

[ 2013-12-14T13:26:00+08:00 ] 127.0.0.1 /thinkphp/index.php/user/showAllUser.html
INFO: [ app_begin ] --START--
INFO: ReadHtmlCache Behavior ::run [ RunTime:0.002000s ]
INFO: [ app_begin ] --END-- [ RunTime:0.002000s ]
NOTIC: 建议使用I方法替代_post
SQL: SHOW COLUMNS FROM `think_list` [ RunTime:0.006000s ]
SQL: SHOW COLUMNS FROM `think_auth_group_access` [ RunTime:0.005001s ]
SQL: SHOW COLUMNS FROM `think_auth_group` [ RunTime:0.005000s ]
SQL: SHOW COLUMNS FROM `think_auth_rule` [ RunTime:0.005000s ]
SQL: SELECT list.id AS u_id,list.name AS u_name,list.sex AS u_sex,list.local AS u_local,list.age AS u_age,auth_group_access.group_id AS g_id,auth_group.title AS g_title,auth_group.status AS g_status,auth_group.rules AS r_id,auth_rule.name AS r_name,auth_rule.title AS r_function,auth_rule.status AS r_status FROM think_list list  JOIN think_auth_group_access auth_group_access ON list.id = auth_group_access.uid LEFT JOIN think_auth_group auth_group ON auth_group_access.group_id = auth_group.id LEFT JOIN think_auth_rule auth_rule ON auth_rule.id = auth_group.rules ORDER BY auth_rule.title asc  [ RunTime:0.006000s ]
INFO: [ view_filter ] --START--
INFO: ContentReplace Behavior ::run [ RunTime:0.002000s ]
INFO: TokenBuild Behavior ::run [ RunTime:0.002001s ]
INFO: WriteHtmlCache Behavior ::run [ RunTime:0.002000s ]
INFO: ShowRuntime Behavior ::run [ RunTime:0.002000s ]
INFO: [ view_filter ] --END-- [ RunTime:0.008001s ]

[ 2013-12-14T13:26:01+08:00 ] 127.0.0.1 /thinkphp/index.php/user/showAllUser.html
INFO: [ app_begin ] --START--
INFO: ReadHtmlCache Behavior ::run [ RunTime:0.002000s ]
INFO: [ app_begin ] --END-- [ RunTime:0.002000s ]
NOTIC: 建议使用I方法替代_post
SQL: SHOW COLUMNS FROM `think_list` [ RunTime:0.005000s ]
SQL: SHOW COLUMNS FROM `think_auth_group_access` [ RunTime:0.005000s ]
SQL: SHOW COLUMNS FROM `think_auth_group` [ RunTime:0.007000s ]
SQL: SHOW COLUMNS FROM `think_auth_rule` [ RunTime:0.006001s ]
SQL: SELECT list.id AS u_id,list.name AS u_name,list.sex AS u_sex,list.local AS u_local,list.age AS u_age,auth_group_access.group_id AS g_id,auth_group.title AS g_title,auth_group.status AS g_status,auth_group.rules AS r_id,auth_rule.name AS r_name,auth_rule.title AS r_function,auth_rule.status AS r_status FROM think_list list  JOIN think_auth_group_access auth_group_access ON list.id = auth_group_access.uid LEFT JOIN think_auth_group auth_group ON auth_group_access.group_id = auth_group.id LEFT JOIN think_auth_rule auth_rule ON auth_rule.id = auth_group.rules ORDER BY auth_rule.status asc  [ RunTime:0.001000s ]
INFO: [ view_filter ] --START--
INFO: ContentReplace Behavior ::run [ RunTime:0.002001s ]
INFO: TokenBuild Behavior ::run [ RunTime:0.001000s ]
INFO: WriteHtmlCache Behavior ::run [ RunTime:0.001000s ]
INFO: ShowRuntime Behavior ::run [ RunTime:0.002000s ]
INFO: [ view_filter ] --END-- [ RunTime:0.007001s ]

[ 2013-12-14T13:50:51+08:00 ] 127.0.0.1 /thinkphp/index.php/user/showAllUser.html
INFO: [ app_begin ] --START--
INFO: ReadHtmlCache Behavior ::run [ RunTime:0.001000s ]
INFO: [ app_begin ] --END-- [ RunTime:0.002000s ]
NOTIC: 建议使用I方法替代_post
SQL: SHOW COLUMNS FROM `think_list` [ RunTime:0.006000s ]
SQL: SHOW COLUMNS FROM `think_auth_group_access` [ RunTime:0.005000s ]
SQL: SHOW COLUMNS FROM `think_auth_group` [ RunTime:0.006001s ]
SQL: SHOW COLUMNS FROM `think_auth_rule` [ RunTime:0.006000s ]
SQL: SELECT list.id AS u_id,list.name AS u_name,list.sex AS u_sex,list.local AS u_local,list.age AS u_age,auth_group_access.group_id AS g_id,auth_group.title AS g_title,auth_group.status AS g_status,auth_group.rules AS r_id,auth_rule.name AS r_name,auth_rule.title AS r_function,auth_rule.status AS r_status FROM think_list list  JOIN think_auth_group_access auth_group_access ON list.id = auth_group_access.uid LEFT JOIN think_auth_group auth_group ON auth_group_access.group_id = auth_group.id LEFT JOIN think_auth_rule auth_rule ON auth_rule.id = auth_group.rules ORDER BY list.id asc  [ RunTime:0.001000s ]
INFO: [ view_filter ] --START--
INFO: ContentReplace Behavior ::run [ RunTime:0.002000s ]
INFO: TokenBuild Behavior ::run [ RunTime:0.002000s ]
INFO: WriteHtmlCache Behavior ::run [ RunTime:0.001000s ]
INFO: ShowRuntime Behavior ::run [ RunTime:0.002000s ]
INFO: [ view_filter ] --END-- [ RunTime:0.007000s ]

[ 2013-12-14T13:52:49+08:00 ] 127.0.0.1 /thinkphp/index.php/user/showAllUser.html
INFO: [ app_begin ] --START--
INFO: ReadHtmlCache Behavior ::run [ RunTime:0.002000s ]
INFO: [ app_begin ] --END-- [ RunTime:0.002000s ]
NOTIC: 建议使用I方法替代_post
SQL: SHOW COLUMNS FROM `think_list` [ RunTime:0.067004s ]
SQL: SHOW COLUMNS FROM `think_auth_group_access` [ RunTime:0.005000s ]
SQL: SHOW COLUMNS FROM `think_auth_group` [ RunTime:0.005000s ]
SQL: SHOW COLUMNS FROM `think_auth_rule` [ RunTime:0.005001s ]
SQL: SELECT list.id AS u_id,list.name AS u_name,list.sex AS u_sex,list.local AS u_local,list.age AS u_age,auth_group_access.group_id AS g_id,auth_group.title AS g_title,auth_group.status AS g_status,auth_group.rules AS r_id,auth_rule.name AS r_name,auth_rule.title AS r_function,auth_rule.status AS r_status FROM think_list list  JOIN think_auth_group_access auth_group_access ON list.id = auth_group_access.uid LEFT JOIN think_auth_group auth_group ON auth_group_access.group_id = auth_group.id LEFT JOIN think_auth_rule auth_rule ON auth_rule.id = auth_group.rules ORDER BY auth_rule.title asc  [ RunTime:0.001000s ]
INFO: [ view_filter ] --START--
INFO: ContentReplace Behavior ::run [ RunTime:0.001001s ]
INFO: TokenBuild Behavior ::run [ RunTime:0.002000s ]
INFO: WriteHtmlCache Behavior ::run [ RunTime:0.002000s ]
INFO: ShowRuntime Behavior ::run [ RunTime:0.002000s ]
INFO: [ view_filter ] --END-- [ RunTime:0.008001s ]

[ 2013-12-14T13:53:06+08:00 ] 127.0.0.1 /thinkphp/index.php/user/showAllUser.html
INFO: [ app_begin ] --START--
INFO: ReadHtmlCache Behavior ::run [ RunTime:0.002000s ]
INFO: [ app_begin ] --END-- [ RunTime:0.002000s ]
NOTIC: 建议使用I方法替代_post
SQL: SHOW COLUMNS FROM `think_list` [ RunTime:0.007001s ]
SQL: SHOW COLUMNS FROM `think_auth_group_access` [ RunTime:0.005000s ]
SQL: SHOW COLUMNS FROM `think_auth_group` [ RunTime:0.005001s ]
SQL: SHOW COLUMNS FROM `think_auth_rule` [ RunTime:0.005000s ]
SQL: SELECT list.id AS u_id,list.name AS u_name,list.sex AS u_sex,list.local AS u_local,list.age AS u_age,auth_group_access.group_id AS g_id,auth_group.title AS g_title,auth_group.status AS g_status,auth_group.rules AS r_id,auth_rule.name AS r_name,auth_rule.title AS r_function,auth_rule.status AS r_status FROM think_list list  JOIN think_auth_group_access auth_group_access ON list.id = auth_group_access.uid LEFT JOIN think_auth_group auth_group ON auth_group_access.group_id = auth_group.id LEFT JOIN think_auth_rule auth_rule ON auth_rule.id = auth_group.rules ORDER BY list.name asc  [ RunTime:0.001000s ]
INFO: [ view_filter ] --START--
INFO: ContentReplace Behavior ::run [ RunTime:0.003000s ]
INFO: TokenBuild Behavior ::run [ RunTime:0.002000s ]
INFO: WriteHtmlCache Behavior ::run [ RunTime:0.001000s ]
INFO: ShowRuntime Behavior ::run [ RunTime:0.002000s ]
INFO: [ view_filter ] --END-- [ RunTime:0.008000s ]

[ 2013-12-14T16:01:28+08:00 ] 127.0.0.1 /thinkphp/index.php/user/showAllUser.html
INFO: [ app_begin ] --START--
INFO: ReadHtmlCache Behavior ::run [ RunTime:0.002000s ]
INFO: [ app_begin ] --END-- [ RunTime:0.002000s ]
NOTIC: 建议使用I方法替代_post
SQL: SHOW COLUMNS FROM `think_list` [ RunTime:0.006001s ]
SQL: SHOW COLUMNS FROM `think_auth_group_access` [ RunTime:0.005000s ]
SQL: SHOW COLUMNS FROM `think_auth_group` [ RunTime:0.006001s ]
SQL: SHOW COLUMNS FROM `think_auth_rule` [ RunTime:0.006000s ]
SQL: SELECT list.id AS u_id,list.name AS u_name,list.sex AS u_sex,list.local AS u_local,list.age AS u_age,auth_group_access.group_id AS g_id,auth_group.title AS g_title,auth_group.status AS g_status,auth_group.rules AS r_id,auth_rule.name AS r_name,auth_rule.title AS r_function,auth_rule.status AS r_status FROM think_list list  JOIN think_auth_group_access auth_group_access ON list.id = auth_group_access.uid LEFT JOIN think_auth_group auth_group ON auth_group_access.group_id = auth_group.id LEFT JOIN think_auth_rule auth_rule ON auth_rule.id = auth_group.rules ORDER BY list.name asc  [ RunTime:0.136008s ]
INFO: [ view_filter ] --START--
INFO: ContentReplace Behavior ::run [ RunTime:0.001000s ]
INFO: TokenBuild Behavior ::run [ RunTime:0.002001s ]
INFO: WriteHtmlCache Behavior ::run [ RunTime:0.003000s ]
INFO: ShowRuntime Behavior ::run [ RunTime:0.002000s ]
INFO: [ view_filter ] --END-- [ RunTime:0.008001s ]

[ 2013-12-14T16:51:49+08:00 ] 127.0.0.1 /thinkphp/index.php/user/showAllUser.html
INFO: [ app_begin ] --START--
INFO: ReadHtmlCache Behavior ::run [ RunTime:0.002000s ]
INFO: [ app_begin ] --END-- [ RunTime:0.002000s ]
NOTIC: 建议使用I方法替代_post
SQL: SHOW COLUMNS FROM `think_list` [ RunTime:0.006001s ]
SQL: SHOW COLUMNS FROM `think_auth_group_access` [ RunTime:0.005000s ]
SQL: SHOW COLUMNS FROM `think_auth_group` [ RunTime:0.005000s ]
SQL: SHOW COLUMNS FROM `think_auth_rule` [ RunTime:0.008001s ]
SQL: SELECT list.id AS u_id,list.name AS u_name,list.sex AS u_sex,list.local AS u_local,list.age AS u_age,auth_group_access.group_id AS g_id,auth_group.title AS g_title,auth_group.status AS g_status,auth_group.rules AS r_id,auth_rule.name AS r_name,auth_rule.title AS r_function,auth_rule.status AS r_status FROM think_list list  JOIN think_auth_group_access auth_group_access ON list.id = auth_group_access.uid LEFT JOIN think_auth_group auth_group ON auth_group_access.group_id = auth_group.id LEFT JOIN think_auth_rule auth_rule ON auth_rule.id = auth_group.rules ORDER BY list.name asc  [ RunTime:0.002000s ]
INFO: [ view_filter ] --START--
INFO: ContentReplace Behavior ::run [ RunTime:0.001000s ]
INFO: TokenBuild Behavior ::run [ RunTime:0.002000s ]
INFO: WriteHtmlCache Behavior ::run [ RunTime:0.001000s ]
INFO: ShowRuntime Behavior ::run [ RunTime:0.001000s ]
INFO: [ view_filter ] --END-- [ RunTime:0.006000s ]

[ 2013-12-14T16:51:50+08:00 ] 127.0.0.1 /thinkphp/index.php/user/showAllUser.html
INFO: [ app_begin ] --START--
INFO: ReadHtmlCache Behavior ::run [ RunTime:0.003000s ]
INFO: [ app_begin ] --END-- [ RunTime:0.003000s ]
NOTIC: 建议使用I方法替代_post
SQL: SHOW COLUMNS FROM `think_list` [ RunTime:0.006001s ]
SQL: SHOW COLUMNS FROM `think_auth_group_access` [ RunTime:0.005000s ]
SQL: SHOW COLUMNS FROM `think_auth_group` [ RunTime:0.005000s ]
SQL: SHOW COLUMNS FROM `think_auth_rule` [ RunTime:0.006001s ]
SQL: SELECT list.id AS u_id,list.name AS u_name,list.sex AS u_sex,list.local AS u_local,list.age AS u_age,auth_group_access.group_id AS g_id,auth_group.title AS g_title,auth_group.status AS g_status,auth_group.rules AS r_id,auth_rule.name AS r_name,auth_rule.title AS r_function,auth_rule.status AS r_status FROM think_list list  JOIN think_auth_group_access auth_group_access ON list.id = auth_group_access.uid LEFT JOIN think_auth_group auth_group ON auth_group_access.group_id = auth_group.id LEFT JOIN think_auth_rule auth_rule ON auth_rule.id = auth_group.rules ORDER BY list.sex asc  [ RunTime:0.002000s ]
INFO: [ view_filter ] --START--
INFO: ContentReplace Behavior ::run [ RunTime:0.001001s ]
INFO: TokenBuild Behavior ::run [ RunTime:0.001000s ]
INFO: WriteHtmlCache Behavior ::run [ RunTime:0.000000s ]
INFO: ShowRuntime Behavior ::run [ RunTime:0.001000s ]
INFO: [ view_filter ] --END-- [ RunTime:0.005001s ]

[ 2013-12-14T16:51:52+08:00 ] 127.0.0.1 /thinkphp/index.php/user/showAllUser.html
INFO: [ app_begin ] --START--
INFO: ReadHtmlCache Behavior ::run [ RunTime:0.002000s ]
INFO: [ app_begin ] --END-- [ RunTime:0.002000s ]
NOTIC: 建议使用I方法替代_post
SQL: SHOW COLUMNS FROM `think_list` [ RunTime:0.006000s ]
SQL: SHOW COLUMNS FROM `think_auth_group_access` [ RunTime:0.005001s ]
SQL: SHOW COLUMNS FROM `think_auth_group` [ RunTime:0.006000s ]
SQL: SHOW COLUMNS FROM `think_auth_rule` [ RunTime:0.006001s ]
SQL: SELECT list.id AS u_id,list.name AS u_name,list.sex AS u_sex,list.local AS u_local,list.age AS u_age,auth_group_access.group_id AS g_id,auth_group.title AS g_title,auth_group.status AS g_status,auth_group.rules AS r_id,auth_rule.name AS r_name,auth_rule.title AS r_function,auth_rule.status AS r_status FROM think_list list  JOIN think_auth_group_access auth_group_access ON list.id = auth_group_access.uid LEFT JOIN think_auth_group auth_group ON auth_group_access.group_id = auth_group.id LEFT JOIN think_auth_rule auth_rule ON auth_rule.id = auth_group.rules ORDER BY list.id asc  [ RunTime:0.001000s ]
INFO: [ view_filter ] --START--
INFO: ContentReplace Behavior ::run [ RunTime:0.001000s ]
INFO: TokenBuild Behavior ::run [ RunTime:0.002000s ]
INFO: WriteHtmlCache Behavior ::run [ RunTime:0.001000s ]
INFO: ShowRuntime Behavior ::run [ RunTime:0.009001s ]
INFO: [ view_filter ] --END-- [ RunTime:0.014001s ]

[ 2013-12-14T16:51:53+08:00 ] 127.0.0.1 /thinkphp/index.php/user/showAllUser.html
INFO: [ app_begin ] --START--
INFO: ReadHtmlCache Behavior ::run [ RunTime:0.002000s ]
INFO: [ app_begin ] --END-- [ RunTime:0.002000s ]
NOTIC: 建议使用I方法替代_post
SQL: SHOW COLUMNS FROM `think_list` [ RunTime:0.005001s ]
SQL: SHOW COLUMNS FROM `think_auth_group_access` [ RunTime:0.005000s ]
SQL: SHOW COLUMNS FROM `think_auth_group` [ RunTime:0.005000s ]
SQL: SHOW COLUMNS FROM `think_auth_rule` [ RunTime:0.005001s ]
SQL: SELECT list.id AS u_id,list.name AS u_name,list.sex AS u_sex,list.local AS u_local,list.age AS u_age,auth_group_access.group_id AS g_id,auth_group.title AS g_title,auth_group.status AS g_status,auth_group.rules AS r_id,auth_rule.name AS r_name,auth_rule.title AS r_function,auth_rule.status AS r_status FROM think_list list  JOIN think_auth_group_access auth_group_access ON list.id = auth_group_access.uid LEFT JOIN think_auth_group auth_group ON auth_group_access.group_id = auth_group.id LEFT JOIN think_auth_rule auth_rule ON auth_rule.id = auth_group.rules ORDER BY list.name asc  [ RunTime:0.002000s ]
INFO: [ view_filter ] --START--
INFO: ContentReplace Behavior ::run [ RunTime:0.002001s ]
INFO: TokenBuild Behavior ::run [ RunTime:0.001000s ]
INFO: WriteHtmlCache Behavior ::run [ RunTime:0.001000s ]
INFO: ShowRuntime Behavior ::run [ RunTime:0.002000s ]
INFO: [ view_filter ] --END-- [ RunTime:0.006001s ]

[ 2013-12-14T16:51:57+08:00 ] 127.0.0.1 /thinkphp/index.php/user/showAllUser.html
INFO: [ app_begin ] --START--
INFO: ReadHtmlCache Behavior ::run [ RunTime:0.002000s ]
INFO: [ app_begin ] --END-- [ RunTime:0.002000s ]
NOTIC: 建议使用I方法替代_post
SQL: SHOW COLUMNS FROM `think_list` [ RunTime:0.006001s ]
SQL: SHOW COLUMNS FROM `think_auth_group_access` [ RunTime:0.005000s ]
SQL: SHOW COLUMNS FROM `think_auth_group` [ RunTime:0.005000s ]
SQL: SHOW COLUMNS FROM `think_auth_rule` [ RunTime:0.005001s ]
SQL: SELECT list.id AS u_id,list.name AS u_name,list.sex AS u_sex,list.local AS u_local,list.age AS u_age,auth_group_access.group_id AS g_id,auth_group.title AS g_title,auth_group.status AS g_status,auth_group.rules AS r_id,auth_rule.name AS r_name,auth_rule.title AS r_function,auth_rule.status AS r_status FROM think_list list  JOIN think_auth_group_access auth_group_access ON list.id = auth_group_access.uid LEFT JOIN think_auth_group auth_group ON auth_group_access.group_id = auth_group.id LEFT JOIN think_auth_rule auth_rule ON auth_rule.id = auth_group.rules ORDER BY list.local asc  [ RunTime:0.001000s ]
INFO: [ view_filter ] --START--
INFO: ContentReplace Behavior ::run [ RunTime:0.002000s ]
INFO: TokenBuild Behavior ::run [ RunTime:0.001001s ]
INFO: WriteHtmlCache Behavior ::run [ RunTime:0.001000s ]
INFO: ShowRuntime Behavior ::run [ RunTime:0.002000s ]
INFO: [ view_filter ] --END-- [ RunTime:0.006001s ]

[ 2013-12-14T16:52:04+08:00 ] 127.0.0.1 /thinkphp/index.php/user/showAllUser.html
INFO: [ app_begin ] --START--
INFO: ReadHtmlCache Behavior ::run [ RunTime:0.001000s ]
INFO: [ app_begin ] --END-- [ RunTime:0.001000s ]
NOTIC: 建议使用I方法替代_post
SQL: SHOW COLUMNS FROM `think_list` [ RunTime:0.006000s ]
SQL: SHOW COLUMNS FROM `think_auth_group_access` [ RunTime:0.005000s ]
SQL: SHOW COLUMNS FROM `think_auth_group` [ RunTime:0.006001s ]
SQL: SHOW COLUMNS FROM `think_auth_rule` [ RunTime:0.005000s ]
SQL: SELECT list.id AS u_id,list.name AS u_name,list.sex AS u_sex,list.local AS u_local,list.age AS u_age,auth_group_access.group_id AS g_id,auth_group.title AS g_title,auth_group.status AS g_status,auth_group.rules AS r_id,auth_rule.name AS r_name,auth_rule.title AS r_function,auth_rule.status AS r_status FROM think_list list  JOIN think_auth_group_access auth_group_access ON list.id = auth_group_access.uid LEFT JOIN think_auth_group auth_group ON auth_group_access.group_id = auth_group.id LEFT JOIN think_auth_rule auth_rule ON auth_rule.id = auth_group.rules ORDER BY list.id asc  [ RunTime:0.001000s ]
INFO: [ view_filter ] --START--
INFO: ContentReplace Behavior ::run [ RunTime:0.001000s ]
INFO: TokenBuild Behavior ::run [ RunTime:0.002000s ]
INFO: WriteHtmlCache Behavior ::run [ RunTime:0.001000s ]
INFO: ShowRuntime Behavior ::run [ RunTime:0.002000s ]
INFO: [ view_filter ] --END-- [ RunTime:0.007000s ]

[ 2013-12-14T16:52:35+08:00 ] 127.0.0.1 /thinkphp/index.php/user/showAllUser.html
INFO: [ app_begin ] --START--
INFO: ReadHtmlCache Behavior ::run [ RunTime:0.001000s ]
INFO: [ app_begin ] --END-- [ RunTime:0.001000s ]
NOTIC: 建议使用I方法替代_post
SQL: SHOW COLUMNS FROM `think_list` [ RunTime:0.006000s ]
SQL: SHOW COLUMNS FROM `think_auth_group_access` [ RunTime:0.006000s ]
SQL: SHOW COLUMNS FROM `think_auth_group` [ RunTime:0.013001s ]
SQL: SHOW COLUMNS FROM `think_auth_rule` [ RunTime:0.005000s ]
SQL: SELECT list.id AS u_id,list.name AS u_name,list.sex AS u_sex,list.local AS u_local,list.age AS u_age,auth_group_access.group_id AS g_id,auth_group.title AS g_title,auth_group.status AS g_status,auth_group.rules AS r_id,auth_rule.name AS r_name,auth_rule.title AS r_function,auth_rule.status AS r_status FROM think_list list  JOIN think_auth_group_access auth_group_access ON list.id = auth_group_access.uid LEFT JOIN think_auth_group auth_group ON auth_group_access.group_id = auth_group.id LEFT JOIN think_auth_rule auth_rule ON auth_rule.id = auth_group.rules ORDER BY auth_group_access.group_id asc  [ RunTime:0.002000s ]
INFO: [ view_filter ] --START--
INFO: ContentReplace Behavior ::run [ RunTime:0.001000s ]
INFO: TokenBuild Behavior ::run [ RunTime:0.001000s ]
INFO: WriteHtmlCache Behavior ::run [ RunTime:0.002000s ]
INFO: ShowRuntime Behavior ::run [ RunTime:0.002000s ]
INFO: [ view_filter ] --END-- [ RunTime:0.007000s ]

[ 2013-12-14T16:52:36+08:00 ] 127.0.0.1 /thinkphp/index.php/user/showAllUser.html
INFO: [ app_begin ] --START--
INFO: ReadHtmlCache Behavior ::run [ RunTime:0.001000s ]
INFO: [ app_begin ] --END-- [ RunTime:0.002000s ]
NOTIC: 建议使用I方法替代_post
SQL: SHOW COLUMNS FROM `think_list` [ RunTime:0.005000s ]
SQL: SHOW COLUMNS FROM `think_auth_group_access` [ RunTime:0.005001s ]
SQL: SHOW COLUMNS FROM `think_auth_group` [ RunTime:0.005000s ]
SQL: SHOW COLUMNS FROM `think_auth_rule` [ RunTime:0.006000s ]
SQL: SELECT list.id AS u_id,list.name AS u_name,list.sex AS u_sex,list.local AS u_local,list.age AS u_age,auth_group_access.group_id AS g_id,auth_group.title AS g_title,auth_group.status AS g_status,auth_group.rules AS r_id,auth_rule.name AS r_name,auth_rule.title AS r_function,auth_rule.status AS r_status FROM think_list list  JOIN think_auth_group_access auth_group_access ON list.id = auth_group_access.uid LEFT JOIN think_auth_group auth_group ON auth_group_access.group_id = auth_group.id LEFT JOIN think_auth_rule auth_rule ON auth_rule.id = auth_group.rules ORDER BY list.age asc  [ RunTime:0.001000s ]
INFO: [ view_filter ] --START--
INFO: ContentReplace Behavior ::run [ RunTime:0.001000s ]
INFO: TokenBuild Behavior ::run [ RunTime:0.002000s ]
INFO: WriteHtmlCache Behavior ::run [ RunTime:0.001000s ]
INFO: ShowRuntime Behavior ::run [ RunTime:0.002000s ]
INFO: [ view_filter ] --END-- [ RunTime:0.006000s ]

[ 2013-12-14T16:52:37+08:00 ] 127.0.0.1 /thinkphp/index.php/user/showAllUser.html
INFO: [ app_begin ] --START--
INFO: ReadHtmlCache Behavior ::run [ RunTime:0.002000s ]
INFO: [ app_begin ] --END-- [ RunTime:0.002000s ]
NOTIC: 建议使用I方法替代_post
SQL: SHOW COLUMNS FROM `think_list` [ RunTime:0.007000s ]
SQL: SHOW COLUMNS FROM `think_auth_group_access` [ RunTime:0.006000s ]
SQL: SHOW COLUMNS FROM `think_auth_group` [ RunTime:0.007000s ]
SQL: SHOW COLUMNS FROM `think_auth_rule` [ RunTime:0.012001s ]
SQL: SELECT list.id AS u_id,list.name AS u_name,list.sex AS u_sex,list.local AS u_local,list.age AS u_age,auth_group_access.group_id AS g_id,auth_group.title AS g_title,auth_group.status AS g_status,auth_group.rules AS r_id,auth_rule.name AS r_name,auth_rule.title AS r_function,auth_rule.status AS r_status FROM think_list list  JOIN think_auth_group_access auth_group_access ON list.id = auth_group_access.uid LEFT JOIN think_auth_group auth_group ON auth_group_access.group_id = auth_group.id LEFT JOIN think_auth_rule auth_rule ON auth_rule.id = auth_group.rules ORDER BY list.sex asc  [ RunTime:0.003000s ]
INFO: [ view_filter ] --START--
INFO: ContentReplace Behavior ::run [ RunTime:0.001000s ]
INFO: TokenBuild Behavior ::run [ RunTime:0.005000s ]
INFO: WriteHtmlCache Behavior ::run [ RunTime:0.002000s ]
INFO: ShowRuntime Behavior ::run [ RunTime:0.001000s ]
INFO: [ view_filter ] --END-- [ RunTime:0.012000s ]

[ 2013-12-14T16:52:39+08:00 ] 127.0.0.1 /thinkphp/index.php/user/showAllUser.html
INFO: [ app_begin ] --START--
INFO: ReadHtmlCache Behavior ::run [ RunTime:0.002000s ]
INFO: [ app_begin ] --END-- [ RunTime:0.002000s ]
NOTIC: 建议使用I方法替代_post
SQL: SHOW COLUMNS FROM `think_list` [ RunTime:0.006000s ]
SQL: SHOW COLUMNS FROM `think_auth_group_access` [ RunTime:0.020001s ]
SQL: SHOW COLUMNS FROM `think_auth_group` [ RunTime:0.005000s ]
SQL: SHOW COLUMNS FROM `think_auth_rule` [ RunTime:0.006000s ]
SQL: SELECT list.id AS u_id,list.name AS u_name,list.sex AS u_sex,list.local AS u_local,list.age AS u_age,auth_group_access.group_id AS g_id,auth_group.title AS g_title,auth_group.status AS g_status,auth_group.rules AS r_id,auth_rule.name AS r_name,auth_rule.title AS r_function,auth_rule.status AS r_status FROM think_list list  JOIN think_auth_group_access auth_group_access ON list.id = auth_group_access.uid LEFT JOIN think_auth_group auth_group ON auth_group_access.group_id = auth_group.id LEFT JOIN think_auth_rule auth_rule ON auth_rule.id = auth_group.rules ORDER BY list.name asc  [ RunTime:0.001000s ]
INFO: [ view_filter ] --START--
INFO: ContentReplace Behavior ::run [ RunTime:0.001000s ]
INFO: TokenBuild Behavior ::run [ RunTime:0.002000s ]
INFO: WriteHtmlCache Behavior ::run [ RunTime:0.001000s ]
INFO: ShowRuntime Behavior ::run [ RunTime:0.002000s ]
INFO: [ view_filter ] --END-- [ RunTime:0.006000s ]

[ 2013-12-14T19:53:58+08:00 ] 127.0.0.1 /thinkphp/index.php/User/testReletion
ERR: Model:option您所请求的方法不存在！

