[ 2013-12-19T17:50:30+08:00 ] 127.0.0.1 /thinkphp/index.php/post/newPost
ERR: Model:wheere您所请求的方法不存在！

[ 2013-12-19T19:10:37+08:00 ] 127.0.0.1 /thinkphp/index.php/post/newPost
ERR: Model:updatePost您所请求的方法不存在！

[ 2013-12-19T19:12:39+08:00 ] 127.0.0.1 /thinkphp/index.php/post/newPost
ERR: Model:updatePost您所请求的方法不存在！

[ 2013-12-19T19:20:23+08:00 ] 127.0.0.1 /thinkphp/index.php/post/newPost
ERR: Model:delPost您所请求的方法不存在！

[ 2013-12-19T20:10:34+08:00 ] 127.0.0.1 /thinkphp/index.php/user/showAllUser.html
INFO: [ app_begin ] --START--
INFO: ReadHtmlCache Behavior ::run [ RunTime:0.002000s ]
INFO: [ app_begin ] --END-- [ RunTime:0.002000s ]
NOTIC: 建议使用I方法替代_post
SQL: SHOW COLUMNS FROM `think_list` [ RunTime:0.007000s ]
SQL: SHOW COLUMNS FROM `think_auth_group_access` [ RunTime:0.006001s ]
SQL: SHOW COLUMNS FROM `think_auth_group` [ RunTime:0.006000s ]
SQL: SHOW COLUMNS FROM `think_auth_rule` [ RunTime:0.006000s ]
SQL: SELECT list.id AS u_id,list.name AS u_name,list.sex AS u_sex,list.local AS u_local,list.age AS u_age,auth_group_access.group_id AS g_id,auth_group.title AS g_title,auth_group.status AS g_status,auth_group.rules AS r_id,auth_rule.name AS r_name,auth_rule.title AS r_function,auth_rule.status AS r_status,auth_rule.condition AS r_condition FROM think_list list  JOIN think_auth_group_access auth_group_access ON list.id = auth_group_access.uid LEFT JOIN think_auth_group auth_group ON auth_group_access.group_id = auth_group.id LEFT JOIN think_auth_rule auth_rule ON auth_rule.id = auth_group.rules ORDER BY list.name asc  [ RunTime:0.001000s ]
INFO: [ view_filter ] --START--
INFO: ContentReplace Behavior ::run [ RunTime:0.002000s ]
INFO: TokenBuild Behavior ::run [ RunTime:0.002000s ]
INFO: WriteHtmlCache Behavior ::run [ RunTime:0.002000s ]
INFO: ShowRuntime Behavior ::run [ RunTime:0.002001s ]
INFO: [ view_filter ] --END-- [ RunTime:0.008001s ]

