[ 2013-12-29T10:07:44+08:00 ] 127.0.0.1 /SunnyCMS/index.php/Plugin/build.html
INFO: [ app_begin ] --START--
INFO: ReadHtmlCache Behavior ::run [ RunTime:0.001000s ]
INFO: [ app_begin ] --END-- [ RunTime:0.001000s ]
SQL: SHOW COLUMNS FROM `think_plugin` [ RunTime:0.056004s ]
SQL: SELECT `title`,`name` FROM `think_plugin` WHERE ( status=1 AND has_adminlist=1 )  [ RunTime:0.000000s ]
NOTIC: [2] file_put_contents() expects parameter 3 to be long, string given F:\Program Files\wamp\www\SunnyCMS\APP\Common\common.php 第 172 行.
NOTIC: [2] file_put_contents() expects parameter 3 to be long, string given F:\Program Files\wamp\www\SunnyCMS\APP\Common\common.php 第 172 行.
NOTIC: [2] file_put_contents() expects parameter 3 to be long, string given F:\Program Files\wamp\www\SunnyCMS\APP\Common\common.php 第 172 行.

[ 2013-12-29T10:27:35+08:00 ] 127.0.0.1 /SunnyCMS/index.php/Plugin/build.html
INFO: [ app_begin ] --START--
INFO: ReadHtmlCache Behavior ::run [ RunTime:0.001000s ]
INFO: [ app_begin ] --END-- [ RunTime:0.002001s ]
SQL: SHOW COLUMNS FROM `think_plugin` [ RunTime:0.133008s ]
SQL: SELECT `title`,`name` FROM `think_plugin` WHERE ( status=1 AND has_adminlist=1 )  [ RunTime:0.000000s ]
NOTIC: [2] file_put_contents() expects parameter 3 to be long, string given F:\Program Files\wamp\www\SunnyCMS\APP\Common\common.php 第 172 行.
NOTIC: [2] file_put_contents() expects parameter 3 to be long, string given F:\Program Files\wamp\www\SunnyCMS\APP\Common\common.php 第 172 行.
NOTIC: [2] file_put_contents() expects parameter 3 to be long, string given F:\Program Files\wamp\www\SunnyCMS\APP\Common\common.php 第 172 行.

[ 2013-12-29T10:28:52+08:00 ] 127.0.0.1 /SunnyCMS/index.php/Plugin/build.html
INFO: [ app_begin ] --START--
INFO: ReadHtmlCache Behavior ::run [ RunTime:0.002000s ]
INFO: [ app_begin ] --END-- [ RunTime:0.002000s ]
SQL: SHOW COLUMNS FROM `think_plugin` [ RunTime:0.008001s ]
SQL: SELECT `title`,`name` FROM `think_plugin` WHERE ( status=1 AND has_adminlist=1 )  [ RunTime:0.000000s ]
NOTIC: [2] file_put_contents() expects parameter 3 to be long, string given F:\Program Files\wamp\www\SunnyCMS\APP\Common\common.php 第 172 行.
NOTIC: [2] file_put_contents() expects parameter 3 to be long, string given F:\Program Files\wamp\www\SunnyCMS\APP\Common\common.php 第 172 行.
NOTIC: [2] file_put_contents() expects parameter 3 to be long, string given F:\Program Files\wamp\www\SunnyCMS\APP\Common\common.php 第 172 行.

[ 2013-12-29T10:36:05+08:00 ] 127.0.0.1 /SunnyCMS/index.php/Plugin/build.html
INFO: [ app_begin ] --START--
INFO: ReadHtmlCache Behavior ::run [ RunTime:0.001001s ]
INFO: [ app_begin ] --END-- [ RunTime:0.001001s ]
SQL: SHOW COLUMNS FROM `think_plugin` [ RunTime:0.007000s ]
SQL: SELECT `title`,`name` FROM `think_plugin` WHERE ( status=1 AND has_adminlist=1 )  [ RunTime:0.000000s ]
NOTIC: [2] file_put_contents() expects parameter 3 to be long, string given F:\Program Files\wamp\www\SunnyCMS\APP\Common\common.php 第 172 行.
NOTIC: [2] file_put_contents() expects parameter 3 to be long, string given F:\Program Files\wamp\www\SunnyCMS\APP\Common\common.php 第 172 行.
NOTIC: [2] file_put_contents() expects parameter 3 to be long, string given F:\Program Files\wamp\www\SunnyCMS\APP\Common\common.php 第 172 行.

[ 2013-12-29T10:36:11+08:00 ] 127.0.0.1 /SunnyCMS/index.php/Plugin/build.html
INFO: [ app_begin ] --START--
INFO: ReadHtmlCache Behavior ::run [ RunTime:0.002000s ]
INFO: [ app_begin ] --END-- [ RunTime:0.002000s ]
SQL: SHOW COLUMNS FROM `think_plugin` [ RunTime:0.007001s ]
SQL: SELECT `title`,`name` FROM `think_plugin` WHERE ( status=1 AND has_adminlist=1 )  [ RunTime:0.001000s ]
NOTIC: [2] file_put_contents() expects parameter 3 to be long, string given F:\Program Files\wamp\www\SunnyCMS\APP\Common\common.php 第 172 行.
NOTIC: [2] file_put_contents() expects parameter 3 to be long, string given F:\Program Files\wamp\www\SunnyCMS\APP\Common\common.php 第 172 行.
NOTIC: [2] file_put_contents() expects parameter 3 to be long, string given F:\Program Files\wamp\www\SunnyCMS\APP\Common\common.php 第 172 行.

[ 2013-12-29T10:36:15+08:00 ] 127.0.0.1 /SunnyCMS/index.php/Plugin/build.html
INFO: [ app_begin ] --START--
INFO: ReadHtmlCache Behavior ::run [ RunTime:0.001000s ]
INFO: [ app_begin ] --END-- [ RunTime:0.001000s ]
SQL: SHOW COLUMNS FROM `think_plugin` [ RunTime:0.007000s ]
SQL: SELECT `title`,`name` FROM `think_plugin` WHERE ( status=1 AND has_adminlist=1 )  [ RunTime:0.002001s ]
NOTIC: [2] file_put_contents() expects parameter 3 to be long, string given F:\Program Files\wamp\www\SunnyCMS\APP\Common\common.php 第 172 行.
NOTIC: [2] file_put_contents() expects parameter 3 to be long, string given F:\Program Files\wamp\www\SunnyCMS\APP\Common\common.php 第 172 行.
NOTIC: [2] file_put_contents() expects parameter 3 to be long, string given F:\Program Files\wamp\www\SunnyCMS\APP\Common\common.php 第 172 行.

[ 2013-12-29T10:54:02+08:00 ] 127.0.0.1 /SunnyCMS/index.php/Plugin/build.html
INFO: [ app_begin ] --START--
INFO: ReadHtmlCache Behavior ::run [ RunTime:0.001000s ]
INFO: [ app_begin ] --END-- [ RunTime:0.001000s ]
SQL: SHOW COLUMNS FROM `think_plugin` [ RunTime:0.007000s ]
SQL: SELECT `title`,`name` FROM `think_plugin` WHERE ( status=1 AND has_adminlist=1 )  [ RunTime:0.000000s ]
NOTIC: [2] file_put_contents() expects parameter 3 to be long, string given F:\Program Files\wamp\www\SunnyCMS\APP\Common\common.php 第 172 行.
NOTIC: [2] file_put_contents() expects parameter 3 to be long, string given F:\Program Files\wamp\www\SunnyCMS\APP\Common\common.php 第 172 行.
NOTIC: [2] file_put_contents() expects parameter 3 to be long, string given F:\Program Files\wamp\www\SunnyCMS\APP\Common\common.php 第 172 行.

[ 2013-12-29T10:56:20+08:00 ] 127.0.0.1 /SunnyCMS/index.php/Plugin/build.html
INFO: [ app_begin ] --START--
INFO: ReadHtmlCache Behavior ::run [ RunTime:0.001000s ]
INFO: [ app_begin ] --END-- [ RunTime:0.002000s ]
SQL: SHOW COLUMNS FROM `think_plugin` [ RunTime:0.009000s ]
SQL: SELECT `title`,`name` FROM `think_plugin` WHERE ( status=1 AND has_adminlist=1 )  [ RunTime:0.000000s ]
NOTIC: [2] file_put_contents() expects parameter 3 to be long, string given F:\Program Files\wamp\www\SunnyCMS\APP\Common\common.php 第 172 行.
NOTIC: [2] file_put_contents() expects parameter 3 to be long, string given F:\Program Files\wamp\www\SunnyCMS\APP\Common\common.php 第 172 行.
NOTIC: [2] file_put_contents() expects parameter 3 to be long, string given F:\Program Files\wamp\www\SunnyCMS\APP\Common\common.php 第 172 行.

[ 2013-12-29T10:58:56+08:00 ] 127.0.0.1 /SunnyCMS/index.php/Plugin/build.html
INFO: [ app_begin ] --START--
INFO: ReadHtmlCache Behavior ::run [ RunTime:0.001000s ]
INFO: [ app_begin ] --END-- [ RunTime:0.001000s ]
SQL: SHOW COLUMNS FROM `think_plugin` [ RunTime:0.026002s ]
SQL: SELECT `title`,`name` FROM `think_plugin` WHERE ( status=1 AND has_adminlist=1 )  [ RunTime:0.001000s ]
NOTIC: [2] file_put_contents() expects parameter 3 to be long, string given F:\Program Files\wamp\www\SunnyCMS\APP\Common\common.php 第 172 行.
NOTIC: [2] file_put_contents() expects parameter 3 to be long, string given F:\Program Files\wamp\www\SunnyCMS\APP\Common\common.php 第 172 行.
NOTIC: [2] file_put_contents() expects parameter 3 to be long, string given F:\Program Files\wamp\www\SunnyCMS\APP\Common\common.php 第 172 行.

[ 2013-12-29T11:02:03+08:00 ] 127.0.0.1 /SunnyCMS/index.php/Plugin/build.html
INFO: [ app_begin ] --START--
INFO: ReadHtmlCache Behavior ::run [ RunTime:0.002000s ]
INFO: [ app_begin ] --END-- [ RunTime:0.002000s ]
SQL: SHOW COLUMNS FROM `think_plugin` [ RunTime:0.007000s ]
SQL: SELECT `title`,`name` FROM `think_plugin` WHERE ( status=1 AND has_adminlist=1 )  [ RunTime:0.000000s ]
NOTIC: [2] file_put_contents() expects parameter 3 to be long, string given F:\Program Files\wamp\www\SunnyCMS\APP\Common\common.php 第 172 行.
NOTIC: [2] file_put_contents() expects parameter 3 to be long, string given F:\Program Files\wamp\www\SunnyCMS\APP\Common\common.php 第 172 行.
NOTIC: [2] file_put_contents() expects parameter 3 to be long, string given F:\Program Files\wamp\www\SunnyCMS\APP\Common\common.php 第 172 行.

[ 2013-12-29T11:03:50+08:00 ] 127.0.0.1 /SunnyCMS/index.php/Plugin/build.html
INFO: [ app_begin ] --START--
INFO: ReadHtmlCache Behavior ::run [ RunTime:0.001001s ]
INFO: [ app_begin ] --END-- [ RunTime:0.002001s ]
SQL: SHOW COLUMNS FROM `think_plugin` [ RunTime:0.006000s ]
SQL: SELECT `title`,`name` FROM `think_plugin` WHERE ( status=1 AND has_adminlist=1 )  [ RunTime:0.000000s ]
NOTIC: [2] file_put_contents() expects parameter 3 to be long, string given F:\Program Files\wamp\www\SunnyCMS\APP\Common\common.php 第 172 行.
NOTIC: [2] file_put_contents() expects parameter 3 to be long, string given F:\Program Files\wamp\www\SunnyCMS\APP\Common\common.php 第 172 行.
NOTIC: [2] file_put_contents() expects parameter 3 to be long, string given F:\Program Files\wamp\www\SunnyCMS\APP\Common\common.php 第 172 行.

[ 2013-12-29T11:04:31+08:00 ] 127.0.0.1 /SunnyCMS/index.php/Plugin/build.html
INFO: [ app_begin ] --START--
INFO: ReadHtmlCache Behavior ::run [ RunTime:0.001000s ]
INFO: [ app_begin ] --END-- [ RunTime:0.002000s ]
SQL: SHOW COLUMNS FROM `think_plugin` [ RunTime:0.006000s ]
SQL: SELECT `title`,`name` FROM `think_plugin` WHERE ( status=1 AND has_adminlist=1 )  [ RunTime:0.001000s ]
NOTIC: [2] file_put_contents() expects parameter 3 to be long, string given F:\Program Files\wamp\www\SunnyCMS\APP\Common\common.php 第 172 行.
NOTIC: [2] file_put_contents() expects parameter 3 to be long, string given F:\Program Files\wamp\www\SunnyCMS\APP\Common\common.php 第 172 行.
NOTIC: [2] file_put_contents() expects parameter 3 to be long, string given F:\Program Files\wamp\www\SunnyCMS\APP\Common\common.php 第 172 行.

[ 2013-12-29T11:05:49+08:00 ] 127.0.0.1 /SunnyCMS/index.php/Plugin/build.html
INFO: [ app_begin ] --START--
INFO: ReadHtmlCache Behavior ::run [ RunTime:0.003000s ]
INFO: [ app_begin ] --END-- [ RunTime:0.003000s ]
SQL: SHOW COLUMNS FROM `think_plugin` [ RunTime:0.007000s ]
SQL: SELECT `title`,`name` FROM `think_plugin` WHERE ( status=1 AND has_adminlist=1 )  [ RunTime:0.001001s ]
NOTIC: [2] file_put_contents() expects parameter 3 to be long, string given F:\Program Files\wamp\www\SunnyCMS\APP\Common\common.php 第 172 行.
NOTIC: [2] file_put_contents() expects parameter 3 to be long, string given F:\Program Files\wamp\www\SunnyCMS\APP\Common\common.php 第 172 行.
NOTIC: [2] file_put_contents() expects parameter 3 to be long, string given F:\Program Files\wamp\www\SunnyCMS\APP\Common\common.php 第 172 行.

[ 2013-12-29T11:06:34+08:00 ] 127.0.0.1 /SunnyCMS/index.php/Plugin/build.html
INFO: [ app_begin ] --START--
INFO: ReadHtmlCache Behavior ::run [ RunTime:0.001000s ]
INFO: [ app_begin ] --END-- [ RunTime:0.002000s ]
SQL: SHOW COLUMNS FROM `think_plugin` [ RunTime:0.007001s ]
SQL: SELECT `title`,`name` FROM `think_plugin` WHERE ( status=1 AND has_adminlist=1 )  [ RunTime:0.000000s ]
NOTIC: [2] file_put_contents() expects parameter 3 to be long, string given F:\Program Files\wamp\www\SunnyCMS\APP\Common\common.php 第 172 行.
NOTIC: [2] file_put_contents() expects parameter 3 to be long, string given F:\Program Files\wamp\www\SunnyCMS\APP\Common\common.php 第 172 行.
NOTIC: [2] file_put_contents() expects parameter 3 to be long, string given F:\Program Files\wamp\www\SunnyCMS\APP\Common\common.php 第 172 行.

[ 2013-12-29T11:08:06+08:00 ] 127.0.0.1 /SunnyCMS/index.php/Plugin/build.html
INFO: [ app_begin ] --START--
INFO: ReadHtmlCache Behavior ::run [ RunTime:0.002000s ]
INFO: [ app_begin ] --END-- [ RunTime:0.002000s ]
SQL: SHOW COLUMNS FROM `think_plugin` [ RunTime:0.009001s ]
SQL: SELECT `title`,`name` FROM `think_plugin` WHERE ( status=1 AND has_adminlist=1 )  [ RunTime:0.001000s ]
NOTIC: [2] file_put_contents() expects parameter 3 to be long, string given F:\Program Files\wamp\www\SunnyCMS\APP\Common\common.php 第 172 行.
NOTIC: [2] file_put_contents() expects parameter 3 to be long, string given F:\Program Files\wamp\www\SunnyCMS\APP\Common\common.php 第 172 行.
NOTIC: [2] file_put_contents() expects parameter 3 to be long, string given F:\Program Files\wamp\www\SunnyCMS\APP\Common\common.php 第 172 行.

[ 2013-12-29T11:08:23+08:00 ] 127.0.0.1 /SunnyCMS/index.php/Plugin/build.html
INFO: [ app_begin ] --START--
INFO: ReadHtmlCache Behavior ::run [ RunTime:0.001000s ]
INFO: [ app_begin ] --END-- [ RunTime:0.001000s ]
SQL: SHOW COLUMNS FROM `think_plugin` [ RunTime:0.007000s ]
SQL: SELECT `title`,`name` FROM `think_plugin` WHERE ( status=1 AND has_adminlist=1 )  [ RunTime:0.001000s ]
NOTIC: [2] file_put_contents() expects parameter 3 to be long, string given F:\Program Files\wamp\www\SunnyCMS\APP\Common\common.php 第 172 行.
NOTIC: [2] file_put_contents() expects parameter 3 to be long, string given F:\Program Files\wamp\www\SunnyCMS\APP\Common\common.php 第 172 行.
NOTIC: [2] file_put_contents() expects parameter 3 to be long, string given F:\Program Files\wamp\www\SunnyCMS\APP\Common\common.php 第 172 行.

[ 2013-12-29T11:08:45+08:00 ] 127.0.0.1 /SunnyCMS/index.php/Plugin/build.html
INFO: [ app_begin ] --START--
INFO: ReadHtmlCache Behavior ::run [ RunTime:0.003000s ]
INFO: [ app_begin ] --END-- [ RunTime:0.003000s ]
SQL: SHOW COLUMNS FROM `think_plugin` [ RunTime:0.006000s ]
SQL: SELECT `title`,`name` FROM `think_plugin` WHERE ( status=1 AND has_adminlist=1 )  [ RunTime:0.001001s ]
NOTIC: [2] file_put_contents() expects parameter 3 to be long, string given F:\Program Files\wamp\www\SunnyCMS\APP\Common\common.php 第 172 行.
NOTIC: [2] file_put_contents() expects parameter 3 to be long, string given F:\Program Files\wamp\www\SunnyCMS\APP\Common\common.php 第 172 行.
NOTIC: [2] file_put_contents() expects parameter 3 to be long, string given F:\Program Files\wamp\www\SunnyCMS\APP\Common\common.php 第 172 行.

[ 2013-12-29T11:09:15+08:00 ] 127.0.0.1 /SunnyCMS/index.php/Plugin/build.html
INFO: [ app_begin ] --START--
INFO: ReadHtmlCache Behavior ::run [ RunTime:0.001000s ]
INFO: [ app_begin ] --END-- [ RunTime:0.002000s ]
SQL: SHOW COLUMNS FROM `think_plugin` [ RunTime:0.008001s ]
SQL: SELECT `title`,`name` FROM `think_plugin` WHERE ( status=1 AND has_adminlist=1 )  [ RunTime:0.001000s ]
NOTIC: [2] file_put_contents() expects parameter 3 to be long, string given F:\Program Files\wamp\www\SunnyCMS\APP\Common\common.php 第 172 行.
NOTIC: [2] file_put_contents() expects parameter 3 to be long, string given F:\Program Files\wamp\www\SunnyCMS\APP\Common\common.php 第 172 行.
NOTIC: [2] file_put_contents() expects parameter 3 to be long, string given F:\Program Files\wamp\www\SunnyCMS\APP\Common\common.php 第 172 行.

[ 2013-12-29T11:13:49+08:00 ] 127.0.0.1 /SunnyCMS/index.php/Plugin/build.html
INFO: [ app_begin ] --START--
INFO: ReadHtmlCache Behavior ::run [ RunTime:0.001000s ]
INFO: [ app_begin ] --END-- [ RunTime:0.002000s ]
SQL: SHOW COLUMNS FROM `think_plugin` [ RunTime:0.042002s ]
SQL: SELECT `title`,`name` FROM `think_plugin` WHERE ( status=1 AND has_adminlist=1 )  [ RunTime:0.000000s ]
NOTIC: [2] file_put_contents() expects parameter 3 to be long, string given F:\Program Files\wamp\www\SunnyCMS\APP\Common\common.php 第 172 行.
NOTIC: [2] file_put_contents() expects parameter 3 to be long, string given F:\Program Files\wamp\www\SunnyCMS\APP\Common\common.php 第 172 行.
NOTIC: [2] file_put_contents() expects parameter 3 to be long, string given F:\Program Files\wamp\www\SunnyCMS\APP\Common\common.php 第 172 行.

[ 2013-12-29T11:13:52+08:00 ] 127.0.0.1 /SunnyCMS/index.php/Plugin/build.html
INFO: [ app_begin ] --START--
INFO: ReadHtmlCache Behavior ::run [ RunTime:0.002000s ]
INFO: [ app_begin ] --END-- [ RunTime:0.002000s ]
SQL: SHOW COLUMNS FROM `think_plugin` [ RunTime:0.007001s ]
SQL: SELECT `title`,`name` FROM `think_plugin` WHERE ( status=1 AND has_adminlist=1 )  [ RunTime:0.001000s ]
NOTIC: [2] file_put_contents() expects parameter 3 to be long, string given F:\Program Files\wamp\www\SunnyCMS\APP\Common\common.php 第 172 行.
NOTIC: [2] file_put_contents() expects parameter 3 to be long, string given F:\Program Files\wamp\www\SunnyCMS\APP\Common\common.php 第 172 行.
NOTIC: [2] file_put_contents() expects parameter 3 to be long, string given F:\Program Files\wamp\www\SunnyCMS\APP\Common\common.php 第 172 行.

[ 2013-12-29T11:14:01+08:00 ] 127.0.0.1 /SunnyCMS/index.php/Plugin/build.html
INFO: [ app_begin ] --START--
INFO: ReadHtmlCache Behavior ::run [ RunTime:0.001000s ]
INFO: [ app_begin ] --END-- [ RunTime:0.001000s ]
SQL: SHOW COLUMNS FROM `think_plugin` [ RunTime:0.007000s ]
SQL: SELECT `title`,`name` FROM `think_plugin` WHERE ( status=1 AND has_adminlist=1 )  [ RunTime:0.001000s ]
NOTIC: [2] file_put_contents() expects parameter 3 to be long, string given F:\Program Files\wamp\www\SunnyCMS\APP\Common\common.php 第 172 行.
NOTIC: [2] file_put_contents() expects parameter 3 to be long, string given F:\Program Files\wamp\www\SunnyCMS\APP\Common\common.php 第 172 行.
NOTIC: [2] file_put_contents() expects parameter 3 to be long, string given F:\Program Files\wamp\www\SunnyCMS\APP\Common\common.php 第 172 行.

[ 2013-12-29T11:16:11+08:00 ] 127.0.0.1 /SunnyCMS/index.php/Plugin/build.html
INFO: [ app_begin ] --START--
INFO: ReadHtmlCache Behavior ::run [ RunTime:0.001000s ]
INFO: [ app_begin ] --END-- [ RunTime:0.002000s ]
SQL: SHOW COLUMNS FROM `think_plugin` [ RunTime:0.009000s ]
SQL: SELECT `title`,`name` FROM `think_plugin` WHERE ( status=1 AND has_adminlist=1 )  [ RunTime:0.001001s ]
NOTIC: [2] file_put_contents() expects parameter 3 to be long, string given F:\Program Files\wamp\www\SunnyCMS\APP\Common\common.php 第 172 行.
NOTIC: [2] file_put_contents() expects parameter 3 to be long, string given F:\Program Files\wamp\www\SunnyCMS\APP\Common\common.php 第 172 行.
NOTIC: [2] file_put_contents() expects parameter 3 to be long, string given F:\Program Files\wamp\www\SunnyCMS\APP\Common\common.php 第 172 行.

[ 2013-12-29T11:19:53+08:00 ] 127.0.0.1 /SunnyCMS/index.php/Plugin/build.html
INFO: [ app_begin ] --START--
INFO: ReadHtmlCache Behavior ::run [ RunTime:0.001000s ]
INFO: [ app_begin ] --END-- [ RunTime:0.001000s ]
SQL: SHOW COLUMNS FROM `think_plugin` [ RunTime:0.031002s ]
SQL: SELECT `title`,`name` FROM `think_plugin` WHERE ( status=1 AND has_adminlist=1 )  [ RunTime:0.001000s ]
NOTIC: [2] file_put_contents() expects parameter 3 to be long, string given F:\Program Files\wamp\www\SunnyCMS\APP\Common\common.php 第 172 行.
NOTIC: [2] file_put_contents() expects parameter 3 to be long, string given F:\Program Files\wamp\www\SunnyCMS\APP\Common\common.php 第 172 行.
NOTIC: [2] file_put_contents() expects parameter 3 to be long, string given F:\Program Files\wamp\www\SunnyCMS\APP\Common\common.php 第 172 行.

[ 2013-12-29T11:19:58+08:00 ] 127.0.0.1 /SunnyCMS/index.php/Plugin/build.html
INFO: [ app_begin ] --START--
INFO: ReadHtmlCache Behavior ::run [ RunTime:0.003000s ]
INFO: [ app_begin ] --END-- [ RunTime:0.003000s ]
SQL: SHOW COLUMNS FROM `think_plugin` [ RunTime:0.007000s ]
SQL: SELECT `title`,`name` FROM `think_plugin` WHERE ( status=1 AND has_adminlist=1 )  [ RunTime:0.058003s ]
NOTIC: [2] file_put_contents() expects parameter 3 to be long, string given F:\Program Files\wamp\www\SunnyCMS\APP\Common\common.php 第 172 行.
NOTIC: [2] file_put_contents() expects parameter 3 to be long, string given F:\Program Files\wamp\www\SunnyCMS\APP\Common\common.php 第 172 行.
NOTIC: [2] file_put_contents() expects parameter 3 to be long, string given F:\Program Files\wamp\www\SunnyCMS\APP\Common\common.php 第 172 行.

[ 2013-12-29T11:22:36+08:00 ] 127.0.0.1 /SunnyCMS/index.php/Plugin/build.html
INFO: [ app_begin ] --START--
INFO: ReadHtmlCache Behavior ::run [ RunTime:0.001000s ]
INFO: [ app_begin ] --END-- [ RunTime:0.001000s ]
SQL: SHOW COLUMNS FROM `think_plugin` [ RunTime:0.007000s ]
SQL: SELECT `title`,`name` FROM `think_plugin` WHERE ( status=1 AND has_adminlist=1 )  [ RunTime:0.001000s ]
NOTIC: [2] file_put_contents() expects parameter 3 to be long, string given F:\Program Files\wamp\www\SunnyCMS\APP\Common\common.php 第 172 行.
NOTIC: [2] file_put_contents() expects parameter 3 to be long, string given F:\Program Files\wamp\www\SunnyCMS\APP\Common\common.php 第 172 行.
NOTIC: [2] file_put_contents() expects parameter 3 to be long, string given F:\Program Files\wamp\www\SunnyCMS\APP\Common\common.php 第 172 行.

[ 2013-12-29T11:22:41+08:00 ] 127.0.0.1 /SunnyCMS/index.php/Plugin/build.html
INFO: [ app_begin ] --START--
INFO: ReadHtmlCache Behavior ::run [ RunTime:0.002000s ]
INFO: [ app_begin ] --END-- [ RunTime:0.002000s ]
SQL: SHOW COLUMNS FROM `think_plugin` [ RunTime:0.007000s ]
SQL: SELECT `title`,`name` FROM `think_plugin` WHERE ( status=1 AND has_adminlist=1 )  [ RunTime:0.000000s ]
NOTIC: [2] file_put_contents() expects parameter 3 to be long, string given F:\Program Files\wamp\www\SunnyCMS\APP\Common\common.php 第 172 行.
NOTIC: [2] file_put_contents() expects parameter 3 to be long, string given F:\Program Files\wamp\www\SunnyCMS\APP\Common\common.php 第 172 行.
NOTIC: [2] file_put_contents() expects parameter 3 to be long, string given F:\Program Files\wamp\www\SunnyCMS\APP\Common\common.php 第 172 行.

[ 2013-12-29T11:29:42+08:00 ] 127.0.0.1 /SunnyCMS/index.php/Plugin/build.html
INFO: [ app_begin ] --START--
INFO: ReadHtmlCache Behavior ::run [ RunTime:0.001000s ]
INFO: [ app_begin ] --END-- [ RunTime:0.001000s ]
SQL: SHOW COLUMNS FROM `think_plugin` [ RunTime:0.006000s ]
SQL: SELECT `title`,`name` FROM `think_plugin` WHERE ( status=1 AND has_adminlist=1 )  [ RunTime:0.000000s ]
NOTIC: [2] file_put_contents() expects parameter 3 to be long, string given F:\Program Files\wamp\www\SunnyCMS\APP\Common\common.php 第 172 行.
NOTIC: [2] file_put_contents() expects parameter 3 to be long, string given F:\Program Files\wamp\www\SunnyCMS\APP\Common\common.php 第 172 行.
NOTIC: [2] file_put_contents() expects parameter 3 to be long, string given F:\Program Files\wamp\www\SunnyCMS\APP\Common\common.php 第 172 行.

[ 2013-12-29T11:30:06+08:00 ] 127.0.0.1 /SunnyCMS/index.php/Plugin/build.html
INFO: [ app_begin ] --START--
INFO: ReadHtmlCache Behavior ::run [ RunTime:0.001000s ]
INFO: [ app_begin ] --END-- [ RunTime:0.001000s ]
SQL: SHOW COLUMNS FROM `think_plugin` [ RunTime:0.006000s ]
SQL: SELECT `title`,`name` FROM `think_plugin` WHERE ( status=1 AND has_adminlist=1 )  [ RunTime:0.000000s ]
NOTIC: [2] file_put_contents() expects parameter 3 to be long, string given F:\Program Files\wamp\www\SunnyCMS\APP\Common\common.php 第 172 行.
NOTIC: [2] file_put_contents() expects parameter 3 to be long, string given F:\Program Files\wamp\www\SunnyCMS\APP\Common\common.php 第 172 行.
NOTIC: [2] file_put_contents() expects parameter 3 to be long, string given F:\Program Files\wamp\www\SunnyCMS\APP\Common\common.php 第 172 行.

[ 2013-12-29T11:30:16+08:00 ] 127.0.0.1 /SunnyCMS/index.php/Plugin/build.html
INFO: [ app_begin ] --START--
INFO: ReadHtmlCache Behavior ::run [ RunTime:0.001000s ]
INFO: [ app_begin ] --END-- [ RunTime:0.002000s ]
SQL: SHOW COLUMNS FROM `think_plugin` [ RunTime:0.006000s ]
SQL: SELECT `title`,`name` FROM `think_plugin` WHERE ( status=1 AND has_adminlist=1 )  [ RunTime:0.001000s ]
NOTIC: [2] file_put_contents() expects parameter 3 to be long, string given F:\Program Files\wamp\www\SunnyCMS\APP\Common\common.php 第 172 行.
NOTIC: [2] file_put_contents() expects parameter 3 to be long, string given F:\Program Files\wamp\www\SunnyCMS\APP\Common\common.php 第 172 行.
NOTIC: [2] file_put_contents() expects parameter 3 to be long, string given F:\Program Files\wamp\www\SunnyCMS\APP\Common\common.php 第 172 行.

[ 2013-12-29T11:30:35+08:00 ] 127.0.0.1 /SunnyCMS/index.php/Plugin/build.html
INFO: [ app_begin ] --START--
INFO: ReadHtmlCache Behavior ::run [ RunTime:0.001000s ]
INFO: [ app_begin ] --END-- [ RunTime:0.001000s ]
SQL: SHOW COLUMNS FROM `think_plugin` [ RunTime:0.006000s ]
SQL: SELECT `title`,`name` FROM `think_plugin` WHERE ( status=1 AND has_adminlist=1 )  [ RunTime:0.000000s ]
NOTIC: [2] file_put_contents() expects parameter 3 to be long, string given F:\Program Files\wamp\www\SunnyCMS\APP\Common\common.php 第 172 行.
NOTIC: [2] file_put_contents() expects parameter 3 to be long, string given F:\Program Files\wamp\www\SunnyCMS\APP\Common\common.php 第 172 行.
NOTIC: [2] file_put_contents() expects parameter 3 to be long, string given F:\Program Files\wamp\www\SunnyCMS\APP\Common\common.php 第 172 行.

[ 2013-12-29T11:30:46+08:00 ] 127.0.0.1 /SunnyCMS/index.php/Plugin/build.html
INFO: [ app_begin ] --START--
INFO: ReadHtmlCache Behavior ::run [ RunTime:0.001000s ]
INFO: [ app_begin ] --END-- [ RunTime:0.001000s ]
SQL: SHOW COLUMNS FROM `think_plugin` [ RunTime:0.006000s ]
SQL: SELECT `title`,`name` FROM `think_plugin` WHERE ( status=1 AND has_adminlist=1 )  [ RunTime:0.001000s ]
NOTIC: [2] file_put_contents() expects parameter 3 to be long, string given F:\Program Files\wamp\www\SunnyCMS\APP\Common\common.php 第 172 行.
NOTIC: [2] file_put_contents() expects parameter 3 to be long, string given F:\Program Files\wamp\www\SunnyCMS\APP\Common\common.php 第 172 行.
NOTIC: [2] file_put_contents() expects parameter 3 to be long, string given F:\Program Files\wamp\www\SunnyCMS\APP\Common\common.php 第 172 行.

[ 2013-12-29T11:31:51+08:00 ] 127.0.0.1 /SunnyCMS/index.php/Plugin/build.html
INFO: [ app_begin ] --START--
INFO: ReadHtmlCache Behavior ::run [ RunTime:0.002000s ]
INFO: [ app_begin ] --END-- [ RunTime:0.002000s ]
SQL: SHOW COLUMNS FROM `think_plugin` [ RunTime:0.006000s ]
SQL: SELECT `title`,`name` FROM `think_plugin` WHERE ( status=1 AND has_adminlist=1 )  [ RunTime:0.001000s ]
NOTIC: [2] file_put_contents() expects parameter 3 to be long, string given F:\Program Files\wamp\www\SunnyCMS\APP\Common\common.php 第 172 行.
NOTIC: [2] file_put_contents() expects parameter 3 to be long, string given F:\Program Files\wamp\www\SunnyCMS\APP\Common\common.php 第 172 行.
NOTIC: [2] file_put_contents() expects parameter 3 to be long, string given F:\Program Files\wamp\www\SunnyCMS\APP\Common\common.php 第 172 行.

[ 2013-12-29T11:32:29+08:00 ] 127.0.0.1 /SunnyCMS/index.php/Plugin/build.html
INFO: [ app_begin ] --START--
INFO: ReadHtmlCache Behavior ::run [ RunTime:0.001000s ]
INFO: [ app_begin ] --END-- [ RunTime:0.002000s ]
SQL: SHOW COLUMNS FROM `think_plugin` [ RunTime:0.006000s ]
SQL: SELECT `title`,`name` FROM `think_plugin` WHERE ( status=1 AND has_adminlist=1 )  [ RunTime:0.001000s ]
NOTIC: [2] file_put_contents() expects parameter 3 to be long, string given F:\Program Files\wamp\www\SunnyCMS\APP\Common\common.php 第 172 行.
NOTIC: [2] file_put_contents() expects parameter 3 to be long, string given F:\Program Files\wamp\www\SunnyCMS\APP\Common\common.php 第 172 行.
NOTIC: [2] file_put_contents() expects parameter 3 to be long, string given F:\Program Files\wamp\www\SunnyCMS\APP\Common\common.php 第 172 行.

[ 2013-12-29T11:32:53+08:00 ] 127.0.0.1 /SunnyCMS/index.php/Plugin/build.html
INFO: [ app_begin ] --START--
INFO: ReadHtmlCache Behavior ::run [ RunTime:0.001000s ]
INFO: [ app_begin ] --END-- [ RunTime:0.001000s ]
SQL: SHOW COLUMNS FROM `think_plugin` [ RunTime:0.006000s ]
SQL: SELECT `title`,`name` FROM `think_plugin` WHERE ( status=1 AND has_adminlist=1 )  [ RunTime:0.000000s ]
NOTIC: [2] file_put_contents() expects parameter 3 to be long, string given F:\Program Files\wamp\www\SunnyCMS\APP\Common\common.php 第 172 行.
NOTIC: [2] file_put_contents() expects parameter 3 to be long, string given F:\Program Files\wamp\www\SunnyCMS\APP\Common\common.php 第 172 行.
NOTIC: [2] file_put_contents() expects parameter 3 to be long, string given F:\Program Files\wamp\www\SunnyCMS\APP\Common\common.php 第 172 行.

[ 2013-12-29T11:34:45+08:00 ] 127.0.0.1 /SunnyCMS/index.php/Plugin/build.html
INFO: [ app_begin ] --START--
INFO: ReadHtmlCache Behavior ::run [ RunTime:0.004001s ]
INFO: [ app_begin ] --END-- [ RunTime:0.004001s ]
SQL: SHOW COLUMNS FROM `think_plugin` [ RunTime:0.007001s ]
SQL: SELECT `title`,`name` FROM `think_plugin` WHERE ( status=1 AND has_adminlist=1 )  [ RunTime:0.001000s ]
NOTIC: [2] file_put_contents() expects parameter 3 to be long, string given F:\Program Files\wamp\www\SunnyCMS\APP\Common\common.php 第 172 行.
NOTIC: [2] file_put_contents() expects parameter 3 to be long, string given F:\Program Files\wamp\www\SunnyCMS\APP\Common\common.php 第 172 行.
NOTIC: [2] file_put_contents() expects parameter 3 to be long, string given F:\Program Files\wamp\www\SunnyCMS\APP\Common\common.php 第 172 行.

[ 2013-12-29T11:41:51+08:00 ] 127.0.0.1 /SunnyCMS/index.php/Plugin/build.html
INFO: [ app_begin ] --START--
INFO: ReadHtmlCache Behavior ::run [ RunTime:0.001000s ]
INFO: [ app_begin ] --END-- [ RunTime:0.001000s ]
SQL: SHOW COLUMNS FROM `think_plugin` [ RunTime:0.007001s ]
SQL: SELECT `title`,`name` FROM `think_plugin` WHERE ( status=1 AND has_adminlist=1 )  [ RunTime:0.000000s ]
NOTIC: [2] file_put_contents() expects parameter 3 to be long, string given F:\Program Files\wamp\www\SunnyCMS\APP\Common\common.php 第 172 行.
NOTIC: [2] file_put_contents() expects parameter 3 to be long, string given F:\Program Files\wamp\www\SunnyCMS\APP\Common\common.php 第 172 行.
NOTIC: [2] file_put_contents() expects parameter 3 to be long, string given F:\Program Files\wamp\www\SunnyCMS\APP\Common\common.php 第 172 行.

[ 2013-12-29T11:42:02+08:00 ] 127.0.0.1 /SunnyCMS/index.php/Plugin/build.html
INFO: [ app_begin ] --START--
INFO: ReadHtmlCache Behavior ::run [ RunTime:0.001000s ]
INFO: [ app_begin ] --END-- [ RunTime:0.002000s ]
SQL: SHOW COLUMNS FROM `think_plugin` [ RunTime:0.007001s ]
SQL: SELECT `title`,`name` FROM `think_plugin` WHERE ( status=1 AND has_adminlist=1 )  [ RunTime:0.001000s ]
NOTIC: [2] file_put_contents() expects parameter 3 to be long, string given F:\Program Files\wamp\www\SunnyCMS\APP\Common\common.php 第 172 行.
NOTIC: [2] file_put_contents() expects parameter 3 to be long, string given F:\Program Files\wamp\www\SunnyCMS\APP\Common\common.php 第 172 行.
NOTIC: [2] file_put_contents() expects parameter 3 to be long, string given F:\Program Files\wamp\www\SunnyCMS\APP\Common\common.php 第 172 行.

[ 2013-12-29T11:42:21+08:00 ] 127.0.0.1 /SunnyCMS/index.php/Plugin/build.html
INFO: [ app_begin ] --START--
INFO: ReadHtmlCache Behavior ::run [ RunTime:0.001000s ]
INFO: [ app_begin ] --END-- [ RunTime:0.001000s ]
SQL: SHOW COLUMNS FROM `think_plugin` [ RunTime:0.006001s ]
SQL: SELECT `title`,`name` FROM `think_plugin` WHERE ( status=1 AND has_adminlist=1 )  [ RunTime:0.001000s ]
NOTIC: [2] file_put_contents() expects parameter 3 to be long, string given F:\Program Files\wamp\www\SunnyCMS\APP\Common\common.php 第 172 行.
NOTIC: [2] file_put_contents() expects parameter 3 to be long, string given F:\Program Files\wamp\www\SunnyCMS\APP\Common\common.php 第 172 行.
NOTIC: [2] file_put_contents() expects parameter 3 to be long, string given F:\Program Files\wamp\www\SunnyCMS\APP\Common\common.php 第 172 行.

[ 2013-12-29T11:42:48+08:00 ] 127.0.0.1 /SunnyCMS/index.php/Plugin/build.html
INFO: [ app_begin ] --START--
INFO: ReadHtmlCache Behavior ::run [ RunTime:0.001000s ]
INFO: [ app_begin ] --END-- [ RunTime:0.001000s ]
SQL: SHOW COLUMNS FROM `think_plugin` [ RunTime:0.006000s ]
SQL: SELECT `title`,`name` FROM `think_plugin` WHERE ( status=1 AND has_adminlist=1 )  [ RunTime:0.000000s ]
NOTIC: [2] file_put_contents() expects parameter 3 to be long, string given F:\Program Files\wamp\www\SunnyCMS\APP\Common\common.php 第 172 行.
NOTIC: [2] file_put_contents() expects parameter 3 to be long, string given F:\Program Files\wamp\www\SunnyCMS\APP\Common\common.php 第 172 行.
NOTIC: [2] file_put_contents() expects parameter 3 to be long, string given F:\Program Files\wamp\www\SunnyCMS\APP\Common\common.php 第 172 行.

[ 2013-12-29T11:43:49+08:00 ] 127.0.0.1 /SunnyCMS/index.php/Plugin/build.html
INFO: [ app_begin ] --START--
INFO: ReadHtmlCache Behavior ::run [ RunTime:0.002000s ]
INFO: [ app_begin ] --END-- [ RunTime:0.002000s ]
SQL: SHOW COLUMNS FROM `think_plugin` [ RunTime:0.013001s ]
SQL: SELECT `title`,`name` FROM `think_plugin` WHERE ( status=1 AND has_adminlist=1 )  [ RunTime:0.000000s ]
NOTIC: [2] file_put_contents() expects parameter 3 to be long, string given F:\Program Files\wamp\www\SunnyCMS\APP\Common\common.php 第 172 行.
NOTIC: [2] file_put_contents() expects parameter 3 to be long, string given F:\Program Files\wamp\www\SunnyCMS\APP\Common\common.php 第 172 行.
NOTIC: [2] file_put_contents() expects parameter 3 to be long, string given F:\Program Files\wamp\www\SunnyCMS\APP\Common\common.php 第 172 行.

[ 2013-12-29T11:46:15+08:00 ] 127.0.0.1 /SunnyCMS/index.php/Plugin/build.html
INFO: [ app_begin ] --START--
INFO: ReadHtmlCache Behavior ::run [ RunTime:0.003000s ]
INFO: [ app_begin ] --END-- [ RunTime:0.003000s ]
SQL: SHOW COLUMNS FROM `think_plugin` [ RunTime:0.008000s ]
SQL: SELECT `title`,`name` FROM `think_plugin` WHERE ( status=1 AND has_adminlist=1 )  [ RunTime:0.001000s ]
NOTIC: [2] file_put_contents() expects parameter 3 to be long, string given F:\Program Files\wamp\www\SunnyCMS\APP\Common\common.php 第 172 行.
NOTIC: [2] file_put_contents() expects parameter 3 to be long, string given F:\Program Files\wamp\www\SunnyCMS\APP\Common\common.php 第 172 行.
NOTIC: [2] file_put_contents() expects parameter 3 to be long, string given F:\Program Files\wamp\www\SunnyCMS\APP\Common\common.php 第 172 行.

[ 2013-12-29T11:46:55+08:00 ] 127.0.0.1 /SunnyCMS/index.php/Plugin/build.html
INFO: [ app_begin ] --START--
INFO: ReadHtmlCache Behavior ::run [ RunTime:0.002000s ]
INFO: [ app_begin ] --END-- [ RunTime:0.002000s ]
SQL: SHOW COLUMNS FROM `think_plugin` [ RunTime:0.012000s ]
SQL: SELECT `title`,`name` FROM `think_plugin` WHERE ( status=1 AND has_adminlist=1 )  [ RunTime:0.000000s ]
NOTIC: [2] file_put_contents() expects parameter 3 to be long, string given F:\Program Files\wamp\www\SunnyCMS\APP\Common\common.php 第 172 行.
NOTIC: [2] file_put_contents() expects parameter 3 to be long, string given F:\Program Files\wamp\www\SunnyCMS\APP\Common\common.php 第 172 行.
NOTIC: [2] file_put_contents() expects parameter 3 to be long, string given F:\Program Files\wamp\www\SunnyCMS\APP\Common\common.php 第 172 行.

[ 2013-12-29T11:48:33+08:00 ] 127.0.0.1 /SunnyCMS/index.php/Plugin/build.html
INFO: [ app_begin ] --START--
INFO: ReadHtmlCache Behavior ::run [ RunTime:0.001000s ]
INFO: [ app_begin ] --END-- [ RunTime:0.002000s ]
SQL: SHOW COLUMNS FROM `think_plugin` [ RunTime:0.017001s ]
SQL: SELECT `title`,`name` FROM `think_plugin` WHERE ( status=1 AND has_adminlist=1 )  [ RunTime:0.002000s ]
NOTIC: [2] file_put_contents() expects parameter 3 to be long, string given F:\Program Files\wamp\www\SunnyCMS\APP\Common\common.php 第 172 行.
NOTIC: [2] file_put_contents() expects parameter 3 to be long, string given F:\Program Files\wamp\www\SunnyCMS\APP\Common\common.php 第 172 行.
NOTIC: [2] file_put_contents() expects parameter 3 to be long, string given F:\Program Files\wamp\www\SunnyCMS\APP\Common\common.php 第 172 行.

[ 2013-12-29T11:50:02+08:00 ] 127.0.0.1 /SunnyCMS/index.php/Plugin/build.html
INFO: [ app_begin ] --START--
INFO: ReadHtmlCache Behavior ::run [ RunTime:0.001000s ]
INFO: [ app_begin ] --END-- [ RunTime:0.001000s ]
SQL: SHOW COLUMNS FROM `think_plugin` [ RunTime:0.007000s ]
SQL: SELECT `title`,`name` FROM `think_plugin` WHERE ( status=1 AND has_adminlist=1 )  [ RunTime:0.000000s ]
NOTIC: [2] file_put_contents() expects parameter 3 to be long, string given F:\Program Files\wamp\www\SunnyCMS\APP\Common\common.php 第 172 行.
NOTIC: [2] file_put_contents() expects parameter 3 to be long, string given F:\Program Files\wamp\www\SunnyCMS\APP\Common\common.php 第 172 行.
NOTIC: [2] file_put_contents() expects parameter 3 to be long, string given F:\Program Files\wamp\www\SunnyCMS\APP\Common\common.php 第 172 行.

[ 2013-12-29T12:09:21+08:00 ] 127.0.0.1 /SunnyCMS/index.php/Plugin/build.html
INFO: [ app_begin ] --START--
INFO: ReadHtmlCache Behavior ::run [ RunTime:0.001001s ]
INFO: [ app_begin ] --END-- [ RunTime:0.001001s ]
SQL: SHOW COLUMNS FROM `think_plugin` [ RunTime:0.008001s ]
SQL: SELECT `title`,`name` FROM `think_plugin` WHERE ( status=1 AND has_adminlist=1 )  [ RunTime:0.001000s ]
NOTIC: [8] Constant PLUGIN_PATH already defined F:\Program Files\wamp\www\SunnyCMS\APP\Modules\Admin\Action\PluginAction.class.php 第 108 行.
NOTIC: [2] file_put_contents() expects parameter 3 to be long, string given F:\Program Files\wamp\www\SunnyCMS\APP\Common\common.php 第 172 行.

[ 2013-12-29T12:10:12+08:00 ] 127.0.0.1 /SunnyCMS/index.php/Plugin/build.html
INFO: [ app_begin ] --START--
INFO: ReadHtmlCache Behavior ::run [ RunTime:0.001000s ]
INFO: [ app_begin ] --END-- [ RunTime:0.001000s ]
SQL: SHOW COLUMNS FROM `think_plugin` [ RunTime:0.007001s ]
SQL: SELECT `title`,`name` FROM `think_plugin` WHERE ( status=1 AND has_adminlist=1 )  [ RunTime:0.000000s ]
NOTIC: [8] Constant PLUGIN_PATH already defined F:\Program Files\wamp\www\SunnyCMS\APP\Modules\Admin\Action\PluginAction.class.php 第 108 行.
NOTIC: [2] file_put_contents() expects parameter 3 to be long, string given F:\Program Files\wamp\www\SunnyCMS\APP\Common\common.php 第 172 行.

[ 2013-12-29T12:11:13+08:00 ] 127.0.0.1 /SunnyCMS/index.php/Plugin/build.html
INFO: [ app_begin ] --START--
INFO: ReadHtmlCache Behavior ::run [ RunTime:0.001000s ]
INFO: [ app_begin ] --END-- [ RunTime:0.001000s ]
SQL: SHOW COLUMNS FROM `think_plugin` [ RunTime:0.007000s ]
SQL: SELECT `title`,`name` FROM `think_plugin` WHERE ( status=1 AND has_adminlist=1 )  [ RunTime:0.000000s ]
NOTIC: [8] Constant PLUGIN_PATH already defined F:\Program Files\wamp\www\SunnyCMS\APP\Modules\Admin\Action\PluginAction.class.php 第 108 行.
NOTIC: [2] file_put_contents() expects parameter 3 to be long, string given F:\Program Files\wamp\www\SunnyCMS\APP\Common\common.php 第 172 行.

[ 2013-12-29T12:11:27+08:00 ] 127.0.0.1 /SunnyCMS/index.php/Plugin/build.html
INFO: [ app_begin ] --START--
INFO: ReadHtmlCache Behavior ::run [ RunTime:0.002000s ]
INFO: [ app_begin ] --END-- [ RunTime:0.002000s ]
SQL: SHOW COLUMNS FROM `think_plugin` [ RunTime:0.049002s ]
SQL: SELECT `title`,`name` FROM `think_plugin` WHERE ( status=1 AND has_adminlist=1 )  [ RunTime:0.001000s ]
NOTIC: [8] Constant PLUGIN_PATH already defined F:\Program Files\wamp\www\SunnyCMS\APP\Modules\Admin\Action\PluginAction.class.php 第 108 行.
NOTIC: [2] file_put_contents() expects parameter 3 to be long, string given F:\Program Files\wamp\www\SunnyCMS\APP\Common\common.php 第 172 行.

[ 2013-12-29T12:11:48+08:00 ] 127.0.0.1 /SunnyCMS/index.php/Plugin/build.html
INFO: [ app_begin ] --START--
INFO: ReadHtmlCache Behavior ::run [ RunTime:0.001000s ]
INFO: [ app_begin ] --END-- [ RunTime:0.001000s ]
SQL: SHOW COLUMNS FROM `think_plugin` [ RunTime:0.007000s ]
SQL: SELECT `title`,`name` FROM `think_plugin` WHERE ( status=1 AND has_adminlist=1 )  [ RunTime:0.000000s ]
NOTIC: [8] Constant PLUGIN_PATH already defined F:\Program Files\wamp\www\SunnyCMS\APP\Modules\Admin\Action\PluginAction.class.php 第 108 行.
NOTIC: [2] file_put_contents() expects parameter 3 to be long, string given F:\Program Files\wamp\www\SunnyCMS\APP\Common\common.php 第 172 行.

[ 2013-12-29T12:12:38+08:00 ] 127.0.0.1 /SunnyCMS/index.php/Plugin/build.html
INFO: [ app_begin ] --START--
INFO: ReadHtmlCache Behavior ::run [ RunTime:0.002000s ]
INFO: [ app_begin ] --END-- [ RunTime:0.002000s ]
SQL: SHOW COLUMNS FROM `think_plugin` [ RunTime:0.007001s ]
SQL: SELECT `title`,`name` FROM `think_plugin` WHERE ( status=1 AND has_adminlist=1 )  [ RunTime:0.001000s ]
NOTIC: [2] file_put_contents() expects parameter 3 to be long, string given F:\Program Files\wamp\www\SunnyCMS\APP\Common\common.php 第 172 行.
NOTIC: [2] file_put_contents() expects parameter 3 to be long, string given F:\Program Files\wamp\www\SunnyCMS\APP\Common\common.php 第 172 行.
NOTIC: [2] file_put_contents() expects parameter 3 to be long, string given F:\Program Files\wamp\www\SunnyCMS\APP\Common\common.php 第 172 行.

[ 2013-12-29T12:32:38+08:00 ] 127.0.0.1 /SunnyCMS/index.php/Plugin/build.html
INFO: [ app_begin ] --START--
INFO: ReadHtmlCache Behavior ::run [ RunTime:0.001000s ]
INFO: [ app_begin ] --END-- [ RunTime:0.001000s ]
SQL: SHOW COLUMNS FROM `think_plugin` [ RunTime:0.007000s ]
SQL: SELECT `title`,`name` FROM `think_plugin` WHERE ( status=1 AND has_adminlist=1 )  [ RunTime:0.001000s ]
NOTIC: [8] Constant PLUGIN_PATH already defined F:\Program Files\wamp\www\SunnyCMS\APP\Modules\Admin\Action\PluginAction.class.php 第 108 行.
NOTIC: [2] file_put_contents() expects parameter 3 to be long, string given F:\Program Files\wamp\www\SunnyCMS\APP\Common\common.php 第 172 行.
NOTIC: [2] file_put_contents() expects parameter 3 to be long, string given F:\Program Files\wamp\www\SunnyCMS\APP\Common\common.php 第 172 行.
NOTIC: [2] file_put_contents() expects parameter 3 to be long, string given F:\Program Files\wamp\www\SunnyCMS\APP\Common\common.php 第 172 行.

[ 2013-12-29T12:41:56+08:00 ] 127.0.0.1 /SunnyCMS/index.php/Plugin/build.html
INFO: [ app_begin ] --START--
INFO: ReadHtmlCache Behavior ::run [ RunTime:0.001000s ]
INFO: [ app_begin ] --END-- [ RunTime:0.001000s ]
SQL: SHOW COLUMNS FROM `think_plugin` [ RunTime:0.008000s ]
SQL: SELECT `title`,`name` FROM `think_plugin` WHERE ( status=1 AND has_adminlist=1 )  [ RunTime:0.001000s ]
NOTIC: [8] Constant PLUGIN_PATH already defined F:\Program Files\wamp\www\SunnyCMS\APP\Modules\Admin\Action\PluginAction.class.php 第 108 行.
NOTIC: [2] file_put_contents() expects parameter 3 to be long, string given F:\Program Files\wamp\www\SunnyCMS\APP\Common\common.php 第 172 行.
NOTIC: [2] file_put_contents() expects parameter 3 to be long, string given F:\Program Files\wamp\www\SunnyCMS\APP\Common\common.php 第 172 行.
NOTIC: [2] file_put_contents() expects parameter 3 to be long, string given F:\Program Files\wamp\www\SunnyCMS\APP\Common\common.php 第 172 行.

[ 2013-12-29T12:44:44+08:00 ] 127.0.0.1 /SunnyCMS/index.php/Plugin/build.html
INFO: [ app_begin ] --START--
INFO: ReadHtmlCache Behavior ::run [ RunTime:0.001000s ]
INFO: [ app_begin ] --END-- [ RunTime:0.002000s ]
SQL: SHOW COLUMNS FROM `think_plugin` [ RunTime:0.015001s ]
SQL: SELECT `title`,`name` FROM `think_plugin` WHERE ( status=1 AND has_adminlist=1 )  [ RunTime:0.001000s ]
NOTIC: [8] Constant PLUGIN_PATH already defined F:\Program Files\wamp\www\SunnyCMS\APP\Modules\Admin\Action\PluginAction.class.php 第 108 行.
NOTIC: [2] file_put_contents() expects parameter 3 to be long, string given F:\Program Files\wamp\www\SunnyCMS\APP\Common\common.php 第 172 行.
NOTIC: [2] file_put_contents() expects parameter 3 to be long, string given F:\Program Files\wamp\www\SunnyCMS\APP\Common\common.php 第 172 行.
NOTIC: [2] file_put_contents() expects parameter 3 to be long, string given F:\Program Files\wamp\www\SunnyCMS\APP\Common\common.php 第 172 行.

[ 2013-12-29T13:07:17+08:00 ] 127.0.0.1 /SunnyCMS/index.php/Plugin/build.html
INFO: [ app_begin ] --START--
INFO: ReadHtmlCache Behavior ::run [ RunTime:0.002000s ]
INFO: [ app_begin ] --END-- [ RunTime:0.002000s ]
SQL: SHOW COLUMNS FROM `think_plugin` [ RunTime:0.007001s ]
SQL: SELECT `title`,`name` FROM `think_plugin` WHERE ( status=1 AND has_adminlist=1 )  [ RunTime:0.000000s ]
NOTIC: [8] Constant PLUGIN_PATH already defined F:\Program Files\wamp\www\SunnyCMS\APP\Modules\Admin\Action\PluginAction.class.php 第 93 行.
NOTIC: [2] file_put_contents() expects parameter 3 to be long, string given F:\Program Files\wamp\www\SunnyCMS\APP\Common\common.php 第 172 行.
NOTIC: [2] file_put_contents() expects parameter 3 to be long, string given F:\Program Files\wamp\www\SunnyCMS\APP\Common\common.php 第 172 行.
NOTIC: [2] file_put_contents() expects parameter 3 to be long, string given F:\Program Files\wamp\www\SunnyCMS\APP\Common\common.php 第 172 行.

[ 2013-12-29T13:19:55+08:00 ] 127.0.0.1 /SunnyCMS/index.php/Plugin/build.html
INFO: [ app_begin ] --START--
INFO: ReadHtmlCache Behavior ::run [ RunTime:0.002000s ]
INFO: [ app_begin ] --END-- [ RunTime:0.002000s ]
SQL: SHOW COLUMNS FROM `think_plugin` [ RunTime:0.009001s ]
SQL: SELECT `title`,`name` FROM `think_plugin` WHERE ( status=1 AND has_adminlist=1 )  [ RunTime:0.004000s ]
NOTIC: [8] Constant PLUGIN_PATH already defined F:\Program Files\wamp\www\SunnyCMS\APP\Modules\Admin\Action\PluginAction.class.php 第 93 行.
NOTIC: [2] file_put_contents() expects parameter 3 to be long, string given F:\Program Files\wamp\www\SunnyCMS\APP\Common\common.php 第 172 行.
NOTIC: [2] file_put_contents() expects parameter 3 to be long, string given F:\Program Files\wamp\www\SunnyCMS\APP\Common\common.php 第 172 行.
NOTIC: [2] file_put_contents() expects parameter 3 to be long, string given F:\Program Files\wamp\www\SunnyCMS\APP\Common\common.php 第 172 行.

[ 2013-12-29T13:23:50+08:00 ] 127.0.0.1 /SunnyCMS/index.php/Plugin/install
INFO: [ app_begin ] --START--
INFO: ReadHtmlCache Behavior ::run [ RunTime:0.002000s ]
INFO: [ app_begin ] --END-- [ RunTime:0.002000s ]
SQL: SHOW COLUMNS FROM `think_plugin` [ RunTime:0.007000s ]
SQL: SELECT `title`,`name` FROM `think_plugin` WHERE ( status=1 AND has_adminlist=1 )  [ RunTime:0.000000s ]
SQL: SELECT * FROM `think_plugin` WHERE ( `name` = 'CCYCCY' ) LIMIT 1   [ RunTime:0.000000s ]
NOTIC: [8] Undefined offset: 3 F:\Program Files\wamp\www\SunnyCMS\ThinkPHP\Lib\Core\Model.class.php 第 907 行.
SQL: INSERT INTO `think_plugin` (`name`,`title`,`description`,`status`,`author`,`version`,`create_time`,`has_adminlist`) VALUES ('CCYCCY','我的插件','你好啊 ',1,'ccy','1.1',1388294630,0) [ RunTime:0.020002s ]
SQL: SHOW COLUMNS FROM `think_plugin` [ RunTime:0.007000s ]
SQL: SELECT `config` FROM `think_plugin` WHERE ( `name` = 'CCYCCY' ) AND ( `status` = 1 ) LIMIT 1   [ RunTime:0.001000s ]
SQL: UPDATE `think_plugin` SET `config`='{\"random\":\"1\"}' WHERE ( name='CCYCCY' ) [ RunTime:0.016001s ]
SQL: SHOW COLUMNS FROM `think_hooks` [ RunTime:0.007000s ]
SQL: SELECT `name` FROM `think_hooks`  [ RunTime:0.000000s ]
SQL: SELECT `plugins` FROM `think_hooks` WHERE ( name='pageHeader' ) LIMIT 1   [ RunTime:0.000000s ]
NOTIC: [8] Undefined variable: o_addons F:\Program Files\wamp\www\SunnyCMS\APP\Modules\Admin\Model\HooksModel.class.php 第 81 行.
SQL: UPDATE `think_hooks` SET `plugins`='CCYCCY' WHERE ( name='pageHeader' ) [ RunTime:0.014001s ]

[ 2013-12-29T13:30:36+08:00 ] 127.0.0.1 /SunnyCMS/index.php/Plugin/build.html
INFO: [ app_begin ] --START--
INFO: ReadHtmlCache Behavior ::run [ RunTime:0.002000s ]
INFO: [ app_begin ] --END-- [ RunTime:0.002000s ]
SQL: SHOW COLUMNS FROM `think_plugin` [ RunTime:0.007001s ]
SQL: SELECT `title`,`name` FROM `think_plugin` WHERE ( status=1 AND has_adminlist=1 )  [ RunTime:0.001000s ]
NOTIC: [8] Constant PLUGIN_PATH already defined F:\Program Files\wamp\www\SunnyCMS\APP\Modules\Admin\Action\PluginAction.class.php 第 93 行.
NOTIC: [2] file_put_contents() expects parameter 3 to be long, string given F:\Program Files\wamp\www\SunnyCMS\APP\Common\common.php 第 172 行.
NOTIC: [2] file_put_contents() expects parameter 3 to be long, string given F:\Program Files\wamp\www\SunnyCMS\APP\Common\common.php 第 172 行.
NOTIC: [2] file_put_contents() expects parameter 3 to be long, string given F:\Program Files\wamp\www\SunnyCMS\APP\Common\common.php 第 172 行.

[ 2013-12-29T13:33:46+08:00 ] 127.0.0.1 /SunnyCMS/index.php/Plugin/build.html
INFO: [ app_begin ] --START--
INFO: ReadHtmlCache Behavior ::run [ RunTime:0.001000s ]
INFO: [ app_begin ] --END-- [ RunTime:0.001000s ]
SQL: SHOW COLUMNS FROM `think_plugin` [ RunTime:0.007000s ]
SQL: SELECT `title`,`name` FROM `think_plugin` WHERE ( status=1 AND has_adminlist=1 )  [ RunTime:0.000000s ]
NOTIC: [8] Constant PLUGIN_PATH already defined F:\Program Files\wamp\www\SunnyCMS\APP\Modules\Admin\Action\PluginAction.class.php 第 93 行.
NOTIC: [2] file_put_contents() expects parameter 3 to be long, string given F:\Program Files\wamp\www\SunnyCMS\APP\Common\common.php 第 172 行.
NOTIC: [2] file_put_contents() expects parameter 3 to be long, string given F:\Program Files\wamp\www\SunnyCMS\APP\Common\common.php 第 172 行.
NOTIC: [2] file_put_contents() expects parameter 3 to be long, string given F:\Program Files\wamp\www\SunnyCMS\APP\Common\common.php 第 172 行.

[ 2013-12-29T13:33:55+08:00 ] 127.0.0.1 /SunnyCMS/index.php/Plugin/build.html
INFO: [ app_begin ] --START--
INFO: ReadHtmlCache Behavior ::run [ RunTime:0.002000s ]
INFO: [ app_begin ] --END-- [ RunTime:0.002000s ]
SQL: SHOW COLUMNS FROM `think_plugin` [ RunTime:0.007001s ]
SQL: SELECT `title`,`name` FROM `think_plugin` WHERE ( status=1 AND has_adminlist=1 )  [ RunTime:0.000000s ]
NOTIC: [8] Undefined index: hookname F:\Program Files\wamp\www\SunnyCMS\APP\Modules\Admin\Action\PluginAction.class.php 第 40 行.
NOTIC: [2] Invalid argument supplied for foreach() F:\Program Files\wamp\www\SunnyCMS\APP\Modules\Admin\Action\PluginAction.class.php 第 40 行.

[ 2013-12-29T13:34:08+08:00 ] 127.0.0.1 /SunnyCMS/index.php/Plugin/build.html
INFO: [ app_begin ] --START--
INFO: ReadHtmlCache Behavior ::run [ RunTime:0.002001s ]
INFO: [ app_begin ] --END-- [ RunTime:0.002001s ]
SQL: SHOW COLUMNS FROM `think_plugin` [ RunTime:0.007000s ]
SQL: SELECT `title`,`name` FROM `think_plugin` WHERE ( status=1 AND has_adminlist=1 )  [ RunTime:0.000000s ]
NOTIC: [8] Constant PLUGIN_PATH already defined F:\Program Files\wamp\www\SunnyCMS\APP\Modules\Admin\Action\PluginAction.class.php 第 93 行.
NOTIC: [2] file_put_contents() expects parameter 3 to be long, string given F:\Program Files\wamp\www\SunnyCMS\APP\Common\common.php 第 172 行.
NOTIC: [2] file_put_contents() expects parameter 3 to be long, string given F:\Program Files\wamp\www\SunnyCMS\APP\Common\common.php 第 172 行.
NOTIC: [2] file_put_contents() expects parameter 3 to be long, string given F:\Program Files\wamp\www\SunnyCMS\APP\Common\common.php 第 172 行.

[ 2013-12-29T13:34:13+08:00 ] 127.0.0.1 /SunnyCMS/index.php/Plugin/build.html
INFO: [ app_begin ] --START--
INFO: ReadHtmlCache Behavior ::run [ RunTime:0.001000s ]
INFO: [ app_begin ] --END-- [ RunTime:0.002000s ]
SQL: SHOW COLUMNS FROM `think_plugin` [ RunTime:0.009000s ]
SQL: SELECT `title`,`name` FROM `think_plugin` WHERE ( status=1 AND has_adminlist=1 )  [ RunTime:0.001001s ]
NOTIC: [8] Constant PLUGIN_PATH already defined F:\Program Files\wamp\www\SunnyCMS\APP\Modules\Admin\Action\PluginAction.class.php 第 93 行.
NOTIC: [2] file_put_contents() expects parameter 3 to be long, string given F:\Program Files\wamp\www\SunnyCMS\APP\Common\common.php 第 172 行.
NOTIC: [2] file_put_contents() expects parameter 3 to be long, string given F:\Program Files\wamp\www\SunnyCMS\APP\Common\common.php 第 172 行.
NOTIC: [2] file_put_contents() expects parameter 3 to be long, string given F:\Program Files\wamp\www\SunnyCMS\APP\Common\common.php 第 172 行.

[ 2013-12-29T13:34:32+08:00 ] 127.0.0.1 /SunnyCMS/index.php/Plugin/build.html
INFO: [ app_begin ] --START--
INFO: ReadHtmlCache Behavior ::run [ RunTime:0.002000s ]
INFO: [ app_begin ] --END-- [ RunTime:0.002000s ]
SQL: SHOW COLUMNS FROM `think_plugin` [ RunTime:0.008000s ]
SQL: SELECT `title`,`name` FROM `think_plugin` WHERE ( status=1 AND has_adminlist=1 )  [ RunTime:0.001000s ]
NOTIC: [8] Constant PLUGIN_PATH already defined F:\Program Files\wamp\www\SunnyCMS\APP\Modules\Admin\Action\PluginAction.class.php 第 93 行.
NOTIC: [2] file_put_contents() expects parameter 3 to be long, string given F:\Program Files\wamp\www\SunnyCMS\APP\Common\common.php 第 172 行.
NOTIC: [2] file_put_contents() expects parameter 3 to be long, string given F:\Program Files\wamp\www\SunnyCMS\APP\Common\common.php 第 172 行.
NOTIC: [2] file_put_contents() expects parameter 3 to be long, string given F:\Program Files\wamp\www\SunnyCMS\APP\Common\common.php 第 172 行.

[ 2013-12-29T13:34:54+08:00 ] 127.0.0.1 /SunnyCMS/index.php/Plugin/build.html
INFO: [ app_begin ] --START--
INFO: ReadHtmlCache Behavior ::run [ RunTime:0.001000s ]
INFO: [ app_begin ] --END-- [ RunTime:0.002000s ]
SQL: SHOW COLUMNS FROM `think_plugin` [ RunTime:0.006000s ]
SQL: SELECT `title`,`name` FROM `think_plugin` WHERE ( status=1 AND has_adminlist=1 )  [ RunTime:0.001000s ]
NOTIC: [8] Constant PLUGIN_PATH already defined F:\Program Files\wamp\www\SunnyCMS\APP\Modules\Admin\Action\PluginAction.class.php 第 93 行.
NOTIC: [2] file_put_contents() expects parameter 3 to be long, string given F:\Program Files\wamp\www\SunnyCMS\APP\Common\common.php 第 172 行.
NOTIC: [2] file_put_contents() expects parameter 3 to be long, string given F:\Program Files\wamp\www\SunnyCMS\APP\Common\common.php 第 172 行.
NOTIC: [2] file_put_contents() expects parameter 3 to be long, string given F:\Program Files\wamp\www\SunnyCMS\APP\Common\common.php 第 172 行.

[ 2013-12-29T13:34:57+08:00 ] 127.0.0.1 /SunnyCMS/index.php/Plugin/build.html
INFO: [ app_begin ] --START--
INFO: ReadHtmlCache Behavior ::run [ RunTime:0.002000s ]
INFO: [ app_begin ] --END-- [ RunTime:0.002000s ]
SQL: SHOW COLUMNS FROM `think_plugin` [ RunTime:0.007000s ]
SQL: SELECT `title`,`name` FROM `think_plugin` WHERE ( status=1 AND has_adminlist=1 )  [ RunTime:0.001000s ]
NOTIC: [8] Constant PLUGIN_PATH already defined F:\Program Files\wamp\www\SunnyCMS\APP\Modules\Admin\Action\PluginAction.class.php 第 93 行.
NOTIC: [2] file_put_contents() expects parameter 3 to be long, string given F:\Program Files\wamp\www\SunnyCMS\APP\Common\common.php 第 172 行.
NOTIC: [2] file_put_contents() expects parameter 3 to be long, string given F:\Program Files\wamp\www\SunnyCMS\APP\Common\common.php 第 172 行.
NOTIC: [2] file_put_contents() expects parameter 3 to be long, string given F:\Program Files\wamp\www\SunnyCMS\APP\Common\common.php 第 172 行.

[ 2013-12-29T13:35:01+08:00 ] 127.0.0.1 /SunnyCMS/index.php/Plugin/build.html
INFO: [ app_begin ] --START--
INFO: ReadHtmlCache Behavior ::run [ RunTime:0.002000s ]
INFO: [ app_begin ] --END-- [ RunTime:0.002000s ]
SQL: SHOW COLUMNS FROM `think_plugin` [ RunTime:0.008000s ]
SQL: SELECT `title`,`name` FROM `think_plugin` WHERE ( status=1 AND has_adminlist=1 )  [ RunTime:0.003000s ]
NOTIC: [8] Constant PLUGIN_PATH already defined F:\Program Files\wamp\www\SunnyCMS\APP\Modules\Admin\Action\PluginAction.class.php 第 93 行.
NOTIC: [2] file_put_contents() expects parameter 3 to be long, string given F:\Program Files\wamp\www\SunnyCMS\APP\Common\common.php 第 172 行.
NOTIC: [2] file_put_contents() expects parameter 3 to be long, string given F:\Program Files\wamp\www\SunnyCMS\APP\Common\common.php 第 172 行.
NOTIC: [2] file_put_contents() expects parameter 3 to be long, string given F:\Program Files\wamp\www\SunnyCMS\APP\Common\common.php 第 172 行.

[ 2013-12-29T13:35:04+08:00 ] 127.0.0.1 /SunnyCMS/index.php/Plugin/build.html
INFO: [ app_begin ] --START--
INFO: ReadHtmlCache Behavior ::run [ RunTime:0.002000s ]
INFO: [ app_begin ] --END-- [ RunTime:0.002000s ]
SQL: SHOW COLUMNS FROM `think_plugin` [ RunTime:0.007000s ]
SQL: SELECT `title`,`name` FROM `think_plugin` WHERE ( status=1 AND has_adminlist=1 )  [ RunTime:0.001000s ]
NOTIC: [8] Constant PLUGIN_PATH already defined F:\Program Files\wamp\www\SunnyCMS\APP\Modules\Admin\Action\PluginAction.class.php 第 93 行.
NOTIC: [2] file_put_contents() expects parameter 3 to be long, string given F:\Program Files\wamp\www\SunnyCMS\APP\Common\common.php 第 172 行.
NOTIC: [2] file_put_contents() expects parameter 3 to be long, string given F:\Program Files\wamp\www\SunnyCMS\APP\Common\common.php 第 172 行.
NOTIC: [2] file_put_contents() expects parameter 3 to be long, string given F:\Program Files\wamp\www\SunnyCMS\APP\Common\common.php 第 172 行.

[ 2013-12-29T13:37:37+08:00 ] 127.0.0.1 /SunnyCMS/index.php/Plugin/build.html
INFO: [ app_begin ] --START--
INFO: ReadHtmlCache Behavior ::run [ RunTime:0.003000s ]
INFO: [ app_begin ] --END-- [ RunTime:0.003000s ]
SQL: SHOW COLUMNS FROM `think_plugin` [ RunTime:0.007000s ]
SQL: SELECT `title`,`name` FROM `think_plugin` WHERE ( status=1 AND has_adminlist=1 )  [ RunTime:0.000000s ]
NOTIC: [8] Constant PLUGIN_PATH already defined F:\Program Files\wamp\www\SunnyCMS\APP\Modules\Admin\Action\PluginAction.class.php 第 93 行.
NOTIC: [2] file_put_contents() expects parameter 3 to be long, string given F:\Program Files\wamp\www\SunnyCMS\APP\Common\common.php 第 172 行.
NOTIC: [2] file_put_contents() expects parameter 3 to be long, string given F:\Program Files\wamp\www\SunnyCMS\APP\Common\common.php 第 172 行.
NOTIC: [2] file_put_contents() expects parameter 3 to be long, string given F:\Program Files\wamp\www\SunnyCMS\APP\Common\common.php 第 172 行.

[ 2013-12-29T13:38:01+08:00 ] 127.0.0.1 /SunnyCMS/index.php/Plugin/install
INFO: [ app_begin ] --START--
INFO: ReadHtmlCache Behavior ::run [ RunTime:0.001000s ]
INFO: [ app_begin ] --END-- [ RunTime:0.001000s ]
SQL: SHOW COLUMNS FROM `think_plugin` [ RunTime:0.007000s ]
SQL: SELECT `title`,`name` FROM `think_plugin` WHERE ( status=1 AND has_adminlist=1 )  [ RunTime:0.000000s ]
SQL: SELECT * FROM `think_plugin` WHERE ( `name` = 'zqy' ) LIMIT 1   [ RunTime:0.000000s ]
NOTIC: [8] Undefined offset: 3 F:\Program Files\wamp\www\SunnyCMS\ThinkPHP\Lib\Core\Model.class.php 第 907 行.
SQL: INSERT INTO `think_plugin` (`name`,`title`,`description`,`status`,`author`,`version`,`create_time`,`has_adminlist`) VALUES ('zqy','第四个插件',' 12345',1,'CCY','33',1388295481,0) [ RunTime:0.000000s ]
SQL: SHOW COLUMNS FROM `think_plugin` [ RunTime:0.007000s ]
SQL: SELECT `config` FROM `think_plugin` WHERE ( `name` = 'zqy' ) AND ( `status` = 1 ) LIMIT 1   [ RunTime:0.003001s ]
SQL: UPDATE `think_plugin` SET `config`='{\"random\":\"1\"}' WHERE ( name='zqy' ) [ RunTime:0.001000s ]
SQL: SHOW COLUMNS FROM `think_hooks` [ RunTime:0.035002s ]
SQL: SELECT `name` FROM `think_hooks`  [ RunTime:0.000000s ]
SQL: SELECT `plugins` FROM `think_hooks` WHERE ( name='pageHeader' ) LIMIT 1   [ RunTime:0.000000s ]
NOTIC: [8] Undefined variable: o_addons F:\Program Files\wamp\www\SunnyCMS\APP\Modules\Admin\Model\HooksModel.class.php 第 81 行.
SQL: UPDATE `think_hooks` SET `plugins`='zqy' WHERE ( name='pageHeader' ) [ RunTime:0.000000s ]

[ 2013-12-29T13:58:28+08:00 ] 127.0.0.1 /SunnyCMS/index.php/Plugin/build.html
INFO: [ app_begin ] --START--
INFO: ReadHtmlCache Behavior ::run [ RunTime:0.003000s ]
INFO: [ app_begin ] --END-- [ RunTime:0.003000s ]
SQL: SHOW COLUMNS FROM `think_plugin` [ RunTime:0.006000s ]
SQL: SELECT `title`,`name` FROM `think_plugin` WHERE ( status=1 AND has_adminlist=1 )  [ RunTime:0.000000s ]
NOTIC: [8] Constant PLUGIN_PATH already defined F:\Program Files\wamp\www\SunnyCMS\APP\Modules\Admin\Action\PluginAction.class.php 第 110 行.
NOTIC: [2] file_put_contents() expects parameter 3 to be long, string given F:\Program Files\wamp\www\SunnyCMS\APP\Common\common.php 第 172 行.
NOTIC: [2] file_put_contents() expects parameter 3 to be long, string given F:\Program Files\wamp\www\SunnyCMS\APP\Common\common.php 第 172 行.
NOTIC: [2] file_put_contents() expects parameter 3 to be long, string given F:\Program Files\wamp\www\SunnyCMS\APP\Common\common.php 第 172 行.

[ 2013-12-29T13:59:29+08:00 ] 127.0.0.1 /SunnyCMS/index.php/Plugin/build.html
INFO: [ app_begin ] --START--
INFO: ReadHtmlCache Behavior ::run [ RunTime:0.002000s ]
INFO: [ app_begin ] --END-- [ RunTime:0.002000s ]
SQL: SHOW COLUMNS FROM `think_plugin` [ RunTime:0.008001s ]
SQL: SELECT `title`,`name` FROM `think_plugin` WHERE ( status=1 AND has_adminlist=1 )  [ RunTime:0.001000s ]
NOTIC: [8] Constant PLUGIN_PATH already defined F:\Program Files\wamp\www\SunnyCMS\APP\Modules\Admin\Action\PluginAction.class.php 第 110 行.
NOTIC: [2] file_put_contents() expects parameter 3 to be long, string given F:\Program Files\wamp\www\SunnyCMS\APP\Common\common.php 第 172 行.
NOTIC: [2] file_put_contents() expects parameter 3 to be long, string given F:\Program Files\wamp\www\SunnyCMS\APP\Common\common.php 第 172 行.
NOTIC: [2] file_put_contents() expects parameter 3 to be long, string given F:\Program Files\wamp\www\SunnyCMS\APP\Common\common.php 第 172 行.

[ 2013-12-29T14:00:16+08:00 ] 127.0.0.1 /SunnyCMS/index.php/Plugin/install
INFO: [ app_begin ] --START--
INFO: ReadHtmlCache Behavior ::run [ RunTime:0.001000s ]
INFO: [ app_begin ] --END-- [ RunTime:0.001000s ]
SQL: SHOW COLUMNS FROM `think_plugin` [ RunTime:0.007000s ]
SQL: SELECT `title`,`name` FROM `think_plugin` WHERE ( status=1 AND has_adminlist=1 )  [ RunTime:0.000000s ]
SQL: SELECT * FROM `think_plugin` WHERE ( `name` = 'fourth' ) LIMIT 1   [ RunTime:0.000000s ]
NOTIC: [8] Undefined offset: 3 F:\Program Files\wamp\www\SunnyCMS\ThinkPHP\Lib\Core\Model.class.php 第 907 行.
SQL: INSERT INTO `think_plugin` (`name`,`title`,`description`,`status`,`author`,`version`,`create_time`,`has_adminlist`) VALUES ('fourth','第四个插件',' 撒地方',1,'44','33',1388296816,1) [ RunTime:0.001000s ]
SQL: SHOW COLUMNS FROM `think_plugin` [ RunTime:0.007001s ]
SQL: SELECT `config` FROM `think_plugin` WHERE ( `name` = 'fourth' ) AND ( `status` = 1 ) LIMIT 1   [ RunTime:0.002000s ]
SQL: UPDATE `think_plugin` SET `config`='{\"random\":\"1\"}' WHERE ( name='fourth' ) [ RunTime:0.001000s ]
SQL: SHOW COLUMNS FROM `think_hooks` [ RunTime:0.007001s ]
SQL: SELECT `name` FROM `think_hooks`  [ RunTime:0.000000s ]
SQL: SELECT `plugins` FROM `think_hooks` WHERE ( name='pageHeader' ) LIMIT 1   [ RunTime:0.000000s ]
NOTIC: [8] Undefined variable: o_addons F:\Program Files\wamp\www\SunnyCMS\APP\Modules\Admin\Model\HooksModel.class.php 第 81 行.
SQL: UPDATE `think_hooks` SET `plugins`='fourth' WHERE ( name='pageHeader' ) [ RunTime:0.001000s ]

[ 2013-12-29T14:01:09+08:00 ] 127.0.0.1 /SunnyCMS/index.php/Plugin/uninstall
INFO: [ app_begin ] --START--
INFO: ReadHtmlCache Behavior ::run [ RunTime:0.001000s ]
INFO: [ app_begin ] --END-- [ RunTime:0.001000s ]
SQL: SHOW COLUMNS FROM `think_plugin` [ RunTime:0.007000s ]
SQL: SELECT `title`,`name` FROM `think_plugin` WHERE ( status=1 AND has_adminlist=1 )  [ RunTime:0.000000s ]
SQL: SHOW COLUMNS FROM `think_plugin` [ RunTime:0.006001s ]
SQL: SELECT * FROM `think_plugin` WHERE ( `id` = 57 ) LIMIT 1   [ RunTime:0.000000s ]
SQL: SHOW COLUMNS FROM `think_hooks` [ RunTime:0.008001s ]
SQL: SELECT `name` FROM `think_hooks`  [ RunTime:0.000000s ]
SQL: SELECT `plugins` FROM `think_hooks` WHERE ( name='pageHeader' ) LIMIT 1   [ RunTime:0.001000s ]
SQL: UPDATE `think_hooks` SET `plugins`='' WHERE ( name='pageHeader' ) [ RunTime:0.001000s ]
SQL: DELETE FROM `think_plugin` WHERE ( name='fourth' ) [ RunTime:0.142008s ]

[ 2013-12-29T14:01:20+08:00 ] 127.0.0.1 /SunnyCMS/index.php/Plugin/install
INFO: [ app_begin ] --START--
INFO: ReadHtmlCache Behavior ::run [ RunTime:0.002000s ]
INFO: [ app_begin ] --END-- [ RunTime:0.002000s ]
SQL: SHOW COLUMNS FROM `think_plugin` [ RunTime:0.015001s ]
SQL: SELECT `title`,`name` FROM `think_plugin` WHERE ( status=1 AND has_adminlist=1 )  [ RunTime:0.000000s ]
SQL: SELECT * FROM `think_plugin` WHERE ( `name` = 'fourth' ) LIMIT 1   [ RunTime:0.001000s ]
NOTIC: [8] Undefined offset: 3 F:\Program Files\wamp\www\SunnyCMS\ThinkPHP\Lib\Core\Model.class.php 第 907 行.
SQL: INSERT INTO `think_plugin` (`name`,`title`,`description`,`status`,`author`,`version`,`create_time`,`has_adminlist`) VALUES ('fourth','第四个插件',' 撒地方',1,'44','33',1388296879,1) [ RunTime:0.001000s ]
SQL: SHOW COLUMNS FROM `think_plugin` [ RunTime:0.013000s ]
SQL: SELECT `config` FROM `think_plugin` WHERE ( `name` = 'fourth' ) AND ( `status` = 1 ) LIMIT 1   [ RunTime:0.011001s ]
SQL: UPDATE `think_plugin` SET `config`='{\"random\":\"1\"}' WHERE ( name='fourth' ) [ RunTime:0.000000s ]
SQL: SHOW COLUMNS FROM `think_hooks` [ RunTime:0.006001s ]
SQL: SELECT `name` FROM `think_hooks`  [ RunTime:0.001000s ]
SQL: SELECT `plugins` FROM `think_hooks` WHERE ( name='pageHeader' ) LIMIT 1   [ RunTime:0.000000s ]
NOTIC: [8] Undefined variable: o_addons F:\Program Files\wamp\www\SunnyCMS\APP\Modules\Admin\Model\HooksModel.class.php 第 81 行.
SQL: UPDATE `think_hooks` SET `plugins`='fourth' WHERE ( name='pageHeader' ) [ RunTime:0.002000s ]

[ 2013-12-29T14:01:23+08:00 ] 127.0.0.1 /SunnyCMS/index.php/Plugin/disable
INFO: [ app_begin ] --START--
INFO: ReadHtmlCache Behavior ::run [ RunTime:0.002000s ]
INFO: [ app_begin ] --END-- [ RunTime:0.004000s ]
SQL: SHOW COLUMNS FROM `think_plugin` [ RunTime:0.007001s ]
SQL: SELECT `title`,`name` FROM `think_plugin` WHERE ( status=1 AND has_adminlist=1 )  [ RunTime:0.000000s ]
SQL: SHOW COLUMNS FROM `think_plugin` [ RunTime:0.008000s ]
SQL: UPDATE `think_plugin` SET `status`=0 WHERE ( id=58 ) [ RunTime:0.004001s ]

[ 2013-12-29T14:02:06+08:00 ] 127.0.0.1 /SunnyCMS/index.php/Plugin/enable
INFO: [ app_begin ] --START--
INFO: ReadHtmlCache Behavior ::run [ RunTime:0.003000s ]
INFO: [ app_begin ] --END-- [ RunTime:0.003000s ]
SQL: SHOW COLUMNS FROM `think_plugin` [ RunTime:0.009000s ]
SQL: SELECT `title`,`name` FROM `think_plugin` WHERE ( status=1 AND has_adminlist=1 )  [ RunTime:0.002001s ]
SQL: UPDATE `think_plugin` SET `status`=1 WHERE ( id=58 ) [ RunTime:0.001000s ]

[ 2013-12-29T14:02:17+08:00 ] 127.0.0.1 /SunnyCMS/index.php/Plugin/uninstall
INFO: [ app_begin ] --START--
INFO: ReadHtmlCache Behavior ::run [ RunTime:0.002000s ]
INFO: [ app_begin ] --END-- [ RunTime:0.002000s ]
SQL: SHOW COLUMNS FROM `think_plugin` [ RunTime:0.007000s ]
SQL: SELECT `title`,`name` FROM `think_plugin` WHERE ( status=1 AND has_adminlist=1 )  [ RunTime:0.000000s ]
SQL: SHOW COLUMNS FROM `think_plugin` [ RunTime:0.007001s ]
SQL: SELECT * FROM `think_plugin` WHERE ( `id` = 58 ) LIMIT 1   [ RunTime:0.001000s ]
SQL: SHOW COLUMNS FROM `think_hooks` [ RunTime:0.007001s ]
SQL: SELECT `name` FROM `think_hooks`  [ RunTime:0.001000s ]
SQL: SELECT `plugins` FROM `think_hooks` WHERE ( name='pageHeader' ) LIMIT 1   [ RunTime:0.000000s ]
SQL: UPDATE `think_hooks` SET `plugins`='' WHERE ( name='pageHeader' ) [ RunTime:0.001000s ]
SQL: DELETE FROM `think_plugin` WHERE ( name='fourth' ) [ RunTime:0.001000s ]

[ 2013-12-29T14:02:33+08:00 ] 127.0.0.1 /SunnyCMS/index.php/Plugin/install
INFO: [ app_begin ] --START--
INFO: ReadHtmlCache Behavior ::run [ RunTime:0.002000s ]
INFO: [ app_begin ] --END-- [ RunTime:0.002000s ]
SQL: SHOW COLUMNS FROM `think_plugin` [ RunTime:0.007001s ]
SQL: SELECT `title`,`name` FROM `think_plugin` WHERE ( status=1 AND has_adminlist=1 )  [ RunTime:0.001000s ]
SQL: SELECT * FROM `think_plugin` WHERE ( `name` = 'fourth' ) LIMIT 1   [ RunTime:0.000000s ]
NOTIC: [8] Undefined offset: 3 F:\Program Files\wamp\www\SunnyCMS\ThinkPHP\Lib\Core\Model.class.php 第 907 行.
SQL: INSERT INTO `think_plugin` (`name`,`title`,`description`,`status`,`author`,`version`,`create_time`,`has_adminlist`) VALUES ('fourth','第四个插件',' 撒地方',1,'44','33',1388296953,1) [ RunTime:0.000000s ]
SQL: SHOW COLUMNS FROM `think_plugin` [ RunTime:0.006001s ]
SQL: SELECT `config` FROM `think_plugin` WHERE ( `name` = 'fourth' ) AND ( `status` = 1 ) LIMIT 1   [ RunTime:0.000000s ]
SQL: UPDATE `think_plugin` SET `config`='{\"random\":\"1\"}' WHERE ( name='fourth' ) [ RunTime:0.001000s ]
SQL: SHOW COLUMNS FROM `think_hooks` [ RunTime:0.007000s ]
SQL: SELECT `name` FROM `think_hooks`  [ RunTime:0.000000s ]
SQL: SELECT `plugins` FROM `think_hooks` WHERE ( name='pageHeader' ) LIMIT 1   [ RunTime:0.001000s ]
NOTIC: [8] Undefined variable: o_addons F:\Program Files\wamp\www\SunnyCMS\APP\Modules\Admin\Model\HooksModel.class.php 第 81 行.
SQL: UPDATE `think_hooks` SET `plugins`='fourth' WHERE ( name='pageHeader' ) [ RunTime:0.000000s ]

[ 2013-12-29T14:02:51+08:00 ] 127.0.0.1 /SunnyCMS/index.php/Plugin/uninstall
INFO: [ app_begin ] --START--
INFO: ReadHtmlCache Behavior ::run [ RunTime:0.004000s ]
INFO: [ app_begin ] --END-- [ RunTime:0.004000s ]
SQL: SHOW COLUMNS FROM `think_plugin` [ RunTime:0.008000s ]
SQL: SELECT `title`,`name` FROM `think_plugin` WHERE ( status=1 AND has_adminlist=1 )  [ RunTime:0.001000s ]
SQL: SHOW COLUMNS FROM `think_plugin` [ RunTime:0.009000s ]
SQL: SELECT * FROM `think_plugin` WHERE ( `id` = 56 ) LIMIT 1   [ RunTime:0.001000s ]
SQL: SHOW COLUMNS FROM `think_hooks` [ RunTime:0.006000s ]
SQL: SELECT `name` FROM `think_hooks`  [ RunTime:0.001000s ]
SQL: SELECT `plugins` FROM `think_hooks` WHERE ( name='pageHeader' ) LIMIT 1   [ RunTime:0.001001s ]
SQL: UPDATE `think_hooks` SET `plugins`='fourth' WHERE ( name='pageHeader' ) [ RunTime:0.001000s ]
SQL: DELETE FROM `think_plugin` WHERE ( name='zqy' ) [ RunTime:0.001000s ]

[ 2013-12-29T14:02:54+08:00 ] 127.0.0.1 /SunnyCMS/index.php/Plugin/uninstall
INFO: [ app_begin ] --START--
INFO: ReadHtmlCache Behavior ::run [ RunTime:0.001000s ]
INFO: [ app_begin ] --END-- [ RunTime:0.001000s ]
SQL: SHOW COLUMNS FROM `think_plugin` [ RunTime:0.007000s ]
SQL: SELECT `title`,`name` FROM `think_plugin` WHERE ( status=1 AND has_adminlist=1 )  [ RunTime:0.000000s ]
SQL: SHOW COLUMNS FROM `think_plugin` [ RunTime:0.008001s ]
SQL: SELECT * FROM `think_plugin` WHERE ( `id` = 55 ) LIMIT 1   [ RunTime:0.001000s ]
SQL: SHOW COLUMNS FROM `think_hooks` [ RunTime:0.012000s ]
SQL: SELECT `name` FROM `think_hooks`  [ RunTime:0.000000s ]
SQL: SELECT `plugins` FROM `think_hooks` WHERE ( name='pageHeader' ) LIMIT 1   [ RunTime:0.000000s ]
SQL: UPDATE `think_hooks` SET `plugins`='fourth' WHERE ( name='pageHeader' ) [ RunTime:0.001000s ]
SQL: DELETE FROM `think_plugin` WHERE ( name='CCYCCY' ) [ RunTime:0.000000s ]

