[ 2013-12-23T10:43:14+08:00 ] 127.0.0.1 /thinkphp/index.php/Admin/Post/newPost.html
NOTIC: 建议使用I方法替代_post
NOTIC: 建议使用I方法替代_post
NOTIC: 建议使用I方法替代_post

[ 2013-12-23T10:43:17+08:00 ] 127.0.0.1 /thinkphp/index.php/Admin/Post/newPost.html?title=dsf&content=&postCheck=on
NOTIC: 建议使用I方法替代_post
NOTIC: 建议使用I方法替代_post
NOTIC: 建议使用I方法替代_post

[ 2013-12-23T10:43:46+08:00 ] 127.0.0.1 /thinkphp/index.php/Admin/Post/newPost.html
NOTIC: 建议使用I方法替代_post
NOTIC: 建议使用I方法替代_post
NOTIC: 建议使用I方法替代_post

[ 2013-12-23T10:43:49+08:00 ] 127.0.0.1 /thinkphp/index.php/Admin/Post/newPost.html
NOTIC: 建议使用I方法替代_post
NOTIC: 建议使用I方法替代_post
NOTIC: 建议使用I方法替代_post

[ 2013-12-23T10:43:53+08:00 ] 127.0.0.1 /thinkphp/index.php/Admin/Post/newPost.html
NOTIC: 建议使用I方法替代_post
NOTIC: 建议使用I方法替代_post
NOTIC: 建议使用I方法替代_post

[ 2013-12-23T10:44:01+08:00 ] 127.0.0.1 /thinkphp/index.php/Admin/Post/newPost.html
NOTIC: 建议使用I方法替代_post
NOTIC: 建议使用I方法替代_post
NOTIC: 建议使用I方法替代_post

[ 2013-12-23T10:44:29+08:00 ] 127.0.0.1 /thinkphp/index.php/Admin/Post/newPost.html
NOTIC: 建议使用I方法替代_post
NOTIC: 建议使用I方法替代_post
NOTIC: 建议使用I方法替代_post

[ 2013-12-23T10:44:31+08:00 ] 127.0.0.1 /thinkphp/index.php/Admin/Post/newPost.html
NOTIC: 建议使用I方法替代_post
NOTIC: 建议使用I方法替代_post
NOTIC: 建议使用I方法替代_post

[ 2013-12-23T10:44:42+08:00 ] 127.0.0.1 /thinkphp/index.php/Admin/Post/newPost.html
NOTIC: 建议使用I方法替代_post
NOTIC: 建议使用I方法替代_post
NOTIC: 建议使用I方法替代_post

[ 2013-12-23T10:44:53+08:00 ] 127.0.0.1 /thinkphp/index.php/Admin/Post/newPost.html
NOTIC: 建议使用I方法替代_post
NOTIC: 建议使用I方法替代_post
NOTIC: 建议使用I方法替代_post

[ 2013-12-23T10:45:03+08:00 ] 127.0.0.1 /thinkphp/index.php/Admin/Post/newPost.html
NOTIC: 建议使用I方法替代_post
NOTIC: 建议使用I方法替代_post
NOTIC: 建议使用I方法替代_post

[ 2013-12-23T10:45:09+08:00 ] 127.0.0.1 /thinkphp/index.php/Admin/Post/newPost.html
NOTIC: 建议使用I方法替代_post
NOTIC: 建议使用I方法替代_post
NOTIC: 建议使用I方法替代_post

[ 2013-12-23T10:45:34+08:00 ] 127.0.0.1 /thinkphp/index.php/Admin/Post/newPost.html
NOTIC: 建议使用I方法替代_post
NOTIC: 建议使用I方法替代_post
NOTIC: 建议使用I方法替代_post

[ 2013-12-23T10:45:53+08:00 ] 127.0.0.1 /thinkphp/index.php/Admin/Post/newPost.html
NOTIC: 建议使用I方法替代_post
NOTIC: 建议使用I方法替代_post
NOTIC: 建议使用I方法替代_post

[ 2013-12-23T10:46:06+08:00 ] 127.0.0.1 /thinkphp/index.php/Admin/Post/newPost.html
NOTIC: 建议使用I方法替代_post
NOTIC: 建议使用I方法替代_post
NOTIC: 建议使用I方法替代_post

[ 2013-12-23T10:46:23+08:00 ] 127.0.0.1 /thinkphp/index.php/Admin/Post/newPost.html
NOTIC: 建议使用I方法替代_post
NOTIC: 建议使用I方法替代_post
NOTIC: 建议使用I方法替代_post

[ 2013-12-23T10:46:26+08:00 ] 127.0.0.1 /thinkphp/index.php/Admin/Post/newPost.html
NOTIC: 建议使用I方法替代_post
NOTIC: 建议使用I方法替代_post
NOTIC: 建议使用I方法替代_post

[ 2013-12-23T11:04:53+08:00 ] 127.0.0.1 /thinkphp/index.php/Admin/Post/newPost.html
NOTIC: 建议使用I方法替代_post
NOTIC: 建议使用I方法替代_post
NOTIC: 建议使用I方法替代_post

[ 2013-12-23T11:04:56+08:00 ] 127.0.0.1 /thinkphp/index.php/Admin/Post/newPost.html
NOTIC: 建议使用I方法替代_post
NOTIC: 建议使用I方法替代_post
NOTIC: 建议使用I方法替代_post

[ 2013-12-23T11:05:00+08:00 ] 127.0.0.1 /thinkphp/index.php/Admin/Post/newPost.html
NOTIC: 建议使用I方法替代_post
NOTIC: 建议使用I方法替代_post
NOTIC: 建议使用I方法替代_post

[ 2013-12-23T11:11:41+08:00 ] 127.0.0.1 /thinkphp/index.php/Admin/Post/newPost.html
NOTIC: 建议使用I方法替代_post
NOTIC: 建议使用I方法替代_post
NOTIC: 建议使用I方法替代_post

[ 2013-12-23T11:11:47+08:00 ] 127.0.0.1 /thinkphp/index.php/Admin/Post/newPost.html
NOTIC: 建议使用I方法替代_post
NOTIC: 建议使用I方法替代_post
NOTIC: 建议使用I方法替代_post

[ 2013-12-23T11:14:37+08:00 ] 127.0.0.1 /thinkphp/index.php/Admin/Post/newPost.html
NOTIC: 建议使用I方法替代_post
NOTIC: 建议使用I方法替代_post

[ 2013-12-23T11:14:39+08:00 ] 127.0.0.1 /thinkphp/index.php/Admin/Post/newPost.html
NOTIC: 建议使用I方法替代_post
NOTIC: 建议使用I方法替代_post

[ 2013-12-23T11:18:11+08:00 ] 127.0.0.1 /thinkphp/index.php/Admin/Post/newPost.html
NOTIC: 建议使用I方法替代_post
NOTIC: 建议使用I方法替代_post

[ 2013-12-23T11:19:12+08:00 ] 127.0.0.1 /thinkphp/index.php/Admin/Post/newPost.html
NOTIC: 建议使用I方法替代_post
NOTIC: 建议使用I方法替代_post

[ 2013-12-23T11:19:22+08:00 ] 127.0.0.1 /thinkphp/index.php/Admin/Post/newPost.html
NOTIC: 建议使用I方法替代_post
NOTIC: 建议使用I方法替代_post

[ 2013-12-23T11:20:05+08:00 ] 127.0.0.1 /thinkphp/index.php/Admin/Post/newPost.html
NOTIC: 建议使用I方法替代_post
NOTIC: 建议使用I方法替代_post

[ 2013-12-23T11:20:22+08:00 ] 127.0.0.1 /thinkphp/index.php/Admin/Post/newPost.html
NOTIC: 建议使用I方法替代_post
NOTIC: 建议使用I方法替代_post

[ 2013-12-23T11:20:37+08:00 ] 127.0.0.1 /thinkphp/index.php/Admin/Post/newPost.html
NOTIC: 建议使用I方法替代_post
NOTIC: 建议使用I方法替代_post

[ 2013-12-23T11:21:52+08:00 ] 127.0.0.1 /thinkphp/index.php/Admin/Post/newPost.html
NOTIC: 建议使用I方法替代_post
NOTIC: 建议使用I方法替代_post

[ 2013-12-23T11:21:55+08:00 ] 127.0.0.1 /thinkphp/index.php/Admin/Post/newPost.html
NOTIC: 建议使用I方法替代_post
NOTIC: 建议使用I方法替代_post

[ 2013-12-23T11:24:41+08:00 ] 127.0.0.1 /thinkphp/index.php/Admin/Post/newPost.html
NOTIC: 建议使用I方法替代_post
NOTIC: 建议使用I方法替代_post

[ 2013-12-23T11:24:44+08:00 ] 127.0.0.1 /thinkphp/index.php/Admin/Post/newPost.html
NOTIC: 建议使用I方法替代_post
NOTIC: 建议使用I方法替代_post

[ 2013-12-23T11:24:48+08:00 ] 127.0.0.1 /thinkphp/index.php/Admin/Post/newPost.html
NOTIC: 建议使用I方法替代_post
NOTIC: 建议使用I方法替代_post

[ 2013-12-23T11:25:14+08:00 ] 127.0.0.1 /thinkphp/index.php/Admin/Post/newPost.html
NOTIC: 建议使用I方法替代_post
NOTIC: 建议使用I方法替代_post

[ 2013-12-23T11:27:50+08:00 ] 127.0.0.1 /thinkphp/index.php/Admin/Post/newPost.html
NOTIC: 建议使用I方法替代_post
NOTIC: 建议使用I方法替代_post

[ 2013-12-23T11:27:55+08:00 ] 127.0.0.1 /thinkphp/index.php/Admin/Post/newPost.html
NOTIC: 建议使用I方法替代_post
NOTIC: 建议使用I方法替代_post

[ 2013-12-23T11:27:58+08:00 ] 127.0.0.1 /thinkphp/index.php/Admin/Post/newPost.html
NOTIC: 建议使用I方法替代_post
NOTIC: 建议使用I方法替代_post

[ 2013-12-23T11:28:03+08:00 ] 127.0.0.1 /thinkphp/index.php/Admin/Post/newPost.html
NOTIC: 建议使用I方法替代_post
NOTIC: 建议使用I方法替代_post

[ 2013-12-23T11:28:07+08:00 ] 127.0.0.1 /thinkphp/index.php/Admin/Post/newPost.html
NOTIC: 建议使用I方法替代_post
NOTIC: 建议使用I方法替代_post

[ 2013-12-23T11:28:16+08:00 ] 127.0.0.1 /thinkphp/index.php/Admin/Post/newPost.html
NOTIC: 建议使用I方法替代_post
NOTIC: 建议使用I方法替代_post

[ 2013-12-23T11:28:24+08:00 ] 127.0.0.1 /thinkphp/index.php/Admin/Post/newPost.html
NOTIC: 建议使用I方法替代_post
NOTIC: 建议使用I方法替代_post

[ 2013-12-23T11:36:54+08:00 ] 127.0.0.1 /thinkphp/index.php/Admin/Post/newPost.html
NOTIC: 建议使用I方法替代_post
NOTIC: 建议使用I方法替代_post

[ 2013-12-23T11:39:05+08:00 ] 127.0.0.1 /thinkphp/index.php/Admin/Post/newPost.html
NOTIC: 建议使用I方法替代_post
NOTIC: 建议使用I方法替代_post

[ 2013-12-23T11:41:43+08:00 ] 127.0.0.1 /thinkphp/index.php/Admin/Post/newPost.html
NOTIC: 建议使用I方法替代_post
NOTIC: 建议使用I方法替代_post

[ 2013-12-23T11:41:46+08:00 ] 127.0.0.1 /thinkphp/index.php/Admin/Post/newPost.html
NOTIC: 建议使用I方法替代_post
NOTIC: 建议使用I方法替代_post

[ 2013-12-23T11:41:49+08:00 ] 127.0.0.1 /thinkphp/index.php/Admin/Post/newPost.html
NOTIC: 建议使用I方法替代_post
NOTIC: 建议使用I方法替代_post

[ 2013-12-23T11:41:57+08:00 ] 127.0.0.1 /thinkphp/index.php/Admin/Post/newPost.html
NOTIC: 建议使用I方法替代_post
NOTIC: 建议使用I方法替代_post

[ 2013-12-23T11:42:05+08:00 ] 127.0.0.1 /thinkphp/index.php/Admin/Post/newPost.html
NOTIC: 建议使用I方法替代_post
NOTIC: 建议使用I方法替代_post

[ 2013-12-23T11:42:11+08:00 ] 127.0.0.1 /thinkphp/index.php/Admin/Post/newPost.html
NOTIC: 建议使用I方法替代_post
NOTIC: 建议使用I方法替代_post

[ 2013-12-23T11:44:07+08:00 ] 127.0.0.1 /thinkphp/index.php/Admin/Post/newPost.html
NOTIC: 建议使用I方法替代_post
NOTIC: 建议使用I方法替代_post

[ 2013-12-23T11:44:10+08:00 ] 127.0.0.1 /thinkphp/index.php/Admin/Post/newPost.html
NOTIC: 建议使用I方法替代_post
NOTIC: 建议使用I方法替代_post

[ 2013-12-23T11:44:14+08:00 ] 127.0.0.1 /thinkphp/index.php/Admin/Post/newPost.html
NOTIC: 建议使用I方法替代_post
NOTIC: 建议使用I方法替代_post

[ 2013-12-23T11:46:04+08:00 ] 127.0.0.1 /thinkphp/index.php/Admin/Post/newPost.html
NOTIC: 建议使用I方法替代_post
NOTIC: 建议使用I方法替代_post

[ 2013-12-23T11:46:10+08:00 ] 127.0.0.1 /thinkphp/index.php/Admin/Post/newPost.html
NOTIC: 建议使用I方法替代_post
NOTIC: 建议使用I方法替代_post

[ 2013-12-23T11:46:14+08:00 ] 127.0.0.1 /thinkphp/index.php/Admin/Post/newPost.html
NOTIC: 建议使用I方法替代_post
NOTIC: 建议使用I方法替代_post

[ 2013-12-23T11:47:10+08:00 ] 127.0.0.1 /thinkphp/index.php/Admin/Post/newPost.html
NOTIC: 建议使用I方法替代_post
NOTIC: 建议使用I方法替代_post

[ 2013-12-23T11:47:26+08:00 ] 127.0.0.1 /thinkphp/index.php/Admin/Post/newPost.html
NOTIC: 建议使用I方法替代_post
NOTIC: 建议使用I方法替代_post

[ 2013-12-23T11:48:14+08:00 ] 127.0.0.1 /thinkphp/index.php/Admin/Post/newPost.html
NOTIC: 建议使用I方法替代_post
NOTIC: 建议使用I方法替代_post

[ 2013-12-23T11:48:30+08:00 ] 127.0.0.1 /thinkphp/index.php/Admin/Post/newPost.html
NOTIC: 建议使用I方法替代_post
NOTIC: 建议使用I方法替代_post

[ 2013-12-23T11:48:33+08:00 ] 127.0.0.1 /thinkphp/index.php/Admin/Post/newPost.html
NOTIC: 建议使用I方法替代_post
NOTIC: 建议使用I方法替代_post

[ 2013-12-23T11:48:36+08:00 ] 127.0.0.1 /thinkphp/index.php/Admin/Post/newPost.html
NOTIC: 建议使用I方法替代_post
NOTIC: 建议使用I方法替代_post

[ 2013-12-23T11:48:39+08:00 ] 127.0.0.1 /thinkphp/index.php/Admin/Post/newPost.html
NOTIC: 建议使用I方法替代_post
NOTIC: 建议使用I方法替代_post

[ 2013-12-23T11:48:58+08:00 ] 127.0.0.1 /thinkphp/index.php/Admin/Post/newPost.html
NOTIC: 建议使用I方法替代_post
NOTIC: 建议使用I方法替代_post
NOTIC: 建议使用I方法替代_post

[ 2013-12-23T11:49:27+08:00 ] 127.0.0.1 /thinkphp/index.php/Admin/Post/newPost.html
NOTIC: 建议使用I方法替代_post
NOTIC: 建议使用I方法替代_post
NOTIC: 建议使用I方法替代_post

[ 2013-12-23T11:49:30+08:00 ] 127.0.0.1 /thinkphp/index.php/Admin/Post/newPost.html
NOTIC: 建议使用I方法替代_post
NOTIC: 建议使用I方法替代_post
NOTIC: 建议使用I方法替代_post

[ 2013-12-23T11:49:51+08:00 ] 127.0.0.1 /thinkphp/index.php/Admin/Post/newPost.html
NOTIC: 建议使用I方法替代_post
NOTIC: 建议使用I方法替代_post
NOTIC: 建议使用I方法替代_post

[ 2013-12-23T11:49:54+08:00 ] 127.0.0.1 /thinkphp/index.php/Admin/Post/newPost.html
NOTIC: 建议使用I方法替代_post
NOTIC: 建议使用I方法替代_post
NOTIC: 建议使用I方法替代_post

[ 2013-12-23T11:49:58+08:00 ] 127.0.0.1 /thinkphp/index.php/Admin/Post/newPost.html
NOTIC: 建议使用I方法替代_post
NOTIC: 建议使用I方法替代_post
NOTIC: 建议使用I方法替代_post

[ 2013-12-23T11:50:08+08:00 ] 127.0.0.1 /thinkphp/index.php/Admin/Post/newPost.html
NOTIC: 建议使用I方法替代_post
NOTIC: 建议使用I方法替代_post
NOTIC: 建议使用I方法替代_post

[ 2013-12-23T11:50:22+08:00 ] 127.0.0.1 /thinkphp/index.php/Admin/Post/newPost.html
NOTIC: 建议使用I方法替代_post
NOTIC: 建议使用I方法替代_post
NOTIC: 建议使用I方法替代_post

[ 2013-12-23T11:50:24+08:00 ] 127.0.0.1 /thinkphp/index.php/Admin/Post/newPost.html
NOTIC: 建议使用I方法替代_post
NOTIC: 建议使用I方法替代_post
NOTIC: 建议使用I方法替代_post

[ 2013-12-23T11:51:16+08:00 ] 127.0.0.1 /thinkphp/index.php/Admin/Post/newPost.html
NOTIC: 建议使用I方法替代_post
NOTIC: 建议使用I方法替代_post
NOTIC: 建议使用I方法替代_post

[ 2013-12-23T11:51:41+08:00 ] 127.0.0.1 /thinkphp/index.php/Admin/Post/newPost.html
NOTIC: 建议使用I方法替代_post
NOTIC: 建议使用I方法替代_post
NOTIC: 建议使用I方法替代_post

[ 2013-12-23T11:59:21+08:00 ] 127.0.0.1 /thinkphp/index.php/Admin/Post/newPost.html
NOTIC: 建议使用I方法替代_post
NOTIC: 建议使用I方法替代_post
NOTIC: 建议使用I方法替代_post

[ 2013-12-23T11:59:26+08:00 ] 127.0.0.1 /thinkphp/index.php/Admin/Post/newPost.html
NOTIC: 建议使用I方法替代_post
NOTIC: 建议使用I方法替代_post
NOTIC: 建议使用I方法替代_post

[ 2013-12-23T11:59:45+08:00 ] 127.0.0.1 /thinkphp/index.php/Admin/Post/newPost.html
NOTIC: 建议使用I方法替代_post
NOTIC: 建议使用I方法替代_post
NOTIC: 建议使用I方法替代_post

[ 2013-12-23T12:01:43+08:00 ] 127.0.0.1 /thinkphp/index.php/Admin/Post/newPost.html
NOTIC: 建议使用I方法替代_post
NOTIC: 建议使用I方法替代_post
NOTIC: 建议使用I方法替代_post

[ 2013-12-23T12:05:24+08:00 ] 127.0.0.1 /thinkphp/index.php/Admin/Post/newPost.html
NOTIC: 建议使用I方法替代_post
NOTIC: 建议使用I方法替代_post
NOTIC: 建议使用I方法替代_post

[ 2013-12-23T12:05:28+08:00 ] 127.0.0.1 /thinkphp/index.php/Admin/Post/newPost.html
NOTIC: 建议使用I方法替代_post
NOTIC: 建议使用I方法替代_post
NOTIC: 建议使用I方法替代_post

[ 2013-12-23T12:05:32+08:00 ] 127.0.0.1 /thinkphp/index.php/Admin/Post/newPost.html
NOTIC: 建议使用I方法替代_post
NOTIC: 建议使用I方法替代_post
NOTIC: 建议使用I方法替代_post

[ 2013-12-23T12:05:34+08:00 ] 127.0.0.1 /thinkphp/index.php/Admin/Post/newPost.html
NOTIC: 建议使用I方法替代_post
NOTIC: 建议使用I方法替代_post
NOTIC: 建议使用I方法替代_post

[ 2013-12-23T12:07:25+08:00 ] 127.0.0.1 /thinkphp/index.php/Admin/Post/newPost.html
NOTIC: 建议使用I方法替代_post
NOTIC: 建议使用I方法替代_post
NOTIC: 建议使用I方法替代_post

[ 2013-12-23T12:07:28+08:00 ] 127.0.0.1 /thinkphp/index.php/Admin/Post/newPost.html
NOTIC: 建议使用I方法替代_post
NOTIC: 建议使用I方法替代_post
NOTIC: 建议使用I方法替代_post

[ 2013-12-23T12:07:34+08:00 ] 127.0.0.1 /thinkphp/index.php/Admin/Post/newPost.html
NOTIC: 建议使用I方法替代_post
NOTIC: 建议使用I方法替代_post
NOTIC: 建议使用I方法替代_post

[ 2013-12-23T12:10:45+08:00 ] 127.0.0.1 /thinkphp/index.php/Admin/Post/newPost.html
NOTIC: 建议使用I方法替代_post
NOTIC: 建议使用I方法替代_post
NOTIC: 建议使用I方法替代_post

[ 2013-12-23T12:10:48+08:00 ] 127.0.0.1 /thinkphp/index.php/Admin/Post/newPost.html
NOTIC: 建议使用I方法替代_post
NOTIC: 建议使用I方法替代_post
NOTIC: 建议使用I方法替代_post

[ 2013-12-23T12:10:50+08:00 ] 127.0.0.1 /thinkphp/index.php/Admin/Post/newPost.html
NOTIC: 建议使用I方法替代_post
NOTIC: 建议使用I方法替代_post
NOTIC: 建议使用I方法替代_post

[ 2013-12-23T12:10:56+08:00 ] 127.0.0.1 /thinkphp/index.php/Admin/Post/newPost.html
NOTIC: 建议使用I方法替代_post
NOTIC: 建议使用I方法替代_post
NOTIC: 建议使用I方法替代_post

[ 2013-12-23T12:10:58+08:00 ] 127.0.0.1 /thinkphp/index.php/Admin/Post/newPost.html
NOTIC: 建议使用I方法替代_post
NOTIC: 建议使用I方法替代_post
NOTIC: 建议使用I方法替代_post

[ 2013-12-23T12:11:00+08:00 ] 127.0.0.1 /thinkphp/index.php/Admin/Post/newPost.html
NOTIC: 建议使用I方法替代_post
NOTIC: 建议使用I方法替代_post
NOTIC: 建议使用I方法替代_post

[ 2013-12-23T12:11:32+08:00 ] 127.0.0.1 /thinkphp/index.php/Admin/Post/newPost.html
NOTIC: 建议使用I方法替代_post
NOTIC: 建议使用I方法替代_post
NOTIC: 建议使用I方法替代_post

[ 2013-12-23T12:11:36+08:00 ] 127.0.0.1 /thinkphp/index.php/Admin/Post/newPost.html
NOTIC: 建议使用I方法替代_post
NOTIC: 建议使用I方法替代_post
NOTIC: 建议使用I方法替代_post

[ 2013-12-23T12:11:38+08:00 ] 127.0.0.1 /thinkphp/index.php/Admin/Post/newPost.html
NOTIC: 建议使用I方法替代_post
NOTIC: 建议使用I方法替代_post
NOTIC: 建议使用I方法替代_post

[ 2013-12-23T12:12:04+08:00 ] 127.0.0.1 /thinkphp/index.php/Admin/Post/newPost.html
NOTIC: 建议使用I方法替代_post
NOTIC: 建议使用I方法替代_post
NOTIC: 建议使用I方法替代_post

[ 2013-12-23T12:13:03+08:00 ] 127.0.0.1 /thinkphp/index.php/Admin/Post/newPost.html
NOTIC: 建议使用I方法替代_post
NOTIC: 建议使用I方法替代_post
NOTIC: 建议使用I方法替代_post

[ 2013-12-23T12:13:14+08:00 ] 127.0.0.1 /thinkphp/index.php/Admin/Post/newPost.html
NOTIC: 建议使用I方法替代_post
NOTIC: 建议使用I方法替代_post
NOTIC: 建议使用I方法替代_post

[ 2013-12-23T12:15:29+08:00 ] 127.0.0.1 /thinkphp/index.php/Admin/Post/newPost.html
NOTIC: 建议使用I方法替代_post
NOTIC: 建议使用I方法替代_post
NOTIC: 建议使用I方法替代_post

[ 2013-12-23T12:15:32+08:00 ] 127.0.0.1 /thinkphp/index.php/Admin/Post/newPost.html
NOTIC: 建议使用I方法替代_post
NOTIC: 建议使用I方法替代_post
NOTIC: 建议使用I方法替代_post

[ 2013-12-23T12:15:34+08:00 ] 127.0.0.1 /thinkphp/index.php/Admin/Post/newPost.html
NOTIC: 建议使用I方法替代_post
NOTIC: 建议使用I方法替代_post
NOTIC: 建议使用I方法替代_post

[ 2013-12-23T12:15:35+08:00 ] 127.0.0.1 /thinkphp/index.php/Admin/Post/newPost.html
NOTIC: 建议使用I方法替代_post
NOTIC: 建议使用I方法替代_post
NOTIC: 建议使用I方法替代_post

[ 2013-12-23T12:15:38+08:00 ] 127.0.0.1 /thinkphp/index.php/Admin/Post/newPost.html
NOTIC: 建议使用I方法替代_post
NOTIC: 建议使用I方法替代_post
NOTIC: 建议使用I方法替代_post

[ 2013-12-23T12:18:51+08:00 ] 127.0.0.1 /thinkphp/index.php/Admin/Post/newPost.html
NOTIC: 建议使用I方法替代_post
NOTIC: 建议使用I方法替代_post
NOTIC: 建议使用I方法替代_post

[ 2013-12-23T12:18:58+08:00 ] 127.0.0.1 /thinkphp/index.php/Admin/Post/newPost.html
NOTIC: 建议使用I方法替代_post
NOTIC: 建议使用I方法替代_post
NOTIC: 建议使用I方法替代_post

[ 2013-12-23T12:21:46+08:00 ] 127.0.0.1 /thinkphp/index.php/Admin/Post/newPost.html
NOTIC: 建议使用I方法替代_post
NOTIC: 建议使用I方法替代_post
NOTIC: 建议使用I方法替代_post

[ 2013-12-23T12:21:49+08:00 ] 127.0.0.1 /thinkphp/index.php/Admin/Post/newPost.html
NOTIC: 建议使用I方法替代_post
NOTIC: 建议使用I方法替代_post
NOTIC: 建议使用I方法替代_post

[ 2013-12-23T12:21:51+08:00 ] 127.0.0.1 /thinkphp/index.php/Admin/Post/newPost.html
NOTIC: 建议使用I方法替代_post
NOTIC: 建议使用I方法替代_post
NOTIC: 建议使用I方法替代_post

[ 2013-12-23T12:21:59+08:00 ] 127.0.0.1 /thinkphp/index.php/Admin/Post/newPost.html
NOTIC: 建议使用I方法替代_post
NOTIC: 建议使用I方法替代_post
NOTIC: 建议使用I方法替代_post

[ 2013-12-23T12:22:13+08:00 ] 127.0.0.1 /thinkphp/index.php/Admin/Post/newPost.html
NOTIC: 建议使用I方法替代_post
NOTIC: 建议使用I方法替代_post
NOTIC: 建议使用I方法替代_post

[ 2013-12-23T12:49:26+08:00 ] 127.0.0.1 /thinkphp/index.php/Admin/Post/newPost.html
NOTIC: 建议使用I方法替代_post
NOTIC: 建议使用I方法替代_post
NOTIC: 建议使用I方法替代_post

[ 2013-12-23T12:50:08+08:00 ] 127.0.0.1 /thinkphp/index.php/Admin/Post/newPost.html
NOTIC: 建议使用I方法替代_post
NOTIC: 建议使用I方法替代_post
NOTIC: 建议使用I方法替代_post

[ 2013-12-23T12:50:28+08:00 ] 127.0.0.1 /thinkphp/index.php/Admin/Post/newPost.html
NOTIC: 建议使用I方法替代_post
NOTIC: 建议使用I方法替代_post
NOTIC: 建议使用I方法替代_post

[ 2013-12-23T12:50:52+08:00 ] 127.0.0.1 /thinkphp/index.php/Admin/Post/newPost.html
NOTIC: 建议使用I方法替代_post
NOTIC: 建议使用I方法替代_post
NOTIC: 建议使用I方法替代_post

[ 2013-12-23T12:50:54+08:00 ] 127.0.0.1 /thinkphp/index.php/Admin/Post/newPost.html
NOTIC: 建议使用I方法替代_post
NOTIC: 建议使用I方法替代_post
NOTIC: 建议使用I方法替代_post

[ 2013-12-23T12:50:57+08:00 ] 127.0.0.1 /thinkphp/index.php/Admin/Post/newPost.html
NOTIC: 建议使用I方法替代_post
NOTIC: 建议使用I方法替代_post
NOTIC: 建议使用I方法替代_post

[ 2013-12-23T12:51:17+08:00 ] 127.0.0.1 /thinkphp/index.php/Admin/Post/newPost.html
NOTIC: 建议使用I方法替代_post
NOTIC: 建议使用I方法替代_post
NOTIC: 建议使用I方法替代_post

[ 2013-12-23T12:51:20+08:00 ] 127.0.0.1 /thinkphp/index.php/Admin/Post/newPost.html
NOTIC: 建议使用I方法替代_post
NOTIC: 建议使用I方法替代_post
NOTIC: 建议使用I方法替代_post

[ 2013-12-23T12:51:42+08:00 ] 127.0.0.1 /thinkphp/index.php/Admin/Post/newPost.html
NOTIC: 建议使用I方法替代_post
NOTIC: 建议使用I方法替代_post
NOTIC: 建议使用I方法替代_post

[ 2013-12-23T12:51:44+08:00 ] 127.0.0.1 /thinkphp/index.php/Admin/Post/newPost.html
NOTIC: 建议使用I方法替代_post
NOTIC: 建议使用I方法替代_post
NOTIC: 建议使用I方法替代_post

[ 2013-12-23T12:52:28+08:00 ] 127.0.0.1 /thinkphp/index.php/Admin/Post/newPost.html
NOTIC: 建议使用I方法替代_post
NOTIC: 建议使用I方法替代_post
NOTIC: 建议使用I方法替代_post

[ 2013-12-23T12:52:50+08:00 ] 127.0.0.1 /thinkphp/index.php/Admin/Post/newPost.html
NOTIC: 建议使用I方法替代_post
NOTIC: 建议使用I方法替代_post
NOTIC: 建议使用I方法替代_post

[ 2013-12-23T12:52:54+08:00 ] 127.0.0.1 /thinkphp/index.php/Admin/Post/newPost.html
NOTIC: 建议使用I方法替代_post
NOTIC: 建议使用I方法替代_post
NOTIC: 建议使用I方法替代_post

[ 2013-12-23T12:53:41+08:00 ] 127.0.0.1 /thinkphp/index.php/Admin/Post/newPost.html
NOTIC: 建议使用I方法替代_post
NOTIC: 建议使用I方法替代_post
NOTIC: 建议使用I方法替代_post

[ 2013-12-23T12:53:57+08:00 ] 127.0.0.1 /thinkphp/index.php/Admin/Post/newPost.html
NOTIC: 建议使用I方法替代_post
NOTIC: 建议使用I方法替代_post
NOTIC: 建议使用I方法替代_post

[ 2013-12-23T12:54:04+08:00 ] 127.0.0.1 /thinkphp/index.php/Admin/Post/newPost.html
NOTIC: 建议使用I方法替代_post
NOTIC: 建议使用I方法替代_post
NOTIC: 建议使用I方法替代_post

[ 2013-12-23T12:55:18+08:00 ] 127.0.0.1 /thinkphp/index.php/Admin/Post/newPost.html
NOTIC: 建议使用I方法替代_post
NOTIC: 建议使用I方法替代_post
NOTIC: 建议使用I方法替代_post

[ 2013-12-23T13:00:01+08:00 ] 127.0.0.1 /thinkphp/index.php/Admin/Post/newPost.html
NOTIC: 建议使用I方法替代_post
NOTIC: 建议使用I方法替代_post
NOTIC: 建议使用I方法替代_post

[ 2013-12-23T13:01:26+08:00 ] 127.0.0.1 /thinkphp/index.php/Admin/Post/newPost.html
NOTIC: 建议使用I方法替代_post
NOTIC: 建议使用I方法替代_post
NOTIC: 建议使用I方法替代_post

[ 2013-12-23T13:02:04+08:00 ] 127.0.0.1 /thinkphp/index.php/Admin/Post/newPost.html
NOTIC: 建议使用I方法替代_post
NOTIC: 建议使用I方法替代_post
NOTIC: 建议使用I方法替代_post

[ 2013-12-23T13:02:51+08:00 ] 127.0.0.1 /thinkphp/index.php/Admin/Post/newPost.html
NOTIC: 建议使用I方法替代_post
NOTIC: 建议使用I方法替代_post
NOTIC: 建议使用I方法替代_post

[ 2013-12-23T13:03:14+08:00 ] 127.0.0.1 /thinkphp/index.php/Admin/Post/newPost.html
NOTIC: 建议使用I方法替代_post
NOTIC: 建议使用I方法替代_post
NOTIC: 建议使用I方法替代_post

[ 2013-12-23T13:03:37+08:00 ] 127.0.0.1 /thinkphp/index.php/Admin/Post/newPost.html
NOTIC: 建议使用I方法替代_post
NOTIC: 建议使用I方法替代_post
NOTIC: 建议使用I方法替代_post

[ 2013-12-23T13:04:47+08:00 ] 127.0.0.1 /thinkphp/index.php/Admin/Post/newPost.html
NOTIC: 建议使用I方法替代_post
NOTIC: 建议使用I方法替代_post
NOTIC: 建议使用I方法替代_post

[ 2013-12-23T13:04:55+08:00 ] 127.0.0.1 /thinkphp/index.php/Admin/Post/newPost.html
NOTIC: 建议使用I方法替代_post
NOTIC: 建议使用I方法替代_post
NOTIC: 建议使用I方法替代_post

[ 2013-12-23T13:05:08+08:00 ] 127.0.0.1 /thinkphp/index.php/Admin/Post/newPost.html
NOTIC: 建议使用I方法替代_post
NOTIC: 建议使用I方法替代_post
NOTIC: 建议使用I方法替代_post

[ 2013-12-23T13:05:12+08:00 ] 127.0.0.1 /thinkphp/index.php/Admin/Post/newPost.html
NOTIC: 建议使用I方法替代_post
NOTIC: 建议使用I方法替代_post
NOTIC: 建议使用I方法替代_post

[ 2013-12-23T13:05:18+08:00 ] 127.0.0.1 /thinkphp/index.php/Admin/Post/newPost.html
NOTIC: 建议使用I方法替代_post
NOTIC: 建议使用I方法替代_post
NOTIC: 建议使用I方法替代_post

[ 2013-12-23T13:05:24+08:00 ] 127.0.0.1 /thinkphp/index.php/Admin/Post/newPost.html
NOTIC: 建议使用I方法替代_post
NOTIC: 建议使用I方法替代_post
NOTIC: 建议使用I方法替代_post

[ 2013-12-23T13:05:43+08:00 ] 127.0.0.1 /thinkphp/index.php/Admin/Post/newPost.html
NOTIC: 建议使用I方法替代_post
NOTIC: 建议使用I方法替代_post
NOTIC: 建议使用I方法替代_post

[ 2013-12-23T13:06:03+08:00 ] 127.0.0.1 /thinkphp/index.php/Admin/Post/newPost.html
NOTIC: 建议使用I方法替代_post
NOTIC: 建议使用I方法替代_post
NOTIC: 建议使用I方法替代_post

[ 2013-12-23T13:06:09+08:00 ] 127.0.0.1 /thinkphp/index.php/Admin/Post/newPost.html
NOTIC: 建议使用I方法替代_post
NOTIC: 建议使用I方法替代_post
NOTIC: 建议使用I方法替代_post

[ 2013-12-23T13:10:11+08:00 ] 127.0.0.1 /thinkphp/index.php/Admin/Post/newPost.html
NOTIC: 建议使用I方法替代_post
NOTIC: 建议使用I方法替代_post
NOTIC: 建议使用I方法替代_post

[ 2013-12-23T13:10:49+08:00 ] 127.0.0.1 /thinkphp/index.php/Admin/Post/newPost.html
NOTIC: 建议使用I方法替代_post
NOTIC: 建议使用I方法替代_post
NOTIC: 建议使用I方法替代_post

[ 2013-12-23T13:11:29+08:00 ] 127.0.0.1 /thinkphp/index.php/Admin/Post/newPost.html
NOTIC: 建议使用I方法替代_post
NOTIC: 建议使用I方法替代_post
NOTIC: 建议使用I方法替代_post

[ 2013-12-23T13:12:00+08:00 ] 127.0.0.1 /thinkphp/index.php/Admin/Post/newPost.html
NOTIC: 建议使用I方法替代_post
NOTIC: 建议使用I方法替代_post
NOTIC: 建议使用I方法替代_post

[ 2013-12-23T13:12:11+08:00 ] 127.0.0.1 /thinkphp/index.php/Admin/Post/newPost.html
NOTIC: 建议使用I方法替代_post
NOTIC: 建议使用I方法替代_post
NOTIC: 建议使用I方法替代_post

[ 2013-12-23T13:12:16+08:00 ] 127.0.0.1 /thinkphp/index.php/Admin/Post/newPost.html
NOTIC: 建议使用I方法替代_post
NOTIC: 建议使用I方法替代_post
NOTIC: 建议使用I方法替代_post

[ 2013-12-23T13:13:16+08:00 ] 127.0.0.1 /thinkphp/index.php/Admin/Post/newPost.html
NOTIC: 建议使用I方法替代_post
NOTIC: 建议使用I方法替代_post
NOTIC: 建议使用I方法替代_post

[ 2013-12-23T13:13:52+08:00 ] 127.0.0.1 /thinkphp/index.php/Admin/Post/newPost.html
NOTIC: 建议使用I方法替代_post
NOTIC: 建议使用I方法替代_post
NOTIC: 建议使用I方法替代_post

[ 2013-12-23T13:15:05+08:00 ] 127.0.0.1 /thinkphp/index.php/Admin/Post/newPost.html
NOTIC: 建议使用I方法替代_post
NOTIC: 建议使用I方法替代_post
NOTIC: 建议使用I方法替代_post

[ 2013-12-23T13:15:08+08:00 ] 127.0.0.1 /thinkphp/index.php/Admin/Post/newPost.html
NOTIC: 建议使用I方法替代_post
NOTIC: 建议使用I方法替代_post
NOTIC: 建议使用I方法替代_post

[ 2013-12-23T13:15:27+08:00 ] 127.0.0.1 /thinkphp/index.php/Admin/Post/newPost.html
NOTIC: 建议使用I方法替代_post
NOTIC: 建议使用I方法替代_post
NOTIC: 建议使用I方法替代_post

[ 2013-12-23T13:15:32+08:00 ] 127.0.0.1 /thinkphp/index.php/Admin/Post/newPost.html
NOTIC: 建议使用I方法替代_post
NOTIC: 建议使用I方法替代_post
NOTIC: 建议使用I方法替代_post

[ 2013-12-23T13:15:34+08:00 ] 127.0.0.1 /thinkphp/index.php/Admin/Post/newPost.html
NOTIC: 建议使用I方法替代_post
NOTIC: 建议使用I方法替代_post
NOTIC: 建议使用I方法替代_post

[ 2013-12-23T13:27:38+08:00 ] 127.0.0.1 /thinkphp/index.php/Admin/Post/newPost.html
NOTIC: 建议使用I方法替代_post
NOTIC: 建议使用I方法替代_post
NOTIC: 建议使用I方法替代_post

[ 2013-12-23T13:27:51+08:00 ] 127.0.0.1 /thinkphp/index.php/Admin/Post/newPost.html
NOTIC: 建议使用I方法替代_post
NOTIC: 建议使用I方法替代_post
NOTIC: 建议使用I方法替代_post

[ 2013-12-23T13:38:05+08:00 ] 127.0.0.1 /thinkphp/index.php/Admin/Post/newPost.html
NOTIC: 建议使用I方法替代_post
NOTIC: 建议使用I方法替代_post
NOTIC: 建议使用I方法替代_post

[ 2013-12-23T13:38:30+08:00 ] 127.0.0.1 /thinkphp/index.php/Admin/Post/newPost.html
NOTIC: 建议使用I方法替代_post
NOTIC: 建议使用I方法替代_post
NOTIC: 建议使用I方法替代_post

[ 2013-12-23T13:39:07+08:00 ] 127.0.0.1 /thinkphp/index.php/Admin/Post/newPost.html
NOTIC: 建议使用I方法替代_post
NOTIC: 建议使用I方法替代_post
NOTIC: 建议使用I方法替代_post

[ 2013-12-23T13:39:28+08:00 ] 127.0.0.1 /thinkphp/index.php/Admin/Post/newPost.html
NOTIC: 建议使用I方法替代_post
NOTIC: 建议使用I方法替代_post
NOTIC: 建议使用I方法替代_post

[ 2013-12-23T13:42:30+08:00 ] 127.0.0.1 /thinkphp/index.php/Admin/Post/newPost.html
NOTIC: 建议使用I方法替代_post
NOTIC: 建议使用I方法替代_post
NOTIC: 建议使用I方法替代_post

[ 2013-12-23T13:44:24+08:00 ] 127.0.0.1 /thinkphp/index.php/Admin/Post/newPost.html
NOTIC: 建议使用I方法替代_post
NOTIC: 建议使用I方法替代_post
NOTIC: 建议使用I方法替代_post
NOTIC: 建议使用I方法替代_post

[ 2013-12-23T13:45:34+08:00 ] 127.0.0.1 /thinkphp/index.php/Admin/Post/newPost.html
NOTIC: 建议使用I方法替代_post
NOTIC: 建议使用I方法替代_post
NOTIC: 建议使用I方法替代_post
NOTIC: 建议使用I方法替代_post

[ 2013-12-23T13:45:38+08:00 ] 127.0.0.1 /thinkphp/index.php/Admin/Post/newPost.html
NOTIC: 建议使用I方法替代_post
NOTIC: 建议使用I方法替代_post
NOTIC: 建议使用I方法替代_post
NOTIC: 建议使用I方法替代_post

[ 2013-12-23T13:46:01+08:00 ] 127.0.0.1 /thinkphp/index.php/Admin/Post/newPost.html
NOTIC: 建议使用I方法替代_post
NOTIC: 建议使用I方法替代_post
NOTIC: 建议使用I方法替代_post
NOTIC: 建议使用I方法替代_post

[ 2013-12-23T13:46:25+08:00 ] 127.0.0.1 /thinkphp/index.php/Admin/Post/newPost.html
NOTIC: 建议使用I方法替代_post
NOTIC: 建议使用I方法替代_post
NOTIC: 建议使用I方法替代_post
NOTIC: 建议使用I方法替代_post

[ 2013-12-23T13:47:22+08:00 ] 127.0.0.1 /thinkphp/index.php/Admin/Post/newPost.html
NOTIC: 建议使用I方法替代_post
NOTIC: 建议使用I方法替代_post
NOTIC: 建议使用I方法替代_post
NOTIC: 建议使用I方法替代_post

[ 2013-12-23T13:57:51+08:00 ] 127.0.0.1 /thinkphp/index.php/Admin/Post/newPost.html
NOTIC: 建议使用I方法替代_post
NOTIC: 建议使用I方法替代_post
NOTIC: 建议使用I方法替代_post
NOTIC: 建议使用I方法替代_post

[ 2013-12-23T13:58:15+08:00 ] 127.0.0.1 /thinkphp/index.php/Admin/Post/newPost.html
NOTIC: 建议使用I方法替代_post
NOTIC: 建议使用I方法替代_post
NOTIC: 建议使用I方法替代_post
NOTIC: 建议使用I方法替代_post

[ 2013-12-23T13:59:06+08:00 ] 127.0.0.1 /thinkphp/index.php/Admin/Post/newPost.html
NOTIC: 建议使用I方法替代_post
NOTIC: 建议使用I方法替代_post
NOTIC: 建议使用I方法替代_post
NOTIC: 建议使用I方法替代_post

[ 2013-12-23T13:59:12+08:00 ] 127.0.0.1 /thinkphp/index.php/Admin/Post/newPost.html
NOTIC: 建议使用I方法替代_post
NOTIC: 建议使用I方法替代_post
NOTIC: 建议使用I方法替代_post
NOTIC: 建议使用I方法替代_post

[ 2013-12-23T13:59:55+08:00 ] 127.0.0.1 /thinkphp/index.php/Admin/Post/newPost.html
NOTIC: 建议使用I方法替代_post
NOTIC: 建议使用I方法替代_post
NOTIC: 建议使用I方法替代_post
NOTIC: 建议使用I方法替代_post

[ 2013-12-23T14:00:00+08:00 ] 127.0.0.1 /thinkphp/index.php/Admin/Post/newPost.html
NOTIC: 建议使用I方法替代_post
NOTIC: 建议使用I方法替代_post
NOTIC: 建议使用I方法替代_post
NOTIC: 建议使用I方法替代_post

[ 2013-12-23T14:00:13+08:00 ] 127.0.0.1 /thinkphp/index.php/Admin/Post/newPost.html
NOTIC: 建议使用I方法替代_post
NOTIC: 建议使用I方法替代_post
NOTIC: 建议使用I方法替代_post
NOTIC: 建议使用I方法替代_post

[ 2013-12-23T14:03:55+08:00 ] 127.0.0.1 /thinkphp/index.php/Admin/Post/newPost.html
NOTIC: 建议使用I方法替代_post
NOTIC: 建议使用I方法替代_post
NOTIC: 建议使用I方法替代_post
NOTIC: 建议使用I方法替代_post

[ 2013-12-23T14:04:00+08:00 ] 127.0.0.1 /thinkphp/index.php/Admin/Post/newPost.html
NOTIC: 建议使用I方法替代_post
NOTIC: 建议使用I方法替代_post
NOTIC: 建议使用I方法替代_post
NOTIC: 建议使用I方法替代_post

[ 2013-12-23T14:04:02+08:00 ] 127.0.0.1 /thinkphp/index.php/Admin/Post/newPost.html
NOTIC: 建议使用I方法替代_post
NOTIC: 建议使用I方法替代_post
NOTIC: 建议使用I方法替代_post
NOTIC: 建议使用I方法替代_post

[ 2013-12-23T14:15:38+08:00 ] 127.0.0.1 /thinkphp/index.php/Admin/Post/newPost.html
NOTIC: 建议使用I方法替代_post
NOTIC: 建议使用I方法替代_post
NOTIC: 建议使用I方法替代_post
NOTIC: 建议使用I方法替代_post
NOTIC: 建议使用I方法替代_post

[ 2013-12-23T14:30:51+08:00 ] 127.0.0.1 /thinkphp/index.php/Admin/Post/newPost.html
NOTIC: 建议使用I方法替代_post
NOTIC: 建议使用I方法替代_post
NOTIC: 建议使用I方法替代_post
NOTIC: 建议使用I方法替代_post

[ 2013-12-23T14:31:04+08:00 ] 127.0.0.1 /thinkphp/index.php/Admin/Post/newPost.html
NOTIC: 建议使用I方法替代_post
NOTIC: 建议使用I方法替代_post
NOTIC: 建议使用I方法替代_post
NOTIC: 建议使用I方法替代_post

[ 2013-12-23T14:33:34+08:00 ] 127.0.0.1 /thinkphp/index.php/Admin/Post/newPost.html
NOTIC: 建议使用I方法替代_post
NOTIC: 建议使用I方法替代_post
NOTIC: 建议使用I方法替代_post
NOTIC: 建议使用I方法替代_post

[ 2013-12-23T14:33:56+08:00 ] 127.0.0.1 /thinkphp/index.php/Admin/Post/newPost.html
NOTIC: 建议使用I方法替代_post
NOTIC: 建议使用I方法替代_post
NOTIC: 建议使用I方法替代_post
NOTIC: 建议使用I方法替代_post

[ 2013-12-23T14:37:15+08:00 ] 127.0.0.1 /thinkphp/index.php/Admin/Post/newPost.html
NOTIC: 建议使用I方法替代_post
NOTIC: 建议使用I方法替代_post
NOTIC: 建议使用I方法替代_post
NOTIC: 建议使用I方法替代_post

[ 2013-12-23T14:37:22+08:00 ] 127.0.0.1 /thinkphp/index.php/Admin/Post/newPost.html
NOTIC: 建议使用I方法替代_post
NOTIC: 建议使用I方法替代_post
NOTIC: 建议使用I方法替代_post
NOTIC: 建议使用I方法替代_post

[ 2013-12-23T14:37:26+08:00 ] 127.0.0.1 /thinkphp/index.php/Admin/Post/newPost.html
NOTIC: 建议使用I方法替代_post
NOTIC: 建议使用I方法替代_post
NOTIC: 建议使用I方法替代_post
NOTIC: 建议使用I方法替代_post

[ 2013-12-23T14:37:37+08:00 ] 127.0.0.1 /thinkphp/index.php/Admin/Post/newPost.html
NOTIC: 建议使用I方法替代_post
NOTIC: 建议使用I方法替代_post
NOTIC: 建议使用I方法替代_post
NOTIC: 建议使用I方法替代_post

[ 2013-12-23T14:38:58+08:00 ] 127.0.0.1 /thinkphp/index.php/Admin/Post/newPost.html
NOTIC: 建议使用I方法替代_post
NOTIC: 建议使用I方法替代_post
NOTIC: 建议使用I方法替代_post
NOTIC: 建议使用I方法替代_post

[ 2013-12-23T14:39:03+08:00 ] 127.0.0.1 /thinkphp/index.php/Admin/Post/newPost.html
NOTIC: 建议使用I方法替代_post
NOTIC: 建议使用I方法替代_post
NOTIC: 建议使用I方法替代_post
NOTIC: 建议使用I方法替代_post

[ 2013-12-23T14:42:00+08:00 ] 127.0.0.1 /thinkphp/index.php/Admin/Post/newPost.html
NOTIC: 建议使用I方法替代_post
NOTIC: 建议使用I方法替代_post
NOTIC: 建议使用I方法替代_post
NOTIC: 建议使用I方法替代_post

[ 2013-12-23T14:43:02+08:00 ] 127.0.0.1 /thinkphp/index.php/Admin/Post/newPost.html
NOTIC: 建议使用I方法替代_post
NOTIC: 建议使用I方法替代_post
NOTIC: 建议使用I方法替代_post
NOTIC: 建议使用I方法替代_post

[ 2013-12-23T14:43:37+08:00 ] 127.0.0.1 /thinkphp/index.php/Admin/Post/newPost.html
NOTIC: 建议使用I方法替代_post
NOTIC: 建议使用I方法替代_post
NOTIC: 建议使用I方法替代_post
NOTIC: 建议使用I方法替代_post

[ 2013-12-23T14:46:41+08:00 ] 127.0.0.1 /thinkphp/index.php/Admin/Post/newPost/post_id/49.html
NOTIC: 建议使用I方法替代_post
NOTIC: 建议使用I方法替代_post
NOTIC: 建议使用I方法替代_post
NOTIC: 建议使用I方法替代_post

[ 2013-12-23T14:46:47+08:00 ] 127.0.0.1 /thinkphp/index.php/Admin/Post/newPost.html
NOTIC: 建议使用I方法替代_post
NOTIC: 建议使用I方法替代_post
NOTIC: 建议使用I方法替代_post
NOTIC: 建议使用I方法替代_post

[ 2013-12-23T14:46:58+08:00 ] 127.0.0.1 /thinkphp/index.php/Admin/Post/newPost.html
NOTIC: 建议使用I方法替代_post
NOTIC: 建议使用I方法替代_post
NOTIC: 建议使用I方法替代_post
NOTIC: 建议使用I方法替代_post

[ 2013-12-23T14:47:07+08:00 ] 127.0.0.1 /thinkphp/index.php/Admin/Post/newPost/post_id/49.html
NOTIC: 建议使用I方法替代_post
NOTIC: 建议使用I方法替代_post
NOTIC: 建议使用I方法替代_post
NOTIC: 建议使用I方法替代_post

[ 2013-12-23T14:49:05+08:00 ] 127.0.0.1 /thinkphp/index.php/Admin/Post/newPost/post_id/49.html
NOTIC: 建议使用I方法替代_post
NOTIC: 建议使用I方法替代_post
NOTIC: 建议使用I方法替代_post
NOTIC: 建议使用I方法替代_post

[ 2013-12-23T14:49:21+08:00 ] 127.0.0.1 /thinkphp/index.php/Admin/Post/newPost/post_id/49.html
NOTIC: 建议使用I方法替代_post
NOTIC: 建议使用I方法替代_post
NOTIC: 建议使用I方法替代_post
NOTIC: 建议使用I方法替代_post

[ 2013-12-23T14:50:10+08:00 ] 127.0.0.1 /thinkphp/index.php/Admin/Post/newPost/post_id/49.html
NOTIC: 建议使用I方法替代_post
NOTIC: 建议使用I方法替代_post
NOTIC: 建议使用I方法替代_post
NOTIC: 建议使用I方法替代_post

[ 2013-12-23T14:50:48+08:00 ] 127.0.0.1 /thinkphp/index.php/Admin/Post/newPost/post_id/49.html
NOTIC: 建议使用I方法替代_post
NOTIC: 建议使用I方法替代_post
NOTIC: 建议使用I方法替代_post
NOTIC: 建议使用I方法替代_post

[ 2013-12-23T14:51:08+08:00 ] 127.0.0.1 /thinkphp/index.php/Admin/Post/newPost/post_id/49.html
NOTIC: 建议使用I方法替代_post
NOTIC: 建议使用I方法替代_post
NOTIC: 建议使用I方法替代_post
NOTIC: 建议使用I方法替代_post

[ 2013-12-23T14:51:18+08:00 ] 127.0.0.1 /thinkphp/index.php/Admin/Post/newPost/post_id/49.html
NOTIC: 建议使用I方法替代_post
NOTIC: 建议使用I方法替代_post
NOTIC: 建议使用I方法替代_post
NOTIC: 建议使用I方法替代_post

[ 2013-12-23T14:51:19+08:00 ] 127.0.0.1 /thinkphp/index.php/Admin/Post/newPost/post_id/49.html
NOTIC: 建议使用I方法替代_post
NOTIC: 建议使用I方法替代_post
NOTIC: 建议使用I方法替代_post
NOTIC: 建议使用I方法替代_post

[ 2013-12-23T14:51:32+08:00 ] 127.0.0.1 /thinkphp/index.php/Admin/Post/newPost/post_id/49.html
NOTIC: 建议使用I方法替代_post
NOTIC: 建议使用I方法替代_post
NOTIC: 建议使用I方法替代_post
NOTIC: 建议使用I方法替代_post

[ 2013-12-23T14:51:34+08:00 ] 127.0.0.1 /thinkphp/index.php/Admin/Post/newPost/post_id/49.html
NOTIC: 建议使用I方法替代_post
NOTIC: 建议使用I方法替代_post
NOTIC: 建议使用I方法替代_post
NOTIC: 建议使用I方法替代_post

[ 2013-12-23T14:51:49+08:00 ] 127.0.0.1 /thinkphp/index.php/Admin/Post/newPost
NOTIC: 建议使用I方法替代_post
NOTIC: 建议使用I方法替代_post
NOTIC: 建议使用I方法替代_post
NOTIC: 建议使用I方法替代_post

[ 2013-12-23T14:51:55+08:00 ] 127.0.0.1 /thinkphp/index.php/Admin/Post/newPost
NOTIC: 建议使用I方法替代_post
NOTIC: 建议使用I方法替代_post
NOTIC: 建议使用I方法替代_post
NOTIC: 建议使用I方法替代_post

[ 2013-12-23T14:52:23+08:00 ] 127.0.0.1 /thinkphp/index.php/Admin/Post/newPost
NOTIC: 建议使用I方法替代_post
NOTIC: 建议使用I方法替代_post
NOTIC: 建议使用I方法替代_post
NOTIC: 建议使用I方法替代_post

[ 2013-12-23T14:52:41+08:00 ] 127.0.0.1 /thinkphp/index.php/Admin/Post/newPost
NOTIC: 建议使用I方法替代_post
NOTIC: 建议使用I方法替代_post
NOTIC: 建议使用I方法替代_post
NOTIC: 建议使用I方法替代_post

[ 2013-12-23T14:52:44+08:00 ] 127.0.0.1 /thinkphp/index.php/Admin/Post/newPost
NOTIC: 建议使用I方法替代_post
NOTIC: 建议使用I方法替代_post
NOTIC: 建议使用I方法替代_post
NOTIC: 建议使用I方法替代_post

[ 2013-12-23T14:52:55+08:00 ] 127.0.0.1 /thinkphp/index.php/Admin/Post/newPost
NOTIC: 建议使用I方法替代_post
NOTIC: 建议使用I方法替代_post
NOTIC: 建议使用I方法替代_post
NOTIC: 建议使用I方法替代_post

[ 2013-12-23T14:54:13+08:00 ] 127.0.0.1 /thinkphp/index.php/Admin/Post/newPost
NOTIC: 建议使用I方法替代_post
NOTIC: 建议使用I方法替代_post
NOTIC: 建议使用I方法替代_post
NOTIC: 建议使用I方法替代_post

[ 2013-12-23T14:54:23+08:00 ] 127.0.0.1 /thinkphp/index.php/Admin/Post/newPost
NOTIC: 建议使用I方法替代_post
NOTIC: 建议使用I方法替代_post
NOTIC: 建议使用I方法替代_post
NOTIC: 建议使用I方法替代_post

[ 2013-12-23T14:55:14+08:00 ] 127.0.0.1 /thinkphp/index.php/Admin/Post/newPost
NOTIC: 建议使用I方法替代_post
NOTIC: 建议使用I方法替代_post
NOTIC: 建议使用I方法替代_post
NOTIC: 建议使用I方法替代_post

[ 2013-12-23T14:55:16+08:00 ] 127.0.0.1 /thinkphp/index.php/Admin/Post/newPost
NOTIC: 建议使用I方法替代_post
NOTIC: 建议使用I方法替代_post
NOTIC: 建议使用I方法替代_post
NOTIC: 建议使用I方法替代_post

[ 2013-12-23T14:55:23+08:00 ] 127.0.0.1 /thinkphp/index.php/Admin/Post/newPost
NOTIC: 建议使用I方法替代_post
NOTIC: 建议使用I方法替代_post
NOTIC: 建议使用I方法替代_post
NOTIC: 建议使用I方法替代_post

[ 2013-12-23T14:59:15+08:00 ] 127.0.0.1 /thinkphp/index.php/Admin/Post/newPost
NOTIC: 建议使用I方法替代_post
NOTIC: 建议使用I方法替代_post
NOTIC: 建议使用I方法替代_post
NOTIC: 建议使用I方法替代_post

[ 2013-12-23T14:59:25+08:00 ] 127.0.0.1 /thinkphp/index.php/Admin/Post/newPost
NOTIC: 建议使用I方法替代_post
NOTIC: 建议使用I方法替代_post
NOTIC: 建议使用I方法替代_post
NOTIC: 建议使用I方法替代_post

[ 2013-12-23T15:12:26+08:00 ] 127.0.0.1 /thinkphp/index.php/Admin/Post/newPost
NOTIC: 建议使用I方法替代_post
NOTIC: 建议使用I方法替代_post
NOTIC: 建议使用I方法替代_post
NOTIC: 建议使用I方法替代_post

[ 2013-12-23T15:19:47+08:00 ] 127.0.0.1 /thinkphp/index.php/Admin/Post/newPost.html
NOTIC: 建议使用I方法替代_post
NOTIC: 建议使用I方法替代_post
NOTIC: 建议使用I方法替代_post
NOTIC: 建议使用I方法替代_post

[ 2013-12-23T15:19:57+08:00 ] 127.0.0.1 /thinkphp/index.php/Admin/Post/newPost.html
NOTIC: 建议使用I方法替代_post
NOTIC: 建议使用I方法替代_post
NOTIC: 建议使用I方法替代_post
NOTIC: 建议使用I方法替代_post

[ 2013-12-23T15:29:22+08:00 ] 127.0.0.1 /thinkphp/index.php/Admin/Post/newPost.html
NOTIC: 建议使用I方法替代_post
NOTIC: 建议使用I方法替代_post
NOTIC: 建议使用I方法替代_post
NOTIC: 建议使用I方法替代_post

[ 2013-12-23T15:29:43+08:00 ] 127.0.0.1 /thinkphp/index.php/Admin/Post/newPost.html
NOTIC: 建议使用I方法替代_post
NOTIC: 建议使用I方法替代_post
NOTIC: 建议使用I方法替代_post
NOTIC: 建议使用I方法替代_post

[ 2013-12-23T15:30:28+08:00 ] 127.0.0.1 /thinkphp/index.php/Admin/Post/newPost.html
NOTIC: 建议使用I方法替代_post
NOTIC: 建议使用I方法替代_post
NOTIC: 建议使用I方法替代_post
NOTIC: 建议使用I方法替代_post

[ 2013-12-23T15:30:33+08:00 ] 127.0.0.1 /thinkphp/index.php/Admin/Post/newPost/post_id/-1.html
NOTIC: 建议使用I方法替代_post
NOTIC: 建议使用I方法替代_post
NOTIC: 建议使用I方法替代_post
NOTIC: 建议使用I方法替代_post
NOTIC: 建议使用I方法替代_post
NOTIC: 建议使用I方法替代_post
NOTIC: 建议使用I方法替代_post
NOTIC: 建议使用I方法替代_post

[ 2013-12-23T15:30:46+08:00 ] 127.0.0.1 /thinkphp/index.php/Admin/Post/newPost/post_id/-1.html
NOTIC: 建议使用I方法替代_post
NOTIC: 建议使用I方法替代_post
NOTIC: 建议使用I方法替代_post
NOTIC: 建议使用I方法替代_post
NOTIC: 建议使用I方法替代_post
NOTIC: 建议使用I方法替代_post
NOTIC: 建议使用I方法替代_post
NOTIC: 建议使用I方法替代_post

[ 2013-12-23T15:31:01+08:00 ] 127.0.0.1 /thinkphp/index.php/Admin/Post/newPost/post_id/-1.html
NOTIC: 建议使用I方法替代_post
NOTIC: 建议使用I方法替代_post
NOTIC: 建议使用I方法替代_post
NOTIC: 建议使用I方法替代_post
NOTIC: 建议使用I方法替代_post
NOTIC: 建议使用I方法替代_post
NOTIC: 建议使用I方法替代_post
NOTIC: 建议使用I方法替代_post

[ 2013-12-23T15:33:06+08:00 ] 127.0.0.1 /thinkphp/index.php/Admin/Post/newPost
NOTIC: 建议使用I方法替代_post
NOTIC: 建议使用I方法替代_post
NOTIC: 建议使用I方法替代_post
NOTIC: 建议使用I方法替代_post

[ 2013-12-23T15:33:13+08:00 ] 127.0.0.1 /thinkphp/index.php/Admin/Post/newPost/post_id/-1.html
NOTIC: 建议使用I方法替代_post
NOTIC: 建议使用I方法替代_post
NOTIC: 建议使用I方法替代_post
NOTIC: 建议使用I方法替代_post
NOTIC: 建议使用I方法替代_post
NOTIC: 建议使用I方法替代_post
NOTIC: 建议使用I方法替代_post
NOTIC: 建议使用I方法替代_post

[ 2013-12-23T15:33:17+08:00 ] 127.0.0.1 /thinkphp/index.php/Admin/Post/newPost/post_id/-1.html
NOTIC: 建议使用I方法替代_post
NOTIC: 建议使用I方法替代_post
NOTIC: 建议使用I方法替代_post
NOTIC: 建议使用I方法替代_post
NOTIC: 建议使用I方法替代_post
NOTIC: 建议使用I方法替代_post
NOTIC: 建议使用I方法替代_post
NOTIC: 建议使用I方法替代_post

[ 2013-12-23T15:33:30+08:00 ] 127.0.0.1 /thinkphp/index.php/Admin/Post/newPost/post_id/57.html
NOTIC: 建议使用I方法替代_post
NOTIC: 建议使用I方法替代_post
NOTIC: 建议使用I方法替代_post
NOTIC: 建议使用I方法替代_post
NOTIC: 建议使用I方法替代_post
NOTIC: 建议使用I方法替代_post
NOTIC: 建议使用I方法替代_post
NOTIC: 建议使用I方法替代_post

[ 2013-12-23T15:36:30+08:00 ] 127.0.0.1 /thinkphp/index.php/Admin/Post/newPost.html
NOTIC: 建议使用I方法替代_post
NOTIC: 建议使用I方法替代_post
NOTIC: 建议使用I方法替代_post
NOTIC: 建议使用I方法替代_post

[ 2013-12-23T15:36:55+08:00 ] 127.0.0.1 /thinkphp/index.php/Admin/Post/newPost/post_id/58.html
NOTIC: 建议使用I方法替代_post
NOTIC: 建议使用I方法替代_post
NOTIC: 建议使用I方法替代_post
NOTIC: 建议使用I方法替代_post

[ 2013-12-23T15:37:23+08:00 ] 127.0.0.1 /thinkphp/index.php/Admin/Post/newPost.html
NOTIC: 建议使用I方法替代_post
NOTIC: 建议使用I方法替代_post
NOTIC: 建议使用I方法替代_post
NOTIC: 建议使用I方法替代_post

[ 2013-12-23T15:38:15+08:00 ] 127.0.0.1 /thinkphp/index.php/Admin/Post/newPost.html
NOTIC: 建议使用I方法替代_post
NOTIC: 建议使用I方法替代_post
NOTIC: 建议使用I方法替代_post
NOTIC: 建议使用I方法替代_post

[ 2013-12-23T15:38:25+08:00 ] 127.0.0.1 /thinkphp/index.php/Admin/Post/newPost/post_id/-1.html
NOTIC: 建议使用I方法替代_post
NOTIC: 建议使用I方法替代_post
NOTIC: 建议使用I方法替代_post
NOTIC: 建议使用I方法替代_post

[ 2013-12-23T15:38:42+08:00 ] 127.0.0.1 /thinkphp/index.php/Admin/Post/newPost/post_id/59.html
NOTIC: 建议使用I方法替代_post
NOTIC: 建议使用I方法替代_post
NOTIC: 建议使用I方法替代_post
NOTIC: 建议使用I方法替代_post

[ 2013-12-23T15:43:20+08:00 ] 127.0.0.1 /thinkphp/index.php/Admin/Post/newPost/post_id/59.html
NOTIC: 建议使用I方法替代_post
NOTIC: 建议使用I方法替代_post
NOTIC: 建议使用I方法替代_post
NOTIC: 建议使用I方法替代_post

[ 2013-12-23T15:43:24+08:00 ] 127.0.0.1 /thinkphp/index.php/Admin/Post/newPost.html
NOTIC: 建议使用I方法替代_post
NOTIC: 建议使用I方法替代_post
NOTIC: 建议使用I方法替代_post
NOTIC: 建议使用I方法替代_post

[ 2013-12-23T15:43:34+08:00 ] 127.0.0.1 /thinkphp/index.php/Admin/Post/newPost/post_id/-1.html
NOTIC: 建议使用I方法替代_post
NOTIC: 建议使用I方法替代_post
NOTIC: 建议使用I方法替代_post
NOTIC: 建议使用I方法替代_post

[ 2013-12-23T16:12:12+08:00 ] 127.0.0.1 /thinkphp/index.php/Admin/Post/newPost.html
NOTIC: 建议使用I方法替代_post
NOTIC: 建议使用I方法替代_post
NOTIC: 建议使用I方法替代_post
NOTIC: 建议使用I方法替代_post

[ 2013-12-23T16:12:12+08:00 ] 127.0.0.1 /thinkphp/index.php/Admin/Post/newPost.html
NOTIC: 建议使用I方法替代_post
NOTIC: 建议使用I方法替代_post
NOTIC: 建议使用I方法替代_post
NOTIC: 建议使用I方法替代_post

[ 2013-12-23T16:14:06+08:00 ] 127.0.0.1 /thinkphp/index.php/Post/newPost.html
NOTIC: 建议使用I方法替代_post
NOTIC: 建议使用I方法替代_post
NOTIC: 建议使用I方法替代_post
NOTIC: 建议使用I方法替代_post

[ 2013-12-23T20:30:52+08:00 ] 127.0.0.1 /thinkphp/index.php/Post/newPost.html
NOTIC: 建议使用I方法替代_post
NOTIC: 建议使用I方法替代_post
NOTIC: 建议使用I方法替代_post
NOTIC: 建议使用I方法替代_post

[ 2013-12-23T20:31:02+08:00 ] 127.0.0.1 /thinkphp/index.php/Admin/Post/newPost/post_id/-1.html
NOTIC: 建议使用I方法替代_post
NOTIC: 建议使用I方法替代_post
NOTIC: 建议使用I方法替代_post
NOTIC: 建议使用I方法替代_post

[ 2013-12-23T20:31:05+08:00 ] 127.0.0.1 /thinkphp/index.php/Admin/Post/newPost/post_id/61.html
NOTIC: 建议使用I方法替代_post
NOTIC: 建议使用I方法替代_post
NOTIC: 建议使用I方法替代_post
NOTIC: 建议使用I方法替代_post

[ 2013-12-23T20:44:23+08:00 ] 127.0.0.1 /thinkphp/index.php/Post/newPost.html
NOTIC: 建议使用I方法替代_post
NOTIC: 建议使用I方法替代_post
NOTIC: 建议使用I方法替代_post
NOTIC: 建议使用I方法替代_post

[ 2013-12-23T21:25:00+08:00 ] 127.0.0.1 /thinkphp/index.php/Post/newPost.html
NOTIC: 建议使用I方法替代_post
NOTIC: 建议使用I方法替代_post
NOTIC: 建议使用I方法替代_post
NOTIC: 建议使用I方法替代_post

[ 2013-12-23T22:05:30+08:00 ] 127.0.0.1 /thinkphp/index.php/Admin/Post/index.html
NOTIC: 建议使用I方法替代_post

[ 2013-12-23T22:18:49+08:00 ] 127.0.0.1 /thinkphp/index.php/Admin/Post/newPost.html
NOTIC: 建议使用I方法替代_post
NOTIC: 建议使用I方法替代_post
NOTIC: 建议使用I方法替代_post
NOTIC: 建议使用I方法替代_post

[ 2013-12-23T22:19:07+08:00 ] 127.0.0.1 /thinkphp/index.php/Post/allPost.html
ERR: 非法操作:allPost

