[ 2013-12-25T10:29:36+08:00 ] 127.0.0.1 /thinkphp/index.php/Admin/Post/newPost.html
NOTIC: 建议使用I方法替代_post
NOTIC: 建议使用I方法替代_post
NOTIC: 建议使用I方法替代_post
NOTIC: 建议使用I方法替代_post
NOTIC: 建议使用I方法替代_post

[ 2013-12-25T13:25:19+08:00 ] 127.0.0.1 /thinkphp/index.php/Admin/Post/index.html
NOTIC: 建议使用I方法替代_post

[ 2013-12-25T13:25:29+08:00 ] 127.0.0.1 /thinkphp/index.php/Admin/Post/newPost.html
NOTIC: 建议使用I方法替代_post
NOTIC: 建议使用I方法替代_post
NOTIC: 建议使用I方法替代_post
NOTIC: 建议使用I方法替代_post
NOTIC: 建议使用I方法替代_post

[ 2013-12-25T13:39:11+08:00 ] 127.0.0.1 /thinkphp/index.php/Admin/Post/newPost.html
NOTIC: 建议使用I方法替代_post
NOTIC: 建议使用I方法替代_post
NOTIC: 建议使用I方法替代_post
NOTIC: 建议使用I方法替代_post
NOTIC: 建议使用I方法替代_post

[ 2013-12-25T13:43:02+08:00 ] 127.0.0.1 /thinkphp/index.php/Admin/Post/newPost.html
NOTIC: 建议使用I方法替代_post
NOTIC: 建议使用I方法替代_post
NOTIC: 建议使用I方法替代_post
NOTIC: 建议使用I方法替代_post
NOTIC: 建议使用I方法替代_post

[ 2013-12-25T20:31:22+08:00 ] 127.0.0.1 /thinkphp/index.php/Admin/Post/newPost.html
NOTIC: 建议使用I方法替代_post
NOTIC: 建议使用I方法替代_post
NOTIC: 建议使用I方法替代_post
NOTIC: 建议使用I方法替代_post
NOTIC: 建议使用I方法替代_post

[ 2013-12-25T20:36:11+08:00 ] 127.0.0.1 /thinkphp/index.php/Admin/Post/newPost.html
NOTIC: 建议使用I方法替代_post
NOTIC: 建议使用I方法替代_post
NOTIC: 建议使用I方法替代_post
NOTIC: 建议使用I方法替代_post
NOTIC: 建议使用I方法替代_post

[ 2013-12-25T21:00:50+08:00 ] 127.0.0.1 /thinkphp/index.php/Admin/Plugin/index.html
ERR: 模板不存在[./APP/Modules/Admin/Tpl/Plugin/index.html]

[ 2013-12-25T21:07:03+08:00 ] 127.0.0.1 /thinkphp/index.php/Admin/Post/newPost.html
NOTIC: 建议使用I方法替代_post
NOTIC: 建议使用I方法替代_post
NOTIC: 建议使用I方法替代_post
NOTIC: 建议使用I方法替代_post
NOTIC: 建议使用I方法替代_post

[ 2013-12-25T22:37:08+08:00 ] 127.0.0.1 /thinkphp/index.php/Plugin/disable/id/23.html
ERR: Action:forbid您所请求的方法不存在！

[ 2013-12-25T22:44:12+08:00 ] 127.0.0.1 /thinkphp/index.php/Plugin/disable/id/23.html
ERR: Action:forbid您所请求的方法不存在！

[ 2013-12-25T22:44:14+08:00 ] 127.0.0.1 /thinkphp/index.php/Plugin/disable/id/23.html
ERR: Action:forbid您所请求的方法不存在！

[ 2013-12-25T22:45:16+08:00 ] 127.0.0.1 /thinkphp/index.php/Plugin/disable/id/23.html
ERR: Action:forbid您所请求的方法不存在！

[ 2013-12-25T22:55:56+08:00 ] 127.0.0.1 /thinkphp/index.php/Admin/Post/newPost.html
NOTIC: 建议使用I方法替代_post
NOTIC: 建议使用I方法替代_post
NOTIC: 建议使用I方法替代_post
NOTIC: 建议使用I方法替代_post
NOTIC: 建议使用I方法替代_post

[ 2013-12-25T22:56:35+08:00 ] 127.0.0.1 /thinkphp/index.php/Admin/Post/newPost.html
NOTIC: 建议使用I方法替代_post
NOTIC: 建议使用I方法替代_post
NOTIC: 建议使用I方法替代_post
NOTIC: 建议使用I方法替代_post
NOTIC: 建议使用I方法替代_post

[ 2013-12-25T22:56:42+08:00 ] 127.0.0.1 /thinkphp/index.php/Admin/Post/newPost.html
NOTIC: 建议使用I方法替代_post
NOTIC: 建议使用I方法替代_post
NOTIC: 建议使用I方法替代_post
NOTIC: 建议使用I方法替代_post
NOTIC: 建议使用I方法替代_post

[ 2013-12-25T22:56:58+08:00 ] 127.0.0.1 /thinkphp/index.php/Admin/Term/addTerm.html
INFO: [ app_begin ] --START--
INFO: ReadHtmlCache Behavior ::run [ RunTime:0.001000s ]
INFO: [ app_begin ] --END-- [ RunTime:0.001000s ]
SQL: SHOW COLUMNS FROM `think_term` [ RunTime:0.007000s ]
SQL: SHOW COLUMNS FROM `think_term` [ RunTime:0.010001s ]
SQL: SHOW COLUMNS FROM `think_taxonomy` [ RunTime:0.008000s ]
SQL: SHOW COLUMNS FROM `think_post_relation` [ RunTime:0.010001s ]
SQL: SELECT `term_id` FROM `think_term` WHERE ( `name` = 'PHP' ) OR ( `slug` = 'php' )  [ RunTime:0.051003s ]
SQL: INSERT INTO `think_term` (`name`,`slug`) VALUES ('PHP','php') [ RunTime:0.026001s ]
SQL: INSERT INTO `think_taxonomy` (`term_id`,`parent`) VALUES (22,21) [ RunTime:0.046003s ]
INFO: [ view_parse ] --START--
INFO: ParseTemplate Behavior ::run [ RunTime:0.014001s ]
INFO: [ view_parse ] --END-- [ RunTime:0.014001s ]
INFO: [ view_filter ] --START--
INFO: ContentReplace Behavior ::run [ RunTime:0.001000s ]
INFO: TokenBuild Behavior ::run [ RunTime:0.001000s ]
INFO: WriteHtmlCache Behavior ::run [ RunTime:0.001000s ]
INFO: ShowRuntime Behavior ::run [ RunTime:0.001000s ]
INFO: [ view_filter ] --END-- [ RunTime:0.005000s ]
INFO: [ view_end ] --START--
INFO: ShowPageTrace Behavior ::run [ RunTime:0.001000s ]
INFO: [ view_end ] --END-- [ RunTime:0.003001s ]

[ 2013-12-25T22:57:08+08:00 ] 127.0.0.1 /thinkphp/index.php/Admin/Term/addTerm.html
INFO: [ app_begin ] --START--
INFO: ReadHtmlCache Behavior ::run [ RunTime:0.003000s ]
INFO: [ app_begin ] --END-- [ RunTime:0.003000s ]
SQL: SHOW COLUMNS FROM `think_term` [ RunTime:0.009001s ]
SQL: SHOW COLUMNS FROM `think_term` [ RunTime:0.011000s ]
SQL: SHOW COLUMNS FROM `think_taxonomy` [ RunTime:0.007001s ]
SQL: SHOW COLUMNS FROM `think_post_relation` [ RunTime:0.008000s ]
SQL: SELECT `term_id` FROM `think_term` WHERE ( `name` = 'C++' ) OR ( `slug` = 'C++' )  [ RunTime:0.002001s ]
SQL: INSERT INTO `think_term` (`name`,`slug`) VALUES ('C++','C++') [ RunTime:0.001000s ]
SQL: INSERT INTO `think_taxonomy` (`term_id`,`parent`) VALUES (23,21) [ RunTime:0.001000s ]
INFO: [ view_parse ] --START--
INFO: ParseTemplate Behavior ::run [ RunTime:0.023001s ]
INFO: [ view_parse ] --END-- [ RunTime:0.023001s ]
INFO: [ view_filter ] --START--
INFO: ContentReplace Behavior ::run [ RunTime:0.001000s ]
INFO: TokenBuild Behavior ::run [ RunTime:0.002001s ]
INFO: WriteHtmlCache Behavior ::run [ RunTime:0.001000s ]
INFO: ShowRuntime Behavior ::run [ RunTime:0.003000s ]
INFO: [ view_filter ] --END-- [ RunTime:0.007001s ]
INFO: [ view_end ] --START--
INFO: ShowPageTrace Behavior ::run [ RunTime:0.002000s ]
INFO: [ view_end ] --END-- [ RunTime:0.002000s ]

[ 2013-12-25T22:57:32+08:00 ] 127.0.0.1 /thinkphp/index.php/Admin/Term/addTerm.html
INFO: [ app_begin ] --START--
INFO: ReadHtmlCache Behavior ::run [ RunTime:0.002000s ]
INFO: [ app_begin ] --END-- [ RunTime:0.002000s ]
SQL: SHOW COLUMNS FROM `think_term` [ RunTime:0.012000s ]
SQL: SHOW COLUMNS FROM `think_term` [ RunTime:0.007001s ]
SQL: SHOW COLUMNS FROM `think_taxonomy` [ RunTime:0.021001s ]
SQL: SHOW COLUMNS FROM `think_post_relation` [ RunTime:0.006001s ]
SQL: SELECT `term_id` FROM `think_term` WHERE ( `name` = '户外风景' ) OR ( `slug` = 'wild' )  [ RunTime:0.001000s ]
SQL: INSERT INTO `think_term` (`name`,`slug`) VALUES ('户外风景','wild') [ RunTime:0.001000s ]
SQL: INSERT INTO `think_taxonomy` (`term_id`,`parent`) VALUES (24,20) [ RunTime:0.001000s ]
INFO: [ view_parse ] --START--
INFO: ParseTemplate Behavior ::run [ RunTime:0.019001s ]
INFO: [ view_parse ] --END-- [ RunTime:0.020001s ]
INFO: [ view_filter ] --START--
INFO: ContentReplace Behavior ::run [ RunTime:0.001000s ]
INFO: TokenBuild Behavior ::run [ RunTime:0.001000s ]
INFO: WriteHtmlCache Behavior ::run [ RunTime:0.001000s ]
INFO: ShowRuntime Behavior ::run [ RunTime:0.002000s ]
INFO: [ view_filter ] --END-- [ RunTime:0.006000s ]
INFO: [ view_end ] --START--
INFO: ShowPageTrace Behavior ::run [ RunTime:0.001000s ]
INFO: [ view_end ] --END-- [ RunTime:0.001000s ]

[ 2013-12-25T22:57:49+08:00 ] 127.0.0.1 /thinkphp/index.php/Admin/Term/addTerm.html
INFO: [ app_begin ] --START--
INFO: ReadHtmlCache Behavior ::run [ RunTime:0.002000s ]
INFO: [ app_begin ] --END-- [ RunTime:0.002000s ]
SQL: SHOW COLUMNS FROM `think_term` [ RunTime:0.007000s ]
SQL: SHOW COLUMNS FROM `think_term` [ RunTime:0.007000s ]
SQL: SHOW COLUMNS FROM `think_taxonomy` [ RunTime:0.008001s ]
SQL: SHOW COLUMNS FROM `think_post_relation` [ RunTime:0.011001s ]
SQL: SELECT `term_id` FROM `think_term` WHERE ( `name` = '人像' ) OR ( `slug` = 'people' )  [ RunTime:0.001000s ]
SQL: INSERT INTO `think_term` (`name`,`slug`) VALUES ('人像','people') [ RunTime:0.000000s ]
SQL: INSERT INTO `think_taxonomy` (`term_id`,`parent`) VALUES (25,20) [ RunTime:0.000000s ]
INFO: [ view_parse ] --START--
INFO: ParseTemplate Behavior ::run [ RunTime:0.016001s ]
INFO: [ view_parse ] --END-- [ RunTime:0.016001s ]
INFO: [ view_filter ] --START--
INFO: ContentReplace Behavior ::run [ RunTime:0.003000s ]
INFO: TokenBuild Behavior ::run [ RunTime:0.002000s ]
INFO: WriteHtmlCache Behavior ::run [ RunTime:0.001000s ]
INFO: ShowRuntime Behavior ::run [ RunTime:0.002000s ]
INFO: [ view_filter ] --END-- [ RunTime:0.008000s ]
INFO: [ view_end ] --START--
INFO: ShowPageTrace Behavior ::run [ RunTime:0.002000s ]
INFO: [ view_end ] --END-- [ RunTime:0.002000s ]

[ 2013-12-25T22:58:19+08:00 ] 127.0.0.1 /thinkphp/index.php/Admin/Term/addTerm.html
INFO: [ app_begin ] --START--
INFO: ReadHtmlCache Behavior ::run [ RunTime:0.002000s ]
INFO: [ app_begin ] --END-- [ RunTime:0.002000s ]
SQL: SHOW COLUMNS FROM `think_term` [ RunTime:0.012001s ]
SQL: SHOW COLUMNS FROM `think_term` [ RunTime:0.007000s ]
SQL: SHOW COLUMNS FROM `think_taxonomy` [ RunTime:0.007000s ]
SQL: SHOW COLUMNS FROM `think_post_relation` [ RunTime:0.006000s ]
SQL: SELECT `term_id` FROM `think_term` WHERE ( `name` = '学校生活' ) OR ( `slug` = 'school' )  [ RunTime:0.000000s ]
SQL: INSERT INTO `think_term` (`name`,`slug`) VALUES ('学校生活','school') [ RunTime:0.000000s ]
SQL: INSERT INTO `think_taxonomy` (`term_id`,`parent`) VALUES (26,17) [ RunTime:0.000000s ]
INFO: [ view_parse ] --START--
INFO: ParseTemplate Behavior ::run [ RunTime:0.018001s ]
INFO: [ view_parse ] --END-- [ RunTime:0.018001s ]
INFO: [ view_filter ] --START--
INFO: ContentReplace Behavior ::run [ RunTime:0.002000s ]
INFO: TokenBuild Behavior ::run [ RunTime:0.002000s ]
INFO: WriteHtmlCache Behavior ::run [ RunTime:0.001000s ]
INFO: ShowRuntime Behavior ::run [ RunTime:0.002000s ]
INFO: [ view_filter ] --END-- [ RunTime:0.007000s ]
INFO: [ view_end ] --START--
INFO: ShowPageTrace Behavior ::run [ RunTime:0.002000s ]
INFO: [ view_end ] --END-- [ RunTime:0.002000s ]

[ 2013-12-25T22:58:35+08:00 ] 127.0.0.1 /thinkphp/index.php/Admin/Term/addTerm.html
INFO: [ app_begin ] --START--
INFO: ReadHtmlCache Behavior ::run [ RunTime:0.002000s ]
INFO: [ app_begin ] --END-- [ RunTime:0.002000s ]
SQL: SHOW COLUMNS FROM `think_term` [ RunTime:0.006000s ]
SQL: SHOW COLUMNS FROM `think_term` [ RunTime:0.006000s ]
SQL: SHOW COLUMNS FROM `think_taxonomy` [ RunTime:0.007001s ]
SQL: SHOW COLUMNS FROM `think_post_relation` [ RunTime:0.008000s ]
SQL: SELECT `term_id` FROM `think_term` WHERE ( `name` = '家庭生活' ) OR ( `slug` = 'family' )  [ RunTime:0.003000s ]
SQL: INSERT INTO `think_term` (`name`,`slug`) VALUES ('家庭生活','family') [ RunTime:0.001000s ]
SQL: INSERT INTO `think_taxonomy` (`term_id`,`parent`) VALUES (27,17) [ RunTime:0.000000s ]
INFO: [ view_parse ] --START--
INFO: ParseTemplate Behavior ::run [ RunTime:0.021001s ]
INFO: [ view_parse ] --END-- [ RunTime:0.022001s ]
INFO: [ view_filter ] --START--
INFO: ContentReplace Behavior ::run [ RunTime:0.002000s ]
INFO: TokenBuild Behavior ::run [ RunTime:0.001000s ]
INFO: WriteHtmlCache Behavior ::run [ RunTime:0.003000s ]
INFO: ShowRuntime Behavior ::run [ RunTime:0.003001s ]
INFO: [ view_filter ] --END-- [ RunTime:0.010001s ]
INFO: [ view_end ] --START--
INFO: ShowPageTrace Behavior ::run [ RunTime:0.002000s ]
INFO: [ view_end ] --END-- [ RunTime:0.002000s ]

[ 2013-12-25T22:58:40+08:00 ] 127.0.0.1 /thinkphp/index.php/Admin/Post/newPost.html
NOTIC: 建议使用I方法替代_post
NOTIC: 建议使用I方法替代_post
NOTIC: 建议使用I方法替代_post
NOTIC: 建议使用I方法替代_post
NOTIC: 建议使用I方法替代_post

[ 2013-12-25T23:00:01+08:00 ] 127.0.0.1 /thinkphp/index.php/Admin/Post/newPost/post_id/-1.html
NOTIC: 建议使用I方法替代_post
NOTIC: 建议使用I方法替代_post
NOTIC: 建议使用I方法替代_post
NOTIC: 建议使用I方法替代_post
NOTIC: 建议使用I方法替代_post

[ 2013-12-25T23:00:54+08:00 ] 127.0.0.1 /thinkphp/index.php/Admin/Post/index.html
NOTIC: 建议使用I方法替代_post

[ 2013-12-25T23:01:00+08:00 ] 127.0.0.1 /thinkphp/index.php/Admin/Post/index.html
NOTIC: 建议使用I方法替代_post

