[ 2013-12-28T10:07:44+08:00 ] 127.0.0.1 /thinkphp/index.php/Admin/Plugin/config/id/54.html
ERR: 模板不存在[./APP/Modules/Admin/Tpl/./Plugin/Second/config/.html]

[ 2013-12-28T10:09:07+08:00 ] 127.0.0.1 /thinkphp/index.php/Admin/Plugin/config/id/54.html
ERR: 模板不存在[./APP/Modules/Admin/Tpl/./Plugin/Second/config/.html]

[ 2013-12-28T10:13:22+08:00 ] 127.0.0.1 /thinkphp/index.php/Admin/Plugin/config/id/54.html
ERR: 模板不存在[./APP/Modules/Admin/Tpl/./Plugin/Second/config/.html]

[ 2013-12-28T10:13:43+08:00 ] 127.0.0.1 /thinkphp/index.php/Admin/Plugin/config/id/54.html
ERR: 模板不存在[./APP/Modules/Admin/Tpl/./Plugin/Second/config/.html]

[ 2013-12-28T10:14:05+08:00 ] 127.0.0.1 /thinkphp/index.php/Admin/Plugin/config/id/54.html
ERR: 模板不存在[./APP/Modules/Admin/Tpl/./Plugin/Second/config/.html]

[ 2013-12-28T10:14:16+08:00 ] 127.0.0.1 /thinkphp/index.php/Admin/Plugin/config/id/54.html
ERR: 模板不存在[./APP/Modules/Admin/Tpl/./Plugin/Second/config/.html]

[ 2013-12-28T10:14:32+08:00 ] 127.0.0.1 /thinkphp/index.php/Admin/Plugin/config/id/54.html
ERR: 模板不存在[./APP/Modules/Admin/Tpl/./Plugin/Second/config/.html]

[ 2013-12-28T11:30:55+08:00 ] 127.0.0.1 /thinkphp/index.php/Admin/Post/index.html
NOTIC: 建议使用I方法替代_post

[ 2013-12-28T12:03:25+08:00 ] 127.0.0.1 /thinkphp/index.php/Admin/Plugin/saveConfig.html
INFO: [ app_begin ] --START--
INFO: ReadHtmlCache Behavior ::run [ RunTime:0.001000s ]
INFO: [ app_begin ] --END-- [ RunTime:0.002000s ]
SQL: SHOW COLUMNS FROM `think_plugin` [ RunTime:0.006000s ]
SQL: SELECT `title`,`name` FROM `think_plugin` WHERE ( status=1 AND has_adminlist=1 )  [ RunTime:0.000000s ]
SQL: SHOW COLUMNS FROM `think_plugin` [ RunTime:0.008000s ]
SQL: UPDATE `think_plugin` SET `config`='{\"title\":\"OneThink\\u5f00\\u53d1\\u56e2\\u961f\",\"width\":\"1\",\"display\":\"1\"}' WHERE ( id=54 ) [ RunTime:0.215000s ]

[ 2013-12-28T12:09:18+08:00 ] 127.0.0.1 /thinkphp/index.php/Plugin/build.html
INFO: [ app_begin ] --START--
INFO: ReadHtmlCache Behavior ::run [ RunTime:0.001000s ]
INFO: [ app_begin ] --END-- [ RunTime:0.001000s ]
SQL: SHOW COLUMNS FROM `think_plugin` [ RunTime:0.006000s ]
SQL: SELECT `title`,`name` FROM `think_plugin` WHERE ( status=1 AND has_adminlist=1 )  [ RunTime:0.000000s ]

[ 2013-12-28T15:10:34+08:00 ] 127.0.0.1 /thinkphp/index.php/Plugin/build.html
INFO: [ app_begin ] --START--
INFO: ReadHtmlCache Behavior ::run [ RunTime:0.002000s ]
INFO: [ app_begin ] --END-- [ RunTime:0.002000s ]
SQL: SHOW COLUMNS FROM `think_plugin` [ RunTime:0.006001s ]
SQL: SELECT `title`,`name` FROM `think_plugin` WHERE ( status=1 AND has_adminlist=1 )  [ RunTime:0.000000s ]

[ 2013-12-28T15:11:18+08:00 ] 127.0.0.1 /thinkphp/index.php/Plugin/build.html
INFO: [ app_begin ] --START--
INFO: ReadHtmlCache Behavior ::run [ RunTime:0.002000s ]
INFO: [ app_begin ] --END-- [ RunTime:0.002000s ]
SQL: SHOW COLUMNS FROM `think_plugin` [ RunTime:0.006000s ]
SQL: SELECT `title`,`name` FROM `think_plugin` WHERE ( status=1 AND has_adminlist=1 )  [ RunTime:0.000000s ]

[ 2013-12-28T15:11:46+08:00 ] 127.0.0.1 /thinkphp/index.php/Plugin/build.html
INFO: [ app_begin ] --START--
INFO: ReadHtmlCache Behavior ::run [ RunTime:0.003000s ]
INFO: [ app_begin ] --END-- [ RunTime:0.003000s ]
SQL: SHOW COLUMNS FROM `think_plugin` [ RunTime:0.010000s ]
SQL: SELECT `title`,`name` FROM `think_plugin` WHERE ( status=1 AND has_adminlist=1 )  [ RunTime:0.000000s ]

[ 2013-12-28T15:11:55+08:00 ] 127.0.0.1 /thinkphp/index.php/Plugin/build.html
INFO: [ app_begin ] --START--
INFO: ReadHtmlCache Behavior ::run [ RunTime:0.002000s ]
INFO: [ app_begin ] --END-- [ RunTime:0.002000s ]
SQL: SHOW COLUMNS FROM `think_plugin` [ RunTime:0.007000s ]
SQL: SELECT `title`,`name` FROM `think_plugin` WHERE ( status=1 AND has_adminlist=1 )  [ RunTime:0.001001s ]

[ 2013-12-28T15:12:37+08:00 ] 127.0.0.1 /thinkphp/index.php/Plugin/build.html
INFO: [ app_begin ] --START--
INFO: ReadHtmlCache Behavior ::run [ RunTime:0.003000s ]
INFO: [ app_begin ] --END-- [ RunTime:0.004000s ]
SQL: SHOW COLUMNS FROM `think_plugin` [ RunTime:0.099006s ]
SQL: SELECT `title`,`name` FROM `think_plugin` WHERE ( status=1 AND has_adminlist=1 )  [ RunTime:0.001000s ]

[ 2013-12-28T17:47:52+08:00 ] 127.0.0.1 /thinkphp/index.php/Plugin/build.html
INFO: [ app_begin ] --START--
INFO: ReadHtmlCache Behavior ::run [ RunTime:0.002000s ]
INFO: [ app_begin ] --END-- [ RunTime:0.002000s ]
SQL: SHOW COLUMNS FROM `think_plugin` [ RunTime:0.008000s ]
SQL: SELECT `title`,`name` FROM `think_plugin` WHERE ( status=1 AND has_adminlist=1 )  [ RunTime:0.000000s ]

[ 2013-12-28T17:49:34+08:00 ] 127.0.0.1 /thinkphp/index.php/Plugin/build.html
INFO: [ app_begin ] --START--
INFO: ReadHtmlCache Behavior ::run [ RunTime:0.002000s ]
INFO: [ app_begin ] --END-- [ RunTime:0.002000s ]
SQL: SHOW COLUMNS FROM `think_plugin` [ RunTime:0.007001s ]
SQL: SELECT `title`,`name` FROM `think_plugin` WHERE ( status=1 AND has_adminlist=1 )  [ RunTime:0.000000s ]

[ 2013-12-28T17:59:38+08:00 ] 127.0.0.1 /thinkphp/index.php/Plugin/build.html
INFO: [ app_begin ] --START--
INFO: ReadHtmlCache Behavior ::run [ RunTime:0.003000s ]
INFO: [ app_begin ] --END-- [ RunTime:0.003000s ]
SQL: SHOW COLUMNS FROM `think_plugin` [ RunTime:0.007000s ]
SQL: SELECT `title`,`name` FROM `think_plugin` WHERE ( status=1 AND has_adminlist=1 )  [ RunTime:0.000000s ]
NOTIC: [8] Undefined index: has_config F:\Program Files\wamp\www\thinkphp\APP\Modules\Admin\Action\PluginAction.class.php 第 41 行.
NOTIC: [8] Undefined index: admin_list F:\Program Files\wamp\www\thinkphp\APP\Modules\Admin\Action\PluginAction.class.php 第 50 行.
NOTIC: [8] Undefined index: has_adminlist F:\Program Files\wamp\www\thinkphp\APP\Modules\Admin\Action\PluginAction.class.php 第 51 行.
NOTIC: [8] Undefined index: custom_adminlist F:\Program Files\wamp\www\thinkphp\APP\Modules\Admin\Action\PluginAction.class.php 第 62 行.
NOTIC: [8] Undefined index: has_adminlist F:\Program Files\wamp\www\thinkphp\APP\Modules\Admin\Action\PluginAction.class.php 第 63 行.
NOTIC: [8] Undefined index: hook F:\Program Files\wamp\www\thinkphp\APP\Modules\Admin\Action\PluginAction.class.php 第 74 行.
NOTIC: [2] Invalid argument supplied for foreach() F:\Program Files\wamp\www\thinkphp\APP\Modules\Admin\Action\PluginAction.class.php 第 74 行.
NOTIC: [8] Undefined index: info F:\Program Files\wamp\www\thinkphp\APP\Modules\Admin\Action\PluginAction.class.php 第 87 行.
NOTIC: [8] Undefined index: info F:\Program Files\wamp\www\thinkphp\APP\Modules\Admin\Action\PluginAction.class.php 第 91 行.
NOTIC: [8] Undefined index: info F:\Program Files\wamp\www\thinkphp\APP\Modules\Admin\Action\PluginAction.class.php 第 92 行.
NOTIC: [8] Undefined index: info F:\Program Files\wamp\www\thinkphp\APP\Modules\Admin\Action\PluginAction.class.php 第 95 行.
NOTIC: [8] Undefined index: info F:\Program Files\wamp\www\thinkphp\APP\Modules\Admin\Action\PluginAction.class.php 第 98 行.
NOTIC: [8] Undefined index: info F:\Program Files\wamp\www\thinkphp\APP\Modules\Admin\Action\PluginAction.class.php 第 99 行.
NOTIC: [8] Undefined index: info F:\Program Files\wamp\www\thinkphp\APP\Modules\Admin\Action\PluginAction.class.php 第 100 行.
NOTIC: [8] Undefined index: info F:\Program Files\wamp\www\thinkphp\APP\Modules\Admin\Action\PluginAction.class.php 第 101 行.
NOTIC: [8] Undefined index: info F:\Program Files\wamp\www\thinkphp\APP\Modules\Admin\Action\PluginAction.class.php 第 102 行.
NOTIC: [8] Undefined index: info F:\Program Files\wamp\www\thinkphp\APP\Modules\Admin\Action\PluginAction.class.php 第 103 行.
NOTIC: [8] Undefined variable: output F:\Program Files\wamp\www\thinkphp\APP\Modules\Admin\Action\PluginAction.class.php 第 118 行.
NOTIC: [2] file_put_contents() expects parameter 3 to be long, string given F:\Program Files\wamp\www\thinkphp\APP\Common\common.php 第 172 行.

[ 2013-12-28T18:00:00+08:00 ] 127.0.0.1 /thinkphp/index.php/Plugin/build.html
INFO: [ app_begin ] --START--
INFO: ReadHtmlCache Behavior ::run [ RunTime:0.002000s ]
INFO: [ app_begin ] --END-- [ RunTime:0.002000s ]
SQL: SHOW COLUMNS FROM `think_plugin` [ RunTime:0.011000s ]
SQL: SELECT `title`,`name` FROM `think_plugin` WHERE ( status=1 AND has_adminlist=1 )  [ RunTime:0.003000s ]
NOTIC: [8] Undefined index: has_config F:\Program Files\wamp\www\thinkphp\APP\Modules\Admin\Action\PluginAction.class.php 第 41 行.
NOTIC: [8] Undefined index: admin_list F:\Program Files\wamp\www\thinkphp\APP\Modules\Admin\Action\PluginAction.class.php 第 50 行.
NOTIC: [8] Undefined index: has_adminlist F:\Program Files\wamp\www\thinkphp\APP\Modules\Admin\Action\PluginAction.class.php 第 51 行.
NOTIC: [8] Undefined index: custom_adminlist F:\Program Files\wamp\www\thinkphp\APP\Modules\Admin\Action\PluginAction.class.php 第 62 行.
NOTIC: [8] Undefined index: has_adminlist F:\Program Files\wamp\www\thinkphp\APP\Modules\Admin\Action\PluginAction.class.php 第 63 行.
NOTIC: [8] Undefined index: hook F:\Program Files\wamp\www\thinkphp\APP\Modules\Admin\Action\PluginAction.class.php 第 74 行.
NOTIC: [2] Invalid argument supplied for foreach() F:\Program Files\wamp\www\thinkphp\APP\Modules\Admin\Action\PluginAction.class.php 第 74 行.
NOTIC: [8] Undefined index: info F:\Program Files\wamp\www\thinkphp\APP\Modules\Admin\Action\PluginAction.class.php 第 87 行.
NOTIC: [8] Undefined index: info F:\Program Files\wamp\www\thinkphp\APP\Modules\Admin\Action\PluginAction.class.php 第 91 行.
NOTIC: [8] Undefined index: info F:\Program Files\wamp\www\thinkphp\APP\Modules\Admin\Action\PluginAction.class.php 第 92 行.
NOTIC: [8] Undefined index: info F:\Program Files\wamp\www\thinkphp\APP\Modules\Admin\Action\PluginAction.class.php 第 95 行.
NOTIC: [8] Undefined index: info F:\Program Files\wamp\www\thinkphp\APP\Modules\Admin\Action\PluginAction.class.php 第 98 行.
NOTIC: [8] Undefined index: info F:\Program Files\wamp\www\thinkphp\APP\Modules\Admin\Action\PluginAction.class.php 第 99 行.
NOTIC: [8] Undefined index: info F:\Program Files\wamp\www\thinkphp\APP\Modules\Admin\Action\PluginAction.class.php 第 100 行.
NOTIC: [8] Undefined index: info F:\Program Files\wamp\www\thinkphp\APP\Modules\Admin\Action\PluginAction.class.php 第 101 行.
NOTIC: [8] Undefined index: info F:\Program Files\wamp\www\thinkphp\APP\Modules\Admin\Action\PluginAction.class.php 第 102 行.
NOTIC: [8] Undefined index: info F:\Program Files\wamp\www\thinkphp\APP\Modules\Admin\Action\PluginAction.class.php 第 103 行.
NOTIC: [8] Undefined variable: output F:\Program Files\wamp\www\thinkphp\APP\Modules\Admin\Action\PluginAction.class.php 第 118 行.
NOTIC: [2] file_put_contents() expects parameter 3 to be long, string given F:\Program Files\wamp\www\thinkphp\APP\Common\common.php 第 172 行.
NOTIC: [2] file_put_contents() expects parameter 3 to be long, string given F:\Program Files\wamp\www\thinkphp\APP\Common\common.php 第 172 行.
NOTIC: [2] file_put_contents() expects parameter 3 to be long, string given F:\Program Files\wamp\www\thinkphp\APP\Common\common.php 第 172 行.

[ 2013-12-28T18:25:20+08:00 ] 127.0.0.1 /thinkphp/index.php/Plugin/build.html
INFO: [ app_begin ] --START--
INFO: ReadHtmlCache Behavior ::run [ RunTime:0.002000s ]
INFO: [ app_begin ] --END-- [ RunTime:0.002000s ]
SQL: SHOW COLUMNS FROM `think_plugin` [ RunTime:0.007000s ]
SQL: SELECT `title`,`name` FROM `think_plugin` WHERE ( status=1 AND has_adminlist=1 )  [ RunTime:0.001000s ]
NOTIC: [8] Undefined index: hookname F:\Program Files\wamp\www\thinkphp\APP\Modules\Admin\Action\PluginAction.class.php 第 75 行.
NOTIC: [2] Invalid argument supplied for foreach() F:\Program Files\wamp\www\thinkphp\APP\Modules\Admin\Action\PluginAction.class.php 第 75 行.
NOTIC: [2] file_put_contents() expects parameter 3 to be long, string given F:\Program Files\wamp\www\thinkphp\APP\Common\common.php 第 172 行.
NOTIC: [2] file_put_contents() expects parameter 3 to be long, string given F:\Program Files\wamp\www\thinkphp\APP\Common\common.php 第 172 行.
NOTIC: [2] file_put_contents() expects parameter 3 to be long, string given F:\Program Files\wamp\www\thinkphp\APP\Common\common.php 第 172 行.

[ 2013-12-28T18:27:00+08:00 ] 127.0.0.1 /thinkphp/index.php/Plugin/build.html
INFO: [ app_begin ] --START--
INFO: ReadHtmlCache Behavior ::run [ RunTime:0.002000s ]
INFO: [ app_begin ] --END-- [ RunTime:0.002000s ]
SQL: SHOW COLUMNS FROM `think_plugin` [ RunTime:0.007000s ]
SQL: SELECT `title`,`name` FROM `think_plugin` WHERE ( status=1 AND has_adminlist=1 )  [ RunTime:0.000000s ]
NOTIC: [8] Undefined index: hookname F:\Program Files\wamp\www\thinkphp\APP\Modules\Admin\Action\PluginAction.class.php 第 75 行.
NOTIC: [2] Invalid argument supplied for foreach() F:\Program Files\wamp\www\thinkphp\APP\Modules\Admin\Action\PluginAction.class.php 第 75 行.

[ 2013-12-28T18:29:27+08:00 ] 127.0.0.1 /thinkphp/index.php/Plugin/build.html
INFO: [ app_begin ] --START--
INFO: ReadHtmlCache Behavior ::run [ RunTime:0.002000s ]
INFO: [ app_begin ] --END-- [ RunTime:0.002000s ]
SQL: SHOW COLUMNS FROM `think_plugin` [ RunTime:0.006001s ]
SQL: SELECT `title`,`name` FROM `think_plugin` WHERE ( status=1 AND has_adminlist=1 )  [ RunTime:0.000000s ]
NOTIC: [8] Undefined index: hookname F:\Program Files\wamp\www\thinkphp\APP\Modules\Admin\Action\PluginAction.class.php 第 75 行.
NOTIC: [2] Invalid argument supplied for foreach() F:\Program Files\wamp\www\thinkphp\APP\Modules\Admin\Action\PluginAction.class.php 第 75 行.

[ 2013-12-28T18:29:52+08:00 ] 127.0.0.1 /thinkphp/index.php/Plugin/build.html
INFO: [ app_begin ] --START--
INFO: ReadHtmlCache Behavior ::run [ RunTime:0.002000s ]
INFO: [ app_begin ] --END-- [ RunTime:0.002000s ]
SQL: SHOW COLUMNS FROM `think_plugin` [ RunTime:0.007000s ]
SQL: SELECT `title`,`name` FROM `think_plugin` WHERE ( status=1 AND has_adminlist=1 )  [ RunTime:0.001000s ]
NOTIC: [2] Invalid argument supplied for foreach() F:\Program Files\wamp\www\thinkphp\APP\Modules\Admin\Action\PluginAction.class.php 第 75 行.

[ 2013-12-28T18:30:42+08:00 ] 127.0.0.1 /thinkphp/index.php/Plugin/build.html
INFO: [ app_begin ] --START--
INFO: ReadHtmlCache Behavior ::run [ RunTime:0.002000s ]
INFO: [ app_begin ] --END-- [ RunTime:0.002000s ]
SQL: SHOW COLUMNS FROM `think_plugin` [ RunTime:0.008000s ]
SQL: SELECT `title`,`name` FROM `think_plugin` WHERE ( status=1 AND has_adminlist=1 )  [ RunTime:0.001000s ]
NOTIC: [2] Invalid argument supplied for foreach() F:\Program Files\wamp\www\thinkphp\APP\Modules\Admin\Action\PluginAction.class.php 第 75 行.

[ 2013-12-28T18:31:21+08:00 ] 127.0.0.1 /thinkphp/index.php/Plugin/build.html
INFO: [ app_begin ] --START--
INFO: ReadHtmlCache Behavior ::run [ RunTime:0.002000s ]
INFO: [ app_begin ] --END-- [ RunTime:0.002000s ]
SQL: SHOW COLUMNS FROM `think_plugin` [ RunTime:0.007000s ]
SQL: SELECT `title`,`name` FROM `think_plugin` WHERE ( status=1 AND has_adminlist=1 )  [ RunTime:0.000000s ]
NOTIC: [8] Undefined index: hookname F:\Program Files\wamp\www\thinkphp\APP\Modules\Admin\Action\PluginAction.class.php 第 75 行.
NOTIC: [2] Invalid argument supplied for foreach() F:\Program Files\wamp\www\thinkphp\APP\Modules\Admin\Action\PluginAction.class.php 第 75 行.

[ 2013-12-28T18:31:29+08:00 ] 127.0.0.1 /thinkphp/index.php/Plugin/build.html
INFO: [ app_begin ] --START--
INFO: ReadHtmlCache Behavior ::run [ RunTime:0.002000s ]
INFO: [ app_begin ] --END-- [ RunTime:0.002000s ]
SQL: SHOW COLUMNS FROM `think_plugin` [ RunTime:0.007000s ]
SQL: SELECT `title`,`name` FROM `think_plugin` WHERE ( status=1 AND has_adminlist=1 )  [ RunTime:0.001000s ]

[ 2013-12-28T18:33:01+08:00 ] 127.0.0.1 /thinkphp/index.php/Plugin/build.html
INFO: [ app_begin ] --START--
INFO: ReadHtmlCache Behavior ::run [ RunTime:0.001000s ]
INFO: [ app_begin ] --END-- [ RunTime:0.002000s ]
SQL: SHOW COLUMNS FROM `think_plugin` [ RunTime:0.007000s ]
SQL: SELECT `title`,`name` FROM `think_plugin` WHERE ( status=1 AND has_adminlist=1 )  [ RunTime:0.001000s ]
NOTIC: [8] Undefined index: hookname F:\Program Files\wamp\www\thinkphp\APP\Modules\Admin\Action\PluginAction.class.php 第 75 行.
NOTIC: [2] Invalid argument supplied for foreach() F:\Program Files\wamp\www\thinkphp\APP\Modules\Admin\Action\PluginAction.class.php 第 75 行.

[ 2013-12-28T18:35:04+08:00 ] 127.0.0.1 /thinkphp/index.php/Plugin/build.html
INFO: [ app_begin ] --START--
INFO: ReadHtmlCache Behavior ::run [ RunTime:0.002000s ]
INFO: [ app_begin ] --END-- [ RunTime:0.002000s ]
SQL: SHOW COLUMNS FROM `think_plugin` [ RunTime:0.018001s ]
SQL: SELECT `title`,`name` FROM `think_plugin` WHERE ( status=1 AND has_adminlist=1 )  [ RunTime:0.000000s ]

[ 2013-12-28T18:43:32+08:00 ] 127.0.0.1 /thinkphp/index.php/Admin/Post/newPost.html
NOTIC: 建议使用I方法替代_post
NOTIC: 建议使用I方法替代_post
NOTIC: 建议使用I方法替代_post
NOTIC: 建议使用I方法替代_post
NOTIC: 建议使用I方法替代_post

[ 2013-12-28T18:43:37+08:00 ] 127.0.0.1 /thinkphp/index.php/Admin/Post/newPost.html
NOTIC: 建议使用I方法替代_post
NOTIC: 建议使用I方法替代_post
NOTIC: 建议使用I方法替代_post
NOTIC: 建议使用I方法替代_post
NOTIC: 建议使用I方法替代_post

[ 2013-12-28T19:18:09+08:00 ] 127.0.0.1 /thinkphp/index.php/Plugin/build.html
INFO: [ app_begin ] --START--
INFO: ReadHtmlCache Behavior ::run [ RunTime:0.002000s ]
INFO: [ app_begin ] --END-- [ RunTime:0.003000s ]
SQL: SHOW COLUMNS FROM `think_plugin` [ RunTime:0.006000s ]
SQL: SELECT `title`,`name` FROM `think_plugin` WHERE ( status=1 AND has_adminlist=1 )  [ RunTime:0.000000s ]
NOTIC: [2] fopen(第四个插件.zip): failed to open stream: Invalid argument F:\Program Files\wamp\www\thinkphp\APP\Class\pclzip.class.php 第 2353 行.

[ 2013-12-28T19:19:42+08:00 ] 127.0.0.1 /thinkphp/index.php/Plugin/build.html
INFO: [ app_begin ] --START--
INFO: ReadHtmlCache Behavior ::run [ RunTime:0.002000s ]
INFO: [ app_begin ] --END-- [ RunTime:0.002000s ]
SQL: SHOW COLUMNS FROM `think_plugin` [ RunTime:0.007000s ]
SQL: SELECT `title`,`name` FROM `think_plugin` WHERE ( status=1 AND has_adminlist=1 )  [ RunTime:0.000000s ]
NOTIC: [2] fopen(第四个插件.zip): failed to open stream: Invalid argument F:\Program Files\wamp\www\thinkphp\APP\Class\pclzip.class.php 第 2353 行.
NOTIC: [8] Undefined variable: archive F:\Program Files\wamp\www\thinkphp\APP\Modules\Admin\Action\PluginAction.class.php 第 167 行.

[ 2013-12-28T19:19:56+08:00 ] 127.0.0.1 /thinkphp/index.php/Plugin/build.html
INFO: [ app_begin ] --START--
INFO: ReadHtmlCache Behavior ::run [ RunTime:0.001000s ]
INFO: [ app_begin ] --END-- [ RunTime:0.001000s ]
SQL: SHOW COLUMNS FROM `think_plugin` [ RunTime:0.007000s ]
SQL: SELECT `title`,`name` FROM `think_plugin` WHERE ( status=1 AND has_adminlist=1 )  [ RunTime:0.001000s ]
NOTIC: [2] fopen(第四个插件.zip): failed to open stream: Invalid argument F:\Program Files\wamp\www\thinkphp\APP\Class\pclzip.class.php 第 2353 行.

[ 2013-12-28T19:20:00+08:00 ] 127.0.0.1 /thinkphp/index.php/Plugin/build.html
INFO: [ app_begin ] --START--
INFO: ReadHtmlCache Behavior ::run [ RunTime:0.001000s ]
INFO: [ app_begin ] --END-- [ RunTime:0.002000s ]
SQL: SHOW COLUMNS FROM `think_plugin` [ RunTime:0.007000s ]
SQL: SELECT `title`,`name` FROM `think_plugin` WHERE ( status=1 AND has_adminlist=1 )  [ RunTime:0.001000s ]
NOTIC: [2] fopen(第四个插件.zip): failed to open stream: Invalid argument F:\Program Files\wamp\www\thinkphp\APP\Class\pclzip.class.php 第 2353 行.

[ 2013-12-28T19:20:23+08:00 ] 127.0.0.1 /thinkphp/index.php/Plugin/build.html
INFO: [ app_begin ] --START--
INFO: ReadHtmlCache Behavior ::run [ RunTime:0.002000s ]
INFO: [ app_begin ] --END-- [ RunTime:0.002000s ]
SQL: SHOW COLUMNS FROM `think_plugin` [ RunTime:0.007000s ]
SQL: SELECT `title`,`name` FROM `think_plugin` WHERE ( status=1 AND has_adminlist=1 )  [ RunTime:0.000000s ]
NOTIC: [2] fopen(第四个插件.zip): failed to open stream: Invalid argument F:\Program Files\wamp\www\thinkphp\APP\Class\pclzip.class.php 第 2353 行.

[ 2013-12-28T19:20:28+08:00 ] 127.0.0.1 /thinkphp/index.php/Plugin/build.html
INFO: [ app_begin ] --START--
INFO: ReadHtmlCache Behavior ::run [ RunTime:0.001000s ]
INFO: [ app_begin ] --END-- [ RunTime:0.002000s ]
SQL: SHOW COLUMNS FROM `think_plugin` [ RunTime:0.007000s ]
SQL: SELECT `title`,`name` FROM `think_plugin` WHERE ( status=1 AND has_adminlist=1 )  [ RunTime:0.001000s ]
NOTIC: [2] fopen(第四个插件.zip): failed to open stream: Invalid argument F:\Program Files\wamp\www\thinkphp\APP\Class\pclzip.class.php 第 2353 行.

[ 2013-12-28T19:20:33+08:00 ] 127.0.0.1 /thinkphp/index.php/Plugin/build.html
INFO: [ app_begin ] --START--
INFO: ReadHtmlCache Behavior ::run [ RunTime:0.002000s ]
INFO: [ app_begin ] --END-- [ RunTime:0.002000s ]
SQL: SHOW COLUMNS FROM `think_plugin` [ RunTime:0.007000s ]
SQL: SELECT `title`,`name` FROM `think_plugin` WHERE ( status=1 AND has_adminlist=1 )  [ RunTime:0.001000s ]
NOTIC: [2] fopen(第四个插件.zip): failed to open stream: Invalid argument F:\Program Files\wamp\www\thinkphp\APP\Class\pclzip.class.php 第 2353 行.

[ 2013-12-28T19:21:01+08:00 ] 127.0.0.1 /thinkphp/index.php/Plugin/build.html
INFO: [ app_begin ] --START--
INFO: ReadHtmlCache Behavior ::run [ RunTime:0.002000s ]
INFO: [ app_begin ] --END-- [ RunTime:0.002000s ]
SQL: SHOW COLUMNS FROM `think_plugin` [ RunTime:0.009000s ]
SQL: SELECT `title`,`name` FROM `think_plugin` WHERE ( status=1 AND has_adminlist=1 )  [ RunTime:0.000000s ]

[ 2013-12-28T19:23:47+08:00 ] 127.0.0.1 /thinkphp/index.php/Plugin/build.html
INFO: [ app_begin ] --START--
INFO: ReadHtmlCache Behavior ::run [ RunTime:0.002000s ]
INFO: [ app_begin ] --END-- [ RunTime:0.002000s ]
SQL: SHOW COLUMNS FROM `think_plugin` [ RunTime:0.007001s ]
SQL: SELECT `title`,`name` FROM `think_plugin` WHERE ( status=1 AND has_adminlist=1 )  [ RunTime:0.001000s ]

[ 2013-12-28T19:25:47+08:00 ] 127.0.0.1 /thinkphp/index.php/Plugin/build.html
INFO: [ app_begin ] --START--
INFO: ReadHtmlCache Behavior ::run [ RunTime:0.001000s ]
INFO: [ app_begin ] --END-- [ RunTime:0.001000s ]
SQL: SHOW COLUMNS FROM `think_plugin` [ RunTime:0.008001s ]
SQL: SELECT `title`,`name` FROM `think_plugin` WHERE ( status=1 AND has_adminlist=1 )  [ RunTime:0.001000s ]

[ 2013-12-28T19:30:01+08:00 ] 127.0.0.1 /thinkphp/index.php/Plugin/build.html
INFO: [ app_begin ] --START--
INFO: ReadHtmlCache Behavior ::run [ RunTime:0.002000s ]
INFO: [ app_begin ] --END-- [ RunTime:0.002000s ]
SQL: SHOW COLUMNS FROM `think_plugin` [ RunTime:0.007000s ]
SQL: SELECT `title`,`name` FROM `think_plugin` WHERE ( status=1 AND has_adminlist=1 )  [ RunTime:0.000000s ]

[ 2013-12-28T19:30:50+08:00 ] 127.0.0.1 /thinkphp/index.php/Plugin/build.html
INFO: [ app_begin ] --START--
INFO: ReadHtmlCache Behavior ::run [ RunTime:0.001000s ]
INFO: [ app_begin ] --END-- [ RunTime:0.002000s ]
SQL: SHOW COLUMNS FROM `think_plugin` [ RunTime:0.007000s ]
SQL: SELECT `title`,`name` FROM `think_plugin` WHERE ( status=1 AND has_adminlist=1 )  [ RunTime:0.000000s ]
NOTIC: [2] fopen(Data/PluginTem/fourth.zip): failed to open stream: No such file or directory F:\Program Files\wamp\www\thinkphp\APP\Class\pclzip.class.php 第 2353 行.

[ 2013-12-28T19:31:10+08:00 ] 127.0.0.1 /thinkphp/index.php/Plugin/build.html
INFO: [ app_begin ] --START--
INFO: ReadHtmlCache Behavior ::run [ RunTime:0.001000s ]
INFO: [ app_begin ] --END-- [ RunTime:0.002000s ]
SQL: SHOW COLUMNS FROM `think_plugin` [ RunTime:0.007000s ]
SQL: SELECT `title`,`name` FROM `think_plugin` WHERE ( status=1 AND has_adminlist=1 )  [ RunTime:0.001000s ]

[ 2013-12-28T20:31:30+08:00 ] 127.0.0.1 /thinkphp/index.php/Plugin/build.html
INFO: [ app_begin ] --START--
INFO: ReadHtmlCache Behavior ::run [ RunTime:0.001000s ]
INFO: [ app_begin ] --END-- [ RunTime:0.001000s ]
SQL: SHOW COLUMNS FROM `think_plugin` [ RunTime:0.007000s ]
SQL: SELECT `title`,`name` FROM `think_plugin` WHERE ( status=1 AND has_adminlist=1 )  [ RunTime:0.000000s ]
NOTIC: [8] Undefined index: hookname F:\Program Files\wamp\www\thinkphp\APP\Modules\Admin\Action\PluginAction.class.php 第 42 行.
NOTIC: [2] Invalid argument supplied for foreach() F:\Program Files\wamp\www\thinkphp\APP\Modules\Admin\Action\PluginAction.class.php 第 42 行.
NOTIC: [2] rmdir(./Plugin//): Directory not empty F:\Program Files\wamp\www\thinkphp\APP\Common\common.php 第 193 行.

[ 2013-12-28T20:32:04+08:00 ] 127.0.0.1 /thinkphp/index.php/Plugin/build.html
INFO: [ app_begin ] --START--
INFO: ReadHtmlCache Behavior ::run [ RunTime:0.001000s ]
INFO: [ app_begin ] --END-- [ RunTime:0.001000s ]
SQL: SHOW COLUMNS FROM `think_plugin` [ RunTime:0.006000s ]
SQL: SELECT `title`,`name` FROM `think_plugin` WHERE ( status=1 AND has_adminlist=1 )  [ RunTime:0.001000s ]
NOTIC: [8] Undefined index: hookname F:\Program Files\wamp\www\thinkphp\APP\Modules\Admin\Action\PluginAction.class.php 第 42 行.
NOTIC: [2] Invalid argument supplied for foreach() F:\Program Files\wamp\www\thinkphp\APP\Modules\Admin\Action\PluginAction.class.php 第 42 行.
NOTIC: [2] file_put_contents() expects parameter 3 to be long, string given F:\Program Files\wamp\www\thinkphp\APP\Common\common.php 第 172 行.

[ 2013-12-28T20:33:18+08:00 ] 127.0.0.1 /thinkphp/index.php/Plugin/build.html
INFO: [ app_begin ] --START--
INFO: ReadHtmlCache Behavior ::run [ RunTime:0.001000s ]
INFO: [ app_begin ] --END-- [ RunTime:0.001000s ]
SQL: SHOW COLUMNS FROM `think_plugin` [ RunTime:0.021001s ]
SQL: SELECT `title`,`name` FROM `think_plugin` WHERE ( status=1 AND has_adminlist=1 )  [ RunTime:0.000000s ]
NOTIC: [8] Undefined index: hookname F:\Program Files\wamp\www\thinkphp\APP\Modules\Admin\Action\PluginAction.class.php 第 42 行.
NOTIC: [2] Invalid argument supplied for foreach() F:\Program Files\wamp\www\thinkphp\APP\Modules\Admin\Action\PluginAction.class.php 第 42 行.
NOTIC: [2] file_put_contents() expects parameter 3 to be long, string given F:\Program Files\wamp\www\thinkphp\APP\Common\common.php 第 172 行.

[ 2013-12-28T20:33:56+08:00 ] 127.0.0.1 /thinkphp/index.php/Plugin/build.html
INFO: [ app_begin ] --START--
INFO: ReadHtmlCache Behavior ::run [ RunTime:0.001000s ]
INFO: [ app_begin ] --END-- [ RunTime:0.001000s ]
SQL: SHOW COLUMNS FROM `think_plugin` [ RunTime:0.006000s ]
SQL: SELECT `title`,`name` FROM `think_plugin` WHERE ( status=1 AND has_adminlist=1 )  [ RunTime:0.001000s ]
NOTIC: [2] file_put_contents() expects parameter 3 to be long, string given F:\Program Files\wamp\www\thinkphp\APP\Common\common.php 第 172 行.
NOTIC: [2] file_put_contents() expects parameter 3 to be long, string given F:\Program Files\wamp\www\thinkphp\APP\Common\common.php 第 172 行.
NOTIC: [2] file_put_contents() expects parameter 3 to be long, string given F:\Program Files\wamp\www\thinkphp\APP\Common\common.php 第 172 行.

[ 2013-12-28T20:34:42+08:00 ] 127.0.0.1 /thinkphp/index.php/Plugin/disable
INFO: [ app_begin ] --START--
INFO: ReadHtmlCache Behavior ::run [ RunTime:0.002001s ]
INFO: [ app_begin ] --END-- [ RunTime:0.002001s ]
SQL: SHOW COLUMNS FROM `think_plugin` [ RunTime:0.006001s ]
SQL: SELECT `title`,`name` FROM `think_plugin` WHERE ( status=1 AND has_adminlist=1 )  [ RunTime:0.000000s ]
SQL: SHOW COLUMNS FROM `think_plugin` [ RunTime:0.006000s ]
SQL: UPDATE `think_plugin` SET `status`=0 WHERE ( id=54 ) [ RunTime:0.190011s ]

[ 2013-12-28T20:34:45+08:00 ] 127.0.0.1 /thinkphp/index.php/Plugin/enable
INFO: [ app_begin ] --START--
INFO: ReadHtmlCache Behavior ::run [ RunTime:0.002001s ]
INFO: [ app_begin ] --END-- [ RunTime:0.002001s ]
SQL: SHOW COLUMNS FROM `think_plugin` [ RunTime:0.006000s ]
SQL: SELECT `title`,`name` FROM `think_plugin` WHERE ( status=1 AND has_adminlist=1 )  [ RunTime:0.000000s ]
SQL: UPDATE `think_plugin` SET `status`=1 WHERE ( id=54 ) [ RunTime:0.000000s ]

[ 2013-12-28T20:35:49+08:00 ] 127.0.0.1 /thinkphp/index.php/Plugin/build.html
INFO: [ app_begin ] --START--
INFO: ReadHtmlCache Behavior ::run [ RunTime:0.001000s ]
INFO: [ app_begin ] --END-- [ RunTime:0.002001s ]
SQL: SHOW COLUMNS FROM `think_plugin` [ RunTime:0.006000s ]
SQL: SELECT `title`,`name` FROM `think_plugin` WHERE ( status=1 AND has_adminlist=1 )  [ RunTime:0.000000s ]
NOTIC: [2] file_put_contents() expects parameter 3 to be long, string given F:\Program Files\wamp\www\thinkphp\APP\Common\common.php 第 172 行.
NOTIC: [2] file_put_contents() expects parameter 3 to be long, string given F:\Program Files\wamp\www\thinkphp\APP\Common\common.php 第 172 行.
NOTIC: [2] file_put_contents() expects parameter 3 to be long, string given F:\Program Files\wamp\www\thinkphp\APP\Common\common.php 第 172 行.
NOTIC: [8] Use of undefined constant UPLOAD_PATH - assumed 'UPLOAD_PATH' F:\Program Files\wamp\www\thinkphp\APP\Common\common.php 第 214 行.
ERR: /Data/PluginTem/fiveth.zip下载文件不存在！

[ 2013-12-28T20:37:26+08:00 ] 127.0.0.1 /thinkphp/index.php/Plugin/build.html
INFO: [ app_begin ] --START--
INFO: ReadHtmlCache Behavior ::run [ RunTime:0.002000s ]
INFO: [ app_begin ] --END-- [ RunTime:0.002000s ]
SQL: SHOW COLUMNS FROM `think_plugin` [ RunTime:0.007001s ]
SQL: SELECT `title`,`name` FROM `think_plugin` WHERE ( status=1 AND has_adminlist=1 )  [ RunTime:0.001000s ]
NOTIC: [2] file_put_contents() expects parameter 3 to be long, string given F:\Program Files\wamp\www\thinkphp\APP\Common\common.php 第 172 行.
NOTIC: [2] file_put_contents() expects parameter 3 to be long, string given F:\Program Files\wamp\www\thinkphp\APP\Common\common.php 第 172 行.
NOTIC: [2] file_put_contents() expects parameter 3 to be long, string given F:\Program Files\wamp\www\thinkphp\APP\Common\common.php 第 172 行.
NOTIC: [8] Use of undefined constant UPLOAD_PATH - assumed 'UPLOAD_PATH' F:\Program Files\wamp\www\thinkphp\APP\Common\common.php 第 214 行.

[ 2013-12-28T20:38:01+08:00 ] 127.0.0.1 /thinkphp/index.php/Plugin/build.html
INFO: [ app_begin ] --START--
INFO: ReadHtmlCache Behavior ::run [ RunTime:0.002000s ]
INFO: [ app_begin ] --END-- [ RunTime:0.002000s ]
SQL: SHOW COLUMNS FROM `think_plugin` [ RunTime:0.027002s ]
SQL: SELECT `title`,`name` FROM `think_plugin` WHERE ( status=1 AND has_adminlist=1 )  [ RunTime:0.000000s ]
NOTIC: [2] file_put_contents() expects parameter 3 to be long, string given F:\Program Files\wamp\www\thinkphp\APP\Common\common.php 第 172 行.
NOTIC: [2] file_put_contents() expects parameter 3 to be long, string given F:\Program Files\wamp\www\thinkphp\APP\Common\common.php 第 172 行.
NOTIC: [2] file_put_contents() expects parameter 3 to be long, string given F:\Program Files\wamp\www\thinkphp\APP\Common\common.php 第 172 行.
NOTIC: [8] Use of undefined constant UPLOAD_PATH - assumed 'UPLOAD_PATH' F:\Program Files\wamp\www\thinkphp\APP\Common\common.php 第 215 行.

[ 2013-12-28T20:38:04+08:00 ] 127.0.0.1 /thinkphp/index.php/Plugin/build.html
INFO: [ app_begin ] --START--
INFO: ReadHtmlCache Behavior ::run [ RunTime:0.001000s ]
INFO: [ app_begin ] --END-- [ RunTime:0.001000s ]
SQL: SHOW COLUMNS FROM `think_plugin` [ RunTime:0.006000s ]
SQL: SELECT `title`,`name` FROM `think_plugin` WHERE ( status=1 AND has_adminlist=1 )  [ RunTime:0.000000s ]
NOTIC: [2] file_put_contents() expects parameter 3 to be long, string given F:\Program Files\wamp\www\thinkphp\APP\Common\common.php 第 172 行.
NOTIC: [2] file_put_contents() expects parameter 3 to be long, string given F:\Program Files\wamp\www\thinkphp\APP\Common\common.php 第 172 行.
NOTIC: [2] file_put_contents() expects parameter 3 to be long, string given F:\Program Files\wamp\www\thinkphp\APP\Common\common.php 第 172 行.
NOTIC: [8] Use of undefined constant UPLOAD_PATH - assumed 'UPLOAD_PATH' F:\Program Files\wamp\www\thinkphp\APP\Common\common.php 第 215 行.

[ 2013-12-28T20:38:09+08:00 ] 127.0.0.1 /thinkphp/index.php/Plugin/build.html
INFO: [ app_begin ] --START--
INFO: ReadHtmlCache Behavior ::run [ RunTime:0.001000s ]
INFO: [ app_begin ] --END-- [ RunTime:0.001000s ]
SQL: SHOW COLUMNS FROM `think_plugin` [ RunTime:0.007001s ]
SQL: SELECT `title`,`name` FROM `think_plugin` WHERE ( status=1 AND has_adminlist=1 )  [ RunTime:0.000000s ]
NOTIC: [2] file_put_contents() expects parameter 3 to be long, string given F:\Program Files\wamp\www\thinkphp\APP\Common\common.php 第 172 行.
NOTIC: [2] file_put_contents() expects parameter 3 to be long, string given F:\Program Files\wamp\www\thinkphp\APP\Common\common.php 第 172 行.
NOTIC: [2] file_put_contents() expects parameter 3 to be long, string given F:\Program Files\wamp\www\thinkphp\APP\Common\common.php 第 172 行.
NOTIC: [8] Use of undefined constant UPLOAD_PATH - assumed 'UPLOAD_PATH' F:\Program Files\wamp\www\thinkphp\APP\Common\common.php 第 215 行.

[ 2013-12-28T20:38:38+08:00 ] 127.0.0.1 /thinkphp/index.php/Plugin/build.html
INFO: [ app_begin ] --START--
INFO: ReadHtmlCache Behavior ::run [ RunTime:0.002000s ]
INFO: [ app_begin ] --END-- [ RunTime:0.002000s ]
SQL: SHOW COLUMNS FROM `think_plugin` [ RunTime:0.009001s ]
SQL: SELECT `title`,`name` FROM `think_plugin` WHERE ( status=1 AND has_adminlist=1 )  [ RunTime:0.000000s ]
NOTIC: [8] Undefined index: hookname F:\Program Files\wamp\www\thinkphp\APP\Modules\Admin\Action\PluginAction.class.php 第 42 行.
NOTIC: [2] Invalid argument supplied for foreach() F:\Program Files\wamp\www\thinkphp\APP\Modules\Admin\Action\PluginAction.class.php 第 42 行.
NOTIC: [2] file_put_contents() expects parameter 3 to be long, string given F:\Program Files\wamp\www\thinkphp\APP\Common\common.php 第 172 行.
NOTIC: [2] file_put_contents() expects parameter 3 to be long, string given F:\Program Files\wamp\www\thinkphp\APP\Common\common.php 第 172 行.
NOTIC: [2] file_put_contents() expects parameter 3 to be long, string given F:\Program Files\wamp\www\thinkphp\APP\Common\common.php 第 172 行.
NOTIC: [8] Use of undefined constant UPLOAD_PATH - assumed 'UPLOAD_PATH' F:\Program Files\wamp\www\thinkphp\APP\Common\common.php 第 214 行.

[ 2013-12-28T20:42:28+08:00 ] 127.0.0.1 /thinkphp/index.php/Plugin/build.html
INFO: [ app_begin ] --START--
INFO: ReadHtmlCache Behavior ::run [ RunTime:0.001000s ]
INFO: [ app_begin ] --END-- [ RunTime:0.001000s ]
SQL: SHOW COLUMNS FROM `think_plugin` [ RunTime:0.006001s ]
SQL: SELECT `title`,`name` FROM `think_plugin` WHERE ( status=1 AND has_adminlist=1 )  [ RunTime:0.000000s ]
NOTIC: [8] Undefined index: hookname F:\Program Files\wamp\www\thinkphp\APP\Modules\Admin\Action\PluginAction.class.php 第 42 行.
NOTIC: [2] Invalid argument supplied for foreach() F:\Program Files\wamp\www\thinkphp\APP\Modules\Admin\Action\PluginAction.class.php 第 42 行.
NOTIC: [2] file_put_contents() expects parameter 3 to be long, string given F:\Program Files\wamp\www\thinkphp\APP\Common\common.php 第 172 行.
NOTIC: [8] Use of undefined constant UPLOAD_PATH - assumed 'UPLOAD_PATH' F:\Program Files\wamp\www\thinkphp\APP\Common\common.php 第 214 行.

[ 2013-12-28T20:44:11+08:00 ] 127.0.0.1 /thinkphp/index.php/Plugin/build.html
INFO: [ app_begin ] --START--
INFO: ReadHtmlCache Behavior ::run [ RunTime:0.001000s ]
INFO: [ app_begin ] --END-- [ RunTime:0.001000s ]
SQL: SHOW COLUMNS FROM `think_plugin` [ RunTime:0.006000s ]
SQL: SELECT `title`,`name` FROM `think_plugin` WHERE ( status=1 AND has_adminlist=1 )  [ RunTime:0.001001s ]
NOTIC: [8] Undefined index: hookname F:\Program Files\wamp\www\thinkphp\APP\Modules\Admin\Action\PluginAction.class.php 第 42 行.
NOTIC: [2] Invalid argument supplied for foreach() F:\Program Files\wamp\www\thinkphp\APP\Modules\Admin\Action\PluginAction.class.php 第 42 行.
NOTIC: [2] filesize(): stat failed for sixth.zip F:\Program Files\wamp\www\thinkphp\APP\Modules\Admin\Action\PluginAction.class.php 第 170 行.
NOTIC: [8] Use of undefined constant UPLOAD_PATH - assumed 'UPLOAD_PATH' F:\Program Files\wamp\www\thinkphp\APP\Common\common.php 第 214 行.

[ 2013-12-28T20:44:24+08:00 ] 127.0.0.1 /thinkphp/index.php/Plugin/build.html
INFO: [ app_begin ] --START--
INFO: ReadHtmlCache Behavior ::run [ RunTime:0.001000s ]
INFO: [ app_begin ] --END-- [ RunTime:0.001000s ]
SQL: SHOW COLUMNS FROM `think_plugin` [ RunTime:0.006000s ]
SQL: SELECT `title`,`name` FROM `think_plugin` WHERE ( status=1 AND has_adminlist=1 )  [ RunTime:0.000000s ]
NOTIC: [2] file_put_contents() expects parameter 3 to be long, string given F:\Program Files\wamp\www\thinkphp\APP\Common\common.php 第 172 行.
NOTIC: [2] file_put_contents() expects parameter 3 to be long, string given F:\Program Files\wamp\www\thinkphp\APP\Common\common.php 第 172 行.
NOTIC: [2] file_put_contents() expects parameter 3 to be long, string given F:\Program Files\wamp\www\thinkphp\APP\Common\common.php 第 172 行.
NOTIC: [2] filesize(): stat failed for 111.zip F:\Program Files\wamp\www\thinkphp\APP\Modules\Admin\Action\PluginAction.class.php 第 170 行.
NOTIC: [8] Use of undefined constant UPLOAD_PATH - assumed 'UPLOAD_PATH' F:\Program Files\wamp\www\thinkphp\APP\Common\common.php 第 214 行.

[ 2013-12-28T20:44:42+08:00 ] 127.0.0.1 /thinkphp/index.php/Plugin/build.html
INFO: [ app_begin ] --START--
INFO: ReadHtmlCache Behavior ::run [ RunTime:0.001001s ]
INFO: [ app_begin ] --END-- [ RunTime:0.001001s ]
SQL: SHOW COLUMNS FROM `think_plugin` [ RunTime:0.006001s ]
SQL: SELECT `title`,`name` FROM `think_plugin` WHERE ( status=1 AND has_adminlist=1 )  [ RunTime:0.000000s ]
NOTIC: [2] filesize(): stat failed for 111.zip F:\Program Files\wamp\www\thinkphp\APP\Modules\Admin\Action\PluginAction.class.php 第 170 行.
NOTIC: [8] Use of undefined constant UPLOAD_PATH - assumed 'UPLOAD_PATH' F:\Program Files\wamp\www\thinkphp\APP\Common\common.php 第 214 行.

[ 2013-12-28T20:45:55+08:00 ] 127.0.0.1 /thinkphp/index.php/Plugin/build.html
INFO: [ app_begin ] --START--
INFO: ReadHtmlCache Behavior ::run [ RunTime:0.002000s ]
INFO: [ app_begin ] --END-- [ RunTime:0.002000s ]
SQL: SHOW COLUMNS FROM `think_plugin` [ RunTime:0.016001s ]
SQL: SELECT `title`,`name` FROM `think_plugin` WHERE ( status=1 AND has_adminlist=1 )  [ RunTime:0.001000s ]
NOTIC: [2] filesize(): stat failed for 111.zip F:\Program Files\wamp\www\thinkphp\APP\Modules\Admin\Action\PluginAction.class.php 第 170 行.

[ 2013-12-28T20:46:13+08:00 ] 127.0.0.1 /thinkphp/index.php/Plugin/build.html
INFO: [ app_begin ] --START--
INFO: ReadHtmlCache Behavior ::run [ RunTime:0.002001s ]
INFO: [ app_begin ] --END-- [ RunTime:0.002001s ]
SQL: SHOW COLUMNS FROM `think_plugin` [ RunTime:0.006000s ]
SQL: SELECT `title`,`name` FROM `think_plugin` WHERE ( status=1 AND has_adminlist=1 )  [ RunTime:0.000000s ]

[ 2013-12-28T20:46:23+08:00 ] 127.0.0.1 /thinkphp/index.php/Plugin/build.html
INFO: [ app_begin ] --START--
INFO: ReadHtmlCache Behavior ::run [ RunTime:0.001000s ]
INFO: [ app_begin ] --END-- [ RunTime:0.002000s ]
SQL: SHOW COLUMNS FROM `think_plugin` [ RunTime:0.028002s ]
SQL: SELECT `title`,`name` FROM `think_plugin` WHERE ( status=1 AND has_adminlist=1 )  [ RunTime:0.000000s ]
NOTIC: [8] Use of undefined constant UPLOAD_PATH - assumed 'UPLOAD_PATH' F:\Program Files\wamp\www\thinkphp\APP\Common\common.php 第 214 行.
NOTIC: [8] Undefined variable: length F:\Program Files\wamp\www\thinkphp\APP\Modules\Admin\Action\PluginAction.class.php 第 172 行.

[ 2013-12-28T20:46:44+08:00 ] 127.0.0.1 /thinkphp/index.php/Plugin/build.html
INFO: [ app_begin ] --START--
INFO: ReadHtmlCache Behavior ::run [ RunTime:0.001000s ]
INFO: [ app_begin ] --END-- [ RunTime:0.001000s ]
SQL: SHOW COLUMNS FROM `think_plugin` [ RunTime:0.008000s ]
SQL: SELECT `title`,`name` FROM `think_plugin` WHERE ( status=1 AND has_adminlist=1 )  [ RunTime:0.001000s ]

[ 2013-12-28T20:47:23+08:00 ] 127.0.0.1 /thinkphp/index.php/Plugin/build.html
INFO: [ app_begin ] --START--
INFO: ReadHtmlCache Behavior ::run [ RunTime:0.001000s ]
INFO: [ app_begin ] --END-- [ RunTime:0.001000s ]
SQL: SHOW COLUMNS FROM `think_plugin` [ RunTime:0.006001s ]
SQL: SELECT `title`,`name` FROM `think_plugin` WHERE ( status=1 AND has_adminlist=1 )  [ RunTime:0.000000s ]

[ 2013-12-28T21:09:52+08:00 ] 127.0.0.1 /thinkphp/index.php/Plugin/build.html
INFO: [ app_begin ] --START--
INFO: ReadHtmlCache Behavior ::run [ RunTime:0.001000s ]
INFO: [ app_begin ] --END-- [ RunTime:0.001000s ]
SQL: SHOW COLUMNS FROM `think_plugin` [ RunTime:0.007001s ]
SQL: SELECT `title`,`name` FROM `think_plugin` WHERE ( status=1 AND has_adminlist=1 )  [ RunTime:0.000000s ]
NOTIC: [2] file_put_contents() expects parameter 3 to be long, string given F:\Program Files\wamp\www\thinkphp\APP\Common\common.php 第 172 行.
NOTIC: [2] file_put_contents() expects parameter 3 to be long, string given F:\Program Files\wamp\www\thinkphp\APP\Common\common.php 第 172 行.
NOTIC: [2] file_put_contents() expects parameter 3 to be long, string given F:\Program Files\wamp\www\thinkphp\APP\Common\common.php 第 172 行.

[ 2013-12-28T21:10:01+08:00 ] 127.0.0.1 /thinkphp/index.php/Plugin/build.html
INFO: [ app_begin ] --START--
INFO: ReadHtmlCache Behavior ::run [ RunTime:0.001001s ]
INFO: [ app_begin ] --END-- [ RunTime:0.001001s ]
SQL: SHOW COLUMNS FROM `think_plugin` [ RunTime:0.008000s ]
SQL: SELECT `title`,`name` FROM `think_plugin` WHERE ( status=1 AND has_adminlist=1 )  [ RunTime:0.000000s ]

[ 2013-12-28T21:10:26+08:00 ] 127.0.0.1 /thinkphp/index.php/Plugin/build.html
INFO: [ app_begin ] --START--
INFO: ReadHtmlCache Behavior ::run [ RunTime:0.001000s ]
INFO: [ app_begin ] --END-- [ RunTime:0.002000s ]
SQL: SHOW COLUMNS FROM `think_plugin` [ RunTime:0.008001s ]
SQL: SELECT `title`,`name` FROM `think_plugin` WHERE ( status=1 AND has_adminlist=1 )  [ RunTime:0.000000s ]

[ 2013-12-28T21:11:10+08:00 ] 127.0.0.1 /thinkphp/index.php/Plugin/build.html
INFO: [ app_begin ] --START--
INFO: ReadHtmlCache Behavior ::run [ RunTime:0.003000s ]
INFO: [ app_begin ] --END-- [ RunTime:0.003000s ]
SQL: SHOW COLUMNS FROM `think_plugin` [ RunTime:0.006000s ]
SQL: SELECT `title`,`name` FROM `think_plugin` WHERE ( status=1 AND has_adminlist=1 )  [ RunTime:0.000000s ]

[ 2013-12-28T21:11:17+08:00 ] 127.0.0.1 /thinkphp/index.php/Plugin/build.html
INFO: [ app_begin ] --START--
INFO: ReadHtmlCache Behavior ::run [ RunTime:0.001000s ]
INFO: [ app_begin ] --END-- [ RunTime:0.001000s ]
SQL: SHOW COLUMNS FROM `think_plugin` [ RunTime:0.007001s ]
SQL: SELECT `title`,`name` FROM `think_plugin` WHERE ( status=1 AND has_adminlist=1 )  [ RunTime:0.000000s ]

[ 2013-12-28T21:11:47+08:00 ] 127.0.0.1 /thinkphp/index.php/Plugin/build.html
INFO: [ app_begin ] --START--
INFO: ReadHtmlCache Behavior ::run [ RunTime:0.001000s ]
INFO: [ app_begin ] --END-- [ RunTime:0.001000s ]
SQL: SHOW COLUMNS FROM `think_plugin` [ RunTime:0.006000s ]
SQL: SELECT `title`,`name` FROM `think_plugin` WHERE ( status=1 AND has_adminlist=1 )  [ RunTime:0.000000s ]

[ 2013-12-28T21:12:33+08:00 ] 127.0.0.1 /thinkphp/index.php/Plugin/build.html
INFO: [ app_begin ] --START--
INFO: ReadHtmlCache Behavior ::run [ RunTime:0.001000s ]
INFO: [ app_begin ] --END-- [ RunTime:0.002000s ]
SQL: SHOW COLUMNS FROM `think_plugin` [ RunTime:0.007000s ]
SQL: SELECT `title`,`name` FROM `think_plugin` WHERE ( status=1 AND has_adminlist=1 )  [ RunTime:0.001000s ]

[ 2013-12-28T21:14:03+08:00 ] 127.0.0.1 /thinkphp/index.php/Plugin/build.html
INFO: [ app_begin ] --START--
INFO: ReadHtmlCache Behavior ::run [ RunTime:0.001000s ]
INFO: [ app_begin ] --END-- [ RunTime:0.002000s ]
SQL: SHOW COLUMNS FROM `think_plugin` [ RunTime:0.007001s ]
SQL: SELECT `title`,`name` FROM `think_plugin` WHERE ( status=1 AND has_adminlist=1 )  [ RunTime:0.000000s ]

[ 2013-12-28T21:14:07+08:00 ] 127.0.0.1 /thinkphp/index.php/Plugin/build.html
INFO: [ app_begin ] --START--
INFO: ReadHtmlCache Behavior ::run [ RunTime:0.001000s ]
INFO: [ app_begin ] --END-- [ RunTime:0.002000s ]
SQL: SHOW COLUMNS FROM `think_plugin` [ RunTime:0.007001s ]
SQL: SELECT `title`,`name` FROM `think_plugin` WHERE ( status=1 AND has_adminlist=1 )  [ RunTime:0.000000s ]

[ 2013-12-28T21:17:54+08:00 ] 127.0.0.1 /thinkphp/index.php/Plugin/build.html
INFO: [ app_begin ] --START--
INFO: ReadHtmlCache Behavior ::run [ RunTime:0.001000s ]
INFO: [ app_begin ] --END-- [ RunTime:0.001000s ]
SQL: SHOW COLUMNS FROM `think_plugin` [ RunTime:0.007000s ]
SQL: SELECT `title`,`name` FROM `think_plugin` WHERE ( status=1 AND has_adminlist=1 )  [ RunTime:0.000000s ]

[ 2013-12-28T21:18:15+08:00 ] 127.0.0.1 /thinkphp/index.php/Plugin/build.html
INFO: [ app_begin ] --START--
INFO: ReadHtmlCache Behavior ::run [ RunTime:0.001000s ]
INFO: [ app_begin ] --END-- [ RunTime:0.001000s ]
SQL: SHOW COLUMNS FROM `think_plugin` [ RunTime:0.007001s ]
SQL: SELECT `title`,`name` FROM `think_plugin` WHERE ( status=1 AND has_adminlist=1 )  [ RunTime:0.000000s ]

[ 2013-12-28T21:20:35+08:00 ] 127.0.0.1 /thinkphp/index.php/Plugin/build.html
INFO: [ app_begin ] --START--
INFO: ReadHtmlCache Behavior ::run [ RunTime:0.001000s ]
INFO: [ app_begin ] --END-- [ RunTime:0.001000s ]
SQL: SHOW COLUMNS FROM `think_plugin` [ RunTime:0.008000s ]
SQL: SELECT `title`,`name` FROM `think_plugin` WHERE ( status=1 AND has_adminlist=1 )  [ RunTime:0.001000s ]

[ 2013-12-28T21:22:09+08:00 ] 127.0.0.1 /thinkphp/index.php/Plugin/build.html
INFO: [ app_begin ] --START--
INFO: ReadHtmlCache Behavior ::run [ RunTime:0.002000s ]
INFO: [ app_begin ] --END-- [ RunTime:0.002000s ]
SQL: SHOW COLUMNS FROM `think_plugin` [ RunTime:0.006001s ]
SQL: SELECT `title`,`name` FROM `think_plugin` WHERE ( status=1 AND has_adminlist=1 )  [ RunTime:0.000000s ]

[ 2013-12-28T21:23:52+08:00 ] 127.0.0.1 /thinkphp/index.php/Plugin/build.html
INFO: [ app_begin ] --START--
INFO: ReadHtmlCache Behavior ::run [ RunTime:0.002000s ]
INFO: [ app_begin ] --END-- [ RunTime:0.002000s ]
SQL: SHOW COLUMNS FROM `think_plugin` [ RunTime:0.007000s ]
SQL: SELECT `title`,`name` FROM `think_plugin` WHERE ( status=1 AND has_adminlist=1 )  [ RunTime:0.000000s ]

[ 2013-12-28T21:26:39+08:00 ] 127.0.0.1 /thinkphp/index.php/Plugin/build.html
INFO: [ app_begin ] --START--
INFO: ReadHtmlCache Behavior ::run [ RunTime:0.001000s ]
INFO: [ app_begin ] --END-- [ RunTime:0.001000s ]
SQL: SHOW COLUMNS FROM `think_plugin` [ RunTime:0.006001s ]
SQL: SELECT `title`,`name` FROM `think_plugin` WHERE ( status=1 AND has_adminlist=1 )  [ RunTime:0.000000s ]

[ 2013-12-28T21:27:32+08:00 ] 127.0.0.1 /thinkphp/index.php/Plugin/build.html
INFO: [ app_begin ] --START--
INFO: ReadHtmlCache Behavior ::run [ RunTime:0.002001s ]
INFO: [ app_begin ] --END-- [ RunTime:0.002001s ]
SQL: SHOW COLUMNS FROM `think_plugin` [ RunTime:0.007000s ]
SQL: SELECT `title`,`name` FROM `think_plugin` WHERE ( status=1 AND has_adminlist=1 )  [ RunTime:0.000000s ]
NOTIC: [8] Undefined variable: file F:\Program Files\wamp\www\thinkphp\APP\Modules\Admin\Action\PluginAction.class.php 第 171 行.

[ 2013-12-28T21:32:32+08:00 ] 127.0.0.1 /thinkphp/index.php/Plugin/build.html
INFO: [ app_begin ] --START--
INFO: ReadHtmlCache Behavior ::run [ RunTime:0.001000s ]
INFO: [ app_begin ] --END-- [ RunTime:0.002000s ]
SQL: SHOW COLUMNS FROM `think_plugin` [ RunTime:0.006000s ]
SQL: SELECT `title`,`name` FROM `think_plugin` WHERE ( status=1 AND has_adminlist=1 )  [ RunTime:0.000000s ]

[ 2013-12-28T21:32:39+08:00 ] 127.0.0.1 /thinkphp/index.php/Plugin/build.html
INFO: [ app_begin ] --START--
INFO: ReadHtmlCache Behavior ::run [ RunTime:0.001000s ]
INFO: [ app_begin ] --END-- [ RunTime:0.001000s ]
SQL: SHOW COLUMNS FROM `think_plugin` [ RunTime:0.006001s ]
SQL: SELECT `title`,`name` FROM `think_plugin` WHERE ( status=1 AND has_adminlist=1 )  [ RunTime:0.000000s ]

[ 2013-12-28T21:32:49+08:00 ] 127.0.0.1 /thinkphp/index.php/Plugin/build.html
INFO: [ app_begin ] --START--
INFO: ReadHtmlCache Behavior ::run [ RunTime:0.001000s ]
INFO: [ app_begin ] --END-- [ RunTime:0.001000s ]
SQL: SHOW COLUMNS FROM `think_plugin` [ RunTime:0.006000s ]
SQL: SELECT `title`,`name` FROM `think_plugin` WHERE ( status=1 AND has_adminlist=1 )  [ RunTime:0.001000s ]

[ 2013-12-28T21:36:35+08:00 ] 127.0.0.1 /thinkphp/index.php/Plugin/build.html
INFO: [ app_begin ] --START--
INFO: ReadHtmlCache Behavior ::run [ RunTime:0.001000s ]
INFO: [ app_begin ] --END-- [ RunTime:0.001000s ]
SQL: SHOW COLUMNS FROM `think_plugin` [ RunTime:0.007000s ]
SQL: SELECT `title`,`name` FROM `think_plugin` WHERE ( status=1 AND has_adminlist=1 )  [ RunTime:0.000000s ]
NOTIC: [2] file_put_contents() expects parameter 3 to be long, string given F:\Program Files\wamp\www\thinkphp\APP\Common\common.php 第 172 行.
NOTIC: [2] file_put_contents() expects parameter 3 to be long, string given F:\Program Files\wamp\www\thinkphp\APP\Common\common.php 第 172 行.
NOTIC: [2] file_put_contents() expects parameter 3 to be long, string given F:\Program Files\wamp\www\thinkphp\APP\Common\common.php 第 172 行.

[ 2013-12-28T21:37:03+08:00 ] 127.0.0.1 /thinkphp/index.php/Plugin/build.html
INFO: [ app_begin ] --START--
INFO: ReadHtmlCache Behavior ::run [ RunTime:0.001000s ]
INFO: [ app_begin ] --END-- [ RunTime:0.001000s ]
SQL: SHOW COLUMNS FROM `think_plugin` [ RunTime:0.007000s ]
SQL: SELECT `title`,`name` FROM `think_plugin` WHERE ( status=1 AND has_adminlist=1 )  [ RunTime:0.000000s ]

[ 2013-12-28T21:37:07+08:00 ] 127.0.0.1 /thinkphp/index.php/Plugin/build.html
INFO: [ app_begin ] --START--
INFO: ReadHtmlCache Behavior ::run [ RunTime:0.001000s ]
INFO: [ app_begin ] --END-- [ RunTime:0.002000s ]
SQL: SHOW COLUMNS FROM `think_plugin` [ RunTime:0.006001s ]
SQL: SELECT `title`,`name` FROM `think_plugin` WHERE ( status=1 AND has_adminlist=1 )  [ RunTime:0.000000s ]

[ 2013-12-28T21:44:48+08:00 ] 127.0.0.1 /thinkphp/index.php/Admin/Plugin/download?filename=./Data/PluginTem/bbbc.zip
ERR: ./Data/PluginTem/bbbc.zip下载文件不存在！

[ 2013-12-28T21:57:42+08:00 ] 127.0.0.1 /thinkphp/index.php/Plugin/build.html
INFO: [ app_begin ] --START--
INFO: ReadHtmlCache Behavior ::run [ RunTime:0.001000s ]
INFO: [ app_begin ] --END-- [ RunTime:0.002000s ]
SQL: SHOW COLUMNS FROM `think_plugin` [ RunTime:0.007000s ]
SQL: SELECT `title`,`name` FROM `think_plugin` WHERE ( status=1 AND has_adminlist=1 )  [ RunTime:0.000000s ]

[ 2013-12-28T21:57:42+08:00 ] 127.0.0.1 /thinkphp/index.php/Plugin/build.html
INFO: [ app_begin ] --START--
INFO: ReadHtmlCache Behavior ::run [ RunTime:0.002000s ]
INFO: [ app_begin ] --END-- [ RunTime:0.002000s ]
SQL: SHOW COLUMNS FROM `think_plugin` [ RunTime:0.009000s ]
SQL: SELECT `title`,`name` FROM `think_plugin` WHERE ( status=1 AND has_adminlist=1 )  [ RunTime:0.001000s ]

[ 2013-12-28T21:58:14+08:00 ] 127.0.0.1 /thinkphp/index.php/Plugin/build.html
INFO: [ app_begin ] --START--
INFO: ReadHtmlCache Behavior ::run [ RunTime:0.001000s ]
INFO: [ app_begin ] --END-- [ RunTime:0.002000s ]
SQL: SHOW COLUMNS FROM `think_plugin` [ RunTime:0.008001s ]
SQL: SELECT `title`,`name` FROM `think_plugin` WHERE ( status=1 AND has_adminlist=1 )  [ RunTime:0.000000s ]

[ 2013-12-28T21:58:31+08:00 ] 127.0.0.1 /thinkphp/index.php/Plugin/build.html
INFO: [ app_begin ] --START--
INFO: ReadHtmlCache Behavior ::run [ RunTime:0.002001s ]
INFO: [ app_begin ] --END-- [ RunTime:0.002001s ]
SQL: SHOW COLUMNS FROM `think_plugin` [ RunTime:0.006000s ]
SQL: SELECT `title`,`name` FROM `think_plugin` WHERE ( status=1 AND has_adminlist=1 )  [ RunTime:0.000000s ]

[ 2013-12-28T21:58:40+08:00 ] 127.0.0.1 /thinkphp/index.php/Plugin/build.html
INFO: [ app_begin ] --START--
INFO: ReadHtmlCache Behavior ::run [ RunTime:0.001000s ]
INFO: [ app_begin ] --END-- [ RunTime:0.001000s ]
SQL: SHOW COLUMNS FROM `think_plugin` [ RunTime:0.007000s ]
SQL: SELECT `title`,`name` FROM `think_plugin` WHERE ( status=1 AND has_adminlist=1 )  [ RunTime:0.001000s ]

[ 2013-12-28T21:58:43+08:00 ] 127.0.0.1 /thinkphp/index.php/Plugin/build.html
INFO: [ app_begin ] --START--
INFO: ReadHtmlCache Behavior ::run [ RunTime:0.001000s ]
INFO: [ app_begin ] --END-- [ RunTime:0.001000s ]
SQL: SHOW COLUMNS FROM `think_plugin` [ RunTime:0.006000s ]
SQL: SELECT `title`,`name` FROM `think_plugin` WHERE ( status=1 AND has_adminlist=1 )  [ RunTime:0.000000s ]

[ 2013-12-28T22:15:43+08:00 ] 127.0.0.1 /thinkphp/index.php/Plugin/build.html
INFO: [ app_begin ] --START--
INFO: ReadHtmlCache Behavior ::run [ RunTime:0.001000s ]
INFO: [ app_begin ] --END-- [ RunTime:0.001000s ]
SQL: SHOW COLUMNS FROM `think_plugin` [ RunTime:0.007000s ]
SQL: SELECT `title`,`name` FROM `think_plugin` WHERE ( status=1 AND has_adminlist=1 )  [ RunTime:0.000000s ]

[ 2013-12-28T22:33:38+08:00 ] 127.0.0.1 /thinkphp/index.php/Plugin/build.html
INFO: [ app_begin ] --START--
INFO: ReadHtmlCache Behavior ::run [ RunTime:0.001000s ]
INFO: [ app_begin ] --END-- [ RunTime:0.001000s ]
SQL: SHOW COLUMNS FROM `think_plugin` [ RunTime:0.007000s ]
SQL: SELECT `title`,`name` FROM `think_plugin` WHERE ( status=1 AND has_adminlist=1 )  [ RunTime:0.001000s ]
NOTIC: [2] file_put_contents() expects parameter 3 to be long, string given F:\Program Files\wamp\www\thinkphp\APP\Common\common.php 第 172 行.
NOTIC: [2] file_put_contents() expects parameter 3 to be long, string given F:\Program Files\wamp\www\thinkphp\APP\Common\common.php 第 172 行.
NOTIC: [2] file_put_contents() expects parameter 3 to be long, string given F:\Program Files\wamp\www\thinkphp\APP\Common\common.php 第 172 行.

[ 2013-12-28T22:34:23+08:00 ] 127.0.0.1 /thinkphp/index.php/Plugin/build.html
INFO: [ app_begin ] --START--
INFO: ReadHtmlCache Behavior ::run [ RunTime:0.001000s ]
INFO: [ app_begin ] --END-- [ RunTime:0.002000s ]
SQL: SHOW COLUMNS FROM `think_plugin` [ RunTime:0.006000s ]
SQL: SELECT `title`,`name` FROM `think_plugin` WHERE ( status=1 AND has_adminlist=1 )  [ RunTime:0.000000s ]

[ 2013-12-28T22:41:54+08:00 ] 127.0.0.1 /thinkphp/index.php/Plugin/build.html
INFO: [ app_begin ] --START--
INFO: ReadHtmlCache Behavior ::run [ RunTime:0.002001s ]
INFO: [ app_begin ] --END-- [ RunTime:0.002001s ]
SQL: SHOW COLUMNS FROM `think_plugin` [ RunTime:0.086005s ]
SQL: SELECT `title`,`name` FROM `think_plugin` WHERE ( status=1 AND has_adminlist=1 )  [ RunTime:0.001000s ]

[ 2013-12-28T22:41:55+08:00 ] 127.0.0.1 /thinkphp/index.php/Admin/Plugin/download.html
ERR: 参数错误或者未定义:filename

[ 2013-12-28T22:42:32+08:00 ] 127.0.0.1 /thinkphp/index.php/Plugin/build.html
INFO: [ app_begin ] --START--
INFO: ReadHtmlCache Behavior ::run [ RunTime:0.002001s ]
INFO: [ app_begin ] --END-- [ RunTime:0.002001s ]
SQL: SHOW COLUMNS FROM `think_plugin` [ RunTime:0.010000s ]
SQL: SELECT `title`,`name` FROM `think_plugin` WHERE ( status=1 AND has_adminlist=1 )  [ RunTime:0.002000s ]

[ 2013-12-28T22:43:08+08:00 ] 127.0.0.1 /thinkphp/index.php/Plugin/build.html
INFO: [ app_begin ] --START--
INFO: ReadHtmlCache Behavior ::run [ RunTime:0.001000s ]
INFO: [ app_begin ] --END-- [ RunTime:0.002000s ]
SQL: SHOW COLUMNS FROM `think_plugin` [ RunTime:0.006000s ]
SQL: SELECT `title`,`name` FROM `think_plugin` WHERE ( status=1 AND has_adminlist=1 )  [ RunTime:0.000000s ]

[ 2013-12-28T22:43:14+08:00 ] 127.0.0.1 /thinkphp/index.php/Plugin/build.html
INFO: [ app_begin ] --START--
INFO: ReadHtmlCache Behavior ::run [ RunTime:0.002000s ]
INFO: [ app_begin ] --END-- [ RunTime:0.004000s ]
SQL: SHOW COLUMNS FROM `think_plugin` [ RunTime:0.008000s ]
SQL: SELECT `title`,`name` FROM `think_plugin` WHERE ( status=1 AND has_adminlist=1 )  [ RunTime:0.000000s ]
NOTIC: [2] file_put_contents() expects parameter 3 to be long, string given F:\Program Files\wamp\www\thinkphp\APP\Common\common.php 第 172 行.
NOTIC: [2] file_put_contents() expects parameter 3 to be long, string given F:\Program Files\wamp\www\thinkphp\APP\Common\common.php 第 172 行.
NOTIC: [2] file_put_contents() expects parameter 3 to be long, string given F:\Program Files\wamp\www\thinkphp\APP\Common\common.php 第 172 行.

[ 2013-12-28T22:50:47+08:00 ] 127.0.0.1 /thinkphp/index.php/Plugin/build.html
INFO: [ app_begin ] --START--
INFO: ReadHtmlCache Behavior ::run [ RunTime:0.001000s ]
INFO: [ app_begin ] --END-- [ RunTime:0.002000s ]
SQL: SHOW COLUMNS FROM `think_plugin` [ RunTime:0.079004s ]
SQL: SELECT `title`,`name` FROM `think_plugin` WHERE ( status=1 AND has_adminlist=1 )  [ RunTime:0.000000s ]
NOTIC: [2] file_put_contents() expects parameter 3 to be long, string given F:\Program Files\wamp\www\thinkphp\APP\Common\common.php 第 172 行.
NOTIC: [2] file_put_contents() expects parameter 3 to be long, string given F:\Program Files\wamp\www\thinkphp\APP\Common\common.php 第 172 行.
NOTIC: [2] file_put_contents() expects parameter 3 to be long, string given F:\Program Files\wamp\www\thinkphp\APP\Common\common.php 第 172 行.

[ 2013-12-28T22:50:47+08:00 ] 127.0.0.1 /thinkphp/index.php/Admin/Plugin/download.html
ERR: 参数错误或者未定义:filename

[ 2013-12-28T22:51:00+08:00 ] 127.0.0.1 /thinkphp/index.php/Plugin/build.html
INFO: [ app_begin ] --START--
INFO: ReadHtmlCache Behavior ::run [ RunTime:0.001000s ]
INFO: [ app_begin ] --END-- [ RunTime:0.002000s ]
SQL: SHOW COLUMNS FROM `think_plugin` [ RunTime:0.007000s ]
SQL: SELECT `title`,`name` FROM `think_plugin` WHERE ( status=1 AND has_adminlist=1 )  [ RunTime:0.001000s ]
NOTIC: [2] file_put_contents() expects parameter 3 to be long, string given F:\Program Files\wamp\www\thinkphp\APP\Common\common.php 第 172 行.
NOTIC: [2] file_put_contents() expects parameter 3 to be long, string given F:\Program Files\wamp\www\thinkphp\APP\Common\common.php 第 172 行.
NOTIC: [2] file_put_contents() expects parameter 3 to be long, string given F:\Program Files\wamp\www\thinkphp\APP\Common\common.php 第 172 行.

[ 2013-12-28T22:53:36+08:00 ] 127.0.0.1 /thinkphp/index.php/Plugin/build.html
INFO: [ app_begin ] --START--
INFO: ReadHtmlCache Behavior ::run [ RunTime:0.001000s ]
INFO: [ app_begin ] --END-- [ RunTime:0.001000s ]
SQL: SHOW COLUMNS FROM `think_plugin` [ RunTime:0.026002s ]
SQL: SELECT `title`,`name` FROM `think_plugin` WHERE ( status=1 AND has_adminlist=1 )  [ RunTime:0.001000s ]
NOTIC: [2] file_put_contents() expects parameter 3 to be long, string given F:\Program Files\wamp\www\thinkphp\APP\Common\common.php 第 172 行.
NOTIC: [2] file_put_contents() expects parameter 3 to be long, string given F:\Program Files\wamp\www\thinkphp\APP\Common\common.php 第 172 行.
NOTIC: [2] file_put_contents() expects parameter 3 to be long, string given F:\Program Files\wamp\www\thinkphp\APP\Common\common.php 第 172 行.

[ 2013-12-28T22:55:37+08:00 ] 127.0.0.1 /thinkphp/index.php/Plugin/build.html
INFO: [ app_begin ] --START--
INFO: ReadHtmlCache Behavior ::run [ RunTime:0.001000s ]
INFO: [ app_begin ] --END-- [ RunTime:0.001000s ]
SQL: SHOW COLUMNS FROM `think_plugin` [ RunTime:0.007000s ]
SQL: SELECT `title`,`name` FROM `think_plugin` WHERE ( status=1 AND has_adminlist=1 )  [ RunTime:0.001000s ]
NOTIC: [8] Undefined index: hookname F:\Program Files\wamp\www\thinkphp\APP\Modules\Admin\Action\PluginAction.class.php 第 42 行.
NOTIC: [2] Invalid argument supplied for foreach() F:\Program Files\wamp\www\thinkphp\APP\Modules\Admin\Action\PluginAction.class.php 第 42 行.
NOTIC: [2] file_put_contents() expects parameter 3 to be long, string given F:\Program Files\wamp\www\thinkphp\APP\Common\common.php 第 172 行.
NOTIC: [2] file_put_contents() expects parameter 3 to be long, string given F:\Program Files\wamp\www\thinkphp\APP\Common\common.php 第 172 行.
NOTIC: [2] file_put_contents() expects parameter 3 to be long, string given F:\Program Files\wamp\www\thinkphp\APP\Common\common.php 第 172 行.

[ 2013-12-28T23:03:55+08:00 ] 127.0.0.1 /thinkphp/index.php/Plugin/build.html
INFO: [ app_begin ] --START--
INFO: ReadHtmlCache Behavior ::run [ RunTime:0.001000s ]
INFO: [ app_begin ] --END-- [ RunTime:0.001000s ]
SQL: SHOW COLUMNS FROM `think_plugin` [ RunTime:0.007001s ]
SQL: SELECT `title`,`name` FROM `think_plugin` WHERE ( status=1 AND has_adminlist=1 )  [ RunTime:0.001000s ]
NOTIC: [2] file_put_contents() expects parameter 3 to be long, string given F:\Program Files\wamp\www\thinkphp\APP\Common\common.php 第 172 行.
NOTIC: [2] file_put_contents() expects parameter 3 to be long, string given F:\Program Files\wamp\www\thinkphp\APP\Common\common.php 第 172 行.
NOTIC: [2] file_put_contents() expects parameter 3 to be long, string given F:\Program Files\wamp\www\thinkphp\APP\Common\common.php 第 172 行.

[ 2013-12-28T23:04:05+08:00 ] 127.0.0.1 /thinkphp/index.php/Admin/Post/newPost.html
NOTIC: 建议使用I方法替代_post
NOTIC: 建议使用I方法替代_post
NOTIC: 建议使用I方法替代_post
NOTIC: 建议使用I方法替代_post
NOTIC: 建议使用I方法替代_post

[ 2013-12-28T23:04:27+08:00 ] 127.0.0.1 /thinkphp/index.php/Admin/Post/newPost/post_id/-1.html
NOTIC: 建议使用I方法替代_post
NOTIC: 建议使用I方法替代_post
NOTIC: 建议使用I方法替代_post
NOTIC: 建议使用I方法替代_post
NOTIC: 建议使用I方法替代_post

[ 2013-12-28T23:12:50+08:00 ] 127.0.0.1 /thinkphp/index.php/Plugin/build.html
INFO: [ app_begin ] --START--
INFO: ReadHtmlCache Behavior ::run [ RunTime:0.001000s ]
INFO: [ app_begin ] --END-- [ RunTime:0.001000s ]
SQL: SHOW COLUMNS FROM `think_plugin` [ RunTime:0.006001s ]
SQL: SELECT `title`,`name` FROM `think_plugin` WHERE ( status=1 AND has_adminlist=1 )  [ RunTime:0.000000s ]
NOTIC: [2] in_array() expects parameter 2 to be array, boolean given F:\Program Files\wamp\www\thinkphp\ThinkPHP\Lib\Core\Model.class.php 第 821 行.
NOTIC: [2] in_array() expects parameter 2 to be array, boolean given F:\Program Files\wamp\www\thinkphp\ThinkPHP\Lib\Core\Model.class.php 第 821 行.
NOTIC: [2] in_array() expects parameter 2 to be array, boolean given F:\Program Files\wamp\www\thinkphp\ThinkPHP\Lib\Core\Model.class.php 第 821 行.
NOTIC: [2] in_array() expects parameter 2 to be array, boolean given F:\Program Files\wamp\www\thinkphp\ThinkPHP\Lib\Core\Model.class.php 第 821 行.
NOTIC: [2] in_array() expects parameter 2 to be array, boolean given F:\Program Files\wamp\www\thinkphp\ThinkPHP\Lib\Core\Model.class.php 第 821 行.
NOTIC: [2] in_array() expects parameter 2 to be array, boolean given F:\Program Files\wamp\www\thinkphp\ThinkPHP\Lib\Core\Model.class.php 第 821 行.
NOTIC: [2] in_array() expects parameter 2 to be array, boolean given F:\Program Files\wamp\www\thinkphp\ThinkPHP\Lib\Core\Model.class.php 第 821 行.
NOTIC: [2] in_array() expects parameter 2 to be array, boolean given F:\Program Files\wamp\www\thinkphp\ThinkPHP\Lib\Core\Model.class.php 第 821 行.
NOTIC: [2] in_array() expects parameter 2 to be array, boolean given F:\Program Files\wamp\www\thinkphp\ThinkPHP\Lib\Core\Model.class.php 第 821 行.
NOTIC: [8] Undefined index: hookname F:\Program Files\wamp\www\thinkphp\APP\Modules\Admin\Action\PluginAction.class.php 第 42 行.
NOTIC: [2] Invalid argument supplied for foreach() F:\Program Files\wamp\www\thinkphp\APP\Modules\Admin\Action\PluginAction.class.php 第 42 行.
NOTIC: [2] file_put_contents() expects parameter 3 to be long, string given F:\Program Files\wamp\www\thinkphp\APP\Common\common.php 第 172 行.
NOTIC: [2] file_put_contents() expects parameter 3 to be long, string given F:\Program Files\wamp\www\thinkphp\APP\Common\common.php 第 172 行.

[ 2013-12-28T23:15:50+08:00 ] 127.0.0.1 /thinkphp/index.php/Plugin/build.html
INFO: [ app_begin ] --START--
INFO: ReadHtmlCache Behavior ::run [ RunTime:0.002000s ]
INFO: [ app_begin ] --END-- [ RunTime:0.002000s ]
SQL: SHOW COLUMNS FROM `think_plugin` [ RunTime:0.024001s ]
SQL: SELECT `title`,`name` FROM `think_plugin` WHERE ( status=1 AND has_adminlist=1 )  [ RunTime:0.001000s ]
NOTIC: [8] Undefined index: hookname F:\Program Files\wamp\www\thinkphp\APP\Modules\Admin\Action\PluginAction.class.php 第 42 行.
NOTIC: [2] Invalid argument supplied for foreach() F:\Program Files\wamp\www\thinkphp\APP\Modules\Admin\Action\PluginAction.class.php 第 42 行.
NOTIC: [2] file_put_contents() expects parameter 3 to be long, string given F:\Program Files\wamp\www\thinkphp\APP\Common\common.php 第 172 行.
NOTIC: [2] file_put_contents() expects parameter 3 to be long, string given F:\Program Files\wamp\www\thinkphp\APP\Common\common.php 第 172 行.
NOTIC: [2] file_put_contents() expects parameter 3 to be long, string given F:\Program Files\wamp\www\thinkphp\APP\Common\common.php 第 172 行.

[ 2013-12-28T23:17:22+08:00 ] 127.0.0.1 /thinkphp/index.php/Plugin/build.html
INFO: [ app_begin ] --START--
INFO: ReadHtmlCache Behavior ::run [ RunTime:0.002000s ]
INFO: [ app_begin ] --END-- [ RunTime:0.002000s ]
SQL: SHOW COLUMNS FROM `think_plugin` [ RunTime:0.008000s ]
SQL: SELECT `title`,`name` FROM `think_plugin` WHERE ( status=1 AND has_adminlist=1 )  [ RunTime:0.000000s ]
NOTIC: [8] Undefined index: hookname F:\Program Files\wamp\www\thinkphp\APP\Modules\Admin\Action\PluginAction.class.php 第 42 行.
NOTIC: [2] Invalid argument supplied for foreach() F:\Program Files\wamp\www\thinkphp\APP\Modules\Admin\Action\PluginAction.class.php 第 42 行.

[ 2013-12-28T23:17:55+08:00 ] 127.0.0.1 /thinkphp/index.php/Plugin/build.html
INFO: [ app_begin ] --START--
INFO: ReadHtmlCache Behavior ::run [ RunTime:0.002000s ]
INFO: [ app_begin ] --END-- [ RunTime:0.002000s ]
SQL: SHOW COLUMNS FROM `think_plugin` [ RunTime:0.006000s ]
SQL: SELECT `title`,`name` FROM `think_plugin` WHERE ( status=1 AND has_adminlist=1 )  [ RunTime:0.001001s ]
NOTIC: [8] Undefined index: hookname F:\Program Files\wamp\www\thinkphp\APP\Modules\Admin\Action\PluginAction.class.php 第 42 行.
NOTIC: [2] Invalid argument supplied for foreach() F:\Program Files\wamp\www\thinkphp\APP\Modules\Admin\Action\PluginAction.class.php 第 42 行.

[ 2013-12-28T23:19:04+08:00 ] 127.0.0.1 /thinkphp/index.php/Plugin/build.html
INFO: [ app_begin ] --START--
INFO: ReadHtmlCache Behavior ::run [ RunTime:0.002000s ]
INFO: [ app_begin ] --END-- [ RunTime:0.002000s ]
SQL: SHOW COLUMNS FROM `think_plugin` [ RunTime:0.007000s ]
SQL: SELECT `title`,`name` FROM `think_plugin` WHERE ( status=1 AND has_adminlist=1 )  [ RunTime:0.000000s ]
NOTIC: [8] Undefined index: hookname F:\Program Files\wamp\www\thinkphp\APP\Modules\Admin\Action\PluginAction.class.php 第 42 行.
NOTIC: [2] Invalid argument supplied for foreach() F:\Program Files\wamp\www\thinkphp\APP\Modules\Admin\Action\PluginAction.class.php 第 42 行.

[ 2013-12-28T23:19:17+08:00 ] 127.0.0.1 /thinkphp/index.php/Plugin/build.html
INFO: [ app_begin ] --START--
INFO: ReadHtmlCache Behavior ::run [ RunTime:0.001000s ]
INFO: [ app_begin ] --END-- [ RunTime:0.001000s ]
SQL: SHOW COLUMNS FROM `think_plugin` [ RunTime:0.007000s ]
SQL: SELECT `title`,`name` FROM `think_plugin` WHERE ( status=1 AND has_adminlist=1 )  [ RunTime:0.001000s ]
NOTIC: [8] Undefined index: hookname F:\Program Files\wamp\www\thinkphp\APP\Modules\Admin\Action\PluginAction.class.php 第 42 行.
NOTIC: [2] Invalid argument supplied for foreach() F:\Program Files\wamp\www\thinkphp\APP\Modules\Admin\Action\PluginAction.class.php 第 42 行.

[ 2013-12-28T23:21:27+08:00 ] 127.0.0.1 /thinkphp/index.php/Plugin/build.html
INFO: [ app_begin ] --START--
INFO: ReadHtmlCache Behavior ::run [ RunTime:0.001000s ]
INFO: [ app_begin ] --END-- [ RunTime:0.002000s ]
SQL: SHOW COLUMNS FROM `think_plugin` [ RunTime:0.010000s ]
SQL: SELECT `title`,`name` FROM `think_plugin` WHERE ( status=1 AND has_adminlist=1 )  [ RunTime:0.000000s ]
NOTIC: [8] Undefined index: hookname F:\Program Files\wamp\www\thinkphp\APP\Modules\Admin\Action\PluginAction.class.php 第 42 行.
NOTIC: [2] Invalid argument supplied for foreach() F:\Program Files\wamp\www\thinkphp\APP\Modules\Admin\Action\PluginAction.class.php 第 42 行.
NOTIC: [2] file_put_contents() expects parameter 3 to be long, string given F:\Program Files\wamp\www\thinkphp\APP\Common\common.php 第 172 行.
NOTIC: [2] file_put_contents() expects parameter 3 to be long, string given F:\Program Files\wamp\www\thinkphp\APP\Common\common.php 第 172 行.

[ 2013-12-28T23:21:41+08:00 ] 127.0.0.1 /thinkphp/index.php/Plugin/build.html
INFO: [ app_begin ] --START--
INFO: ReadHtmlCache Behavior ::run [ RunTime:0.002000s ]
INFO: [ app_begin ] --END-- [ RunTime:0.002000s ]
SQL: SHOW COLUMNS FROM `think_plugin` [ RunTime:0.007001s ]
SQL: SELECT `title`,`name` FROM `think_plugin` WHERE ( status=1 AND has_adminlist=1 )  [ RunTime:0.001000s ]
NOTIC: [8] Undefined index: hookname F:\Program Files\wamp\www\thinkphp\APP\Modules\Admin\Action\PluginAction.class.php 第 42 行.
NOTIC: [2] Invalid argument supplied for foreach() F:\Program Files\wamp\www\thinkphp\APP\Modules\Admin\Action\PluginAction.class.php 第 42 行.
NOTIC: [2] file_put_contents() expects parameter 3 to be long, string given F:\Program Files\wamp\www\thinkphp\APP\Common\common.php 第 172 行.
NOTIC: [2] file_put_contents() expects parameter 3 to be long, string given F:\Program Files\wamp\www\thinkphp\APP\Common\common.php 第 172 行.
NOTIC: [2] file_put_contents() expects parameter 3 to be long, string given F:\Program Files\wamp\www\thinkphp\APP\Common\common.php 第 172 行.

[ 2013-12-28T23:21:47+08:00 ] 127.0.0.1 /thinkphp/index.php/Plugin/build.html
INFO: [ app_begin ] --START--
INFO: ReadHtmlCache Behavior ::run [ RunTime:0.001000s ]
INFO: [ app_begin ] --END-- [ RunTime:0.001000s ]
SQL: SHOW COLUMNS FROM `think_plugin` [ RunTime:0.006000s ]
SQL: SELECT `title`,`name` FROM `think_plugin` WHERE ( status=1 AND has_adminlist=1 )  [ RunTime:0.001000s ]
NOTIC: [8] Undefined index: hookname F:\Program Files\wamp\www\thinkphp\APP\Modules\Admin\Action\PluginAction.class.php 第 42 行.
NOTIC: [2] Invalid argument supplied for foreach() F:\Program Files\wamp\www\thinkphp\APP\Modules\Admin\Action\PluginAction.class.php 第 42 行.
NOTIC: [2] file_put_contents() expects parameter 3 to be long, string given F:\Program Files\wamp\www\thinkphp\APP\Common\common.php 第 172 行.
NOTIC: [2] file_put_contents() expects parameter 3 to be long, string given F:\Program Files\wamp\www\thinkphp\APP\Common\common.php 第 172 行.
NOTIC: [2] file_put_contents() expects parameter 3 to be long, string given F:\Program Files\wamp\www\thinkphp\APP\Common\common.php 第 172 行.

