[ 2013-12-26T12:57:52+08:00 ] 127.0.0.1 /thinkphp/index.php/Plugin/disable
INFO: [ app_begin ] --START--
INFO: ReadHtmlCache Behavior ::run [ RunTime:0.001000s ]
INFO: [ app_begin ] --END-- [ RunTime:0.001000s ]
SQL: SHOW COLUMNS FROM `think_plugin` [ RunTime:0.025002s ]
SQL: SELECT `title`,`name` FROM `think_plugin` WHERE ( status=1 AND has_adminlist=1 )  [ RunTime:0.001000s ]
SQL: SHOW COLUMNS FROM `think_plugin` [ RunTime:0.007000s ]
SQL: UPDATE `think_plugin` SET `status`=0 WHERE ( id=23 ) [ RunTime:0.000000s ]

[ 2013-12-26T12:59:28+08:00 ] 127.0.0.1 /thinkphp/index.php/Plugin/disable
INFO: [ app_begin ] --START--
INFO: ReadHtmlCache Behavior ::run [ RunTime:0.001000s ]
INFO: [ app_begin ] --END-- [ RunTime:0.001000s ]
SQL: SHOW COLUMNS FROM `think_plugin` [ RunTime:0.006000s ]
SQL: SELECT `title`,`name` FROM `think_plugin` WHERE ( status=1 AND has_adminlist=1 )  [ RunTime:0.000000s ]
SQL: SHOW COLUMNS FROM `think_plugin` [ RunTime:0.007001s ]
SQL: UPDATE `think_plugin` SET `status`=0 WHERE ( id=23 ) [ RunTime:0.000000s ]

[ 2013-12-26T13:00:13+08:00 ] 127.0.0.1 /thinkphp/index.php/Plugin/disable
INFO: [ app_begin ] --START--
INFO: ReadHtmlCache Behavior ::run [ RunTime:0.001000s ]
INFO: [ app_begin ] --END-- [ RunTime:0.002000s ]
SQL: SHOW COLUMNS FROM `think_plugin` [ RunTime:0.006001s ]
SQL: SELECT `title`,`name` FROM `think_plugin` WHERE ( status=1 AND has_adminlist=1 )  [ RunTime:0.000000s ]
SQL: SHOW COLUMNS FROM `think_plugin` [ RunTime:0.009000s ]
SQL: UPDATE `think_plugin` SET `status`=0 WHERE ( id=23 ) [ RunTime:0.001000s ]

[ 2013-12-26T13:30:46+08:00 ] 127.0.0.1 /thinkphp/index.php/Plugin/disable
INFO: [ app_begin ] --START--
INFO: ReadHtmlCache Behavior ::run [ RunTime:0.003000s ]
INFO: [ app_begin ] --END-- [ RunTime:0.003000s ]
SQL: SHOW COLUMNS FROM `think_plugin` [ RunTime:0.006000s ]
SQL: SELECT `title`,`name` FROM `think_plugin` WHERE ( status=1 AND has_adminlist=1 )  [ RunTime:0.000000s ]
SQL: SHOW COLUMNS FROM `think_plugin` [ RunTime:0.006001s ]
SQL: UPDATE `think_plugin` SET `status`=0 WHERE ( id=23 ) [ RunTime:0.000000s ]

[ 2013-12-26T13:33:47+08:00 ] 127.0.0.1 /thinkphp/index.php/Plugin/disable
INFO: [ app_begin ] --START--
INFO: ReadHtmlCache Behavior ::run [ RunTime:0.002000s ]
INFO: [ app_begin ] --END-- [ RunTime:0.002000s ]
SQL: SHOW COLUMNS FROM `think_plugin` [ RunTime:0.006000s ]
SQL: SELECT `title`,`name` FROM `think_plugin` WHERE ( status=1 AND has_adminlist=1 )  [ RunTime:0.001000s ]
SQL: SHOW COLUMNS FROM `think_plugin` [ RunTime:0.006001s ]
SQL: UPDATE `think_plugin` SET `status`=0 WHERE ( id=23 ) [ RunTime:0.000000s ]

[ 2013-12-26T13:34:31+08:00 ] 127.0.0.1 /thinkphp/index.php/Plugin/disable
INFO: [ app_begin ] --START--
INFO: ReadHtmlCache Behavior ::run [ RunTime:0.002000s ]
INFO: [ app_begin ] --END-- [ RunTime:0.002000s ]
SQL: SHOW COLUMNS FROM `think_plugin` [ RunTime:0.006001s ]
SQL: SELECT `title`,`name` FROM `think_plugin` WHERE ( status=1 AND has_adminlist=1 )  [ RunTime:0.000000s ]
SQL: SHOW COLUMNS FROM `think_plugin` [ RunTime:0.007000s ]
SQL: UPDATE `think_plugin` SET `status`=0 WHERE ( id=23 ) [ RunTime:0.000000s ]

[ 2013-12-26T13:35:02+08:00 ] 127.0.0.1 /thinkphp/index.php/Plugin/disable
INFO: [ app_begin ] --START--
INFO: ReadHtmlCache Behavior ::run [ RunTime:0.003000s ]
INFO: [ app_begin ] --END-- [ RunTime:0.003000s ]
SQL: SHOW COLUMNS FROM `think_plugin` [ RunTime:0.007000s ]
SQL: SELECT `title`,`name` FROM `think_plugin` WHERE ( status=1 AND has_adminlist=1 )  [ RunTime:0.000000s ]
SQL: SHOW COLUMNS FROM `think_plugin` [ RunTime:0.006000s ]
SQL: UPDATE `think_plugin` SET `status`=0 WHERE ( id=23 ) [ RunTime:0.001000s ]

[ 2013-12-26T13:36:24+08:00 ] 127.0.0.1 /thinkphp/index.php/Plugin/disable
INFO: [ app_begin ] --START--
INFO: ReadHtmlCache Behavior ::run [ RunTime:0.003000s ]
INFO: [ app_begin ] --END-- [ RunTime:0.003000s ]
SQL: SHOW COLUMNS FROM `think_plugin` [ RunTime:0.006001s ]
SQL: SELECT `title`,`name` FROM `think_plugin` WHERE ( status=1 AND has_adminlist=1 )  [ RunTime:0.001000s ]
SQL: SHOW COLUMNS FROM `think_plugin` [ RunTime:0.006000s ]
SQL: UPDATE `think_plugin` SET `status`=0 WHERE ( id=23 ) [ RunTime:0.000000s ]

[ 2013-12-26T13:37:49+08:00 ] 127.0.0.1 /thinkphp/index.php/Plugin/disable
INFO: [ app_begin ] --START--
INFO: ReadHtmlCache Behavior ::run [ RunTime:0.001000s ]
INFO: [ app_begin ] --END-- [ RunTime:0.002000s ]
SQL: SHOW COLUMNS FROM `think_plugin` [ RunTime:0.007001s ]
SQL: SELECT `title`,`name` FROM `think_plugin` WHERE ( status=1 AND has_adminlist=1 )  [ RunTime:0.000000s ]
SQL: SHOW COLUMNS FROM `think_plugin` [ RunTime:0.008000s ]
SQL: UPDATE `think_plugin` SET `status`=0 WHERE ( id=23 ) [ RunTime:0.001000s ]

[ 2013-12-26T13:38:37+08:00 ] 127.0.0.1 /thinkphp/index.php/Plugin/disable
INFO: [ app_begin ] --START--
INFO: ReadHtmlCache Behavior ::run [ RunTime:0.001000s ]
INFO: [ app_begin ] --END-- [ RunTime:0.001000s ]
SQL: SHOW COLUMNS FROM `think_plugin` [ RunTime:0.005001s ]
SQL: SELECT `title`,`name` FROM `think_plugin` WHERE ( status=1 AND has_adminlist=1 )  [ RunTime:0.000000s ]
SQL: SHOW COLUMNS FROM `think_plugin` [ RunTime:0.006000s ]
SQL: UPDATE `think_plugin` SET `status`=0 WHERE ( id=23 ) [ RunTime:0.000000s ]

[ 2013-12-26T13:39:39+08:00 ] 127.0.0.1 /thinkphp/index.php/Plugin/disable
INFO: [ app_begin ] --START--
INFO: ReadHtmlCache Behavior ::run [ RunTime:0.001000s ]
INFO: [ app_begin ] --END-- [ RunTime:0.001000s ]
SQL: SHOW COLUMNS FROM `think_plugin` [ RunTime:0.006001s ]
SQL: SELECT `title`,`name` FROM `think_plugin` WHERE ( status=1 AND has_adminlist=1 )  [ RunTime:0.001000s ]

[ 2013-12-26T13:40:18+08:00 ] 127.0.0.1 /thinkphp/index.php/Plugin/disable
INFO: [ app_begin ] --START--
INFO: ReadHtmlCache Behavior ::run [ RunTime:0.002001s ]
INFO: [ app_begin ] --END-- [ RunTime:0.002001s ]
SQL: SHOW COLUMNS FROM `think_plugin` [ RunTime:0.006000s ]
SQL: SELECT `title`,`name` FROM `think_plugin` WHERE ( status=1 AND has_adminlist=1 )  [ RunTime:0.001000s ]

[ 2013-12-26T13:40:38+08:00 ] 127.0.0.1 /thinkphp/index.php/Plugin/disable
INFO: [ app_begin ] --START--
INFO: ReadHtmlCache Behavior ::run [ RunTime:0.001000s ]
INFO: [ app_begin ] --END-- [ RunTime:0.001000s ]
SQL: SHOW COLUMNS FROM `think_plugin` [ RunTime:0.006001s ]
SQL: SELECT `title`,`name` FROM `think_plugin` WHERE ( status=1 AND has_adminlist=1 )  [ RunTime:0.000000s ]

[ 2013-12-26T13:41:13+08:00 ] 127.0.0.1 /thinkphp/index.php/Plugin/disable
INFO: [ app_begin ] --START--
INFO: ReadHtmlCache Behavior ::run [ RunTime:0.001000s ]
INFO: [ app_begin ] --END-- [ RunTime:0.002000s ]
SQL: SHOW COLUMNS FROM `think_plugin` [ RunTime:0.007000s ]
SQL: SELECT `title`,`name` FROM `think_plugin` WHERE ( status=1 AND has_adminlist=1 )  [ RunTime:0.000000s ]
SQL: SHOW COLUMNS FROM `think_plugin` [ RunTime:0.006000s ]
SQL: UPDATE `think_plugin` SET `status`=0 WHERE ( id=23 ) [ RunTime:0.001000s ]

[ 2013-12-26T13:42:20+08:00 ] 127.0.0.1 /thinkphp/index.php/Plugin/disable
INFO: [ app_begin ] --START--
INFO: ReadHtmlCache Behavior ::run [ RunTime:0.002000s ]
INFO: [ app_begin ] --END-- [ RunTime:0.002000s ]
SQL: SHOW COLUMNS FROM `think_plugin` [ RunTime:0.006000s ]
SQL: SELECT `title`,`name` FROM `think_plugin` WHERE ( status=1 AND has_adminlist=1 )  [ RunTime:0.001000s ]
SQL: SHOW COLUMNS FROM `think_plugin` [ RunTime:0.006000s ]
SQL: UPDATE `think_plugin` SET `status`=0 WHERE ( id=23 ) [ RunTime:0.001000s ]

[ 2013-12-26T13:42:56+08:00 ] 127.0.0.1 /thinkphp/index.php/Plugin/disable
INFO: [ app_begin ] --START--
INFO: ReadHtmlCache Behavior ::run [ RunTime:0.001000s ]
INFO: [ app_begin ] --END-- [ RunTime:0.002000s ]
SQL: SHOW COLUMNS FROM `think_plugin` [ RunTime:0.006000s ]
SQL: SELECT `title`,`name` FROM `think_plugin` WHERE ( status=1 AND has_adminlist=1 )  [ RunTime:0.000000s ]
SQL: SHOW COLUMNS FROM `think_plugin` [ RunTime:0.006001s ]
SQL: UPDATE `think_plugin` SET `status`=0 WHERE ( id=23 ) [ RunTime:0.001000s ]

[ 2013-12-26T13:43:43+08:00 ] 127.0.0.1 /thinkphp/index.php/Plugin/disable
INFO: [ app_begin ] --START--
INFO: ReadHtmlCache Behavior ::run [ RunTime:0.001000s ]
INFO: [ app_begin ] --END-- [ RunTime:0.001000s ]
SQL: SHOW COLUMNS FROM `think_plugin` [ RunTime:0.006001s ]
SQL: SELECT `title`,`name` FROM `think_plugin` WHERE ( status=1 AND has_adminlist=1 )  [ RunTime:0.001000s ]
SQL: SHOW COLUMNS FROM `think_plugin` [ RunTime:0.006000s ]
SQL: UPDATE `think_plugin` SET `status`=0 WHERE ( id=23 ) [ RunTime:0.001000s ]

[ 2013-12-26T13:46:42+08:00 ] 127.0.0.1 /thinkphp/index.php/Plugin/enable
INFO: [ app_begin ] --START--
INFO: ReadHtmlCache Behavior ::run [ RunTime:0.001000s ]
INFO: [ app_begin ] --END-- [ RunTime:0.002000s ]
SQL: SHOW COLUMNS FROM `think_plugin` [ RunTime:0.007000s ]
SQL: SELECT `title`,`name` FROM `think_plugin` WHERE ( status=1 AND has_adminlist=1 )  [ RunTime:0.001000s ]
SQL: UPDATE `think_plugin` SET `status`=1 WHERE ( id=23 ) [ RunTime:0.000000s ]

[ 2013-12-26T13:46:48+08:00 ] 127.0.0.1 /thinkphp/index.php/Plugin/disable
INFO: [ app_begin ] --START--
INFO: ReadHtmlCache Behavior ::run [ RunTime:0.001000s ]
INFO: [ app_begin ] --END-- [ RunTime:0.001000s ]
SQL: SHOW COLUMNS FROM `think_plugin` [ RunTime:0.006000s ]
SQL: SELECT `title`,`name` FROM `think_plugin` WHERE ( status=1 AND has_adminlist=1 )  [ RunTime:0.001000s ]
SQL: SHOW COLUMNS FROM `think_plugin` [ RunTime:0.007001s ]
SQL: UPDATE `think_plugin` SET `status`=0 WHERE ( id=23 ) [ RunTime:0.000000s ]

[ 2013-12-26T13:55:31+08:00 ] 127.0.0.1 /thinkphp/index.php/Plugin/enable
INFO: [ app_begin ] --START--
INFO: ReadHtmlCache Behavior ::run [ RunTime:0.001000s ]
INFO: [ app_begin ] --END-- [ RunTime:0.002001s ]
SQL: SHOW COLUMNS FROM `think_plugin` [ RunTime:0.006000s ]
SQL: SELECT `title`,`name` FROM `think_plugin` WHERE ( status=1 AND has_adminlist=1 )  [ RunTime:0.001000s ]
SQL: UPDATE `think_plugin` SET `status`=1 WHERE ( id=23 ) [ RunTime:0.000000s ]

[ 2013-12-26T13:55:32+08:00 ] 127.0.0.1 /thinkphp/index.php/Plugin/enable
INFO: [ app_begin ] --START--
INFO: ReadHtmlCache Behavior ::run [ RunTime:0.001000s ]
INFO: [ app_begin ] --END-- [ RunTime:0.001000s ]
SQL: SHOW COLUMNS FROM `think_plugin` [ RunTime:0.007001s ]
SQL: SELECT `title`,`name` FROM `think_plugin` WHERE ( status=1 AND has_adminlist=1 )  [ RunTime:0.000000s ]
SQL: UPDATE `think_plugin` SET `status`=1 WHERE ( id=23 ) [ RunTime:0.000000s ]

[ 2013-12-26T13:55:38+08:00 ] 127.0.0.1 /thinkphp/index.php/Plugin/enable
INFO: [ app_begin ] --START--
INFO: ReadHtmlCache Behavior ::run [ RunTime:0.001000s ]
INFO: [ app_begin ] --END-- [ RunTime:0.001000s ]
SQL: SHOW COLUMNS FROM `think_plugin` [ RunTime:0.007000s ]
SQL: SELECT `title`,`name` FROM `think_plugin` WHERE ( status=1 AND has_adminlist=1 )  [ RunTime:0.001000s ]
SQL: SHOW COLUMNS FROM `think_plugin` [ RunTime:0.010000s ]
SQL: UPDATE `think_plugin` SET `status`=1 WHERE ( id=23 ) [ RunTime:0.001000s ]

[ 2013-12-26T13:56:00+08:00 ] 127.0.0.1 /thinkphp/index.php/Plugin/disable
INFO: [ app_begin ] --START--
INFO: ReadHtmlCache Behavior ::run [ RunTime:0.001000s ]
INFO: [ app_begin ] --END-- [ RunTime:0.001000s ]
SQL: SHOW COLUMNS FROM `think_plugin` [ RunTime:0.006001s ]
SQL: SELECT `title`,`name` FROM `think_plugin` WHERE ( status=1 AND has_adminlist=1 )  [ RunTime:0.001000s ]
SQL: SHOW COLUMNS FROM `think_plugin` [ RunTime:0.006000s ]
SQL: UPDATE `think_plugin` SET `status`=0 WHERE ( id=23 ) [ RunTime:0.001000s ]

[ 2013-12-26T13:56:27+08:00 ] 127.0.0.1 /thinkphp/index.php/Plugin/enable
INFO: [ app_begin ] --START--
INFO: ReadHtmlCache Behavior ::run [ RunTime:0.001000s ]
INFO: [ app_begin ] --END-- [ RunTime:0.002000s ]
SQL: SHOW COLUMNS FROM `think_plugin` [ RunTime:0.006000s ]
SQL: SELECT `title`,`name` FROM `think_plugin` WHERE ( status=1 AND has_adminlist=1 )  [ RunTime:0.000000s ]
SQL: UPDATE `think_plugin` SET `status`=1 WHERE ( id=23 ) [ RunTime:0.001000s ]

[ 2013-12-26T13:56:28+08:00 ] 127.0.0.1 /thinkphp/index.php/Plugin/enable
INFO: [ app_begin ] --START--
INFO: ReadHtmlCache Behavior ::run [ RunTime:0.001000s ]
INFO: [ app_begin ] --END-- [ RunTime:0.001000s ]
SQL: SHOW COLUMNS FROM `think_plugin` [ RunTime:0.006000s ]
SQL: SELECT `title`,`name` FROM `think_plugin` WHERE ( status=1 AND has_adminlist=1 )  [ RunTime:0.000000s ]
SQL: UPDATE `think_plugin` SET `status`=1 WHERE ( id=23 ) [ RunTime:0.001001s ]

[ 2013-12-26T13:56:33+08:00 ] 127.0.0.1 /thinkphp/index.php/Plugin/disable
INFO: [ app_begin ] --START--
INFO: ReadHtmlCache Behavior ::run [ RunTime:0.001000s ]
INFO: [ app_begin ] --END-- [ RunTime:0.001000s ]
SQL: SHOW COLUMNS FROM `think_plugin` [ RunTime:0.007000s ]
SQL: SELECT `title`,`name` FROM `think_plugin` WHERE ( status=1 AND has_adminlist=1 )  [ RunTime:0.001000s ]
SQL: SHOW COLUMNS FROM `think_plugin` [ RunTime:0.008001s ]
SQL: UPDATE `think_plugin` SET `status`=0 WHERE ( id=23 ) [ RunTime:0.000000s ]

[ 2013-12-26T13:57:06+08:00 ] 127.0.0.1 /thinkphp/index.php/Plugin/enable
INFO: [ app_begin ] --START--
INFO: ReadHtmlCache Behavior ::run [ RunTime:0.001000s ]
INFO: [ app_begin ] --END-- [ RunTime:0.001000s ]
SQL: SHOW COLUMNS FROM `think_plugin` [ RunTime:0.006000s ]
SQL: SELECT `title`,`name` FROM `think_plugin` WHERE ( status=1 AND has_adminlist=1 )  [ RunTime:0.000000s ]
SQL: UPDATE `think_plugin` SET `status`=1 WHERE ( id=23 ) [ RunTime:0.000000s ]

[ 2013-12-26T13:57:06+08:00 ] 127.0.0.1 /thinkphp/index.php/Plugin/enable
INFO: [ app_begin ] --START--
INFO: ReadHtmlCache Behavior ::run [ RunTime:0.001001s ]
INFO: [ app_begin ] --END-- [ RunTime:0.001001s ]
SQL: SHOW COLUMNS FROM `think_plugin` [ RunTime:0.007000s ]
SQL: SELECT `title`,`name` FROM `think_plugin` WHERE ( status=1 AND has_adminlist=1 )  [ RunTime:0.001000s ]
SQL: UPDATE `think_plugin` SET `status`=1 WHERE ( id=23 ) [ RunTime:0.000000s ]

[ 2013-12-26T13:57:07+08:00 ] 127.0.0.1 /thinkphp/index.php/Plugin/enable
INFO: [ app_begin ] --START--
INFO: ReadHtmlCache Behavior ::run [ RunTime:0.001000s ]
INFO: [ app_begin ] --END-- [ RunTime:0.001000s ]
SQL: SHOW COLUMNS FROM `think_plugin` [ RunTime:0.006000s ]
SQL: SELECT `title`,`name` FROM `think_plugin` WHERE ( status=1 AND has_adminlist=1 )  [ RunTime:0.000000s ]
SQL: SHOW COLUMNS FROM `think_plugin` [ RunTime:0.006001s ]
SQL: UPDATE `think_plugin` SET `status`=1 WHERE ( id=23 ) [ RunTime:0.001000s ]

[ 2013-12-26T13:57:29+08:00 ] 127.0.0.1 /thinkphp/index.php/Plugin/enable
INFO: [ app_begin ] --START--
INFO: ReadHtmlCache Behavior ::run [ RunTime:0.001000s ]
INFO: [ app_begin ] --END-- [ RunTime:0.001000s ]
SQL: SHOW COLUMNS FROM `think_plugin` [ RunTime:0.007000s ]
SQL: SELECT `title`,`name` FROM `think_plugin` WHERE ( status=1 AND has_adminlist=1 )  [ RunTime:0.000000s ]
SQL: SHOW COLUMNS FROM `think_plugin` [ RunTime:0.006000s ]
SQL: UPDATE `think_plugin` SET `status`=1 WHERE ( id=23 ) [ RunTime:0.000000s ]

[ 2013-12-26T13:58:01+08:00 ] 127.0.0.1 /thinkphp/index.php/Plugin/disable
INFO: [ app_begin ] --START--
INFO: ReadHtmlCache Behavior ::run [ RunTime:0.001001s ]
INFO: [ app_begin ] --END-- [ RunTime:0.001001s ]
SQL: SHOW COLUMNS FROM `think_plugin` [ RunTime:0.007001s ]
SQL: SELECT `title`,`name` FROM `think_plugin` WHERE ( status=1 AND has_adminlist=1 )  [ RunTime:0.000000s ]
SQL: SHOW COLUMNS FROM `think_plugin` [ RunTime:0.006000s ]
SQL: UPDATE `think_plugin` SET `status`=0 WHERE ( id=23 ) [ RunTime:0.000000s ]

[ 2013-12-26T14:03:25+08:00 ] 127.0.0.1 /thinkphp/index.php/Plugin/enable
INFO: [ app_begin ] --START--
INFO: ReadHtmlCache Behavior ::run [ RunTime:0.001000s ]
INFO: [ app_begin ] --END-- [ RunTime:0.001000s ]
SQL: SHOW COLUMNS FROM `think_plugin` [ RunTime:0.006001s ]
SQL: SELECT `title`,`name` FROM `think_plugin` WHERE ( status=1 AND has_adminlist=1 )  [ RunTime:0.001000s ]
SQL: UPDATE `think_plugin` SET `status`=1 WHERE ( id=23 ) [ RunTime:0.000000s ]

[ 2013-12-26T14:03:34+08:00 ] 127.0.0.1 /thinkphp/index.php/Plugin/disable
INFO: [ app_begin ] --START--
INFO: ReadHtmlCache Behavior ::run [ RunTime:0.001000s ]
INFO: [ app_begin ] --END-- [ RunTime:0.001000s ]
SQL: SHOW COLUMNS FROM `think_plugin` [ RunTime:0.007000s ]
SQL: SELECT `title`,`name` FROM `think_plugin` WHERE ( status=1 AND has_adminlist=1 )  [ RunTime:0.000000s ]
SQL: SHOW COLUMNS FROM `think_plugin` [ RunTime:0.006001s ]
SQL: UPDATE `think_plugin` SET `status`=0 WHERE ( id=23 ) [ RunTime:0.001000s ]

[ 2013-12-26T14:04:00+08:00 ] 127.0.0.1 /thinkphp/index.php/Plugin/enable
INFO: [ app_begin ] --START--
INFO: ReadHtmlCache Behavior ::run [ RunTime:0.001000s ]
INFO: [ app_begin ] --END-- [ RunTime:0.001000s ]
SQL: SHOW COLUMNS FROM `think_plugin` [ RunTime:0.007001s ]
SQL: SELECT `title`,`name` FROM `think_plugin` WHERE ( status=1 AND has_adminlist=1 )  [ RunTime:0.000000s ]
SQL: UPDATE `think_plugin` SET `status`=1 WHERE ( id=23 ) [ RunTime:0.001000s ]

[ 2013-12-26T14:04:04+08:00 ] 127.0.0.1 /thinkphp/index.php/Plugin/disable
INFO: [ app_begin ] --START--
INFO: ReadHtmlCache Behavior ::run [ RunTime:0.001000s ]
INFO: [ app_begin ] --END-- [ RunTime:0.001000s ]
SQL: SHOW COLUMNS FROM `think_plugin` [ RunTime:0.007001s ]
SQL: SELECT `title`,`name` FROM `think_plugin` WHERE ( status=1 AND has_adminlist=1 )  [ RunTime:0.000000s ]
SQL: SHOW COLUMNS FROM `think_plugin` [ RunTime:0.006000s ]
SQL: UPDATE `think_plugin` SET `status`=0 WHERE ( id=23 ) [ RunTime:0.001000s ]

[ 2013-12-26T14:04:09+08:00 ] 127.0.0.1 /thinkphp/index.php/Plugin/enable
INFO: [ app_begin ] --START--
INFO: ReadHtmlCache Behavior ::run [ RunTime:0.001000s ]
INFO: [ app_begin ] --END-- [ RunTime:0.001000s ]
SQL: SHOW COLUMNS FROM `think_plugin` [ RunTime:0.006001s ]
SQL: SELECT `title`,`name` FROM `think_plugin` WHERE ( status=1 AND has_adminlist=1 )  [ RunTime:0.000000s ]
SQL: UPDATE `think_plugin` SET `status`=1 WHERE ( id=23 ) [ RunTime:0.001000s ]

[ 2013-12-26T14:04:41+08:00 ] 127.0.0.1 /thinkphp/index.php/Plugin/disable
INFO: [ app_begin ] --START--
INFO: ReadHtmlCache Behavior ::run [ RunTime:0.001000s ]
INFO: [ app_begin ] --END-- [ RunTime:0.001000s ]
SQL: SHOW COLUMNS FROM `think_plugin` [ RunTime:0.006000s ]
SQL: SELECT `title`,`name` FROM `think_plugin` WHERE ( status=1 AND has_adminlist=1 )  [ RunTime:0.000000s ]
SQL: SHOW COLUMNS FROM `think_plugin` [ RunTime:0.006000s ]
SQL: UPDATE `think_plugin` SET `status`=0 WHERE ( id=23 ) [ RunTime:0.000000s ]

[ 2013-12-26T14:04:45+08:00 ] 127.0.0.1 /thinkphp/index.php/Plugin/enable
INFO: [ app_begin ] --START--
INFO: ReadHtmlCache Behavior ::run [ RunTime:0.002000s ]
INFO: [ app_begin ] --END-- [ RunTime:0.002000s ]
SQL: SHOW COLUMNS FROM `think_plugin` [ RunTime:0.006001s ]
SQL: SELECT `title`,`name` FROM `think_plugin` WHERE ( status=1 AND has_adminlist=1 )  [ RunTime:0.000000s ]
SQL: UPDATE `think_plugin` SET `status`=1 WHERE ( id=23 ) [ RunTime:0.000000s ]

[ 2013-12-26T14:09:49+08:00 ] 127.0.0.1 /thinkphp/index.php/Plugin/disable
INFO: [ app_begin ] --START--
INFO: ReadHtmlCache Behavior ::run [ RunTime:0.001000s ]
INFO: [ app_begin ] --END-- [ RunTime:0.002000s ]
SQL: SHOW COLUMNS FROM `think_plugin` [ RunTime:0.006001s ]
SQL: SELECT `title`,`name` FROM `think_plugin` WHERE ( status=1 AND has_adminlist=1 )  [ RunTime:0.001000s ]
SQL: SHOW COLUMNS FROM `think_plugin` [ RunTime:0.006000s ]
SQL: UPDATE `think_plugin` SET `status`=0 WHERE ( id=23 ) [ RunTime:0.000000s ]

[ 2013-12-26T14:11:40+08:00 ] 127.0.0.1 /thinkphp/index.php/Plugin/enable
INFO: [ app_begin ] --START--
INFO: ReadHtmlCache Behavior ::run [ RunTime:0.001000s ]
INFO: [ app_begin ] --END-- [ RunTime:0.001000s ]
SQL: SHOW COLUMNS FROM `think_plugin` [ RunTime:0.007001s ]
SQL: SELECT `title`,`name` FROM `think_plugin` WHERE ( status=1 AND has_adminlist=1 )  [ RunTime:0.000000s ]
SQL: UPDATE `think_plugin` SET `status`=1 WHERE ( id=23 ) [ RunTime:0.001000s ]

[ 2013-12-26T14:20:22+08:00 ] 127.0.0.1 /thinkphp/index.php/Plugin/disable
INFO: [ app_begin ] --START--
INFO: ReadHtmlCache Behavior ::run [ RunTime:0.001000s ]
INFO: [ app_begin ] --END-- [ RunTime:0.001000s ]
SQL: SHOW COLUMNS FROM `think_plugin` [ RunTime:0.007001s ]
SQL: SELECT `title`,`name` FROM `think_plugin` WHERE ( status=1 AND has_adminlist=1 )  [ RunTime:0.000000s ]
SQL: SHOW COLUMNS FROM `think_plugin` [ RunTime:0.006000s ]
SQL: UPDATE `think_plugin` SET `status`=0 WHERE ( id=23 ) [ RunTime:0.000000s ]

[ 2013-12-26T14:20:28+08:00 ] 127.0.0.1 /thinkphp/index.php/Plugin/enable
INFO: [ app_begin ] --START--
INFO: ReadHtmlCache Behavior ::run [ RunTime:0.001000s ]
INFO: [ app_begin ] --END-- [ RunTime:0.001000s ]
SQL: SHOW COLUMNS FROM `think_plugin` [ RunTime:0.007000s ]
SQL: SELECT `title`,`name` FROM `think_plugin` WHERE ( status=1 AND has_adminlist=1 )  [ RunTime:0.000000s ]
SQL: UPDATE `think_plugin` SET `status`=1 WHERE ( id=23 ) [ RunTime:0.001000s ]

[ 2013-12-26T14:21:08+08:00 ] 127.0.0.1 /thinkphp/index.php/Plugin/disable
INFO: [ app_begin ] --START--
INFO: ReadHtmlCache Behavior ::run [ RunTime:0.001000s ]
INFO: [ app_begin ] --END-- [ RunTime:0.002000s ]
SQL: SHOW COLUMNS FROM `think_plugin` [ RunTime:0.006001s ]
SQL: SELECT `title`,`name` FROM `think_plugin` WHERE ( status=1 AND has_adminlist=1 )  [ RunTime:0.000000s ]
SQL: SHOW COLUMNS FROM `think_plugin` [ RunTime:0.006000s ]
SQL: UPDATE `think_plugin` SET `status`=0 WHERE ( id=23 ) [ RunTime:0.001000s ]

[ 2013-12-26T14:21:54+08:00 ] 127.0.0.1 /thinkphp/index.php/Plugin/enable
INFO: [ app_begin ] --START--
INFO: ReadHtmlCache Behavior ::run [ RunTime:0.001000s ]
INFO: [ app_begin ] --END-- [ RunTime:0.001000s ]
SQL: SHOW COLUMNS FROM `think_plugin` [ RunTime:0.007000s ]
SQL: SELECT `title`,`name` FROM `think_plugin` WHERE ( status=1 AND has_adminlist=1 )  [ RunTime:0.001000s ]
SQL: UPDATE `think_plugin` SET `status`=1 WHERE ( id=23 ) [ RunTime:0.000000s ]

[ 2013-12-26T14:22:34+08:00 ] 127.0.0.1 /thinkphp/index.php/Plugin/disable
INFO: [ app_begin ] --START--
INFO: ReadHtmlCache Behavior ::run [ RunTime:0.001000s ]
INFO: [ app_begin ] --END-- [ RunTime:0.001000s ]
SQL: SHOW COLUMNS FROM `think_plugin` [ RunTime:0.007001s ]
SQL: SELECT `title`,`name` FROM `think_plugin` WHERE ( status=1 AND has_adminlist=1 )  [ RunTime:0.000000s ]
SQL: SHOW COLUMNS FROM `think_plugin` [ RunTime:0.007000s ]
SQL: UPDATE `think_plugin` SET `status`=0 WHERE ( id=23 ) [ RunTime:0.000000s ]

[ 2013-12-26T14:22:39+08:00 ] 127.0.0.1 /thinkphp/index.php/Plugin/enable
INFO: [ app_begin ] --START--
INFO: ReadHtmlCache Behavior ::run [ RunTime:0.001000s ]
INFO: [ app_begin ] --END-- [ RunTime:0.001000s ]
SQL: SHOW COLUMNS FROM `think_plugin` [ RunTime:0.007001s ]
SQL: SELECT `title`,`name` FROM `think_plugin` WHERE ( status=1 AND has_adminlist=1 )  [ RunTime:0.000000s ]
SQL: UPDATE `think_plugin` SET `status`=1 WHERE ( id=23 ) [ RunTime:0.001000s ]

[ 2013-12-26T14:25:48+08:00 ] 127.0.0.1 /thinkphp/index.php/Plugin/disable
INFO: [ app_begin ] --START--
INFO: ReadHtmlCache Behavior ::run [ RunTime:0.001000s ]
INFO: [ app_begin ] --END-- [ RunTime:0.002000s ]
SQL: SHOW COLUMNS FROM `think_plugin` [ RunTime:0.006001s ]
SQL: SELECT `title`,`name` FROM `think_plugin` WHERE ( status=1 AND has_adminlist=1 )  [ RunTime:0.000000s ]
SQL: SHOW COLUMNS FROM `think_plugin` [ RunTime:0.006000s ]
SQL: UPDATE `think_plugin` SET `status`=0 WHERE ( id=23 ) [ RunTime:0.001000s ]

[ 2013-12-26T14:25:53+08:00 ] 127.0.0.1 /thinkphp/index.php/Plugin/enable
INFO: [ app_begin ] --START--
INFO: ReadHtmlCache Behavior ::run [ RunTime:0.001000s ]
INFO: [ app_begin ] --END-- [ RunTime:0.001000s ]
SQL: SHOW COLUMNS FROM `think_plugin` [ RunTime:0.007001s ]
SQL: SELECT `title`,`name` FROM `think_plugin` WHERE ( status=1 AND has_adminlist=1 )  [ RunTime:0.000000s ]
SQL: UPDATE `think_plugin` SET `status`=1 WHERE ( id=23 ) [ RunTime:0.000000s ]

[ 2013-12-26T14:30:09+08:00 ] 127.0.0.1 /thinkphp/index.php/Plugin/disable
INFO: [ app_begin ] --START--
INFO: ReadHtmlCache Behavior ::run [ RunTime:0.001000s ]
INFO: [ app_begin ] --END-- [ RunTime:0.002000s ]
SQL: SHOW COLUMNS FROM `think_plugin` [ RunTime:0.006000s ]
SQL: SELECT `title`,`name` FROM `think_plugin` WHERE ( status=1 AND has_adminlist=1 )  [ RunTime:0.000000s ]
SQL: SHOW COLUMNS FROM `think_plugin` [ RunTime:0.006000s ]
SQL: UPDATE `think_plugin` SET `status`=0 WHERE ( id=23 ) [ RunTime:0.000000s ]

[ 2013-12-26T14:30:14+08:00 ] 127.0.0.1 /thinkphp/index.php/Plugin/enable
INFO: [ app_begin ] --START--
INFO: ReadHtmlCache Behavior ::run [ RunTime:0.001001s ]
INFO: [ app_begin ] --END-- [ RunTime:0.001001s ]
SQL: SHOW COLUMNS FROM `think_plugin` [ RunTime:0.006000s ]
SQL: SELECT `title`,`name` FROM `think_plugin` WHERE ( status=1 AND has_adminlist=1 )  [ RunTime:0.000000s ]
SQL: UPDATE `think_plugin` SET `status`=1 WHERE ( id=23 ) [ RunTime:0.000000s ]

[ 2013-12-26T14:30:19+08:00 ] 127.0.0.1 /thinkphp/index.php/Plugin/disable
INFO: [ app_begin ] --START--
INFO: ReadHtmlCache Behavior ::run [ RunTime:0.001000s ]
INFO: [ app_begin ] --END-- [ RunTime:0.001000s ]
SQL: SHOW COLUMNS FROM `think_plugin` [ RunTime:0.006000s ]
SQL: SELECT `title`,`name` FROM `think_plugin` WHERE ( status=1 AND has_adminlist=1 )  [ RunTime:0.000000s ]
SQL: SHOW COLUMNS FROM `think_plugin` [ RunTime:0.006000s ]
SQL: UPDATE `think_plugin` SET `status`=0 WHERE ( id=23 ) [ RunTime:0.001001s ]

[ 2013-12-26T14:31:10+08:00 ] 127.0.0.1 /thinkphp/index.php/Plugin/enable
INFO: [ app_begin ] --START--
INFO: ReadHtmlCache Behavior ::run [ RunTime:0.001000s ]
INFO: [ app_begin ] --END-- [ RunTime:0.002000s ]
SQL: SHOW COLUMNS FROM `think_plugin` [ RunTime:0.006000s ]
SQL: SELECT `title`,`name` FROM `think_plugin` WHERE ( status=1 AND has_adminlist=1 )  [ RunTime:0.001001s ]
SQL: UPDATE `think_plugin` SET `status`=1 WHERE ( id=23 ) [ RunTime:0.000000s ]

[ 2013-12-26T14:31:15+08:00 ] 127.0.0.1 /thinkphp/index.php/Plugin/disable
INFO: [ app_begin ] --START--
INFO: ReadHtmlCache Behavior ::run [ RunTime:0.002000s ]
INFO: [ app_begin ] --END-- [ RunTime:0.002000s ]
SQL: SHOW COLUMNS FROM `think_plugin` [ RunTime:0.006001s ]
SQL: SELECT `title`,`name` FROM `think_plugin` WHERE ( status=1 AND has_adminlist=1 )  [ RunTime:0.001000s ]
SQL: SHOW COLUMNS FROM `think_plugin` [ RunTime:0.006000s ]
SQL: UPDATE `think_plugin` SET `status`=0 WHERE ( id=23 ) [ RunTime:0.000000s ]

[ 2013-12-26T19:33:25+08:00 ] 127.0.0.1 /thinkphp/index.php/Plugin/enable
INFO: [ app_begin ] --START--
INFO: ReadHtmlCache Behavior ::run [ RunTime:0.001000s ]
INFO: [ app_begin ] --END-- [ RunTime:0.001000s ]
SQL: SHOW COLUMNS FROM `think_plugin` [ RunTime:0.007000s ]
SQL: SELECT `title`,`name` FROM `think_plugin` WHERE ( status=1 AND has_adminlist=1 )  [ RunTime:0.001000s ]
SQL: UPDATE `think_plugin` SET `status`=1 WHERE ( id=23 ) [ RunTime:0.354020s ]

[ 2013-12-26T19:33:32+08:00 ] 127.0.0.1 /thinkphp/index.php/Plugin/disable
INFO: [ app_begin ] --START--
INFO: ReadHtmlCache Behavior ::run [ RunTime:0.002000s ]
INFO: [ app_begin ] --END-- [ RunTime:0.002000s ]
SQL: SHOW COLUMNS FROM `think_plugin` [ RunTime:0.005000s ]
SQL: SELECT `title`,`name` FROM `think_plugin` WHERE ( status=1 AND has_adminlist=1 )  [ RunTime:0.001000s ]
SQL: SHOW COLUMNS FROM `think_plugin` [ RunTime:0.006001s ]
SQL: UPDATE `think_plugin` SET `status`=0 WHERE ( id=23 ) [ RunTime:0.001000s ]

[ 2013-12-26T19:35:13+08:00 ] 127.0.0.1 /thinkphp/index.php/Plugin/enable
INFO: [ app_begin ] --START--
INFO: ReadHtmlCache Behavior ::run [ RunTime:0.002000s ]
INFO: [ app_begin ] --END-- [ RunTime:0.002000s ]
SQL: SHOW COLUMNS FROM `think_plugin` [ RunTime:0.006001s ]
SQL: SELECT `title`,`name` FROM `think_plugin` WHERE ( status=1 AND has_adminlist=1 )  [ RunTime:0.000000s ]
SQL: UPDATE `think_plugin` SET `status`=1 WHERE ( id=23 ) [ RunTime:0.000000s ]

[ 2013-12-26T19:38:27+08:00 ] 127.0.0.1 /thinkphp/index.php/Plugin/disable
INFO: [ app_begin ] --START--
INFO: ReadHtmlCache Behavior ::run [ RunTime:0.002000s ]
INFO: [ app_begin ] --END-- [ RunTime:0.003000s ]
SQL: SHOW COLUMNS FROM `think_plugin` [ RunTime:0.008001s ]
SQL: SELECT `title`,`name` FROM `think_plugin` WHERE ( status=1 AND has_adminlist=1 )  [ RunTime:0.000000s ]
SQL: SHOW COLUMNS FROM `think_plugin` [ RunTime:0.006000s ]
SQL: UPDATE `think_plugin` SET `status`=0 WHERE ( id=23 ) [ RunTime:0.000000s ]

[ 2013-12-26T19:39:09+08:00 ] 127.0.0.1 /thinkphp/index.php/Plugin/enable
INFO: [ app_begin ] --START--
INFO: ReadHtmlCache Behavior ::run [ RunTime:0.001000s ]
INFO: [ app_begin ] --END-- [ RunTime:0.001000s ]
SQL: SHOW COLUMNS FROM `think_plugin` [ RunTime:0.006001s ]
SQL: SELECT `title`,`name` FROM `think_plugin` WHERE ( status=1 AND has_adminlist=1 )  [ RunTime:0.001000s ]
SQL: UPDATE `think_plugin` SET `status`=1 WHERE ( id=23 ) [ RunTime:0.000000s ]

[ 2013-12-26T19:39:29+08:00 ] 127.0.0.1 /thinkphp/index.php/Plugin/disable
INFO: [ app_begin ] --START--
INFO: ReadHtmlCache Behavior ::run [ RunTime:0.002000s ]
INFO: [ app_begin ] --END-- [ RunTime:0.002000s ]
SQL: SHOW COLUMNS FROM `think_plugin` [ RunTime:0.006000s ]
SQL: SELECT `title`,`name` FROM `think_plugin` WHERE ( status=1 AND has_adminlist=1 )  [ RunTime:0.000000s ]
SQL: SHOW COLUMNS FROM `think_plugin` [ RunTime:0.006001s ]
SQL: UPDATE `think_plugin` SET `status`=0 WHERE ( id=23 ) [ RunTime:0.001000s ]

[ 2013-12-26T19:40:04+08:00 ] 127.0.0.1 /thinkphp/index.php/Plugin/enable
INFO: [ app_begin ] --START--
INFO: ReadHtmlCache Behavior ::run [ RunTime:0.001000s ]
INFO: [ app_begin ] --END-- [ RunTime:0.001000s ]
SQL: SHOW COLUMNS FROM `think_plugin` [ RunTime:0.007001s ]
SQL: SELECT `title`,`name` FROM `think_plugin` WHERE ( status=1 AND has_adminlist=1 )  [ RunTime:0.001000s ]
SQL: UPDATE `think_plugin` SET `status`=1 WHERE ( id=23 ) [ RunTime:0.000000s ]

[ 2013-12-26T19:40:09+08:00 ] 127.0.0.1 /thinkphp/index.php/Plugin/disable
INFO: [ app_begin ] --START--
INFO: ReadHtmlCache Behavior ::run [ RunTime:0.001000s ]
INFO: [ app_begin ] --END-- [ RunTime:0.001000s ]
SQL: SHOW COLUMNS FROM `think_plugin` [ RunTime:0.006000s ]
SQL: SELECT `title`,`name` FROM `think_plugin` WHERE ( status=1 AND has_adminlist=1 )  [ RunTime:0.000000s ]
SQL: SHOW COLUMNS FROM `think_plugin` [ RunTime:0.006001s ]
SQL: UPDATE `think_plugin` SET `status`=0 WHERE ( id=23 ) [ RunTime:0.000000s ]

[ 2013-12-26T19:46:56+08:00 ] 127.0.0.1 /thinkphp/index.php/Plugin/enable
INFO: [ app_begin ] --START--
INFO: ReadHtmlCache Behavior ::run [ RunTime:0.001000s ]
INFO: [ app_begin ] --END-- [ RunTime:0.001000s ]
SQL: SHOW COLUMNS FROM `think_plugin` [ RunTime:0.007001s ]
SQL: SELECT `title`,`name` FROM `think_plugin` WHERE ( status=1 AND has_adminlist=1 )  [ RunTime:0.000000s ]
SQL: UPDATE `think_plugin` SET `status`=1 WHERE ( id=23 ) [ RunTime:0.001000s ]

[ 2013-12-26T19:46:57+08:00 ] 127.0.0.1 /thinkphp/index.php/Plugin/enable
INFO: [ app_begin ] --START--
INFO: ReadHtmlCache Behavior ::run [ RunTime:0.001000s ]
INFO: [ app_begin ] --END-- [ RunTime:0.001000s ]
SQL: SHOW COLUMNS FROM `think_plugin` [ RunTime:0.007000s ]
SQL: SELECT `title`,`name` FROM `think_plugin` WHERE ( status=1 AND has_adminlist=1 )  [ RunTime:0.000000s ]
SQL: UPDATE `think_plugin` SET `status`=1 WHERE ( id=23 ) [ RunTime:0.001000s ]

[ 2013-12-26T19:47:00+08:00 ] 127.0.0.1 /thinkphp/index.php/Plugin/disable
INFO: [ app_begin ] --START--
INFO: ReadHtmlCache Behavior ::run [ RunTime:0.001000s ]
INFO: [ app_begin ] --END-- [ RunTime:0.002000s ]
SQL: SHOW COLUMNS FROM `think_plugin` [ RunTime:0.006001s ]
SQL: SELECT `title`,`name` FROM `think_plugin` WHERE ( status=1 AND has_adminlist=1 )  [ RunTime:0.001000s ]
SQL: SHOW COLUMNS FROM `think_plugin` [ RunTime:0.006000s ]
SQL: UPDATE `think_plugin` SET `status`=0 WHERE ( id=23 ) [ RunTime:0.000000s ]

[ 2013-12-26T19:47:49+08:00 ] 127.0.0.1 /thinkphp/index.php/Plugin/enable
INFO: [ app_begin ] --START--
INFO: ReadHtmlCache Behavior ::run [ RunTime:0.003000s ]
INFO: [ app_begin ] --END-- [ RunTime:0.003000s ]
SQL: SHOW COLUMNS FROM `think_plugin` [ RunTime:0.006000s ]
SQL: SELECT `title`,`name` FROM `think_plugin` WHERE ( status=1 AND has_adminlist=1 )  [ RunTime:0.000000s ]
SQL: UPDATE `think_plugin` SET `status`=1 WHERE ( id=23 ) [ RunTime:0.000000s ]

[ 2013-12-26T19:47:50+08:00 ] 127.0.0.1 /thinkphp/index.php/Plugin/enable
INFO: [ app_begin ] --START--
INFO: ReadHtmlCache Behavior ::run [ RunTime:0.002000s ]
INFO: [ app_begin ] --END-- [ RunTime:0.002000s ]
SQL: SHOW COLUMNS FROM `think_plugin` [ RunTime:0.006001s ]
SQL: SELECT `title`,`name` FROM `think_plugin` WHERE ( status=1 AND has_adminlist=1 )  [ RunTime:0.001000s ]
SQL: UPDATE `think_plugin` SET `status`=1 WHERE ( id=23 ) [ RunTime:0.000000s ]

[ 2013-12-26T19:47:56+08:00 ] 127.0.0.1 /thinkphp/index.php/Plugin/disable
INFO: [ app_begin ] --START--
INFO: ReadHtmlCache Behavior ::run [ RunTime:0.001000s ]
INFO: [ app_begin ] --END-- [ RunTime:0.001000s ]
SQL: SHOW COLUMNS FROM `think_plugin` [ RunTime:0.006000s ]
SQL: SELECT `title`,`name` FROM `think_plugin` WHERE ( status=1 AND has_adminlist=1 )  [ RunTime:0.000000s ]
SQL: SHOW COLUMNS FROM `think_plugin` [ RunTime:0.006001s ]
SQL: UPDATE `think_plugin` SET `status`=0 WHERE ( id=23 ) [ RunTime:0.001000s ]

[ 2013-12-26T19:48:39+08:00 ] 127.0.0.1 /thinkphp/index.php/Plugin/enable
INFO: [ app_begin ] --START--
INFO: ReadHtmlCache Behavior ::run [ RunTime:0.001000s ]
INFO: [ app_begin ] --END-- [ RunTime:0.002000s ]
SQL: SHOW COLUMNS FROM `think_plugin` [ RunTime:0.006000s ]
SQL: SELECT `title`,`name` FROM `think_plugin` WHERE ( status=1 AND has_adminlist=1 )  [ RunTime:0.001000s ]
SQL: UPDATE `think_plugin` SET `status`=1 WHERE ( id=23 ) [ RunTime:0.000000s ]

[ 2013-12-26T19:48:40+08:00 ] 127.0.0.1 /thinkphp/index.php/Plugin/disable
INFO: [ app_begin ] --START--
INFO: ReadHtmlCache Behavior ::run [ RunTime:0.002000s ]
INFO: [ app_begin ] --END-- [ RunTime:0.002000s ]
SQL: SHOW COLUMNS FROM `think_plugin` [ RunTime:0.006000s ]
SQL: SELECT `title`,`name` FROM `think_plugin` WHERE ( status=1 AND has_adminlist=1 )  [ RunTime:0.000000s ]
SQL: SHOW COLUMNS FROM `think_plugin` [ RunTime:0.005000s ]
SQL: UPDATE `think_plugin` SET `status`=0 WHERE ( id=23 ) [ RunTime:0.000000s ]

[ 2013-12-26T19:48:42+08:00 ] 127.0.0.1 /thinkphp/index.php/Plugin/enable
INFO: [ app_begin ] --START--
INFO: ReadHtmlCache Behavior ::run [ RunTime:0.001000s ]
INFO: [ app_begin ] --END-- [ RunTime:0.001000s ]
SQL: SHOW COLUMNS FROM `think_plugin` [ RunTime:0.006000s ]
SQL: SELECT `title`,`name` FROM `think_plugin` WHERE ( status=1 AND has_adminlist=1 )  [ RunTime:0.001000s ]
SQL: UPDATE `think_plugin` SET `status`=1 WHERE ( id=23 ) [ RunTime:0.000000s ]

[ 2013-12-26T19:48:43+08:00 ] 127.0.0.1 /thinkphp/index.php/Plugin/disable
INFO: [ app_begin ] --START--
INFO: ReadHtmlCache Behavior ::run [ RunTime:0.001000s ]
INFO: [ app_begin ] --END-- [ RunTime:0.002000s ]
SQL: SHOW COLUMNS FROM `think_plugin` [ RunTime:0.006000s ]
SQL: SELECT `title`,`name` FROM `think_plugin` WHERE ( status=1 AND has_adminlist=1 )  [ RunTime:0.001000s ]
SQL: SHOW COLUMNS FROM `think_plugin` [ RunTime:0.006001s ]
SQL: UPDATE `think_plugin` SET `status`=0 WHERE ( id=23 ) [ RunTime:0.001000s ]

[ 2013-12-26T19:48:56+08:00 ] 127.0.0.1 /thinkphp/index.php/Plugin/enable
INFO: [ app_begin ] --START--
INFO: ReadHtmlCache Behavior ::run [ RunTime:0.001000s ]
INFO: [ app_begin ] --END-- [ RunTime:0.001000s ]
SQL: SHOW COLUMNS FROM `think_plugin` [ RunTime:0.006000s ]
SQL: SELECT `title`,`name` FROM `think_plugin` WHERE ( status=1 AND has_adminlist=1 )  [ RunTime:0.001000s ]
SQL: UPDATE `think_plugin` SET `status`=1 WHERE ( id=23 ) [ RunTime:0.000000s ]

[ 2013-12-26T19:49:30+08:00 ] 127.0.0.1 /thinkphp/index.php/Plugin/disable
INFO: [ app_begin ] --START--
INFO: ReadHtmlCache Behavior ::run [ RunTime:0.001000s ]
INFO: [ app_begin ] --END-- [ RunTime:0.001000s ]
SQL: SHOW COLUMNS FROM `think_plugin` [ RunTime:0.006001s ]
SQL: SELECT `title`,`name` FROM `think_plugin` WHERE ( status=1 AND has_adminlist=1 )  [ RunTime:0.001000s ]
SQL: SHOW COLUMNS FROM `think_plugin` [ RunTime:0.006000s ]
SQL: UPDATE `think_plugin` SET `status`=0 WHERE ( id=23 ) [ RunTime:0.001000s ]

[ 2013-12-26T19:49:40+08:00 ] 127.0.0.1 /thinkphp/index.php/Plugin/enable
INFO: [ app_begin ] --START--
INFO: ReadHtmlCache Behavior ::run [ RunTime:0.002000s ]
INFO: [ app_begin ] --END-- [ RunTime:0.002000s ]
SQL: SHOW COLUMNS FROM `think_plugin` [ RunTime:0.007000s ]
SQL: SELECT `title`,`name` FROM `think_plugin` WHERE ( status=1 AND has_adminlist=1 )  [ RunTime:0.001000s ]
SQL: UPDATE `think_plugin` SET `status`=1 WHERE ( id=23 ) [ RunTime:0.000000s ]

[ 2013-12-26T19:49:42+08:00 ] 127.0.0.1 /thinkphp/index.php/Plugin/disable
INFO: [ app_begin ] --START--
INFO: ReadHtmlCache Behavior ::run [ RunTime:0.001000s ]
INFO: [ app_begin ] --END-- [ RunTime:0.001000s ]
SQL: SHOW COLUMNS FROM `think_plugin` [ RunTime:0.006000s ]
SQL: SELECT `title`,`name` FROM `think_plugin` WHERE ( status=1 AND has_adminlist=1 )  [ RunTime:0.000000s ]
SQL: SHOW COLUMNS FROM `think_plugin` [ RunTime:0.006001s ]
SQL: UPDATE `think_plugin` SET `status`=0 WHERE ( id=23 ) [ RunTime:0.001000s ]

[ 2013-12-26T19:49:44+08:00 ] 127.0.0.1 /thinkphp/index.php/Plugin/enable
INFO: [ app_begin ] --START--
INFO: ReadHtmlCache Behavior ::run [ RunTime:0.001000s ]
INFO: [ app_begin ] --END-- [ RunTime:0.001000s ]
SQL: SHOW COLUMNS FROM `think_plugin` [ RunTime:0.006000s ]
SQL: SELECT `title`,`name` FROM `think_plugin` WHERE ( status=1 AND has_adminlist=1 )  [ RunTime:0.001001s ]
SQL: UPDATE `think_plugin` SET `status`=1 WHERE ( id=23 ) [ RunTime:0.000000s ]

[ 2013-12-26T19:50:32+08:00 ] 127.0.0.1 /thinkphp/index.php/Plugin/disable
INFO: [ app_begin ] --START--
INFO: ReadHtmlCache Behavior ::run [ RunTime:0.003000s ]
INFO: [ app_begin ] --END-- [ RunTime:0.003000s ]
SQL: SHOW COLUMNS FROM `think_plugin` [ RunTime:0.006000s ]
SQL: SELECT `title`,`name` FROM `think_plugin` WHERE ( status=1 AND has_adminlist=1 )  [ RunTime:0.001000s ]
SQL: SHOW COLUMNS FROM `think_plugin` [ RunTime:0.006000s ]
SQL: UPDATE `think_plugin` SET `status`=0 WHERE ( id=23 ) [ RunTime:0.001001s ]

[ 2013-12-26T19:50:35+08:00 ] 127.0.0.1 /thinkphp/index.php/Plugin/enable
INFO: [ app_begin ] --START--
INFO: ReadHtmlCache Behavior ::run [ RunTime:0.001000s ]
INFO: [ app_begin ] --END-- [ RunTime:0.001000s ]
SQL: SHOW COLUMNS FROM `think_plugin` [ RunTime:0.007000s ]
SQL: SELECT `title`,`name` FROM `think_plugin` WHERE ( status=1 AND has_adminlist=1 )  [ RunTime:0.000000s ]
SQL: UPDATE `think_plugin` SET `status`=1 WHERE ( id=23 ) [ RunTime:0.001001s ]

[ 2013-12-26T19:50:55+08:00 ] 127.0.0.1 /thinkphp/index.php/Plugin/disable
INFO: [ app_begin ] --START--
INFO: ReadHtmlCache Behavior ::run [ RunTime:0.002000s ]
INFO: [ app_begin ] --END-- [ RunTime:0.002000s ]
SQL: SHOW COLUMNS FROM `think_plugin` [ RunTime:0.006001s ]
SQL: SELECT `title`,`name` FROM `think_plugin` WHERE ( status=1 AND has_adminlist=1 )  [ RunTime:0.000000s ]
SQL: SHOW COLUMNS FROM `think_plugin` [ RunTime:0.006000s ]
SQL: UPDATE `think_plugin` SET `status`=0 WHERE ( id=23 ) [ RunTime:0.000000s ]

[ 2013-12-26T19:51:00+08:00 ] 127.0.0.1 /thinkphp/index.php/Plugin/enable
INFO: [ app_begin ] --START--
INFO: ReadHtmlCache Behavior ::run [ RunTime:0.001000s ]
INFO: [ app_begin ] --END-- [ RunTime:0.001000s ]
SQL: SHOW COLUMNS FROM `think_plugin` [ RunTime:0.008001s ]
SQL: SELECT `title`,`name` FROM `think_plugin` WHERE ( status=1 AND has_adminlist=1 )  [ RunTime:0.001000s ]
SQL: UPDATE `think_plugin` SET `status`=1 WHERE ( id=23 ) [ RunTime:0.001000s ]

[ 2013-12-26T22:08:43+08:00 ] 127.0.0.1 /thinkphp/index.php/Plugin/disable
INFO: [ app_begin ] --START--
INFO: ReadHtmlCache Behavior ::run [ RunTime:0.001001s ]
INFO: [ app_begin ] --END-- [ RunTime:0.002001s ]
SQL: SHOW COLUMNS FROM `think_plugin` [ RunTime:0.006000s ]
SQL: SELECT `title`,`name` FROM `think_plugin` WHERE ( status=1 AND has_adminlist=1 )  [ RunTime:0.000000s ]
SQL: SHOW COLUMNS FROM `think_plugin` [ RunTime:0.006000s ]
SQL: UPDATE `think_plugin` SET `status`=0 WHERE ( id=33 ) [ RunTime:0.000000s ]

[ 2013-12-26T22:08:46+08:00 ] 127.0.0.1 /thinkphp/index.php/Plugin/enable
INFO: [ app_begin ] --START--
INFO: ReadHtmlCache Behavior ::run [ RunTime:0.001001s ]
INFO: [ app_begin ] --END-- [ RunTime:0.002001s ]
SQL: SHOW COLUMNS FROM `think_plugin` [ RunTime:0.006000s ]
SQL: SELECT `title`,`name` FROM `think_plugin` WHERE ( status=1 AND has_adminlist=1 )  [ RunTime:0.001000s ]
SQL: SHOW COLUMNS FROM `think_plugin` [ RunTime:0.006000s ]
SQL: UPDATE `think_plugin` SET `status`=1 WHERE ( id=33 ) [ RunTime:0.001000s ]

[ 2013-12-26T22:42:41+08:00 ] 127.0.0.1 /thinkphp/index.php/Plugin/disable
INFO: [ app_begin ] --START--
INFO: ReadHtmlCache Behavior ::run [ RunTime:0.001000s ]
INFO: [ app_begin ] --END-- [ RunTime:0.001000s ]
SQL: SHOW COLUMNS FROM `think_plugin` [ RunTime:0.006001s ]
SQL: SELECT `title`,`name` FROM `think_plugin` WHERE ( status=1 AND has_adminlist=1 )  [ RunTime:0.000000s ]
SQL: SHOW COLUMNS FROM `think_plugin` [ RunTime:0.006000s ]
SQL: UPDATE `think_plugin` SET `status`=0 WHERE ( id=35 ) [ RunTime:0.001000s ]

[ 2013-12-26T22:42:43+08:00 ] 127.0.0.1 /thinkphp/index.php/Plugin/enable
INFO: [ app_begin ] --START--
INFO: ReadHtmlCache Behavior ::run [ RunTime:0.001000s ]
INFO: [ app_begin ] --END-- [ RunTime:0.001000s ]
SQL: SHOW COLUMNS FROM `think_plugin` [ RunTime:0.007001s ]
SQL: SELECT `title`,`name` FROM `think_plugin` WHERE ( status=1 AND has_adminlist=1 )  [ RunTime:0.001000s ]
SQL: UPDATE `think_plugin` SET `status`=1 WHERE ( id=35 ) [ RunTime:0.001000s ]

[ 2013-12-26T22:46:09+08:00 ] 127.0.0.1 /thinkphp/index.php/Plugin/disable
INFO: [ app_begin ] --START--
INFO: ReadHtmlCache Behavior ::run [ RunTime:0.001000s ]
INFO: [ app_begin ] --END-- [ RunTime:0.001000s ]
SQL: SHOW COLUMNS FROM `think_plugin` [ RunTime:0.006000s ]
SQL: SELECT `title`,`name` FROM `think_plugin` WHERE ( status=1 AND has_adminlist=1 )  [ RunTime:0.001000s ]
SQL: SHOW COLUMNS FROM `think_plugin` [ RunTime:0.006000s ]
SQL: UPDATE `think_plugin` SET `status`=0 WHERE ( id=35 ) [ RunTime:0.001001s ]

[ 2013-12-26T22:46:11+08:00 ] 127.0.0.1 /thinkphp/index.php/Plugin/enable
INFO: [ app_begin ] --START--
INFO: ReadHtmlCache Behavior ::run [ RunTime:0.002000s ]
INFO: [ app_begin ] --END-- [ RunTime:0.002000s ]
SQL: SHOW COLUMNS FROM `think_plugin` [ RunTime:0.010001s ]
SQL: SELECT `title`,`name` FROM `think_plugin` WHERE ( status=1 AND has_adminlist=1 )  [ RunTime:0.001000s ]
SQL: UPDATE `think_plugin` SET `status`=1 WHERE ( id=35 ) [ RunTime:0.000000s ]

[ 2013-12-26T22:57:22+08:00 ] 127.0.0.1 /thinkphp/index.php/Plugin/install
INFO: [ app_begin ] --START--
INFO: ReadHtmlCache Behavior ::run [ RunTime:0.002000s ]
INFO: [ app_begin ] --END-- [ RunTime:0.002000s ]
SQL: SHOW COLUMNS FROM `think_plugin` [ RunTime:0.006000s ]
SQL: SELECT `title`,`name` FROM `think_plugin` WHERE ( status=1 AND has_adminlist=1 )  [ RunTime:0.001000s ]
SQL: SELECT * FROM `think_plugin` WHERE ( `name` = 'Second' ) LIMIT 1   [ RunTime:0.000000s ]
NOTIC: [8] Undefined variable: result F:\Program Files\wamp\www\thinkphp\APP\Modules\Admin\Action\PluginAction.class.php 第 360 行.
INFO: [ view_parse ] --START--
INFO: ParseTemplate Behavior ::run [ RunTime:0.003000s ]
INFO: [ view_parse ] --END-- [ RunTime:0.003000s ]
INFO: [ view_filter ] --START--
NOTIC: [8] Use of undefined constant APP_TMPL_PATH - assumed 'APP_TMPL_PATH' F:\Program Files\wamp\www\thinkphp\ThinkPHP\Lib\Behavior\ContentReplaceBehavior.class.php 第 40 行.
NOTIC: [8] Use of undefined constant APP_TMPL_PATH - assumed 'APP_TMPL_PATH' F:\Program Files\wamp\www\thinkphp\ThinkPHP\Lib\Behavior\ContentReplaceBehavior.class.php 第 47 行.
INFO: ContentReplace Behavior ::run [ RunTime:0.002000s ]
INFO: TokenBuild Behavior ::run [ RunTime:0.001000s ]
INFO: WriteHtmlCache Behavior ::run [ RunTime:0.001000s ]
INFO: ShowRuntime Behavior ::run [ RunTime:0.002000s ]
INFO: [ view_filter ] --END-- [ RunTime:0.006000s ]
INFO: [ view_end ] --START--
INFO: ShowPageTrace Behavior ::run [ RunTime:0.001000s ]
INFO: [ view_end ] --END-- [ RunTime:0.002000s ]

[ 2013-12-26T22:57:44+08:00 ] 127.0.0.1 /thinkphp/index.php/Plugin/install
INFO: [ app_begin ] --START--
INFO: ReadHtmlCache Behavior ::run [ RunTime:0.001001s ]
INFO: [ app_begin ] --END-- [ RunTime:0.001001s ]
SQL: SHOW COLUMNS FROM `think_plugin` [ RunTime:0.006001s ]
SQL: SELECT `title`,`name` FROM `think_plugin` WHERE ( status=1 AND has_adminlist=1 )  [ RunTime:0.000000s ]
SQL: SELECT * FROM `think_plugin` WHERE ( `name` = 'Second' ) LIMIT 1   [ RunTime:0.001000s ]
NOTIC: [8] Undefined variable: result F:\Program Files\wamp\www\thinkphp\APP\Modules\Admin\Action\PluginAction.class.php 第 360 行.
INFO: [ view_parse ] --START--
INFO: ParseTemplate Behavior ::run [ RunTime:0.003000s ]
INFO: [ view_parse ] --END-- [ RunTime:0.003000s ]
INFO: [ view_filter ] --START--
NOTIC: [8] Use of undefined constant APP_TMPL_PATH - assumed 'APP_TMPL_PATH' F:\Program Files\wamp\www\thinkphp\ThinkPHP\Lib\Behavior\ContentReplaceBehavior.class.php 第 40 行.
NOTIC: [8] Use of undefined constant APP_TMPL_PATH - assumed 'APP_TMPL_PATH' F:\Program Files\wamp\www\thinkphp\ThinkPHP\Lib\Behavior\ContentReplaceBehavior.class.php 第 47 行.
INFO: ContentReplace Behavior ::run [ RunTime:0.001000s ]
INFO: TokenBuild Behavior ::run [ RunTime:0.001000s ]
INFO: WriteHtmlCache Behavior ::run [ RunTime:0.001000s ]
INFO: ShowRuntime Behavior ::run [ RunTime:0.001000s ]
INFO: [ view_filter ] --END-- [ RunTime:0.005001s ]
INFO: [ view_end ] --START--
INFO: ShowPageTrace Behavior ::run [ RunTime:0.003000s ]
INFO: [ view_end ] --END-- [ RunTime:0.003000s ]

[ 2013-12-26T22:58:37+08:00 ] 127.0.0.1 /thinkphp/index.php/Plugin/install
INFO: [ app_begin ] --START--
INFO: ReadHtmlCache Behavior ::run [ RunTime:0.001000s ]
INFO: [ app_begin ] --END-- [ RunTime:0.002000s ]
SQL: SHOW COLUMNS FROM `think_plugin` [ RunTime:0.007000s ]
SQL: SELECT `title`,`name` FROM `think_plugin` WHERE ( status=1 AND has_adminlist=1 )  [ RunTime:0.000000s ]
SQL: SELECT * FROM `think_plugin` WHERE ( `name` = 'Second' ) LIMIT 1   [ RunTime:0.001000s ]
NOTIC: [8] Undefined variable: result F:\Program Files\wamp\www\thinkphp\APP\Modules\Admin\Action\PluginAction.class.php 第 360 行.
INFO: [ view_parse ] --START--
INFO: ParseTemplate Behavior ::run [ RunTime:0.004001s ]
INFO: [ view_parse ] --END-- [ RunTime:0.004001s ]
INFO: [ view_filter ] --START--
NOTIC: [8] Use of undefined constant APP_TMPL_PATH - assumed 'APP_TMPL_PATH' F:\Program Files\wamp\www\thinkphp\ThinkPHP\Lib\Behavior\ContentReplaceBehavior.class.php 第 40 行.
NOTIC: [8] Use of undefined constant APP_TMPL_PATH - assumed 'APP_TMPL_PATH' F:\Program Files\wamp\www\thinkphp\ThinkPHP\Lib\Behavior\ContentReplaceBehavior.class.php 第 47 行.
INFO: ContentReplace Behavior ::run [ RunTime:0.001000s ]
INFO: TokenBuild Behavior ::run [ RunTime:0.002000s ]
INFO: WriteHtmlCache Behavior ::run [ RunTime:0.001000s ]
INFO: ShowRuntime Behavior ::run [ RunTime:0.002000s ]
INFO: [ view_filter ] --END-- [ RunTime:0.006000s ]
INFO: [ view_end ] --START--
INFO: ShowPageTrace Behavior ::run [ RunTime:0.002000s ]
INFO: [ view_end ] --END-- [ RunTime:0.002000s ]

[ 2013-12-26T22:59:23+08:00 ] 127.0.0.1 /thinkphp/index.php/Plugin/install
INFO: [ app_begin ] --START--
INFO: ReadHtmlCache Behavior ::run [ RunTime:0.001000s ]
INFO: [ app_begin ] --END-- [ RunTime:0.001000s ]
SQL: SHOW COLUMNS FROM `think_plugin` [ RunTime:0.007001s ]
SQL: SELECT `title`,`name` FROM `think_plugin` WHERE ( status=1 AND has_adminlist=1 )  [ RunTime:0.000000s ]
SQL: SELECT * FROM `think_plugin` WHERE ( `name` = 'Second' ) LIMIT 1   [ RunTime:0.000000s ]
NOTIC: [8] Undefined variable: result F:\Program Files\wamp\www\thinkphp\APP\Modules\Admin\Action\PluginAction.class.php 第 360 行.
INFO: [ view_parse ] --START--
INFO: ParseTemplate Behavior ::run [ RunTime:0.003000s ]
INFO: [ view_parse ] --END-- [ RunTime:0.003000s ]
INFO: [ view_filter ] --START--
NOTIC: [8] Use of undefined constant APP_TMPL_PATH - assumed 'APP_TMPL_PATH' F:\Program Files\wamp\www\thinkphp\ThinkPHP\Lib\Behavior\ContentReplaceBehavior.class.php 第 40 行.
NOTIC: [8] Use of undefined constant APP_TMPL_PATH - assumed 'APP_TMPL_PATH' F:\Program Files\wamp\www\thinkphp\ThinkPHP\Lib\Behavior\ContentReplaceBehavior.class.php 第 47 行.
INFO: ContentReplace Behavior ::run [ RunTime:0.001000s ]
INFO: TokenBuild Behavior ::run [ RunTime:0.001000s ]
INFO: WriteHtmlCache Behavior ::run [ RunTime:0.001000s ]
INFO: ShowRuntime Behavior ::run [ RunTime:0.002000s ]
INFO: [ view_filter ] --END-- [ RunTime:0.006001s ]
INFO: [ view_end ] --START--
INFO: ShowPageTrace Behavior ::run [ RunTime:0.002000s ]
INFO: [ view_end ] --END-- [ RunTime:0.002000s ]

[ 2013-12-26T22:59:52+08:00 ] 127.0.0.1 /thinkphp/index.php/Plugin/install
INFO: [ app_begin ] --START--
INFO: ReadHtmlCache Behavior ::run [ RunTime:0.002000s ]
INFO: [ app_begin ] --END-- [ RunTime:0.002000s ]
SQL: SHOW COLUMNS FROM `think_plugin` [ RunTime:0.007001s ]
SQL: SELECT `title`,`name` FROM `think_plugin` WHERE ( status=1 AND has_adminlist=1 )  [ RunTime:0.000000s ]
SQL: SELECT * FROM `think_plugin` WHERE ( `name` = 'Second' ) LIMIT 1   [ RunTime:0.001000s ]
NOTIC: [8] Undefined variable: result F:\Program Files\wamp\www\thinkphp\APP\Modules\Admin\Action\PluginAction.class.php 第 361 行.
INFO: [ view_parse ] --START--
INFO: ParseTemplate Behavior ::run [ RunTime:0.003000s ]
INFO: [ view_parse ] --END-- [ RunTime:0.003000s ]
INFO: [ view_filter ] --START--
NOTIC: [8] Use of undefined constant APP_TMPL_PATH - assumed 'APP_TMPL_PATH' F:\Program Files\wamp\www\thinkphp\ThinkPHP\Lib\Behavior\ContentReplaceBehavior.class.php 第 40 行.
NOTIC: [8] Use of undefined constant APP_TMPL_PATH - assumed 'APP_TMPL_PATH' F:\Program Files\wamp\www\thinkphp\ThinkPHP\Lib\Behavior\ContentReplaceBehavior.class.php 第 47 行.
INFO: ContentReplace Behavior ::run [ RunTime:0.001000s ]
INFO: TokenBuild Behavior ::run [ RunTime:0.002000s ]
INFO: WriteHtmlCache Behavior ::run [ RunTime:0.001000s ]
INFO: ShowRuntime Behavior ::run [ RunTime:0.001000s ]
INFO: [ view_filter ] --END-- [ RunTime:0.005000s ]
INFO: [ view_end ] --START--
INFO: ShowPageTrace Behavior ::run [ RunTime:0.001001s ]
INFO: [ view_end ] --END-- [ RunTime:0.002001s ]

[ 2013-12-26T23:00:06+08:00 ] 127.0.0.1 /thinkphp/index.php/Plugin/install
INFO: [ app_begin ] --START--
INFO: ReadHtmlCache Behavior ::run [ RunTime:0.001000s ]
INFO: [ app_begin ] --END-- [ RunTime:0.001000s ]
SQL: SHOW COLUMNS FROM `think_plugin` [ RunTime:0.006001s ]
SQL: SELECT `title`,`name` FROM `think_plugin` WHERE ( status=1 AND has_adminlist=1 )  [ RunTime:0.001000s ]
SQL: SELECT * FROM `think_plugin` WHERE ( `name` = 'Second' ) LIMIT 1   [ RunTime:0.000000s ]
NOTIC: [8] Undefined variable: result F:\Program Files\wamp\www\thinkphp\APP\Modules\Admin\Action\PluginAction.class.php 第 360 行.
INFO: [ view_parse ] --START--
INFO: ParseTemplate Behavior ::run [ RunTime:0.002000s ]
INFO: [ view_parse ] --END-- [ RunTime:0.003000s ]
INFO: [ view_filter ] --START--
NOTIC: [8] Use of undefined constant APP_TMPL_PATH - assumed 'APP_TMPL_PATH' F:\Program Files\wamp\www\thinkphp\ThinkPHP\Lib\Behavior\ContentReplaceBehavior.class.php 第 40 行.
NOTIC: [8] Use of undefined constant APP_TMPL_PATH - assumed 'APP_TMPL_PATH' F:\Program Files\wamp\www\thinkphp\ThinkPHP\Lib\Behavior\ContentReplaceBehavior.class.php 第 47 行.
INFO: ContentReplace Behavior ::run [ RunTime:0.001000s ]
INFO: TokenBuild Behavior ::run [ RunTime:0.002000s ]
INFO: WriteHtmlCache Behavior ::run [ RunTime:0.001000s ]
INFO: ShowRuntime Behavior ::run [ RunTime:0.001000s ]
INFO: [ view_filter ] --END-- [ RunTime:0.006000s ]
INFO: [ view_end ] --START--
INFO: ShowPageTrace Behavior ::run [ RunTime:0.001001s ]
INFO: [ view_end ] --END-- [ RunTime:0.001001s ]

[ 2013-12-26T23:01:00+08:00 ] 127.0.0.1 /thinkphp/index.php/Plugin/install
INFO: [ app_begin ] --START--
INFO: ReadHtmlCache Behavior ::run [ RunTime:0.001000s ]
INFO: [ app_begin ] --END-- [ RunTime:0.001000s ]
SQL: SHOW COLUMNS FROM `think_plugin` [ RunTime:0.006001s ]
SQL: SELECT `title`,`name` FROM `think_plugin` WHERE ( status=1 AND has_adminlist=1 )  [ RunTime:0.001000s ]

[ 2013-12-26T23:01:39+08:00 ] 127.0.0.1 /thinkphp/index.php/Plugin/install
INFO: [ app_begin ] --START--
INFO: ReadHtmlCache Behavior ::run [ RunTime:0.001000s ]
INFO: [ app_begin ] --END-- [ RunTime:0.001000s ]
SQL: SHOW COLUMNS FROM `think_plugin` [ RunTime:0.006001s ]
SQL: SELECT `title`,`name` FROM `think_plugin` WHERE ( status=1 AND has_adminlist=1 )  [ RunTime:0.000000s ]

[ 2013-12-26T23:01:56+08:00 ] 127.0.0.1 /thinkphp/index.php/Plugin/install
INFO: [ app_begin ] --START--
INFO: ReadHtmlCache Behavior ::run [ RunTime:0.001000s ]
INFO: [ app_begin ] --END-- [ RunTime:0.002000s ]
SQL: SHOW COLUMNS FROM `think_plugin` [ RunTime:0.006000s ]
SQL: SELECT `title`,`name` FROM `think_plugin` WHERE ( status=1 AND has_adminlist=1 )  [ RunTime:0.000000s ]

[ 2013-12-26T23:04:31+08:00 ] 127.0.0.1 /thinkphp/index.php/Plugin/install
INFO: [ app_begin ] --START--
INFO: ReadHtmlCache Behavior ::run [ RunTime:0.001001s ]
INFO: [ app_begin ] --END-- [ RunTime:0.001001s ]
SQL: SHOW COLUMNS FROM `think_plugin` [ RunTime:0.006000s ]
SQL: SELECT `title`,`name` FROM `think_plugin` WHERE ( status=1 AND has_adminlist=1 )  [ RunTime:0.000000s ]
SQL: SELECT * FROM `think_plugin` WHERE ( `name` = 'Second' ) LIMIT 1   [ RunTime:0.001000s ]
NOTIC: [8] Undefined variable: result F:\Program Files\wamp\www\thinkphp\APP\Modules\Admin\Action\PluginAction.class.php 第 361 行.

[ 2013-12-26T23:04:33+08:00 ] 127.0.0.1 /thinkphp/index.php/Plugin/install
INFO: [ app_begin ] --START--
INFO: ReadHtmlCache Behavior ::run [ RunTime:0.001000s ]
INFO: [ app_begin ] --END-- [ RunTime:0.001000s ]
SQL: SHOW COLUMNS FROM `think_plugin` [ RunTime:0.007001s ]
SQL: SELECT `title`,`name` FROM `think_plugin` WHERE ( status=1 AND has_adminlist=1 )  [ RunTime:0.001000s ]
SQL: SELECT * FROM `think_plugin` WHERE ( `name` = 'Second' ) LIMIT 1   [ RunTime:0.000000s ]
NOTIC: [8] Undefined variable: result F:\Program Files\wamp\www\thinkphp\APP\Modules\Admin\Action\PluginAction.class.php 第 361 行.

[ 2013-12-26T23:04:48+08:00 ] 127.0.0.1 /thinkphp/index.php/Plugin/install
INFO: [ app_begin ] --START--
INFO: ReadHtmlCache Behavior ::run [ RunTime:0.001000s ]
INFO: [ app_begin ] --END-- [ RunTime:0.001000s ]
SQL: SHOW COLUMNS FROM `think_plugin` [ RunTime:0.006000s ]
SQL: SELECT `title`,`name` FROM `think_plugin` WHERE ( status=1 AND has_adminlist=1 )  [ RunTime:0.000000s ]

[ 2013-12-26T23:07:27+08:00 ] 127.0.0.1 /thinkphp/index.php/Plugin/disable
INFO: [ app_begin ] --START--
INFO: ReadHtmlCache Behavior ::run [ RunTime:0.001000s ]
INFO: [ app_begin ] --END-- [ RunTime:0.002001s ]
SQL: SHOW COLUMNS FROM `think_plugin` [ RunTime:0.006001s ]
SQL: SELECT `title`,`name` FROM `think_plugin` WHERE ( status=1 AND has_adminlist=1 )  [ RunTime:0.001000s ]
SQL: SHOW COLUMNS FROM `think_plugin` [ RunTime:0.006000s ]
SQL: UPDATE `think_plugin` SET `status`=0 WHERE ( id=35 ) [ RunTime:0.001000s ]

[ 2013-12-26T23:07:45+08:00 ] 127.0.0.1 /thinkphp/index.php/Plugin/enable
INFO: [ app_begin ] --START--
INFO: ReadHtmlCache Behavior ::run [ RunTime:0.001000s ]
INFO: [ app_begin ] --END-- [ RunTime:0.001000s ]
SQL: SHOW COLUMNS FROM `think_plugin` [ RunTime:0.006001s ]
SQL: SELECT `title`,`name` FROM `think_plugin` WHERE ( status=1 AND has_adminlist=1 )  [ RunTime:0.001000s ]
SQL: UPDATE `think_plugin` SET `status`=1 WHERE ( id=35 ) [ RunTime:0.001000s ]

[ 2013-12-26T23:11:29+08:00 ] 127.0.0.1 /thinkphp/index.php/Plugin/disable
INFO: [ app_begin ] --START--
INFO: ReadHtmlCache Behavior ::run [ RunTime:0.001000s ]
INFO: [ app_begin ] --END-- [ RunTime:0.002000s ]
SQL: SHOW COLUMNS FROM `think_plugin` [ RunTime:0.029002s ]
SQL: SELECT `title`,`name` FROM `think_plugin` WHERE ( status=1 AND has_adminlist=1 )  [ RunTime:0.001000s ]
SQL: SHOW COLUMNS FROM `think_plugin` [ RunTime:0.006000s ]
SQL: UPDATE `think_plugin` SET `status`=0 WHERE ( id=35 ) [ RunTime:0.001000s ]

[ 2013-12-26T23:20:20+08:00 ] 127.0.0.1 /thinkphp/index.php/Plugin/install
INFO: [ app_begin ] --START--
INFO: ReadHtmlCache Behavior ::run [ RunTime:0.001000s ]
INFO: [ app_begin ] --END-- [ RunTime:0.002000s ]
SQL: SHOW COLUMNS FROM `think_plugin` [ RunTime:0.007001s ]
SQL: SELECT `title`,`name` FROM `think_plugin` WHERE ( status=1 AND has_adminlist=1 )  [ RunTime:0.000000s ]
SQL: SELECT * FROM `think_plugin` WHERE ( `name` = 'Second' ) LIMIT 1   [ RunTime:0.001000s ]
NOTIC: [8] Undefined offset: 3 F:\Program Files\wamp\www\thinkphp\ThinkPHP\Lib\Core\Model.class.php 第 907 行.
NOTIC: [8] Undefined variable: result F:\Program Files\wamp\www\thinkphp\APP\Modules\Admin\Action\PluginAction.class.php 第 365 行.

[ 2013-12-26T23:20:41+08:00 ] 127.0.0.1 /thinkphp/index.php/Plugin/install
INFO: [ app_begin ] --START--
INFO: ReadHtmlCache Behavior ::run [ RunTime:0.002000s ]
INFO: [ app_begin ] --END-- [ RunTime:0.002000s ]
SQL: SHOW COLUMNS FROM `think_plugin` [ RunTime:0.008000s ]
SQL: SELECT `title`,`name` FROM `think_plugin` WHERE ( status=1 AND has_adminlist=1 )  [ RunTime:0.000000s ]
SQL: SELECT * FROM `think_plugin` WHERE ( `name` = 'Second' ) LIMIT 1   [ RunTime:0.000000s ]
NOTIC: [8] Undefined offset: 3 F:\Program Files\wamp\www\thinkphp\ThinkPHP\Lib\Core\Model.class.php 第 907 行.
NOTIC: [8] Undefined variable: result F:\Program Files\wamp\www\thinkphp\APP\Modules\Admin\Action\PluginAction.class.php 第 365 行.

[ 2013-12-26T23:21:17+08:00 ] 127.0.0.1 /thinkphp/index.php/Plugin/install
INFO: [ app_begin ] --START--
INFO: ReadHtmlCache Behavior ::run [ RunTime:0.001000s ]
INFO: [ app_begin ] --END-- [ RunTime:0.002000s ]
SQL: SHOW COLUMNS FROM `think_plugin` [ RunTime:0.006000s ]
SQL: SELECT `title`,`name` FROM `think_plugin` WHERE ( status=1 AND has_adminlist=1 )  [ RunTime:0.000000s ]
SQL: SELECT * FROM `think_plugin` WHERE ( `name` = 'Second' ) LIMIT 1   [ RunTime:0.000000s ]
NOTIC: [8] Undefined offset: 3 F:\Program Files\wamp\www\thinkphp\ThinkPHP\Lib\Core\Model.class.php 第 907 行.
NOTIC: [8] Undefined variable: result F:\Program Files\wamp\www\thinkphp\APP\Modules\Admin\Action\PluginAction.class.php 第 365 行.

[ 2013-12-26T23:21:42+08:00 ] 127.0.0.1 /thinkphp/index.php/Plugin/install
INFO: [ app_begin ] --START--
INFO: ReadHtmlCache Behavior ::run [ RunTime:0.001000s ]
INFO: [ app_begin ] --END-- [ RunTime:0.001000s ]
SQL: SHOW COLUMNS FROM `think_plugin` [ RunTime:0.006000s ]
SQL: SELECT `title`,`name` FROM `think_plugin` WHERE ( status=1 AND has_adminlist=1 )  [ RunTime:0.000000s ]
SQL: SELECT * FROM `think_plugin` WHERE ( `name` = 'Second' ) LIMIT 1   [ RunTime:0.000000s ]
NOTIC: [8] Undefined offset: 3 F:\Program Files\wamp\www\thinkphp\ThinkPHP\Lib\Core\Model.class.php 第 907 行.
NOTIC: [8] Undefined variable: result F:\Program Files\wamp\www\thinkphp\APP\Modules\Admin\Action\PluginAction.class.php 第 365 行.

[ 2013-12-26T23:22:32+08:00 ] 127.0.0.1 /thinkphp/index.php/Plugin/install
INFO: [ app_begin ] --START--
INFO: ReadHtmlCache Behavior ::run [ RunTime:0.001000s ]
INFO: [ app_begin ] --END-- [ RunTime:0.001000s ]
SQL: SHOW COLUMNS FROM `think_plugin` [ RunTime:0.006000s ]
SQL: SELECT `title`,`name` FROM `think_plugin` WHERE ( status=1 AND has_adminlist=1 )  [ RunTime:0.001000s ]
SQL: SELECT * FROM `think_plugin` WHERE ( `name` = 'Second' ) LIMIT 1   [ RunTime:0.001000s ]
NOTIC: [8] Undefined offset: 3 F:\Program Files\wamp\www\thinkphp\ThinkPHP\Lib\Core\Model.class.php 第 907 行.
NOTIC: [8] Undefined variable: result F:\Program Files\wamp\www\thinkphp\APP\Modules\Admin\Action\PluginAction.class.php 第 365 行.

[ 2013-12-26T23:22:49+08:00 ] 127.0.0.1 /thinkphp/index.php/Plugin/install
INFO: [ app_begin ] --START--
INFO: ReadHtmlCache Behavior ::run [ RunTime:0.001000s ]
INFO: [ app_begin ] --END-- [ RunTime:0.002000s ]
SQL: SHOW COLUMNS FROM `think_plugin` [ RunTime:0.006000s ]
SQL: SELECT `title`,`name` FROM `think_plugin` WHERE ( status=1 AND has_adminlist=1 )  [ RunTime:0.000000s ]
SQL: SELECT * FROM `think_plugin` WHERE ( `name` = 'Second' ) LIMIT 1   [ RunTime:0.001000s ]
NOTIC: [8] Undefined offset: 3 F:\Program Files\wamp\www\thinkphp\ThinkPHP\Lib\Core\Model.class.php 第 907 行.
NOTIC: [8] Undefined variable: result F:\Program Files\wamp\www\thinkphp\APP\Modules\Admin\Action\PluginAction.class.php 第 365 行.

[ 2013-12-26T23:23:17+08:00 ] 127.0.0.1 /thinkphp/index.php/Plugin/install
INFO: [ app_begin ] --START--
INFO: ReadHtmlCache Behavior ::run [ RunTime:0.001000s ]
INFO: [ app_begin ] --END-- [ RunTime:0.002000s ]
SQL: SHOW COLUMNS FROM `think_plugin` [ RunTime:0.007000s ]
SQL: SELECT `title`,`name` FROM `think_plugin` WHERE ( status=1 AND has_adminlist=1 )  [ RunTime:0.000000s ]
SQL: SELECT * FROM `think_plugin` WHERE ( `name` = 'Second' ) LIMIT 1   [ RunTime:0.001000s ]
NOTIC: [8] Undefined offset: 3 F:\Program Files\wamp\www\thinkphp\ThinkPHP\Lib\Core\Model.class.php 第 907 行.
NOTIC: [8] Undefined variable: result F:\Program Files\wamp\www\thinkphp\APP\Modules\Admin\Action\PluginAction.class.php 第 365 行.

[ 2013-12-26T23:23:40+08:00 ] 127.0.0.1 /thinkphp/index.php/Plugin/install
INFO: [ app_begin ] --START--
INFO: ReadHtmlCache Behavior ::run [ RunTime:0.001000s ]
INFO: [ app_begin ] --END-- [ RunTime:0.002001s ]
SQL: SHOW COLUMNS FROM `think_plugin` [ RunTime:0.007000s ]
SQL: SELECT `title`,`name` FROM `think_plugin` WHERE ( status=1 AND has_adminlist=1 )  [ RunTime:0.000000s ]
SQL: SELECT * FROM `think_plugin` WHERE ( `name` = 'Second' ) LIMIT 1   [ RunTime:0.001000s ]
NOTIC: [8] Undefined offset: 3 F:\Program Files\wamp\www\thinkphp\ThinkPHP\Lib\Core\Model.class.php 第 907 行.
NOTIC: [8] Undefined variable: result F:\Program Files\wamp\www\thinkphp\APP\Modules\Admin\Action\PluginAction.class.php 第 365 行.

[ 2013-12-26T23:24:33+08:00 ] 127.0.0.1 /thinkphp/index.php/Plugin/install
INFO: [ app_begin ] --START--
INFO: ReadHtmlCache Behavior ::run [ RunTime:0.002000s ]
INFO: [ app_begin ] --END-- [ RunTime:0.002000s ]
SQL: SHOW COLUMNS FROM `think_plugin` [ RunTime:0.006001s ]
SQL: SELECT `title`,`name` FROM `think_plugin` WHERE ( status=1 AND has_adminlist=1 )  [ RunTime:0.001000s ]
SQL: SELECT * FROM `think_plugin` WHERE ( `name` = 'Second' ) LIMIT 1   [ RunTime:0.001000s ]
NOTIC: [8] Undefined offset: 3 F:\Program Files\wamp\www\thinkphp\ThinkPHP\Lib\Core\Model.class.php 第 907 行.
NOTIC: [8] Undefined variable: result F:\Program Files\wamp\www\thinkphp\APP\Modules\Admin\Action\PluginAction.class.php 第 363 行.

[ 2013-12-26T23:24:39+08:00 ] 127.0.0.1 /thinkphp/index.php/Plugin/install
INFO: [ app_begin ] --START--
INFO: ReadHtmlCache Behavior ::run [ RunTime:0.001000s ]
INFO: [ app_begin ] --END-- [ RunTime:0.001000s ]
SQL: SHOW COLUMNS FROM `think_plugin` [ RunTime:0.006000s ]
SQL: SELECT `title`,`name` FROM `think_plugin` WHERE ( status=1 AND has_adminlist=1 )  [ RunTime:0.000000s ]
SQL: SELECT * FROM `think_plugin` WHERE ( `name` = 'Second' ) LIMIT 1   [ RunTime:0.000000s ]
NOTIC: [8] Undefined offset: 3 F:\Program Files\wamp\www\thinkphp\ThinkPHP\Lib\Core\Model.class.php 第 907 行.
NOTIC: [8] Undefined variable: result F:\Program Files\wamp\www\thinkphp\APP\Modules\Admin\Action\PluginAction.class.php 第 363 行.

[ 2013-12-26T23:25:17+08:00 ] 127.0.0.1 /thinkphp/index.php/Plugin/install
INFO: [ app_begin ] --START--
INFO: ReadHtmlCache Behavior ::run [ RunTime:0.001000s ]
INFO: [ app_begin ] --END-- [ RunTime:0.002000s ]
SQL: SHOW COLUMNS FROM `think_plugin` [ RunTime:0.007001s ]
SQL: SELECT `title`,`name` FROM `think_plugin` WHERE ( status=1 AND has_adminlist=1 )  [ RunTime:0.000000s ]

[ 2013-12-26T23:25:28+08:00 ] 127.0.0.1 /thinkphp/index.php/Plugin/install
INFO: [ app_begin ] --START--
INFO: ReadHtmlCache Behavior ::run [ RunTime:0.002000s ]
INFO: [ app_begin ] --END-- [ RunTime:0.002000s ]
SQL: SHOW COLUMNS FROM `think_plugin` [ RunTime:0.006000s ]
SQL: SELECT `title`,`name` FROM `think_plugin` WHERE ( status=1 AND has_adminlist=1 )  [ RunTime:0.001000s ]

[ 2013-12-26T23:26:09+08:00 ] 127.0.0.1 /thinkphp/index.php/Plugin/install
INFO: [ app_begin ] --START--
INFO: ReadHtmlCache Behavior ::run [ RunTime:0.002000s ]
INFO: [ app_begin ] --END-- [ RunTime:0.002000s ]
SQL: SHOW COLUMNS FROM `think_plugin` [ RunTime:0.007000s ]
SQL: SELECT `title`,`name` FROM `think_plugin` WHERE ( status=1 AND has_adminlist=1 )  [ RunTime:0.000000s ]
SQL: SELECT * FROM `think_plugin` WHERE ( `name` = 'Second' ) LIMIT 1   [ RunTime:0.000000s ]
NOTIC: [8] Undefined offset: 3 F:\Program Files\wamp\www\thinkphp\ThinkPHP\Lib\Core\Model.class.php 第 907 行.
NOTIC: [8] Undefined variable: result F:\Program Files\wamp\www\thinkphp\APP\Modules\Admin\Action\PluginAction.class.php 第 362 行.

[ 2013-12-26T23:26:30+08:00 ] 127.0.0.1 /thinkphp/index.php/Plugin/install
INFO: [ app_begin ] --START--
INFO: ReadHtmlCache Behavior ::run [ RunTime:0.001000s ]
INFO: [ app_begin ] --END-- [ RunTime:0.002000s ]
SQL: SHOW COLUMNS FROM `think_plugin` [ RunTime:0.006001s ]
SQL: SELECT `title`,`name` FROM `think_plugin` WHERE ( status=1 AND has_adminlist=1 )  [ RunTime:0.000000s ]
SQL: SELECT * FROM `think_plugin` WHERE ( `name` = 'Second' ) LIMIT 1   [ RunTime:0.000000s ]
NOTIC: [8] Undefined offset: 3 F:\Program Files\wamp\www\thinkphp\ThinkPHP\Lib\Core\Model.class.php 第 907 行.
NOTIC: [8] Undefined variable: result F:\Program Files\wamp\www\thinkphp\APP\Modules\Admin\Action\PluginAction.class.php 第 362 行.

[ 2013-12-26T23:26:51+08:00 ] 127.0.0.1 /thinkphp/index.php/Plugin/install
INFO: [ app_begin ] --START--
INFO: ReadHtmlCache Behavior ::run [ RunTime:0.001000s ]
INFO: [ app_begin ] --END-- [ RunTime:0.002000s ]
SQL: SHOW COLUMNS FROM `think_plugin` [ RunTime:0.006000s ]
SQL: SELECT `title`,`name` FROM `think_plugin` WHERE ( status=1 AND has_adminlist=1 )  [ RunTime:0.001000s ]

[ 2013-12-26T23:27:04+08:00 ] 127.0.0.1 /thinkphp/index.php/Plugin/install
INFO: [ app_begin ] --START--
INFO: ReadHtmlCache Behavior ::run [ RunTime:0.001000s ]
INFO: [ app_begin ] --END-- [ RunTime:0.001000s ]
SQL: SHOW COLUMNS FROM `think_plugin` [ RunTime:0.006000s ]
SQL: SELECT `title`,`name` FROM `think_plugin` WHERE ( status=1 AND has_adminlist=1 )  [ RunTime:0.000000s ]
SQL: SELECT * FROM `think_plugin` WHERE ( `name` = 'Second' ) LIMIT 1   [ RunTime:0.001000s ]
NOTIC: [8] Undefined offset: 3 F:\Program Files\wamp\www\thinkphp\ThinkPHP\Lib\Core\Model.class.php 第 907 行.
NOTIC: [8] Undefined variable: result F:\Program Files\wamp\www\thinkphp\APP\Modules\Admin\Action\PluginAction.class.php 第 362 行.

[ 2013-12-26T23:27:21+08:00 ] 127.0.0.1 /thinkphp/index.php/Plugin/install
INFO: [ app_begin ] --START--
INFO: ReadHtmlCache Behavior ::run [ RunTime:0.001000s ]
INFO: [ app_begin ] --END-- [ RunTime:0.002000s ]
SQL: SHOW COLUMNS FROM `think_plugin` [ RunTime:0.006000s ]
SQL: SELECT `title`,`name` FROM `think_plugin` WHERE ( status=1 AND has_adminlist=1 )  [ RunTime:0.000000s ]

[ 2013-12-26T23:27:32+08:00 ] 127.0.0.1 /thinkphp/index.php/Plugin/install
INFO: [ app_begin ] --START--
INFO: ReadHtmlCache Behavior ::run [ RunTime:0.001000s ]
INFO: [ app_begin ] --END-- [ RunTime:0.001000s ]
SQL: SHOW COLUMNS FROM `think_plugin` [ RunTime:0.006000s ]
SQL: SELECT `title`,`name` FROM `think_plugin` WHERE ( status=1 AND has_adminlist=1 )  [ RunTime:0.001000s ]
SQL: SELECT * FROM `think_plugin` WHERE ( `name` = 'Second' ) LIMIT 1   [ RunTime:0.001000s ]
NOTIC: [8] Undefined offset: 3 F:\Program Files\wamp\www\thinkphp\ThinkPHP\Lib\Core\Model.class.php 第 907 行.

[ 2013-12-26T23:28:31+08:00 ] 127.0.0.1 /thinkphp/index.php/Plugin/install
INFO: [ app_begin ] --START--
INFO: ReadHtmlCache Behavior ::run [ RunTime:0.002000s ]
INFO: [ app_begin ] --END-- [ RunTime:0.002000s ]
SQL: SHOW COLUMNS FROM `think_plugin` [ RunTime:0.007001s ]
SQL: SELECT `title`,`name` FROM `think_plugin` WHERE ( status=1 AND has_adminlist=1 )  [ RunTime:0.001000s ]
SQL: SELECT * FROM `think_plugin` WHERE ( `name` = 'Second' ) LIMIT 1   [ RunTime:0.001000s ]
NOTIC: [8] Undefined offset: 3 F:\Program Files\wamp\www\thinkphp\ThinkPHP\Lib\Core\Model.class.php 第 907 行.
NOTIC: [8] Undefined variable: result F:\Program Files\wamp\www\thinkphp\APP\Modules\Admin\Action\PluginAction.class.php 第 362 行.

