[ 2013-12-24T10:47:15+08:00 ] 127.0.0.1 /thinkphp/index.php/Admin/Post/index.html
NOTIC: 建议使用I方法替代_post

[ 2013-12-24T10:47:18+08:00 ] 127.0.0.1 /thinkphp/index.php/Admin/Post/index.html
NOTIC: 建议使用I方法替代_post

[ 2013-12-24T10:47:20+08:00 ] 127.0.0.1 /thinkphp/index.php/Admin/Post/index.html
NOTIC: 建议使用I方法替代_post

[ 2013-12-24T11:11:34+08:00 ] 127.0.0.1 /thinkphp/index.php/Admin/Post/index.html
NOTIC: 建议使用I方法替代_post

[ 2013-12-24T11:11:37+08:00 ] 127.0.0.1 /thinkphp/index.php/Admin/Post/index.html
NOTIC: 建议使用I方法替代_post
NOTIC: 建议使用I方法替代_post
NOTIC: 建议使用I方法替代_post
NOTIC: 建议使用I方法替代_post
NOTIC: 建议使用I方法替代_post

[ 2013-12-24T11:11:42+08:00 ] 127.0.0.1 /thinkphp/index.php/Admin/Post/index.html
NOTIC: 建议使用I方法替代_post
NOTIC: 建议使用I方法替代_post

[ 2013-12-24T11:11:56+08:00 ] 127.0.0.1 /thinkphp/index.php/Admin/Post/index.html
NOTIC: 建议使用I方法替代_post
NOTIC: 建议使用I方法替代_post

[ 2013-12-24T11:13:22+08:00 ] 127.0.0.1 /thinkphp/index.php/Admin/Post/index.html
NOTIC: 建议使用I方法替代_post
NOTIC: 建议使用I方法替代_post

[ 2013-12-24T11:17:59+08:00 ] 127.0.0.1 /thinkphp/index.php/Admin/Post/index.html
NOTIC: 建议使用I方法替代_post

[ 2013-12-24T11:18:50+08:00 ] 127.0.0.1 /thinkphp/index.php/Admin/Post/index.html
NOTIC: 建议使用I方法替代_post

[ 2013-12-24T11:36:25+08:00 ] 127.0.0.1 /thinkphp/index.php/Admin/Post/index.html
NOTIC: 建议使用I方法替代_post
NOTIC: 建议使用I方法替代_post

[ 2013-12-24T11:38:03+08:00 ] 127.0.0.1 /thinkphp/index.php/Admin/Post/index.html
NOTIC: 建议使用I方法替代_post

[ 2013-12-24T11:39:32+08:00 ] 127.0.0.1 /thinkphp/index.php/Admin/Post/index.html
NOTIC: 建议使用I方法替代_post
NOTIC: 建议使用I方法替代_post
NOTIC: 建议使用I方法替代_post
NOTIC: 建议使用I方法替代_post
NOTIC: 建议使用I方法替代_post

[ 2013-12-24T11:39:38+08:00 ] 127.0.0.1 /thinkphp/index.php/Admin/Post/index.html
NOTIC: 建议使用I方法替代_post
NOTIC: 建议使用I方法替代_post
NOTIC: 建议使用I方法替代_post
NOTIC: 建议使用I方法替代_post
NOTIC: 建议使用I方法替代_post

[ 2013-12-24T11:40:03+08:00 ] 127.0.0.1 /thinkphp/index.php/Admin/Post/index.html
NOTIC: 建议使用I方法替代_post
NOTIC: 建议使用I方法替代_post
NOTIC: 建议使用I方法替代_post
NOTIC: 建议使用I方法替代_post
NOTIC: 建议使用I方法替代_post

[ 2013-12-24T11:40:11+08:00 ] 127.0.0.1 /thinkphp/index.php/Admin/Post/index.html
NOTIC: 建议使用I方法替代_post
NOTIC: 建议使用I方法替代_post
NOTIC: 建议使用I方法替代_post
NOTIC: 建议使用I方法替代_post
NOTIC: 建议使用I方法替代_post

[ 2013-12-24T11:41:52+08:00 ] 127.0.0.1 /thinkphp/index.php/Admin/Post/index.html
NOTIC: 建议使用I方法替代_post
NOTIC: 建议使用I方法替代_post
NOTIC: 建议使用I方法替代_post
NOTIC: 建议使用I方法替代_post
NOTIC: 建议使用I方法替代_post

[ 2013-12-24T11:42:18+08:00 ] 127.0.0.1 /thinkphp/index.php/Admin/Post/index.html
NOTIC: 建议使用I方法替代_post
NOTIC: 建议使用I方法替代_post
NOTIC: 建议使用I方法替代_post
NOTIC: 建议使用I方法替代_post
NOTIC: 建议使用I方法替代_post

[ 2013-12-24T11:42:30+08:00 ] 127.0.0.1 /thinkphp/index.php/Admin/Post/index.html
NOTIC: 建议使用I方法替代_post
NOTIC: 建议使用I方法替代_post
NOTIC: 建议使用I方法替代_post
NOTIC: 建议使用I方法替代_post
NOTIC: 建议使用I方法替代_post

[ 2013-12-24T11:57:37+08:00 ] 127.0.0.1 /thinkphp/index.php/Admin/Post/index.html
NOTIC: 建议使用I方法替代_post

[ 2013-12-24T11:57:49+08:00 ] 127.0.0.1 /thinkphp/index.php/Admin/Post/index.html
NOTIC: 建议使用I方法替代_post

[ 2013-12-24T11:58:06+08:00 ] 127.0.0.1 /thinkphp/index.php/Admin/Post/index.html
NOTIC: 建议使用I方法替代_post

[ 2013-12-24T12:08:02+08:00 ] 127.0.0.1 /thinkphp/index.php/Admin/Post/index/status/0.html
NOTIC: 建议使用I方法替代_post

[ 2013-12-24T12:52:08+08:00 ] 127.0.0.1 /thinkphp/index.php/Admin/Post/index/status/1.html
NOTIC: 建议使用I方法替代_post

[ 2013-12-24T12:52:22+08:00 ] 127.0.0.1 /thinkphp/index.php/Admin/Post/index/status/2.html
NOTIC: 建议使用I方法替代_post

[ 2013-12-24T12:56:34+08:00 ] 127.0.0.1 /thinkphp/index.php/Admin/Post/index/status/0.html
NOTIC: 建议使用I方法替代_post
NOTIC: 建议使用I方法替代_post
NOTIC: 建议使用I方法替代_post
NOTIC: 建议使用I方法替代_post
NOTIC: 建议使用I方法替代_post

[ 2013-12-24T12:56:41+08:00 ] 127.0.0.1 /thinkphp/index.php/Admin/Post/index/status/2.html
NOTIC: 建议使用I方法替代_post
NOTIC: 建议使用I方法替代_post
NOTIC: 建议使用I方法替代_post
NOTIC: 建议使用I方法替代_post
NOTIC: 建议使用I方法替代_post

[ 2013-12-24T12:56:50+08:00 ] 127.0.0.1 /thinkphp/index.php/Admin/Post/index/status/0.html
NOTIC: 建议使用I方法替代_post
NOTIC: 建议使用I方法替代_post
NOTIC: 建议使用I方法替代_post
NOTIC: 建议使用I方法替代_post
NOTIC: 建议使用I方法替代_post

[ 2013-12-24T12:56:59+08:00 ] 127.0.0.1 /thinkphp/index.php/Admin/Post/index/status/1.html
NOTIC: 建议使用I方法替代_post
NOTIC: 建议使用I方法替代_post
NOTIC: 建议使用I方法替代_post
NOTIC: 建议使用I方法替代_post
NOTIC: 建议使用I方法替代_post

[ 2013-12-24T13:43:46+08:00 ] 127.0.0.1 /thinkphp/index.php/Admin/Post/index/status/0.html
NOTIC: 建议使用I方法替代_post
NOTIC: 建议使用I方法替代_post
NOTIC: 建议使用I方法替代_post
NOTIC: 建议使用I方法替代_post
NOTIC: 建议使用I方法替代_post

[ 2013-12-24T13:44:03+08:00 ] 127.0.0.1 /thinkphp/index.php/Admin/Post/newPost.html
NOTIC: 建议使用I方法替代_post
NOTIC: 建议使用I方法替代_post
NOTIC: 建议使用I方法替代_post
NOTIC: 建议使用I方法替代_post

[ 2013-12-24T13:44:21+08:00 ] 127.0.0.1 /thinkphp/index.php/Admin/Post/newPost/post_id/-1.html
NOTIC: 建议使用I方法替代_post
NOTIC: 建议使用I方法替代_post
NOTIC: 建议使用I方法替代_post
NOTIC: 建议使用I方法替代_post

[ 2013-12-24T13:44:25+08:00 ] 127.0.0.1 /thinkphp/index.php/Admin/Post/newPost.html
NOTIC: 建议使用I方法替代_post
NOTIC: 建议使用I方法替代_post
NOTIC: 建议使用I方法替代_post
NOTIC: 建议使用I方法替代_post

[ 2013-12-24T13:46:23+08:00 ] 127.0.0.1 /thinkphp/index.php/Admin/Post/newPost.html
NOTIC: 建议使用I方法替代_post
NOTIC: 建议使用I方法替代_post
NOTIC: 建议使用I方法替代_post
NOTIC: 建议使用I方法替代_post

[ 2013-12-24T13:55:24+08:00 ] 127.0.0.1 /thinkphp/index.php/Admin/Post/index.html
NOTIC: 建议使用I方法替代_post

[ 2013-12-24T13:55:28+08:00 ] 127.0.0.1 /thinkphp/index.php/Admin/Post/index.html
NOTIC: 建议使用I方法替代_post
NOTIC: 建议使用I方法替代_post
NOTIC: 建议使用I方法替代_post
NOTIC: 建议使用I方法替代_post
NOTIC: 建议使用I方法替代_post
NOTIC: 建议使用I方法替代_post

[ 2013-12-24T13:55:39+08:00 ] 127.0.0.1 /thinkphp/index.php/Admin/Post/index/status/0.html
NOTIC: 建议使用I方法替代_post
NOTIC: 建议使用I方法替代_post
NOTIC: 建议使用I方法替代_post
NOTIC: 建议使用I方法替代_post
NOTIC: 建议使用I方法替代_post
NOTIC: 建议使用I方法替代_post

[ 2013-12-24T13:55:43+08:00 ] 127.0.0.1 /thinkphp/index.php/Admin/Post/index/status/1.html
NOTIC: 建议使用I方法替代_post
NOTIC: 建议使用I方法替代_post
NOTIC: 建议使用I方法替代_post
NOTIC: 建议使用I方法替代_post
NOTIC: 建议使用I方法替代_post
NOTIC: 建议使用I方法替代_post

[ 2013-12-24T13:55:56+08:00 ] 127.0.0.1 /thinkphp/index.php/Admin/Post/index/status/2.html
NOTIC: 建议使用I方法替代_post
NOTIC: 建议使用I方法替代_post
NOTIC: 建议使用I方法替代_post
NOTIC: 建议使用I方法替代_post
NOTIC: 建议使用I方法替代_post
NOTIC: 建议使用I方法替代_post

[ 2013-12-24T14:00:46+08:00 ] 127.0.0.1 /thinkphp/index.php/Admin/Post/newPost.html
NOTIC: 建议使用I方法替代_post
NOTIC: 建议使用I方法替代_post
NOTIC: 建议使用I方法替代_post
NOTIC: 建议使用I方法替代_post

[ 2013-12-24T14:28:16+08:00 ] 127.0.0.1 /thinkphp/index.php/Admin/Post/index/status/0.html
NOTIC: 建议使用I方法替代_post
NOTIC: 建议使用I方法替代_post
NOTIC: 建议使用I方法替代_post
NOTIC: 建议使用I方法替代_post
NOTIC: 建议使用I方法替代_post
NOTIC: 建议使用I方法替代_post

[ 2013-12-24T14:28:23+08:00 ] 127.0.0.1 /thinkphp/index.php/Admin/Post/index/status/1.html
NOTIC: 建议使用I方法替代_post

[ 2013-12-24T14:30:35+08:00 ] 127.0.0.1 /thinkphp/index.php/Admin/Post/index/status/2.html
NOTIC: 建议使用I方法替代_post

[ 2013-12-24T14:30:44+08:00 ] 127.0.0.1 /thinkphp/index.php/Admin/Post/index/status/1.html
NOTIC: 建议使用I方法替代_post
NOTIC: 建议使用I方法替代_post
NOTIC: 建议使用I方法替代_post
NOTIC: 建议使用I方法替代_post
NOTIC: 建议使用I方法替代_post

[ 2013-12-24T14:30:49+08:00 ] 127.0.0.1 /thinkphp/index.php/Admin/Post/index/status/2.html
NOTIC: 建议使用I方法替代_post
NOTIC: 建议使用I方法替代_post
NOTIC: 建议使用I方法替代_post
NOTIC: 建议使用I方法替代_post
NOTIC: 建议使用I方法替代_post

[ 2013-12-24T14:34:25+08:00 ] 127.0.0.1 /thinkphp/index.php/Admin/Post/index/status/0.html
NOTIC: 建议使用I方法替代_post
NOTIC: 建议使用I方法替代_post
NOTIC: 建议使用I方法替代_post
NOTIC: 建议使用I方法替代_post
NOTIC: 建议使用I方法替代_post
NOTIC: 建议使用I方法替代_post

[ 2013-12-24T14:34:34+08:00 ] 127.0.0.1 /thinkphp/index.php/Admin/Post/index/status/1.html
NOTIC: 建议使用I方法替代_post
NOTIC: 建议使用I方法替代_post
NOTIC: 建议使用I方法替代_post
NOTIC: 建议使用I方法替代_post
NOTIC: 建议使用I方法替代_post
NOTIC: 建议使用I方法替代_post

[ 2013-12-24T14:34:44+08:00 ] 127.0.0.1 /thinkphp/index.php/Admin/Post/index/status/0.html
NOTIC: 建议使用I方法替代_post
NOTIC: 建议使用I方法替代_post
NOTIC: 建议使用I方法替代_post
NOTIC: 建议使用I方法替代_post
NOTIC: 建议使用I方法替代_post
NOTIC: 建议使用I方法替代_post

[ 2013-12-24T14:34:55+08:00 ] 127.0.0.1 /thinkphp/index.php/Admin/Post/index/status/1.html
NOTIC: 建议使用I方法替代_post
NOTIC: 建议使用I方法替代_post
NOTIC: 建议使用I方法替代_post
NOTIC: 建议使用I方法替代_post
NOTIC: 建议使用I方法替代_post
NOTIC: 建议使用I方法替代_post

[ 2013-12-24T14:35:07+08:00 ] 127.0.0.1 /thinkphp/index.php/Admin/Post/index/status/1.html
NOTIC: 建议使用I方法替代_post
NOTIC: 建议使用I方法替代_post
NOTIC: 建议使用I方法替代_post
NOTIC: 建议使用I方法替代_post
NOTIC: 建议使用I方法替代_post
NOTIC: 建议使用I方法替代_post

[ 2013-12-24T14:37:29+08:00 ] 127.0.0.1 /thinkphp/index.php/Admin/Post/index/status/0.html
NOTIC: 建议使用I方法替代_post
NOTIC: 建议使用I方法替代_post
NOTIC: 建议使用I方法替代_post
NOTIC: 建议使用I方法替代_post
NOTIC: 建议使用I方法替代_post
NOTIC: 建议使用I方法替代_post

[ 2013-12-24T14:40:51+08:00 ] 127.0.0.1 /thinkphp/index.php/Admin/Post/index/status/-1.html
NOTIC: 建议使用I方法替代_post
NOTIC: 建议使用I方法替代_post
NOTIC: 建议使用I方法替代_post
NOTIC: 建议使用I方法替代_post
NOTIC: 建议使用I方法替代_post
NOTIC: 建议使用I方法替代_post

[ 2013-12-24T14:43:03+08:00 ] 127.0.0.1 /thinkphp/index.php/Admin/Post/index/status/-1.html
NOTIC: 建议使用I方法替代_post
NOTIC: 建议使用I方法替代_post
NOTIC: 建议使用I方法替代_post
NOTIC: 建议使用I方法替代_post
NOTIC: 建议使用I方法替代_post
NOTIC: 建议使用I方法替代_post

[ 2013-12-24T14:45:02+08:00 ] 127.0.0.1 /thinkphp/index.php/Admin/Post/index/status/-1.html
NOTIC: 建议使用I方法替代_post
NOTIC: 建议使用I方法替代_post
NOTIC: 建议使用I方法替代_post
NOTIC: 建议使用I方法替代_post
NOTIC: 建议使用I方法替代_post
NOTIC: 建议使用I方法替代_post

[ 2013-12-24T14:45:19+08:00 ] 127.0.0.1 /thinkphp/index.php/Admin/Post/index/status/2.html
NOTIC: 建议使用I方法替代_post
NOTIC: 建议使用I方法替代_post
NOTIC: 建议使用I方法替代_post
NOTIC: 建议使用I方法替代_post
NOTIC: 建议使用I方法替代_post
NOTIC: 建议使用I方法替代_post

[ 2013-12-24T14:52:43+08:00 ] 127.0.0.1 /thinkphp/index.php/Admin/Post/index/status/0.html
NOTIC: 建议使用I方法替代_post
NOTIC: 建议使用I方法替代_post
NOTIC: 建议使用I方法替代_post
NOTIC: 建议使用I方法替代_post
NOTIC: 建议使用I方法替代_post
NOTIC: 建议使用I方法替代_post

[ 2013-12-24T14:55:38+08:00 ] 0.0.0.0 /thinkphp/index.php/Admin/Post/index/status/1.html
NOTIC: 建议使用I方法替代_post
NOTIC: 建议使用I方法替代_post
NOTIC: 建议使用I方法替代_post
NOTIC: 建议使用I方法替代_post
NOTIC: 建议使用I方法替代_post
NOTIC: 建议使用I方法替代_post

[ 2013-12-24T15:21:53+08:00 ] 127.0.0.1 /thinkphp/index.php/Admin/Post/index/status/2.html
NOTIC: 建议使用I方法替代_post
NOTIC: 建议使用I方法替代_post
NOTIC: 建议使用I方法替代_post
NOTIC: 建议使用I方法替代_post
NOTIC: 建议使用I方法替代_post
NOTIC: 建议使用I方法替代_post

[ 2013-12-24T15:21:59+08:00 ] 127.0.0.1 /thinkphp/index.php/Admin/Post/index/status/-1.html
NOTIC: 建议使用I方法替代_post

[ 2013-12-24T15:22:02+08:00 ] 127.0.0.1 /thinkphp/index.php/Admin/Post/index/status/-1.html
NOTIC: 建议使用I方法替代_post

[ 2013-12-24T15:34:39+08:00 ] 127.0.0.1 /thinkphp/index.php/Admin/Post/index/status/-1.html
NOTIC: 建议使用I方法替代_post

[ 2013-12-24T15:38:53+08:00 ] 127.0.0.1 /thinkphp/index.php/Admin/Post/index/status/0.html
NOTIC: 建议使用I方法替代_post

[ 2013-12-24T15:38:57+08:00 ] 127.0.0.1 /thinkphp/index.php/Admin/Post/index/status/0.html
NOTIC: 建议使用I方法替代_post

[ 2013-12-24T15:41:04+08:00 ] 127.0.0.1 /thinkphp/index.php/Admin/Post/newPost.html
NOTIC: 建议使用I方法替代_post
NOTIC: 建议使用I方法替代_post
NOTIC: 建议使用I方法替代_post
NOTIC: 建议使用I方法替代_post

[ 2013-12-24T15:49:29+08:00 ] 127.0.0.1 /thinkphp/index.php/Admin/Post/index/status/0.html
NOTIC: 建议使用I方法替代_post

[ 2013-12-24T15:50:02+08:00 ] 127.0.0.1 /thinkphp/index.php/Admin/Post/index/status/0.html
NOTIC: 建议使用I方法替代_post

[ 2013-12-24T15:51:18+08:00 ] 127.0.0.1 /thinkphp/index.php/Admin/Post/index/status/0.html
NOTIC: 建议使用I方法替代_post

[ 2013-12-24T15:52:16+08:00 ] 127.0.0.1 /thinkphp/index.php/Admin/Post/index/status/0.html
NOTIC: 建议使用I方法替代_post

[ 2013-12-24T15:52:54+08:00 ] 127.0.0.1 /thinkphp/index.php/Admin/Post/index/status/0.html
NOTIC: 建议使用I方法替代_post

[ 2013-12-24T15:55:38+08:00 ] 127.0.0.1 /thinkphp/index.php/Admin/Post/index/status/0.html
NOTIC: 建议使用I方法替代_post

[ 2013-12-24T16:01:22+08:00 ] 127.0.0.1 /thinkphp/index.php/Admin/Post/index/status/0.html
NOTIC: 建议使用I方法替代_post

[ 2013-12-24T16:02:03+08:00 ] 127.0.0.1 /thinkphp/index.php/Admin/Post/index/status/0.html
NOTIC: 建议使用I方法替代_post

[ 2013-12-24T16:02:20+08:00 ] 127.0.0.1 /thinkphp/index.php/Admin/Post/index/status/0.html
NOTIC: 建议使用I方法替代_post

[ 2013-12-24T16:02:25+08:00 ] 127.0.0.1 /thinkphp/index.php/Admin/Post/index/status/1.html
NOTIC: 建议使用I方法替代_post

[ 2013-12-24T16:02:29+08:00 ] 127.0.0.1 /thinkphp/index.php/Admin/Post/index/status/1.html
NOTIC: 建议使用I方法替代_post

[ 2013-12-24T16:02:33+08:00 ] 127.0.0.1 /thinkphp/index.php/Admin/Post/index/status/1.html
NOTIC: 建议使用I方法替代_post

[ 2013-12-24T16:02:38+08:00 ] 127.0.0.1 /thinkphp/index.php/Admin/Post/index/status/1.html
NOTIC: 建议使用I方法替代_post

[ 2013-12-24T16:02:42+08:00 ] 127.0.0.1 /thinkphp/index.php/Admin/Post/index/status/1.html
NOTIC: 建议使用I方法替代_post

[ 2013-12-24T16:03:05+08:00 ] 127.0.0.1 /thinkphp/index.php/Admin/Post/index/status/1.html
NOTIC: 建议使用I方法替代_post
NOTIC: 建议使用I方法替代_post

[ 2013-12-24T16:03:08+08:00 ] 127.0.0.1 /thinkphp/index.php/Admin/Post/index/status/1.html
NOTIC: 建议使用I方法替代_post
NOTIC: 建议使用I方法替代_post

[ 2013-12-24T16:04:25+08:00 ] 127.0.0.1 /thinkphp/index.php/Admin/Post/index/status/1.html
NOTIC: 建议使用I方法替代_post
NOTIC: 建议使用I方法替代_post

[ 2013-12-24T16:04:41+08:00 ] 127.0.0.1 /thinkphp/index.php/Admin/Post/index/status/1.html
NOTIC: 建议使用I方法替代_post
NOTIC: 建议使用I方法替代_post

[ 2013-12-24T16:04:45+08:00 ] 127.0.0.1 /thinkphp/index.php/Admin/Post/index/status/1.html
NOTIC: 建议使用I方法替代_post
NOTIC: 建议使用I方法替代_post

[ 2013-12-24T16:05:37+08:00 ] 127.0.0.1 /thinkphp/index.php/Admin/Post/index/status/1.html
NOTIC: 建议使用I方法替代_post
NOTIC: 建议使用I方法替代_post

[ 2013-12-24T16:05:40+08:00 ] 127.0.0.1 /thinkphp/index.php/Admin/Post/index/status/1.html
NOTIC: 建议使用I方法替代_post
NOTIC: 建议使用I方法替代_post

[ 2013-12-24T16:06:09+08:00 ] 127.0.0.1 /thinkphp/index.php/Admin/Post/index/status/1.html
NOTIC: 建议使用I方法替代_post
NOTIC: 建议使用I方法替代_post

[ 2013-12-24T16:06:57+08:00 ] 127.0.0.1 /thinkphp/index.php/Admin/Post/index/status/1.html
NOTIC: 建议使用I方法替代_post

[ 2013-12-24T16:09:21+08:00 ] 127.0.0.1 /thinkphp/index.php/Admin/Post/index.html
NOTIC: 建议使用I方法替代_post

[ 2013-12-24T16:09:30+08:00 ] 127.0.0.1 /thinkphp/index.php/Admin/Post/index/status/-1.html
NOTIC: 建议使用I方法替代_post

[ 2013-12-24T16:09:35+08:00 ] 127.0.0.1 /thinkphp/index.php/Admin/Post/index/status/-1.html
NOTIC: 建议使用I方法替代_post

[ 2013-12-24T16:09:38+08:00 ] 127.0.0.1 /thinkphp/index.php/Admin/Post/index/status/-1.html
NOTIC: 建议使用I方法替代_post

[ 2013-12-24T16:16:00+08:00 ] 127.0.0.1 /thinkphp/index.php/Admin/Post/index/status/1.html
NOTIC: 建议使用I方法替代_post

[ 2013-12-24T16:16:20+08:00 ] 127.0.0.1 /thinkphp/index.php/Admin/Post/newPost.html
NOTIC: 建议使用I方法替代_post
NOTIC: 建议使用I方法替代_post
NOTIC: 建议使用I方法替代_post
NOTIC: 建议使用I方法替代_post

[ 2013-12-24T16:16:28+08:00 ] 127.0.0.1 /thinkphp/index.php/Admin/Post/newPost/post_id/-1.html
NOTIC: 建议使用I方法替代_post
NOTIC: 建议使用I方法替代_post
NOTIC: 建议使用I方法替代_post
NOTIC: 建议使用I方法替代_post

[ 2013-12-24T16:16:34+08:00 ] 127.0.0.1 /thinkphp/index.php/Admin/Post/newPost/post_id/%E5%BF%85%E9%A1%BB%E5%A1%AB%E5%86%99%E5%86%85%E5%AE%B9.html
NOTIC: 建议使用I方法替代_post
NOTIC: 建议使用I方法替代_post
NOTIC: 建议使用I方法替代_post
NOTIC: 建议使用I方法替代_post

[ 2013-12-24T16:16:36+08:00 ] 127.0.0.1 /thinkphp/index.php/Admin/Post/newPost/post_id/%E5%BF%85%E9%A1%BB%E5%A1%AB%E5%86%99%E5%86%85%E5%AE%B9.html
NOTIC: 建议使用I方法替代_post
NOTIC: 建议使用I方法替代_post
NOTIC: 建议使用I方法替代_post
NOTIC: 建议使用I方法替代_post

[ 2013-12-24T16:16:38+08:00 ] 127.0.0.1 /thinkphp/index.php/Admin/Post/newPost/post_id/%E5%BF%85%E9%A1%BB%E5%A1%AB%E5%86%99%E5%86%85%E5%AE%B9.html
NOTIC: 建议使用I方法替代_post
NOTIC: 建议使用I方法替代_post
NOTIC: 建议使用I方法替代_post
NOTIC: 建议使用I方法替代_post

[ 2013-12-24T16:16:39+08:00 ] 127.0.0.1 /thinkphp/index.php/Admin/Post/newPost/post_id/%E5%BF%85%E9%A1%BB%E5%A1%AB%E5%86%99%E5%86%85%E5%AE%B9.html
NOTIC: 建议使用I方法替代_post
NOTIC: 建议使用I方法替代_post
NOTIC: 建议使用I方法替代_post
NOTIC: 建议使用I方法替代_post

[ 2013-12-24T16:16:40+08:00 ] 127.0.0.1 /thinkphp/index.php/Admin/Post/newPost/post_id/%E5%BF%85%E9%A1%BB%E5%A1%AB%E5%86%99%E5%86%85%E5%AE%B9.html
NOTIC: 建议使用I方法替代_post
NOTIC: 建议使用I方法替代_post
NOTIC: 建议使用I方法替代_post
NOTIC: 建议使用I方法替代_post

[ 2013-12-24T16:16:40+08:00 ] 127.0.0.1 /thinkphp/index.php/Admin/Post/newPost/post_id/%E5%BF%85%E9%A1%BB%E5%A1%AB%E5%86%99%E5%86%85%E5%AE%B9.html
NOTIC: 建议使用I方法替代_post
NOTIC: 建议使用I方法替代_post
NOTIC: 建议使用I方法替代_post
NOTIC: 建议使用I方法替代_post

[ 2013-12-24T16:16:55+08:00 ] 127.0.0.1 /thinkphp/index.php/Admin/Post/index.html
NOTIC: 建议使用I方法替代_post

[ 2013-12-24T16:16:59+08:00 ] 127.0.0.1 /thinkphp/index.php/Admin/Post/newPost.html
NOTIC: 建议使用I方法替代_post
NOTIC: 建议使用I方法替代_post
NOTIC: 建议使用I方法替代_post
NOTIC: 建议使用I方法替代_post

[ 2013-12-24T16:17:05+08:00 ] 127.0.0.1 /thinkphp/index.php/Admin/Post/newPost/post_id/-1.html
NOTIC: 建议使用I方法替代_post
NOTIC: 建议使用I方法替代_post
NOTIC: 建议使用I方法替代_post
NOTIC: 建议使用I方法替代_post

[ 2013-12-24T16:19:01+08:00 ] 127.0.0.1 /thinkphp/index.php/Admin/Post/newPost/post_id/%E5%BF%85%E9%A1%BB%E5%A1%AB%E5%86%99%E5%86%85%E5%AE%B9.html
NOTIC: 建议使用I方法替代_post
NOTIC: 建议使用I方法替代_post
NOTIC: 建议使用I方法替代_post
NOTIC: 建议使用I方法替代_post

[ 2013-12-24T16:19:44+08:00 ] 127.0.0.1 /thinkphp/index.php/Admin/Post/newPost/post_id/%E5%BF%85%E9%A1%BB%E5%A1%AB%E5%86%99%E5%86%85%E5%AE%B9.html
NOTIC: 建议使用I方法替代_post
NOTIC: 建议使用I方法替代_post
NOTIC: 建议使用I方法替代_post
NOTIC: 建议使用I方法替代_post

[ 2013-12-24T16:19:57+08:00 ] 127.0.0.1 /thinkphp/index.php/Admin/Post/newPost.html
NOTIC: 建议使用I方法替代_post
NOTIC: 建议使用I方法替代_post
NOTIC: 建议使用I方法替代_post
NOTIC: 建议使用I方法替代_post

[ 2013-12-24T16:20:08+08:00 ] 127.0.0.1 /thinkphp/index.php/Admin/Post/newPost/post_id/-1.html
NOTIC: 建议使用I方法替代_post
NOTIC: 建议使用I方法替代_post
NOTIC: 建议使用I方法替代_post
NOTIC: 建议使用I方法替代_post

[ 2013-12-24T16:20:26+08:00 ] 127.0.0.1 /thinkphp/index.php/Admin/Post/newPost/post_id/63.html
NOTIC: 建议使用I方法替代_post
NOTIC: 建议使用I方法替代_post
NOTIC: 建议使用I方法替代_post
NOTIC: 建议使用I方法替代_post

[ 2013-12-24T16:20:50+08:00 ] 127.0.0.1 /thinkphp/index.php/Admin/Post/newPost.html
NOTIC: 建议使用I方法替代_post
NOTIC: 建议使用I方法替代_post
NOTIC: 建议使用I方法替代_post
NOTIC: 建议使用I方法替代_post

[ 2013-12-24T16:20:53+08:00 ] 127.0.0.1 /thinkphp/index.php/Admin/Post/newPost/post_id/-1.html
NOTIC: 建议使用I方法替代_post
NOTIC: 建议使用I方法替代_post
NOTIC: 建议使用I方法替代_post
NOTIC: 建议使用I方法替代_post

[ 2013-12-24T16:21:21+08:00 ] 127.0.0.1 /thinkphp/index.php/Admin/Post/newPost/post_id/%E5%BF%85%E9%A1%BB%E5%A1%AB%E5%86%99%E5%86%85%E5%AE%B9.html
NOTIC: 建议使用I方法替代_post
NOTIC: 建议使用I方法替代_post
NOTIC: 建议使用I方法替代_post
NOTIC: 建议使用I方法替代_post

[ 2013-12-24T16:27:21+08:00 ] 127.0.0.1 /thinkphp/index.php/Admin/Post/newPost.html
NOTIC: 建议使用I方法替代_post
NOTIC: 建议使用I方法替代_post
NOTIC: 建议使用I方法替代_post
NOTIC: 建议使用I方法替代_post

[ 2013-12-24T16:27:28+08:00 ] 127.0.0.1 /thinkphp/index.php/Admin/Post/newPost.html
NOTIC: 建议使用I方法替代_post
NOTIC: 建议使用I方法替代_post
NOTIC: 建议使用I方法替代_post
NOTIC: 建议使用I方法替代_post

[ 2013-12-24T16:27:53+08:00 ] 127.0.0.1 /thinkphp/index.php/Admin/Post/newPost.html
NOTIC: 建议使用I方法替代_post
NOTIC: 建议使用I方法替代_post
NOTIC: 建议使用I方法替代_post
NOTIC: 建议使用I方法替代_post

[ 2013-12-24T16:28:01+08:00 ] 127.0.0.1 /thinkphp/index.php/Admin/Post/newPost.html
NOTIC: 建议使用I方法替代_post
NOTIC: 建议使用I方法替代_post
NOTIC: 建议使用I方法替代_post
NOTIC: 建议使用I方法替代_post

[ 2013-12-24T16:28:52+08:00 ] 127.0.0.1 /thinkphp/index.php/Admin/Post/newPost.html
NOTIC: 建议使用I方法替代_post
NOTIC: 建议使用I方法替代_post
NOTIC: 建议使用I方法替代_post
NOTIC: 建议使用I方法替代_post

[ 2013-12-24T16:28:58+08:00 ] 127.0.0.1 /thinkphp/index.php/Admin/Post/newPost.html
NOTIC: 建议使用I方法替代_post
NOTIC: 建议使用I方法替代_post
NOTIC: 建议使用I方法替代_post
NOTIC: 建议使用I方法替代_post

[ 2013-12-24T16:29:05+08:00 ] 127.0.0.1 /thinkphp/index.php/Admin/Post/newPost.html
NOTIC: 建议使用I方法替代_post
NOTIC: 建议使用I方法替代_post
NOTIC: 建议使用I方法替代_post
NOTIC: 建议使用I方法替代_post

[ 2013-12-24T16:30:08+08:00 ] 127.0.0.1 /thinkphp/index.php/Admin/Post/newPost.html
NOTIC: 建议使用I方法替代_post
NOTIC: 建议使用I方法替代_post
NOTIC: 建议使用I方法替代_post
NOTIC: 建议使用I方法替代_post

[ 2013-12-24T16:30:12+08:00 ] 127.0.0.1 /thinkphp/index.php/Admin/Post/newPost.html
NOTIC: 建议使用I方法替代_post
NOTIC: 建议使用I方法替代_post
NOTIC: 建议使用I方法替代_post
NOTIC: 建议使用I方法替代_post

[ 2013-12-24T16:30:18+08:00 ] 127.0.0.1 /thinkphp/index.php/Admin/Post/newPost/post_id/-1.html
NOTIC: 建议使用I方法替代_post
NOTIC: 建议使用I方法替代_post
NOTIC: 建议使用I方法替代_post
NOTIC: 建议使用I方法替代_post

[ 2013-12-24T16:30:37+08:00 ] 127.0.0.1 /thinkphp/index.php/Admin/Post/newPost/post_id/%E5%BF%85%E9%A1%BB%E5%A1%AB%E5%86%99%E5%86%85%E5%AE%B9.html
NOTIC: 建议使用I方法替代_post
NOTIC: 建议使用I方法替代_post
NOTIC: 建议使用I方法替代_post
NOTIC: 建议使用I方法替代_post

[ 2013-12-24T16:30:46+08:00 ] 127.0.0.1 /thinkphp/index.php/Admin/Post/newPost.html
NOTIC: 建议使用I方法替代_post
NOTIC: 建议使用I方法替代_post
NOTIC: 建议使用I方法替代_post
NOTIC: 建议使用I方法替代_post

[ 2013-12-24T16:30:51+08:00 ] 127.0.0.1 /thinkphp/index.php/Admin/Post/newPost/post_id/-1.html
NOTIC: 建议使用I方法替代_post
NOTIC: 建议使用I方法替代_post
NOTIC: 建议使用I方法替代_post
NOTIC: 建议使用I方法替代_post

[ 2013-12-24T16:32:00+08:00 ] 127.0.0.1 /thinkphp/index.php/Admin/Post/newPost.html
NOTIC: 建议使用I方法替代_post
NOTIC: 建议使用I方法替代_post
NOTIC: 建议使用I方法替代_post
NOTIC: 建议使用I方法替代_post

[ 2013-12-24T16:32:02+08:00 ] 127.0.0.1 /thinkphp/index.php/Admin/Post/newPost/post_id/-1.html
NOTIC: 建议使用I方法替代_post
NOTIC: 建议使用I方法替代_post
NOTIC: 建议使用I方法替代_post
NOTIC: 建议使用I方法替代_post

[ 2013-12-24T16:32:23+08:00 ] 127.0.0.1 /thinkphp/index.php/Admin/Post/newPost.html
NOTIC: 建议使用I方法替代_post
NOTIC: 建议使用I方法替代_post
NOTIC: 建议使用I方法替代_post
NOTIC: 建议使用I方法替代_post

[ 2013-12-24T16:32:25+08:00 ] 127.0.0.1 /thinkphp/index.php/Admin/Post/newPost/post_id/-1.html
NOTIC: 建议使用I方法替代_post
NOTIC: 建议使用I方法替代_post
NOTIC: 建议使用I方法替代_post
NOTIC: 建议使用I方法替代_post

[ 2013-12-24T16:32:52+08:00 ] 127.0.0.1 /thinkphp/index.php/Admin/Post/newPost.html
NOTIC: 建议使用I方法替代_post
NOTIC: 建议使用I方法替代_post
NOTIC: 建议使用I方法替代_post
NOTIC: 建议使用I方法替代_post

[ 2013-12-24T16:32:56+08:00 ] 127.0.0.1 /thinkphp/index.php/Admin/Post/newPost/post_id/-1.html
NOTIC: 建议使用I方法替代_post
NOTIC: 建议使用I方法替代_post
NOTIC: 建议使用I方法替代_post
NOTIC: 建议使用I方法替代_post

[ 2013-12-24T16:35:12+08:00 ] 127.0.0.1 /thinkphp/index.php/Admin/Post/newPost.html
NOTIC: 建议使用I方法替代_post
NOTIC: 建议使用I方法替代_post
NOTIC: 建议使用I方法替代_post
NOTIC: 建议使用I方法替代_post

[ 2013-12-24T16:35:14+08:00 ] 127.0.0.1 /thinkphp/index.php/Admin/Post/newPost/post_id/-1.html
NOTIC: 建议使用I方法替代_post
NOTIC: 建议使用I方法替代_post
NOTIC: 建议使用I方法替代_post
NOTIC: 建议使用I方法替代_post

[ 2013-12-24T16:35:32+08:00 ] 127.0.0.1 /thinkphp/index.php/Admin/Post/newPost/post_id/-1.html
NOTIC: 建议使用I方法替代_post
NOTIC: 建议使用I方法替代_post
NOTIC: 建议使用I方法替代_post
NOTIC: 建议使用I方法替代_post

[ 2013-12-24T16:35:36+08:00 ] 127.0.0.1 /thinkphp/index.php/Admin/Post/newPost/post_id/-1.html
NOTIC: 建议使用I方法替代_post
NOTIC: 建议使用I方法替代_post
NOTIC: 建议使用I方法替代_post
NOTIC: 建议使用I方法替代_post

[ 2013-12-24T16:35:39+08:00 ] 127.0.0.1 /thinkphp/index.php/Admin/Post/newPost/post_id/-1.html
NOTIC: 建议使用I方法替代_post
NOTIC: 建议使用I方法替代_post
NOTIC: 建议使用I方法替代_post
NOTIC: 建议使用I方法替代_post

[ 2013-12-24T16:36:12+08:00 ] 127.0.0.1 /thinkphp/index.php/Admin/Post/newPost/post_id/65.html
NOTIC: 建议使用I方法替代_post
NOTIC: 建议使用I方法替代_post
NOTIC: 建议使用I方法替代_post
NOTIC: 建议使用I方法替代_post

[ 2013-12-24T16:36:25+08:00 ] 127.0.0.1 /thinkphp/index.php/Admin/Post/newPost/post_id/65.html
NOTIC: 建议使用I方法替代_post
NOTIC: 建议使用I方法替代_post
NOTIC: 建议使用I方法替代_post
NOTIC: 建议使用I方法替代_post

[ 2013-12-24T16:36:33+08:00 ] 127.0.0.1 /thinkphp/index.php/Admin/Post/newPost/post_id/65.html
NOTIC: 建议使用I方法替代_post
NOTIC: 建议使用I方法替代_post
NOTIC: 建议使用I方法替代_post
NOTIC: 建议使用I方法替代_post

[ 2013-12-24T16:38:32+08:00 ] 127.0.0.1 /thinkphp/index.php/Admin/Post/index/status/1.html
NOTIC: 建议使用I方法替代_post

[ 2013-12-24T16:43:41+08:00 ] 127.0.0.1 /thinkphp/index.php/Admin/Post/newPost.html
NOTIC: 建议使用I方法替代_post
NOTIC: 建议使用I方法替代_post
NOTIC: 建议使用I方法替代_post
NOTIC: 建议使用I方法替代_post

[ 2013-12-24T16:43:49+08:00 ] 127.0.0.1 /thinkphp/index.php/Admin/Post/newPost/post_id/-1.html
NOTIC: 建议使用I方法替代_post
NOTIC: 建议使用I方法替代_post
NOTIC: 建议使用I方法替代_post
NOTIC: 建议使用I方法替代_post

[ 2013-12-24T16:44:08+08:00 ] 127.0.0.1 /thinkphp/index.php/Admin/Post/newPost/post_id/66.html
NOTIC: 建议使用I方法替代_post
NOTIC: 建议使用I方法替代_post
NOTIC: 建议使用I方法替代_post
NOTIC: 建议使用I方法替代_post

[ 2013-12-24T16:44:32+08:00 ] 127.0.0.1 /thinkphp/index.php/Admin/Post/newPost/post_id/66.html
NOTIC: 建议使用I方法替代_post
NOTIC: 建议使用I方法替代_post
NOTIC: 建议使用I方法替代_post
NOTIC: 建议使用I方法替代_post

[ 2013-12-24T16:45:16+08:00 ] 127.0.0.1 /thinkphp/index.php/Admin/Post/newPost.html
NOTIC: 建议使用I方法替代_post
NOTIC: 建议使用I方法替代_post
NOTIC: 建议使用I方法替代_post
NOTIC: 建议使用I方法替代_post

[ 2013-12-24T16:45:18+08:00 ] 127.0.0.1 /thinkphp/index.php/Admin/Post/newPost/post_id/-1.html
NOTIC: 建议使用I方法替代_post
NOTIC: 建议使用I方法替代_post
NOTIC: 建议使用I方法替代_post
NOTIC: 建议使用I方法替代_post

[ 2013-12-24T16:45:38+08:00 ] 127.0.0.1 /thinkphp/index.php/Admin/Post/newPost/post_id/-1.html
NOTIC: 建议使用I方法替代_post
NOTIC: 建议使用I方法替代_post
NOTIC: 建议使用I方法替代_post
NOTIC: 建议使用I方法替代_post

[ 2013-12-24T16:45:44+08:00 ] 127.0.0.1 /thinkphp/index.php/Admin/Post/newPost/post_id/67.html
NOTIC: 建议使用I方法替代_post
NOTIC: 建议使用I方法替代_post
NOTIC: 建议使用I方法替代_post
NOTIC: 建议使用I方法替代_post

[ 2013-12-24T16:45:48+08:00 ] 127.0.0.1 /thinkphp/index.php/Admin/Post/newPost/post_id/67.html
NOTIC: 建议使用I方法替代_post
NOTIC: 建议使用I方法替代_post
NOTIC: 建议使用I方法替代_post
NOTIC: 建议使用I方法替代_post

[ 2013-12-24T16:45:52+08:00 ] 127.0.0.1 /thinkphp/index.php/Admin/Post/newPost/post_id/67.html
NOTIC: 建议使用I方法替代_post
NOTIC: 建议使用I方法替代_post
NOTIC: 建议使用I方法替代_post
NOTIC: 建议使用I方法替代_post

[ 2013-12-24T16:46:08+08:00 ] 127.0.0.1 /thinkphp/index.php/Admin/Post/newPost.html
NOTIC: 建议使用I方法替代_post
NOTIC: 建议使用I方法替代_post
NOTIC: 建议使用I方法替代_post
NOTIC: 建议使用I方法替代_post

[ 2013-12-24T16:47:17+08:00 ] 127.0.0.1 /thinkphp/index.php/Admin/Post/newPost.html
NOTIC: 建议使用I方法替代_post
NOTIC: 建议使用I方法替代_post
NOTIC: 建议使用I方法替代_post
NOTIC: 建议使用I方法替代_post

[ 2013-12-24T16:47:35+08:00 ] 127.0.0.1 /thinkphp/index.php/Admin/Post/newPost.html
NOTIC: 建议使用I方法替代_post
NOTIC: 建议使用I方法替代_post
NOTIC: 建议使用I方法替代_post
NOTIC: 建议使用I方法替代_post

[ 2013-12-24T16:48:05+08:00 ] 127.0.0.1 /thinkphp/index.php/Admin/Term/addTerm.html
INFO: [ app_begin ] --START--
INFO: ReadHtmlCache Behavior ::run [ RunTime:0.003000s ]
INFO: [ app_begin ] --END-- [ RunTime:0.004000s ]
SQL: SHOW COLUMNS FROM `think_term` [ RunTime:0.016000s ]
SQL: SHOW COLUMNS FROM `think_term` [ RunTime:0.087000s ]
SQL: SHOW COLUMNS FROM `think_taxomony` [ RunTime:0.028000s ]
ERR: 1146:Table 'test.think_taxomony' doesn't exist
 [ SQL语句 ] : SHOW COLUMNS FROM `think_taxomony`
SQL: SHOW COLUMNS FROM `think_post_relation` [ RunTime:0.006000s ]
SQL: INSERT INTO `think_term` (`name`,`slug`) VALUES ('ddd','dd') [ RunTime:0.043000s ]
SQL: INSERT INTO `think_taxomony` (`term_id`,`parent`) VALUES (12,0) [ RunTime:0.001000s ]
ERR: 1146:Table 'test.think_taxomony' doesn't exist
 [ SQL语句 ] : INSERT INTO `think_taxomony` (`term_id`,`parent`) VALUES (12,0)
INFO: [ view_parse ] --START--
INFO: ParseTemplate Behavior ::run [ RunTime:0.051000s ]
INFO: [ view_parse ] --END-- [ RunTime:0.051000s ]
INFO: [ view_filter ] --START--
INFO: ContentReplace Behavior ::run [ RunTime:0.002000s ]
INFO: TokenBuild Behavior ::run [ RunTime:0.002000s ]
INFO: WriteHtmlCache Behavior ::run [ RunTime:0.001000s ]
INFO: ShowRuntime Behavior ::run [ RunTime:0.003000s ]
INFO: [ view_filter ] --END-- [ RunTime:0.008000s ]
INFO: [ view_end ] --START--
INFO: ShowPageTrace Behavior ::run [ RunTime:0.002000s ]
INFO: [ view_end ] --END-- [ RunTime:0.002000s ]

[ 2013-12-24T16:48:55+08:00 ] 127.0.0.1 /thinkphp/index.php/Admin/Post/index.html
NOTIC: 建议使用I方法替代_post

[ 2013-12-24T16:52:40+08:00 ] 127.0.0.1 /thinkphp/index.php/Admin/Post/index/status/0.html
NOTIC: 建议使用I方法替代_post
NOTIC: 建议使用I方法替代_post
NOTIC: 建议使用I方法替代_post

[ 2013-12-24T16:52:48+08:00 ] 127.0.0.1 /thinkphp/index.php/Admin/Post/index/status/2.html
NOTIC: 建议使用I方法替代_post
NOTIC: 建议使用I方法替代_post
NOTIC: 建议使用I方法替代_post
NOTIC: 建议使用I方法替代_post

[ 2013-12-24T17:37:18+08:00 ] 127.0.0.1 /thinkphp/index.php/Admin/Post/newPost.html
NOTIC: 建议使用I方法替代_post
NOTIC: 建议使用I方法替代_post
NOTIC: 建议使用I方法替代_post
NOTIC: 建议使用I方法替代_post

[ 2013-12-24T17:38:15+08:00 ] 127.0.0.1 /thinkphp/index.php/Admin/Post/newPost/post_id/-1.html
NOTIC: 建议使用I方法替代_post
NOTIC: 建议使用I方法替代_post
NOTIC: 建议使用I方法替代_post
NOTIC: 建议使用I方法替代_post

[ 2013-12-24T17:41:26+08:00 ] 127.0.0.1 /thinkphp/index.php/Admin/Post/newPost.html
NOTIC: 建议使用I方法替代_post
NOTIC: 建议使用I方法替代_post
NOTIC: 建议使用I方法替代_post
NOTIC: 建议使用I方法替代_post

[ 2013-12-24T17:45:35+08:00 ] 127.0.0.1 /thinkphp/index.php/Admin/Post/newPost.html
NOTIC: 建议使用I方法替代_post
NOTIC: 建议使用I方法替代_post
NOTIC: 建议使用I方法替代_post
NOTIC: 建议使用I方法替代_post

[ 2013-12-24T17:45:47+08:00 ] 127.0.0.1 /thinkphp/index.php/Admin/Post/newPost.html
NOTIC: 建议使用I方法替代_post
NOTIC: 建议使用I方法替代_post
NOTIC: 建议使用I方法替代_post
NOTIC: 建议使用I方法替代_post

[ 2013-12-24T17:46:05+08:00 ] 127.0.0.1 /thinkphp/index.php/Admin/Post/index.html
NOTIC: 建议使用I方法替代_post
NOTIC: 建议使用I方法替代_post
NOTIC: 建议使用I方法替代_post
NOTIC: 建议使用I方法替代_post
NOTIC: 建议使用I方法替代_post
NOTIC: 建议使用I方法替代_post
NOTIC: 建议使用I方法替代_post

[ 2013-12-24T17:46:17+08:00 ] 127.0.0.1 /thinkphp/index.php/Admin/Post/index/status/1.html
NOTIC: 建议使用I方法替代_post
NOTIC: 建议使用I方法替代_post
NOTIC: 建议使用I方法替代_post
NOTIC: 建议使用I方法替代_post
NOTIC: 建议使用I方法替代_post
NOTIC: 建议使用I方法替代_post
NOTIC: 建议使用I方法替代_post

[ 2013-12-24T20:16:56+08:00 ] 127.0.0.1 /thinkphp/index.php/Admin/Post/index/status/2.html
NOTIC: 建议使用I方法替代_post
NOTIC: 建议使用I方法替代_post
NOTIC: 建议使用I方法替代_post
NOTIC: 建议使用I方法替代_post
NOTIC: 建议使用I方法替代_post
NOTIC: 建议使用I方法替代_post
NOTIC: 建议使用I方法替代_post

[ 2013-12-24T20:19:56+08:00 ] 127.0.0.1 /thinkphp/index.php/Admin/Post/newPost/post_id/-1.html
NOTIC: 建议使用I方法替代_post
NOTIC: 建议使用I方法替代_post
NOTIC: 建议使用I方法替代_post
NOTIC: 建议使用I方法替代_post

[ 2013-12-24T20:20:07+08:00 ] 127.0.0.1 /thinkphp/index.php/Admin/Post/newPost/post_id/-1.html
NOTIC: 建议使用I方法替代_post
NOTIC: 建议使用I方法替代_post
NOTIC: 建议使用I方法替代_post
NOTIC: 建议使用I方法替代_post

[ 2013-12-24T20:20:19+08:00 ] 127.0.0.1 /thinkphp/index.php/Admin/Post/newPost/post_id/-1.html
NOTIC: 建议使用I方法替代_post
NOTIC: 建议使用I方法替代_post
NOTIC: 建议使用I方法替代_post
NOTIC: 建议使用I方法替代_post

[ 2013-12-24T21:22:34+08:00 ] 127.0.0.1 /thinkphp/index.php/Admin/Term/index.html
ERR: 实例化一个不存在的类！:CategoryWidget

[ 2013-12-24T21:27:03+08:00 ] 127.0.0.1 /thinkphp/index.php/Admin/Term/addTerm.html
INFO: [ app_begin ] --START--
INFO: ReadHtmlCache Behavior ::run [ RunTime:0.001000s ]
INFO: [ app_begin ] --END-- [ RunTime:0.002000s ]
SQL: SHOW COLUMNS FROM `think_term` [ RunTime:0.006001s ]
SQL: SHOW COLUMNS FROM `think_term` [ RunTime:0.006000s ]
SQL: SHOW COLUMNS FROM `think_taxonomy` [ RunTime:0.006000s ]
SQL: SHOW COLUMNS FROM `think_post_relation` [ RunTime:0.006001s ]
SQL: SELECT `term_id` FROM `think_term` WHERE ( `name` = '恐怖片' ) OR ( `slug` = 'kongbu' )  [ RunTime:0.072004s ]
SQL: INSERT INTO `think_term` (`name`,`slug`) VALUES ('恐怖片','kongbu') [ RunTime:0.000000s ]
SQL: INSERT INTO `think_taxonomy` (`term_id`,`parent`) VALUES (13,7) [ RunTime:0.000000s ]
INFO: [ view_parse ] --START--
INFO: ParseTemplate Behavior ::run [ RunTime:0.043002s ]
INFO: [ view_parse ] --END-- [ RunTime:0.043002s ]
INFO: [ view_filter ] --START--
INFO: ContentReplace Behavior ::run [ RunTime:0.002000s ]
INFO: TokenBuild Behavior ::run [ RunTime:0.001001s ]
INFO: WriteHtmlCache Behavior ::run [ RunTime:0.001000s ]
INFO: ShowRuntime Behavior ::run [ RunTime:0.001000s ]
INFO: [ view_filter ] --END-- [ RunTime:0.006001s ]
INFO: [ view_end ] --START--
INFO: ShowPageTrace Behavior ::run [ RunTime:0.001000s ]
INFO: [ view_end ] --END-- [ RunTime:0.002000s ]

[ 2013-12-24T21:27:20+08:00 ] 127.0.0.1 /thinkphp/index.php/Admin/Term/addTerm.html
INFO: [ app_begin ] --START--
INFO: ReadHtmlCache Behavior ::run [ RunTime:0.002000s ]
INFO: [ app_begin ] --END-- [ RunTime:0.002000s ]
SQL: SHOW COLUMNS FROM `think_term` [ RunTime:0.006001s ]
SQL: SHOW COLUMNS FROM `think_term` [ RunTime:0.005000s ]
SQL: SHOW COLUMNS FROM `think_taxonomy` [ RunTime:0.006001s ]
SQL: SHOW COLUMNS FROM `think_post_relation` [ RunTime:0.006000s ]
SQL: SELECT `term_id` FROM `think_term` WHERE ( `name` = '超级恐怖片' ) OR ( `slug` = 'superkongbu' )  [ RunTime:0.001000s ]
SQL: INSERT INTO `think_term` (`name`,`slug`) VALUES ('超级恐怖片','superkongbu') [ RunTime:0.001000s ]
SQL: INSERT INTO `think_taxonomy` (`term_id`,`parent`) VALUES (14,13) [ RunTime:0.001000s ]
INFO: [ view_parse ] --START--
INFO: ParseTemplate Behavior ::run [ RunTime:0.016001s ]
INFO: [ view_parse ] --END-- [ RunTime:0.016001s ]
INFO: [ view_filter ] --START--
INFO: ContentReplace Behavior ::run [ RunTime:0.001000s ]
INFO: TokenBuild Behavior ::run [ RunTime:0.001000s ]
INFO: WriteHtmlCache Behavior ::run [ RunTime:0.001000s ]
INFO: ShowRuntime Behavior ::run [ RunTime:0.001000s ]
INFO: [ view_filter ] --END-- [ RunTime:0.006000s ]
INFO: [ view_end ] --START--
INFO: ShowPageTrace Behavior ::run [ RunTime:0.001001s ]
INFO: [ view_end ] --END-- [ RunTime:0.001001s ]

[ 2013-12-24T21:27:39+08:00 ] 127.0.0.1 /thinkphp/index.php/Admin/Term/addTerm.html
INFO: [ app_begin ] --START--
INFO: ReadHtmlCache Behavior ::run [ RunTime:0.002000s ]
INFO: [ app_begin ] --END-- [ RunTime:0.002000s ]
SQL: SHOW COLUMNS FROM `think_term` [ RunTime:0.008000s ]
SQL: SHOW COLUMNS FROM `think_term` [ RunTime:0.008001s ]
SQL: SHOW COLUMNS FROM `think_taxonomy` [ RunTime:0.006000s ]
SQL: SHOW COLUMNS FROM `think_post_relation` [ RunTime:0.006001s ]
SQL: SELECT `term_id` FROM `think_term` WHERE ( `name` = '一点也不恐怖片' ) OR ( `slug` = 'noelitterkongbu' )  [ RunTime:0.000000s ]
SQL: INSERT INTO `think_term` (`name`,`slug`) VALUES ('一点也不恐怖片','noelitterkongbu') [ RunTime:0.001000s ]
SQL: INSERT INTO `think_taxonomy` (`term_id`,`parent`) VALUES (15,5) [ RunTime:0.000000s ]
INFO: [ view_parse ] --START--
INFO: ParseTemplate Behavior ::run [ RunTime:0.018001s ]
INFO: [ view_parse ] --END-- [ RunTime:0.018001s ]
INFO: [ view_filter ] --START--
INFO: ContentReplace Behavior ::run [ RunTime:0.002000s ]
INFO: TokenBuild Behavior ::run [ RunTime:0.002000s ]
INFO: WriteHtmlCache Behavior ::run [ RunTime:0.002000s ]
INFO: ShowRuntime Behavior ::run [ RunTime:0.002000s ]
INFO: [ view_filter ] --END-- [ RunTime:0.008000s ]
INFO: [ view_end ] --START--
INFO: ShowPageTrace Behavior ::run [ RunTime:0.002001s ]
INFO: [ view_end ] --END-- [ RunTime:0.002001s ]

[ 2013-12-24T22:29:35+08:00 ] 127.0.0.1 /thinkphp/index.php/Admin/Post/newPost.html
NOTIC: 建议使用I方法替代_post
NOTIC: 建议使用I方法替代_post
NOTIC: 建议使用I方法替代_post
NOTIC: 建议使用I方法替代_post

[ 2013-12-24T22:29:38+08:00 ] 127.0.0.1 /thinkphp/index.php/Admin/Post/newPost.html
NOTIC: 建议使用I方法替代_post
NOTIC: 建议使用I方法替代_post
NOTIC: 建议使用I方法替代_post
NOTIC: 建议使用I方法替代_post

[ 2013-12-24T22:31:18+08:00 ] 127.0.0.1 /thinkphp/index.php/Admin/Post/newPost.html
NOTIC: 建议使用I方法替代_post
NOTIC: 建议使用I方法替代_post
NOTIC: 建议使用I方法替代_post
NOTIC: 建议使用I方法替代_post

[ 2013-12-24T22:34:21+08:00 ] 127.0.0.1 /thinkphp/index.php/Admin/Post/newPost.html
NOTIC: 建议使用I方法替代_post
NOTIC: 建议使用I方法替代_post
NOTIC: 建议使用I方法替代_post
NOTIC: 建议使用I方法替代_post

[ 2013-12-24T22:35:51+08:00 ] 127.0.0.1 /thinkphp/index.php/Admin/Post/newPost.html
NOTIC: 建议使用I方法替代_post
NOTIC: 建议使用I方法替代_post
NOTIC: 建议使用I方法替代_post
NOTIC: 建议使用I方法替代_post

[ 2013-12-24T22:35:57+08:00 ] 127.0.0.1 /thinkphp/index.php/Admin/Post/newPost.html
NOTIC: 建议使用I方法替代_post
NOTIC: 建议使用I方法替代_post
NOTIC: 建议使用I方法替代_post
NOTIC: 建议使用I方法替代_post

[ 2013-12-24T22:37:17+08:00 ] 127.0.0.1 /thinkphp/index.php/Admin/Post/index.html
NOTIC: 建议使用I方法替代_post
NOTIC: 建议使用I方法替代_post
NOTIC: 建议使用I方法替代_post
NOTIC: 建议使用I方法替代_post
NOTIC: 建议使用I方法替代_post
NOTIC: 建议使用I方法替代_post
NOTIC: 建议使用I方法替代_post
NOTIC: 建议使用I方法替代_post
NOTIC: 建议使用I方法替代_post
NOTIC: 建议使用I方法替代_post
NOTIC: 建议使用I方法替代_post
NOTIC: 建议使用I方法替代_post

[ 2013-12-24T22:37:23+08:00 ] 127.0.0.1 /thinkphp/index.php/Admin/Post/index/status/1.html
NOTIC: 建议使用I方法替代_post
NOTIC: 建议使用I方法替代_post
NOTIC: 建议使用I方法替代_post
NOTIC: 建议使用I方法替代_post
NOTIC: 建议使用I方法替代_post
NOTIC: 建议使用I方法替代_post
NOTIC: 建议使用I方法替代_post
NOTIC: 建议使用I方法替代_post
NOTIC: 建议使用I方法替代_post
NOTIC: 建议使用I方法替代_post
NOTIC: 建议使用I方法替代_post
NOTIC: 建议使用I方法替代_post

[ 2013-12-24T22:38:09+08:00 ] 127.0.0.1 /thinkphp/index.php/Admin/Post/newPost.html
NOTIC: 建议使用I方法替代_post
NOTIC: 建议使用I方法替代_post
NOTIC: 建议使用I方法替代_post
NOTIC: 建议使用I方法替代_post

[ 2013-12-24T22:38:25+08:00 ] 127.0.0.1 /thinkphp/index.php/Admin/Post/newPost.html
NOTIC: 建议使用I方法替代_post
NOTIC: 建议使用I方法替代_post
NOTIC: 建议使用I方法替代_post
NOTIC: 建议使用I方法替代_post

[ 2013-12-24T22:38:54+08:00 ] 127.0.0.1 /thinkphp/index.php/Admin/Post/newPost.html
NOTIC: 建议使用I方法替代_post
NOTIC: 建议使用I方法替代_post
NOTIC: 建议使用I方法替代_post
NOTIC: 建议使用I方法替代_post

[ 2013-12-24T22:38:58+08:00 ] 127.0.0.1 /thinkphp/index.php/Admin/Post/newPost.html
NOTIC: 建议使用I方法替代_post
NOTIC: 建议使用I方法替代_post
NOTIC: 建议使用I方法替代_post
NOTIC: 建议使用I方法替代_post

[ 2013-12-24T22:45:06+08:00 ] 127.0.0.1 /thinkphp/index.php/Admin/Post/newPost.html
NOTIC: 建议使用I方法替代_post
NOTIC: 建议使用I方法替代_post
NOTIC: 建议使用I方法替代_post
NOTIC: 建议使用I方法替代_post

[ 2013-12-24T22:45:53+08:00 ] 127.0.0.1 /thinkphp/index.php/Admin/Post/newPost.html
NOTIC: 建议使用I方法替代_post
NOTIC: 建议使用I方法替代_post
NOTIC: 建议使用I方法替代_post
NOTIC: 建议使用I方法替代_post

[ 2013-12-24T22:46:38+08:00 ] 127.0.0.1 /thinkphp/index.php/Admin/Post/newPost.html
NOTIC: 建议使用I方法替代_post
NOTIC: 建议使用I方法替代_post
NOTIC: 建议使用I方法替代_post
NOTIC: 建议使用I方法替代_post

[ 2013-12-24T22:46:42+08:00 ] 127.0.0.1 /thinkphp/index.php/Admin/Post/newPost.html
NOTIC: 建议使用I方法替代_post
NOTIC: 建议使用I方法替代_post
NOTIC: 建议使用I方法替代_post
NOTIC: 建议使用I方法替代_post

[ 2013-12-24T22:46:49+08:00 ] 127.0.0.1 /thinkphp/index.php/Admin/Post/newPost.html
NOTIC: 建议使用I方法替代_post
NOTIC: 建议使用I方法替代_post
NOTIC: 建议使用I方法替代_post
NOTIC: 建议使用I方法替代_post

[ 2013-12-24T22:47:18+08:00 ] 127.0.0.1 /thinkphp/index.php/Admin/Post/newPost.html
NOTIC: 建议使用I方法替代_post
NOTIC: 建议使用I方法替代_post
NOTIC: 建议使用I方法替代_post
NOTIC: 建议使用I方法替代_post

[ 2013-12-24T22:47:32+08:00 ] 127.0.0.1 /thinkphp/index.php/Admin/Post/newPost.html
NOTIC: 建议使用I方法替代_post
NOTIC: 建议使用I方法替代_post
NOTIC: 建议使用I方法替代_post
NOTIC: 建议使用I方法替代_post

[ 2013-12-24T22:47:51+08:00 ] 127.0.0.1 /thinkphp/index.php/Admin/Post/newPost.html
NOTIC: 建议使用I方法替代_post
NOTIC: 建议使用I方法替代_post
NOTIC: 建议使用I方法替代_post
NOTIC: 建议使用I方法替代_post

[ 2013-12-24T22:48:35+08:00 ] 127.0.0.1 /thinkphp/index.php/Admin/Post/newPost.html
NOTIC: 建议使用I方法替代_post
NOTIC: 建议使用I方法替代_post
NOTIC: 建议使用I方法替代_post
NOTIC: 建议使用I方法替代_post

[ 2013-12-24T22:53:16+08:00 ] 127.0.0.1 /thinkphp/index.php/Admin/Term/addTerm.html
INFO: [ app_begin ] --START--
INFO: ReadHtmlCache Behavior ::run [ RunTime:0.002001s ]
INFO: [ app_begin ] --END-- [ RunTime:0.002001s ]
SQL: SHOW COLUMNS FROM `think_term` [ RunTime:0.006000s ]
SQL: SHOW COLUMNS FROM `think_term` [ RunTime:0.006001s ]
SQL: SHOW COLUMNS FROM `think_taxonomy` [ RunTime:0.008000s ]
SQL: SHOW COLUMNS FROM `think_post_relation` [ RunTime:0.006000s ]
SQL: SELECT `term_id` FROM `think_term` WHERE ( `name` = '最新文章' ) OR ( `slug` = 'new' )  [ RunTime:0.001000s ]
SQL: INSERT INTO `think_term` (`name`,`slug`) VALUES ('最新文章','new') [ RunTime:0.000000s ]
SQL: INSERT INTO `think_taxonomy` (`term_id`,`parent`) VALUES (16,0) [ RunTime:0.000000s ]
INFO: [ view_parse ] --START--
INFO: ParseTemplate Behavior ::run [ RunTime:0.016001s ]
INFO: [ view_parse ] --END-- [ RunTime:0.016001s ]
INFO: [ view_filter ] --START--
INFO: ContentReplace Behavior ::run [ RunTime:0.002000s ]
INFO: TokenBuild Behavior ::run [ RunTime:0.001000s ]
INFO: WriteHtmlCache Behavior ::run [ RunTime:0.001000s ]
INFO: ShowRuntime Behavior ::run [ RunTime:0.002000s ]
INFO: [ view_filter ] --END-- [ RunTime:0.007000s ]
INFO: [ view_end ] --START--
INFO: ShowPageTrace Behavior ::run [ RunTime:0.003000s ]
INFO: [ view_end ] --END-- [ RunTime:0.003000s ]

[ 2013-12-24T22:53:41+08:00 ] 127.0.0.1 /thinkphp/index.php/Admin/Term/addTerm.html
INFO: [ app_begin ] --START--
INFO: ReadHtmlCache Behavior ::run [ RunTime:0.002000s ]
INFO: [ app_begin ] --END-- [ RunTime:0.002000s ]
SQL: SHOW COLUMNS FROM `think_term` [ RunTime:0.006001s ]
SQL: SHOW COLUMNS FROM `think_term` [ RunTime:0.006000s ]
SQL: SHOW COLUMNS FROM `think_taxonomy` [ RunTime:0.060004s ]
SQL: SHOW COLUMNS FROM `think_post_relation` [ RunTime:0.006000s ]
SQL: SELECT `term_id` FROM `think_term` WHERE ( `name` = '生活点滴' ) OR ( `slug` = 'life' )  [ RunTime:0.000000s ]
SQL: INSERT INTO `think_term` (`name`,`slug`) VALUES ('生活点滴','life') [ RunTime:0.000000s ]
SQL: INSERT INTO `think_taxonomy` (`term_id`,`parent`) VALUES (17,0) [ RunTime:0.001000s ]
INFO: [ view_parse ] --START--
INFO: ParseTemplate Behavior ::run [ RunTime:0.016001s ]
INFO: [ view_parse ] --END-- [ RunTime:0.016001s ]
INFO: [ view_filter ] --START--
INFO: ContentReplace Behavior ::run [ RunTime:0.001000s ]
INFO: TokenBuild Behavior ::run [ RunTime:0.002001s ]
INFO: WriteHtmlCache Behavior ::run [ RunTime:0.001000s ]
INFO: ShowRuntime Behavior ::run [ RunTime:0.002000s ]
INFO: [ view_filter ] --END-- [ RunTime:0.007001s ]
INFO: [ view_end ] --START--
INFO: ShowPageTrace Behavior ::run [ RunTime:0.001000s ]
INFO: [ view_end ] --END-- [ RunTime:0.002000s ]

[ 2013-12-24T22:53:59+08:00 ] 127.0.0.1 /thinkphp/index.php/Admin/Term/addTerm.html
INFO: [ app_begin ] --START--
INFO: ReadHtmlCache Behavior ::run [ RunTime:0.002001s ]
INFO: [ app_begin ] --END-- [ RunTime:0.002001s ]
SQL: SHOW COLUMNS FROM `think_term` [ RunTime:0.007000s ]
SQL: SHOW COLUMNS FROM `think_term` [ RunTime:0.006001s ]
SQL: SHOW COLUMNS FROM `think_taxonomy` [ RunTime:0.064003s ]
SQL: SHOW COLUMNS FROM `think_post_relation` [ RunTime:0.006001s ]
SQL: SELECT `term_id` FROM `think_term` WHERE ( `name` = '工作日志' ) OR ( `slug` = 'work' )  [ RunTime:0.000000s ]
SQL: INSERT INTO `think_term` (`name`,`slug`) VALUES ('工作日志','work') [ RunTime:0.001000s ]
SQL: INSERT INTO `think_taxonomy` (`term_id`,`parent`) VALUES (18,0) [ RunTime:0.000000s ]
INFO: [ view_parse ] --START--
INFO: ParseTemplate Behavior ::run [ RunTime:0.016001s ]
INFO: [ view_parse ] --END-- [ RunTime:0.017001s ]
INFO: [ view_filter ] --START--
INFO: ContentReplace Behavior ::run [ RunTime:0.002000s ]
INFO: TokenBuild Behavior ::run [ RunTime:0.001000s ]
INFO: WriteHtmlCache Behavior ::run [ RunTime:0.001000s ]
INFO: ShowRuntime Behavior ::run [ RunTime:0.001000s ]
INFO: [ view_filter ] --END-- [ RunTime:0.006000s ]
INFO: [ view_end ] --START--
INFO: ShowPageTrace Behavior ::run [ RunTime:0.001000s ]
INFO: [ view_end ] --END-- [ RunTime:0.001000s ]

[ 2013-12-24T22:54:18+08:00 ] 127.0.0.1 /thinkphp/index.php/Admin/Term/addTerm.html
INFO: [ app_begin ] --START--
INFO: ReadHtmlCache Behavior ::run [ RunTime:0.002000s ]
INFO: [ app_begin ] --END-- [ RunTime:0.002000s ]
SQL: SHOW COLUMNS FROM `think_term` [ RunTime:0.137008s ]
SQL: SHOW COLUMNS FROM `think_term` [ RunTime:0.006000s ]
SQL: SHOW COLUMNS FROM `think_taxonomy` [ RunTime:0.007000s ]
SQL: SHOW COLUMNS FROM `think_post_relation` [ RunTime:0.104006s ]
SQL: SELECT `term_id` FROM `think_term` WHERE ( `name` = '兴趣爱好' ) OR ( `slug` = 'like' )  [ RunTime:0.001000s ]
SQL: INSERT INTO `think_term` (`name`,`slug`) VALUES ('兴趣爱好','like') [ RunTime:0.000000s ]
SQL: INSERT INTO `think_taxonomy` (`term_id`,`parent`) VALUES (19,0) [ RunTime:0.000000s ]
INFO: [ view_parse ] --START--
INFO: ParseTemplate Behavior ::run [ RunTime:0.024001s ]
INFO: [ view_parse ] --END-- [ RunTime:0.027001s ]
INFO: [ view_filter ] --START--
INFO: ContentReplace Behavior ::run [ RunTime:0.002000s ]
INFO: TokenBuild Behavior ::run [ RunTime:0.001000s ]
INFO: WriteHtmlCache Behavior ::run [ RunTime:0.001000s ]
INFO: ShowRuntime Behavior ::run [ RunTime:0.002001s ]
INFO: [ view_filter ] --END-- [ RunTime:0.006001s ]
INFO: [ view_end ] --START--
INFO: ShowPageTrace Behavior ::run [ RunTime:0.002000s ]
INFO: [ view_end ] --END-- [ RunTime:0.002000s ]

[ 2013-12-24T22:54:38+08:00 ] 127.0.0.1 /thinkphp/index.php/Admin/Term/addTerm.html
INFO: [ app_begin ] --START--
INFO: ReadHtmlCache Behavior ::run [ RunTime:0.001000s ]
INFO: [ app_begin ] --END-- [ RunTime:0.001000s ]
SQL: SHOW COLUMNS FROM `think_term` [ RunTime:0.007000s ]
SQL: SHOW COLUMNS FROM `think_term` [ RunTime:0.006000s ]
SQL: SHOW COLUMNS FROM `think_taxonomy` [ RunTime:0.007001s ]
SQL: SHOW COLUMNS FROM `think_post_relation` [ RunTime:0.007000s ]
SQL: SELECT `term_id` FROM `think_term` WHERE ( `name` = '摄影爱好' ) OR ( `slug` = 'shot' )  [ RunTime:0.001000s ]
SQL: INSERT INTO `think_term` (`name`,`slug`) VALUES ('摄影爱好','shot') [ RunTime:0.001001s ]
SQL: INSERT INTO `think_taxonomy` (`term_id`,`parent`) VALUES (20,19) [ RunTime:0.000000s ]
INFO: [ view_parse ] --START--
INFO: ParseTemplate Behavior ::run [ RunTime:0.016001s ]
INFO: [ view_parse ] --END-- [ RunTime:0.017001s ]
INFO: [ view_filter ] --START--
INFO: ContentReplace Behavior ::run [ RunTime:0.002000s ]
INFO: TokenBuild Behavior ::run [ RunTime:0.001000s ]
INFO: WriteHtmlCache Behavior ::run [ RunTime:0.001000s ]
INFO: ShowRuntime Behavior ::run [ RunTime:0.001000s ]
INFO: [ view_filter ] --END-- [ RunTime:0.006000s ]
INFO: [ view_end ] --START--
INFO: ShowPageTrace Behavior ::run [ RunTime:0.001000s ]
INFO: [ view_end ] --END-- [ RunTime:0.001000s ]

[ 2013-12-24T22:54:54+08:00 ] 127.0.0.1 /thinkphp/index.php/Admin/Term/addTerm.html
INFO: [ app_begin ] --START--
INFO: ReadHtmlCache Behavior ::run [ RunTime:0.002000s ]
INFO: [ app_begin ] --END-- [ RunTime:0.002000s ]
SQL: SHOW COLUMNS FROM `think_term` [ RunTime:0.006000s ]
SQL: SHOW COLUMNS FROM `think_term` [ RunTime:0.007000s ]
SQL: SHOW COLUMNS FROM `think_taxonomy` [ RunTime:0.006001s ]
SQL: SHOW COLUMNS FROM `think_post_relation` [ RunTime:0.006000s ]
SQL: SELECT `term_id` FROM `think_term` WHERE ( `name` = '编程爱好' ) OR ( `slug` = 'program' )  [ RunTime:0.001000s ]
SQL: INSERT INTO `think_term` (`name`,`slug`) VALUES ('编程爱好','program') [ RunTime:0.001000s ]
SQL: INSERT INTO `think_taxonomy` (`term_id`,`parent`) VALUES (21,19) [ RunTime:0.000000s ]
INFO: [ view_parse ] --START--
INFO: ParseTemplate Behavior ::run [ RunTime:0.016001s ]
INFO: [ view_parse ] --END-- [ RunTime:0.016001s ]
INFO: [ view_filter ] --START--
INFO: ContentReplace Behavior ::run [ RunTime:0.001000s ]
INFO: TokenBuild Behavior ::run [ RunTime:0.001000s ]
INFO: WriteHtmlCache Behavior ::run [ RunTime:0.001001s ]
INFO: ShowRuntime Behavior ::run [ RunTime:0.001000s ]
INFO: [ view_filter ] --END-- [ RunTime:0.005001s ]
INFO: [ view_end ] --START--
INFO: ShowPageTrace Behavior ::run [ RunTime:0.001000s ]
INFO: [ view_end ] --END-- [ RunTime:0.001000s ]

[ 2013-12-24T22:55:01+08:00 ] 127.0.0.1 /thinkphp/index.php/Admin/Post/newPost.html
NOTIC: 建议使用I方法替代_post
NOTIC: 建议使用I方法替代_post
NOTIC: 建议使用I方法替代_post
NOTIC: 建议使用I方法替代_post

[ 2013-12-24T22:56:01+08:00 ] 127.0.0.1 /thinkphp/index.php/Admin/Post/newPost.html
NOTIC: 建议使用I方法替代_post
NOTIC: 建议使用I方法替代_post
NOTIC: 建议使用I方法替代_post
NOTIC: 建议使用I方法替代_post

[ 2013-12-24T22:56:07+08:00 ] 127.0.0.1 /thinkphp/index.php/Admin/Post/newPost.html
NOTIC: 建议使用I方法替代_post
NOTIC: 建议使用I方法替代_post
NOTIC: 建议使用I方法替代_post
NOTIC: 建议使用I方法替代_post

[ 2013-12-24T22:56:35+08:00 ] 127.0.0.1 /thinkphp/index.php/Admin/Post/newPost.html
NOTIC: 建议使用I方法替代_post
NOTIC: 建议使用I方法替代_post
NOTIC: 建议使用I方法替代_post
NOTIC: 建议使用I方法替代_post

[ 2013-12-24T22:56:44+08:00 ] 127.0.0.1 /thinkphp/index.php/Admin/Post/newPost.html
NOTIC: 建议使用I方法替代_post
NOTIC: 建议使用I方法替代_post
NOTIC: 建议使用I方法替代_post
NOTIC: 建议使用I方法替代_post

[ 2013-12-24T22:56:47+08:00 ] 127.0.0.1 /thinkphp/index.php/Admin/Post/newPost.html
NOTIC: 建议使用I方法替代_post
NOTIC: 建议使用I方法替代_post
NOTIC: 建议使用I方法替代_post
NOTIC: 建议使用I方法替代_post

[ 2013-12-24T22:56:54+08:00 ] 127.0.0.1 /thinkphp/index.php/Admin/Post/newPost.html
NOTIC: 建议使用I方法替代_post
NOTIC: 建议使用I方法替代_post
NOTIC: 建议使用I方法替代_post
NOTIC: 建议使用I方法替代_post

[ 2013-12-24T22:57:15+08:00 ] 127.0.0.1 /thinkphp/index.php/Admin/Post/newPost.html
NOTIC: 建议使用I方法替代_post
NOTIC: 建议使用I方法替代_post
NOTIC: 建议使用I方法替代_post
NOTIC: 建议使用I方法替代_post

[ 2013-12-24T22:57:38+08:00 ] 127.0.0.1 /thinkphp/index.php/Admin/Post/newPost.html
NOTIC: 建议使用I方法替代_post
NOTIC: 建议使用I方法替代_post
NOTIC: 建议使用I方法替代_post
NOTIC: 建议使用I方法替代_post

[ 2013-12-24T22:59:38+08:00 ] 127.0.0.1 /thinkphp/index.php/Admin/Post/newPost.html
NOTIC: 建议使用I方法替代_post
NOTIC: 建议使用I方法替代_post
NOTIC: 建议使用I方法替代_post
NOTIC: 建议使用I方法替代_post

[ 2013-12-24T23:00:19+08:00 ] 127.0.0.1 /thinkphp/index.php/Admin/Post/newPost.html
NOTIC: 建议使用I方法替代_post
NOTIC: 建议使用I方法替代_post
NOTIC: 建议使用I方法替代_post
NOTIC: 建议使用I方法替代_post

[ 2013-12-24T23:00:19+08:00 ] 127.0.0.1 /thinkphp/index.php/Admin/Post/__PUBLIC__/Css/bootstrap.css
ERR: 非法操作:__PUBLIC__

[ 2013-12-24T23:00:19+08:00 ] 127.0.0.1 /thinkphp/index.php/Admin/Post/__PUBLIC__/Css/style.css
ERR: 非法操作:__PUBLIC__

[ 2013-12-24T23:00:19+08:00 ] 127.0.0.1 /thinkphp/index.php/Admin/Post/__PUBLIC__/Css/bootstrap-responsive.css
ERR: 非法操作:__PUBLIC__

[ 2013-12-24T23:00:19+08:00 ] 127.0.0.1 /thinkphp/index.php/Admin/Post/__PUBLIC__/Js/jquery.js
ERR: 非法操作:__PUBLIC__

[ 2013-12-24T23:00:19+08:00 ] 127.0.0.1 /thinkphp/index.php/Admin/Post/__PUBLIC__/plugin/kindeditor/kindeditor-all-min.js
ERR: 非法操作:__PUBLIC__

[ 2013-12-24T23:00:19+08:00 ] 127.0.0.1 /thinkphp/index.php/Admin/Post/__PUBLIC__/plugin/kindeditor/lang/zh_CN.js
ERR: 非法操作:__PUBLIC__

[ 2013-12-24T23:00:19+08:00 ] 127.0.0.1 /thinkphp/index.php/Admin/Post/__PUBLIC__/plugin/iCheck/icheck.min.js
ERR: 非法操作:__PUBLIC__

[ 2013-12-24T23:00:19+08:00 ] 127.0.0.1 /thinkphp/index.php/Admin/Post/__PUBLIC__/plugin/iCheck/skins/square/grey.css
ERR: 非法操作:__PUBLIC__

[ 2013-12-24T23:00:19+08:00 ] 127.0.0.1 /thinkphp/index.php/Admin/Post/__PUBLIC__/plugin/kindeditor/themes/default/default.css
ERR: 非法操作:__PUBLIC__

[ 2013-12-24T23:00:19+08:00 ] 127.0.0.1 /thinkphp/index.php/Admin/Post/__PUBLIC__/plugin/iCheck/skins/square/grey.css
ERR: 非法操作:__PUBLIC__

[ 2013-12-24T23:00:31+08:00 ] 127.0.0.1 /thinkphp/index.php/Admin/Post/newPost.html
NOTIC: 建议使用I方法替代_post
NOTIC: 建议使用I方法替代_post
NOTIC: 建议使用I方法替代_post
NOTIC: 建议使用I方法替代_post

[ 2013-12-24T23:01:28+08:00 ] 127.0.0.1 /thinkphp/index.php/Admin/Post/newPost.html
NOTIC: 建议使用I方法替代_post
NOTIC: 建议使用I方法替代_post
NOTIC: 建议使用I方法替代_post
NOTIC: 建议使用I方法替代_post

[ 2013-12-24T23:01:44+08:00 ] 127.0.0.1 /thinkphp/index.php/Admin/Post/newPost.html
NOTIC: 建议使用I方法替代_post
NOTIC: 建议使用I方法替代_post
NOTIC: 建议使用I方法替代_post
NOTIC: 建议使用I方法替代_post

[ 2013-12-24T23:01:50+08:00 ] 127.0.0.1 /thinkphp/index.php/Admin/Post/newPost.html
NOTIC: 建议使用I方法替代_post
NOTIC: 建议使用I方法替代_post
NOTIC: 建议使用I方法替代_post
NOTIC: 建议使用I方法替代_post

[ 2013-12-24T23:03:54+08:00 ] 127.0.0.1 /thinkphp/index.php/Admin/Post/newPost.html
NOTIC: 建议使用I方法替代_post
NOTIC: 建议使用I方法替代_post
NOTIC: 建议使用I方法替代_post
NOTIC: 建议使用I方法替代_post

[ 2013-12-24T23:04:17+08:00 ] 127.0.0.1 /thinkphp/index.php/Admin/Post/newPost.html
NOTIC: 建议使用I方法替代_post
NOTIC: 建议使用I方法替代_post
NOTIC: 建议使用I方法替代_post
NOTIC: 建议使用I方法替代_post

[ 2013-12-24T23:05:46+08:00 ] 127.0.0.1 /thinkphp/index.php/Admin/Post/newPost.html
NOTIC: 建议使用I方法替代_post
NOTIC: 建议使用I方法替代_post
NOTIC: 建议使用I方法替代_post
NOTIC: 建议使用I方法替代_post

[ 2013-12-24T23:07:11+08:00 ] 127.0.0.1 /thinkphp/index.php/Admin/Post/newPost.html
NOTIC: 建议使用I方法替代_post
NOTIC: 建议使用I方法替代_post
NOTIC: 建议使用I方法替代_post
NOTIC: 建议使用I方法替代_post

[ 2013-12-24T23:08:40+08:00 ] 127.0.0.1 /thinkphp/index.php/Admin/Post/newPost.html
NOTIC: 建议使用I方法替代_post
NOTIC: 建议使用I方法替代_post
NOTIC: 建议使用I方法替代_post
NOTIC: 建议使用I方法替代_post

[ 2013-12-24T23:08:49+08:00 ] 127.0.0.1 /thinkphp/index.php/Admin/Post/newPost/post_id/-1.html
NOTIC: 建议使用I方法替代_post
NOTIC: 建议使用I方法替代_post
NOTIC: 建议使用I方法替代_post
NOTIC: 建议使用I方法替代_post

[ 2013-12-24T23:08:59+08:00 ] 127.0.0.1 /thinkphp/index.php/Admin/Post/newPost/post_id/69.html
NOTIC: 建议使用I方法替代_post
NOTIC: 建议使用I方法替代_post
NOTIC: 建议使用I方法替代_post
NOTIC: 建议使用I方法替代_post

[ 2013-12-24T23:10:04+08:00 ] 127.0.0.1 /thinkphp/index.php/Admin/Post/newPost/post_id/69.html
NOTIC: 建议使用I方法替代_post
NOTIC: 建议使用I方法替代_post
NOTIC: 建议使用I方法替代_post
NOTIC: 建议使用I方法替代_post

[ 2013-12-24T23:13:54+08:00 ] 127.0.0.1 /thinkphp/index.php/Admin/Post/newPost/post_id/69.html
NOTIC: 建议使用I方法替代_post
NOTIC: 建议使用I方法替代_post
NOTIC: 建议使用I方法替代_post
NOTIC: 建议使用I方法替代_post
NOTIC: 建议使用I方法替代_post

[ 2013-12-24T23:14:15+08:00 ] 127.0.0.1 /thinkphp/index.php/Admin/Post/newPost/post_id/69.html
NOTIC: 建议使用I方法替代_post
NOTIC: 建议使用I方法替代_post
NOTIC: 建议使用I方法替代_post
NOTIC: 建议使用I方法替代_post
NOTIC: 建议使用I方法替代_post

[ 2013-12-24T23:16:33+08:00 ] 127.0.0.1 /thinkphp/index.php/Admin/Post/newPost/post_id/69.html
NOTIC: 建议使用I方法替代_post
NOTIC: 建议使用I方法替代_post
NOTIC: 建议使用I方法替代_post
NOTIC: 建议使用I方法替代_post
NOTIC: 建议使用I方法替代_post

[ 2013-12-24T23:16:44+08:00 ] 127.0.0.1 /thinkphp/index.php/Admin/Post/newPost/post_id/69.html
NOTIC: 建议使用I方法替代_post
NOTIC: 建议使用I方法替代_post
NOTIC: 建议使用I方法替代_post
NOTIC: 建议使用I方法替代_post
NOTIC: 建议使用I方法替代_post

[ 2013-12-24T23:17:16+08:00 ] 127.0.0.1 /thinkphp/index.php/Admin/Post/newPost/post_id/69.html
NOTIC: 建议使用I方法替代_post
NOTIC: 建议使用I方法替代_post
NOTIC: 建议使用I方法替代_post
NOTIC: 建议使用I方法替代_post
NOTIC: 建议使用I方法替代_post

[ 2013-12-24T23:18:06+08:00 ] 127.0.0.1 /thinkphp/index.php/Admin/Post/newPost/post_id/69.html
NOTIC: 建议使用I方法替代_post
NOTIC: 建议使用I方法替代_post
NOTIC: 建议使用I方法替代_post
NOTIC: 建议使用I方法替代_post
NOTIC: 建议使用I方法替代_post

[ 2013-12-24T23:18:10+08:00 ] 127.0.0.1 /thinkphp/index.php/Admin/Post/newPost/post_id/69.html
NOTIC: 建议使用I方法替代_post
NOTIC: 建议使用I方法替代_post
NOTIC: 建议使用I方法替代_post
NOTIC: 建议使用I方法替代_post
NOTIC: 建议使用I方法替代_post

[ 2013-12-24T23:19:17+08:00 ] 127.0.0.1 /thinkphp/index.php/Admin/Post/newPost/post_id/69.html
NOTIC: 建议使用I方法替代_post
NOTIC: 建议使用I方法替代_post
NOTIC: 建议使用I方法替代_post
NOTIC: 建议使用I方法替代_post
NOTIC: 建议使用I方法替代_post

[ 2013-12-24T23:19:27+08:00 ] 127.0.0.1 /thinkphp/index.php/Admin/Post/newPost.html
NOTIC: 建议使用I方法替代_post
NOTIC: 建议使用I方法替代_post
NOTIC: 建议使用I方法替代_post
NOTIC: 建议使用I方法替代_post
NOTIC: 建议使用I方法替代_post

[ 2013-12-24T23:19:35+08:00 ] 127.0.0.1 /thinkphp/index.php/Admin/Post/newPost/post_id/-1.html
NOTIC: 建议使用I方法替代_post
NOTIC: 建议使用I方法替代_post
NOTIC: 建议使用I方法替代_post
NOTIC: 建议使用I方法替代_post
NOTIC: 建议使用I方法替代_post

[ 2013-12-24T23:19:50+08:00 ] 127.0.0.1 /thinkphp/index.php/Admin/Post/newPost.html
NOTIC: 建议使用I方法替代_post
NOTIC: 建议使用I方法替代_post
NOTIC: 建议使用I方法替代_post
NOTIC: 建议使用I方法替代_post
NOTIC: 建议使用I方法替代_post

[ 2013-12-24T23:19:56+08:00 ] 127.0.0.1 /thinkphp/index.php/Admin/Post/newPost/post_id/-1.html
NOTIC: 建议使用I方法替代_post
NOTIC: 建议使用I方法替代_post
NOTIC: 建议使用I方法替代_post
NOTIC: 建议使用I方法替代_post
NOTIC: 建议使用I方法替代_post

[ 2013-12-24T23:20:00+08:00 ] 127.0.0.1 /thinkphp/index.php/Admin/Post/newPost/post_id/-1.html
NOTIC: 建议使用I方法替代_post
NOTIC: 建议使用I方法替代_post
NOTIC: 建议使用I方法替代_post
NOTIC: 建议使用I方法替代_post
NOTIC: 建议使用I方法替代_post

[ 2013-12-24T23:20:10+08:00 ] 127.0.0.1 /thinkphp/index.php/Admin/Post/newPost/post_id/72.html
NOTIC: 建议使用I方法替代_post
NOTIC: 建议使用I方法替代_post
NOTIC: 建议使用I方法替代_post
NOTIC: 建议使用I方法替代_post
NOTIC: 建议使用I方法替代_post

[ 2013-12-24T23:20:17+08:00 ] 127.0.0.1 /thinkphp/index.php/Admin/Post/newPost.html
NOTIC: 建议使用I方法替代_post
NOTIC: 建议使用I方法替代_post
NOTIC: 建议使用I方法替代_post
NOTIC: 建议使用I方法替代_post
NOTIC: 建议使用I方法替代_post

[ 2013-12-24T23:20:25+08:00 ] 127.0.0.1 /thinkphp/index.php/Admin/Post/newPost/post_id/72.html
NOTIC: 建议使用I方法替代_post
NOTIC: 建议使用I方法替代_post
NOTIC: 建议使用I方法替代_post
NOTIC: 建议使用I方法替代_post
NOTIC: 建议使用I方法替代_post

[ 2013-12-24T23:20:34+08:00 ] 127.0.0.1 /thinkphp/index.php/Admin/Post/newPost/post_id/72.html
NOTIC: 建议使用I方法替代_post
NOTIC: 建议使用I方法替代_post
NOTIC: 建议使用I方法替代_post
NOTIC: 建议使用I方法替代_post
NOTIC: 建议使用I方法替代_post

[ 2013-12-24T23:20:42+08:00 ] 127.0.0.1 /thinkphp/index.php/Admin/Post/newPost.html
NOTIC: 建议使用I方法替代_post
NOTIC: 建议使用I方法替代_post
NOTIC: 建议使用I方法替代_post
NOTIC: 建议使用I方法替代_post
NOTIC: 建议使用I方法替代_post

[ 2013-12-24T23:20:55+08:00 ] 127.0.0.1 /thinkphp/index.php/Admin/Post/newPost/post_id/-1.html
NOTIC: 建议使用I方法替代_post
NOTIC: 建议使用I方法替代_post
NOTIC: 建议使用I方法替代_post
NOTIC: 建议使用I方法替代_post
NOTIC: 建议使用I方法替代_post

[ 2013-12-24T23:21:22+08:00 ] 127.0.0.1 /thinkphp/index.php/Admin/Post/index/status/1.html
NOTIC: 建议使用I方法替代_post

